19-Apr-2018 16:42:57.194 INFORMAÇÕES [main] org.apache.catalina.startup.VersionLoggerListener.log Server version:        Apache Tomcat/9.0.5
19-Apr-2018 16:42:57.196 INFORMAÇÕES [main] org.apache.catalina.startup.VersionLoggerListener.log Server built:          Feb 6 2018 21:42:23 UTC
19-Apr-2018 16:42:57.196 INFORMAÇÕES [main] org.apache.catalina.startup.VersionLoggerListener.log Server number:         9.0.5.0
19-Apr-2018 16:42:57.196 INFORMAÇÕES [main] org.apache.catalina.startup.VersionLoggerListener.log OS Name:               Windows 10
19-Apr-2018 16:42:57.196 INFORMAÇÕES [main] org.apache.catalina.startup.VersionLoggerListener.log OS Version:            10.0
19-Apr-2018 16:42:57.196 INFORMAÇÕES [main] org.apache.catalina.startup.VersionLoggerListener.log Architecture:          amd64
19-Apr-2018 16:42:57.196 INFORMAÇÕES [main] org.apache.catalina.startup.VersionLoggerListener.log Java Home:             C:\Program Files\Java\jdk1.8.0_131\jre
19-Apr-2018 16:42:57.196 INFORMAÇÕES [main] org.apache.catalina.startup.VersionLoggerListener.log JVM Version:           1.8.0_131-b11
19-Apr-2018 16:42:57.196 INFORMAÇÕES [main] org.apache.catalina.startup.VersionLoggerListener.log JVM Vendor:            Oracle Corporation
19-Apr-2018 16:42:57.196 INFORMAÇÕES [main] org.apache.catalina.startup.VersionLoggerListener.log CATALINA_BASE:         C:\Users\04783714118\Documents\NetBeansProjects\apache-tomcat-9.0.5-windows-x64\apache-tomcat-9.0.5
19-Apr-2018 16:42:57.196 INFORMAÇÕES [main] org.apache.catalina.startup.VersionLoggerListener.log CATALINA_HOME:         C:\Users\04783714118\Documents\NetBeansProjects\apache-tomcat-9.0.5-windows-x64\apache-tomcat-9.0.5
19-Apr-2018 16:42:57.197 INFORMAÇÕES [main] org.apache.catalina.startup.VersionLoggerListener.log Command line argument: -Djava.util.logging.config.file=C:\Users\04783714118\Documents\NetBeansProjects\apache-tomcat-9.0.5-windows-x64\apache-tomcat-9.0.5\conf\logging.properties
19-Apr-2018 16:42:57.197 INFORMAÇÕES [main] org.apache.catalina.startup.VersionLoggerListener.log Command line argument: -Djava.util.logging.manager=org.apache.juli.ClassLoaderLogManager
19-Apr-2018 16:42:57.197 INFORMAÇÕES [main] org.apache.catalina.startup.VersionLoggerListener.log Command line argument: -Dhttp.nonProxyHosts=localhost|127.0.0.1|c430761
19-Apr-2018 16:42:57.197 INFORMAÇÕES [main] org.apache.catalina.startup.VersionLoggerListener.log Command line argument: -Djdk.tls.ephemeralDHKeySize=2048
19-Apr-2018 16:42:57.197 INFORMAÇÕES [main] org.apache.catalina.startup.VersionLoggerListener.log Command line argument: -Djava.protocol.handler.pkgs=org.apache.catalina.webresources
19-Apr-2018 16:42:57.198 INFORMAÇÕES [main] org.apache.catalina.startup.VersionLoggerListener.log Command line argument: -Dignore.endorsed.dirs=
19-Apr-2018 16:42:57.198 INFORMAÇÕES [main] org.apache.catalina.startup.VersionLoggerListener.log Command line argument: -Dcatalina.base=C:\Users\04783714118\Documents\NetBeansProjects\apache-tomcat-9.0.5-windows-x64\apache-tomcat-9.0.5
19-Apr-2018 16:42:57.198 INFORMAÇÕES [main] org.apache.catalina.startup.VersionLoggerListener.log Command line argument: -Dcatalina.home=C:\Users\04783714118\Documents\NetBeansProjects\apache-tomcat-9.0.5-windows-x64\apache-tomcat-9.0.5
19-Apr-2018 16:42:57.198 INFORMAÇÕES [main] org.apache.catalina.startup.VersionLoggerListener.log Command line argument: -Djava.io.tmpdir=C:\Users\04783714118\Documents\NetBeansProjects\apache-tomcat-9.0.5-windows-x64\apache-tomcat-9.0.5\temp
19-Apr-2018 16:42:57.198 INFORMAÇÕES [main] org.apache.catalina.core.AprLifecycleListener.lifecycleEvent Loaded APR based Apache Tomcat Native library [1.2.16] using APR version [1.6.3].
19-Apr-2018 16:42:57.198 INFORMAÇÕES [main] org.apache.catalina.core.AprLifecycleListener.lifecycleEvent APR capabilities: IPv6 [true], sendfile [true], accept filters [false], random [true].
19-Apr-2018 16:42:57.198 INFORMAÇÕES [main] org.apache.catalina.core.AprLifecycleListener.lifecycleEvent APR/OpenSSL configuration: useAprConnector [false], useOpenSSL [true]
19-Apr-2018 16:42:57.801 INFORMAÇÕES [main] org.apache.catalina.core.AprLifecycleListener.initializeSSL OpenSSL successfully initialized [OpenSSL 1.0.2m  2 Nov 2017]
19-Apr-2018 16:43:00.356 INFORMAÇÕES [main] org.apache.coyote.AbstractProtocol.init Initializing ProtocolHandler ["http-nio-8080"]
19-Apr-2018 16:43:00.418 INFORMAÇÕES [main] org.apache.tomcat.util.net.NioSelectorPool.getSharedSelector Using a shared selector for servlet write/read
19-Apr-2018 16:43:00.424 INFORMAÇÕES [main] org.apache.coyote.AbstractProtocol.init Initializing ProtocolHandler ["ajp-nio-8009"]
19-Apr-2018 16:43:00.425 INFORMAÇÕES [main] org.apache.tomcat.util.net.NioSelectorPool.getSharedSelector Using a shared selector for servlet write/read
19-Apr-2018 16:43:00.425 INFORMAÇÕES [main] org.apache.catalina.startup.Catalina.load Initialization processed in 3506 ms
19-Apr-2018 16:43:00.447 INFORMAÇÕES [main] org.apache.catalina.core.StandardService.startInternal Starting service [Catalina]
19-Apr-2018 16:43:00.448 INFORMAÇÕES [main] org.apache.catalina.core.StandardEngine.startInternal Starting Servlet Engine: Apache Tomcat/9.0.5
19-Apr-2018 16:43:00.454 INFORMAÇÕES [main] org.apache.catalina.startup.HostConfig.deployDescriptor Deploying configuration descriptor [C:\Users\04783714118\Documents\NetBeansProjects\apache-tomcat-9.0.5-windows-x64\apache-tomcat-9.0.5\conf\Catalina\localhost\aula_jsf_1502.xml]
19-Apr-2018 16:43:07.465 INFORMAÇÕES [main] org.apache.jasper.servlet.TldScanner.scanJars At least one JAR was scanned for TLDs yet contained no TLDs. Enable debug logging for this logger for a complete list of JARs that were scanned but no TLDs were found in them. Skipping unneeded JARs during scanning can improve startup time and JSP compilation time.
19-Apr-2018 16:43:07.570 INFORMAÇÕES [main] com.sun.faces.config.ConfigureListener.contextInitialized Inicializando Mojarra 2.2.16 ( 20180118-0013 901a18e611bead474715a643c8f634cfa1312414) para o contexto '/aula_jsf_1502'
19-Apr-2018 16:43:07.691 INFORMAÇÕES [main] com.sun.faces.spi.InjectionProviderFactory.createInstance JSF1048: Anotações PostConstruct/PreDestroy presentes.  Os métodos ManagedBeans marcados com essas anotações informarão as anotações processadas.
19-Apr-2018 16:43:08.226 INFORMAÇÕES [main] org.apache.catalina.startup.HostConfig.deployDescriptor Deployment of configuration descriptor [C:\Users\04783714118\Documents\NetBeansProjects\apache-tomcat-9.0.5-windows-x64\apache-tomcat-9.0.5\conf\Catalina\localhost\aula_jsf_1502.xml] has finished in [7,771] ms
19-Apr-2018 16:43:08.226 INFORMAÇÕES [main] org.apache.catalina.startup.HostConfig.deployDirectory Deploying web application directory [C:\Users\04783714118\Documents\NetBeansProjects\apache-tomcat-9.0.5-windows-x64\apache-tomcat-9.0.5\webapps\docs]
19-Apr-2018 16:43:08.245 INFORMAÇÕES [main] org.apache.catalina.startup.HostConfig.deployDirectory Deployment of web application directory [C:\Users\04783714118\Documents\NetBeansProjects\apache-tomcat-9.0.5-windows-x64\apache-tomcat-9.0.5\webapps\docs] has finished in [19] ms
19-Apr-2018 16:43:08.245 INFORMAÇÕES [main] org.apache.catalina.startup.HostConfig.deployDirectory Deploying web application directory [C:\Users\04783714118\Documents\NetBeansProjects\apache-tomcat-9.0.5-windows-x64\apache-tomcat-9.0.5\webapps\examples]
19-Apr-2018 16:43:09.182 INFORMAÇÕES [main] org.apache.catalina.startup.HostConfig.deployDirectory Deployment of web application directory [C:\Users\04783714118\Documents\NetBeansProjects\apache-tomcat-9.0.5-windows-x64\apache-tomcat-9.0.5\webapps\examples] has finished in [937] ms
19-Apr-2018 16:43:09.182 INFORMAÇÕES [main] org.apache.catalina.startup.HostConfig.deployDirectory Deploying web application directory [C:\Users\04783714118\Documents\NetBeansProjects\apache-tomcat-9.0.5-windows-x64\apache-tomcat-9.0.5\webapps\host-manager]
19-Apr-2018 16:43:09.211 INFORMAÇÕES [main] org.apache.catalina.startup.HostConfig.deployDirectory Deployment of web application directory [C:\Users\04783714118\Documents\NetBeansProjects\apache-tomcat-9.0.5-windows-x64\apache-tomcat-9.0.5\webapps\host-manager] has finished in [29] ms
19-Apr-2018 16:43:09.212 INFORMAÇÕES [main] org.apache.catalina.startup.HostConfig.deployDirectory Deploying web application directory [C:\Users\04783714118\Documents\NetBeansProjects\apache-tomcat-9.0.5-windows-x64\apache-tomcat-9.0.5\webapps\manager]
19-Apr-2018 16:43:09.235 INFORMAÇÕES [main] org.apache.catalina.startup.HostConfig.deployDirectory Deployment of web application directory [C:\Users\04783714118\Documents\NetBeansProjects\apache-tomcat-9.0.5-windows-x64\apache-tomcat-9.0.5\webapps\manager] has finished in [22] ms
19-Apr-2018 16:43:09.235 INFORMAÇÕES [main] org.apache.catalina.startup.HostConfig.deployDirectory Deploying web application directory [C:\Users\04783714118\Documents\NetBeansProjects\apache-tomcat-9.0.5-windows-x64\apache-tomcat-9.0.5\webapps\ROOT]
19-Apr-2018 16:43:09.251 INFORMAÇÕES [main] org.apache.catalina.startup.HostConfig.deployDirectory Deployment of web application directory [C:\Users\04783714118\Documents\NetBeansProjects\apache-tomcat-9.0.5-windows-x64\apache-tomcat-9.0.5\webapps\ROOT] has finished in [16] ms
19-Apr-2018 16:43:09.252 INFORMAÇÕES [main] org.apache.coyote.AbstractProtocol.start Starting ProtocolHandler ["http-nio-8080"]
19-Apr-2018 16:43:09.259 INFORMAÇÕES [main] org.apache.coyote.AbstractProtocol.start Starting ProtocolHandler ["ajp-nio-8009"]
19-Apr-2018 16:43:09.262 INFORMAÇÕES [main] org.apache.catalina.startup.Catalina.start Server startup in 8836 ms
19-Apr-2018 16:43:11.511 INFORMAÇÕES [http-nio-8080-exec-2] org.apache.catalina.startup.HostConfig.undeploy Undeploying context [/aula_jsf_1502]
19-Apr-2018 16:43:23.123 INFORMAÇÕES [http-nio-8080-exec-11] org.apache.catalina.startup.HostConfig.deployDescriptor Deploying configuration descriptor [C:\Users\04783714118\Documents\NetBeansProjects\apache-tomcat-9.0.5-windows-x64\apache-tomcat-9.0.5\conf\Catalina\localhost\aula_jsf_1502.xml]
19-Apr-2018 16:43:24.642 INFORMAÇÕES [http-nio-8080-exec-11] com.sun.faces.config.ConfigureListener.contextInitialized Inicializando Mojarra 2.2.16 ( 20180118-0013 901a18e611bead474715a643c8f634cfa1312414) para o contexto '/aula_jsf_1502'
19-Apr-2018 16:43:24.720 INFORMAÇÕES [http-nio-8080-exec-11] com.sun.faces.spi.InjectionProviderFactory.createInstance JSF1048: Anotações PostConstruct/PreDestroy presentes.  Os métodos ManagedBeans marcados com essas anotações informarão as anotações processadas.
19-Apr-2018 16:43:24.945 ADVERTÊNCIA [http-nio-8080-exec-11] com.sun.faces.application.annotation.ConverterConfigHandler.collect @FacesConverter is using both value and forClass, only value will be applied.
19-Apr-2018 16:43:25.137 INFORMAÇÕES [http-nio-8080-exec-11] org.apache.catalina.startup.HostConfig.deployDescriptor Deployment of configuration descriptor [C:\Users\04783714118\Documents\NetBeansProjects\apache-tomcat-9.0.5-windows-x64\apache-tomcat-9.0.5\conf\Catalina\localhost\aula_jsf_1502.xml] has finished in [2,015] ms
19-Apr-2018 16:43:25.140 INFORMAÇÕES [http-nio-8080-exec-12] org.apache.catalina.util.LifecycleBase.start The start() method was called on component [StandardEngine[Catalina].StandardHost[localhost].StandardContext[/aula_jsf_1502]] after start() had already been called. The second call will be ignored.
19-Apr-2018 16:43:45.868 INFORMAÇÕES [http-nio-8080-exec-13] com.sun.faces.renderkit.RenderKitUtils.renderUnhandledMessages AVISO: FacesMessage(s) foram enfileirados, mas podem não ter sido exibidos.
sourceId=j_idt19:j_idt23[severity=(ERROR 2), summary=(j_idt19:j_idt23: Erro de validação: o valor é necessário.), detail=(j_idt19:j_idt23: Erro de validação: o valor é necessário.)]
sourceId=j_idt19:j_idt26[severity=(ERROR 2), summary=(j_idt19:j_idt26: Erro de validação: o valor é necessário.), detail=(j_idt19:j_idt26: Erro de validação: o valor é necessário.)]
19-Apr-2018 16:43:48.423 INFORMAÇÕES [http-nio-8080-exec-16] com.sun.faces.renderkit.RenderKitUtils.renderUnhandledMessages AVISO: FacesMessage(s) foram enfileirados, mas podem não ter sido exibidos.
sourceId=j_idt19:j_idt23[severity=(ERROR 2), summary=(j_idt19:j_idt23: Erro de validação: o valor é necessário.), detail=(j_idt19:j_idt23: Erro de validação: o valor é necessário.)]
sourceId=j_idt19:j_idt26[severity=(ERROR 2), summary=(j_idt19:j_idt26: Erro de validação: o valor é necessário.), detail=(j_idt19:j_idt26: Erro de validação: o valor é necessário.)]
19-Apr-2018 16:43:48.563 INFORMAÇÕES [http-nio-8080-exec-5] com.sun.faces.renderkit.RenderKitUtils.renderUnhandledMessages AVISO: FacesMessage(s) foram enfileirados, mas podem não ter sido exibidos.
sourceId=j_idt19:j_idt23[severity=(ERROR 2), summary=(j_idt19:j_idt23: Erro de validação: o valor é necessário.), detail=(j_idt19:j_idt23: Erro de validação: o valor é necessário.)]
sourceId=j_idt19:j_idt26[severity=(ERROR 2), summary=(j_idt19:j_idt26: Erro de validação: o valor é necessário.), detail=(j_idt19:j_idt26: Erro de validação: o valor é necessário.)]
19-Apr-2018 16:48:16.665 INFORMAÇÕES [http-nio-8080-exec-15] org.apache.catalina.core.StandardContext.reload Reloading Context with name [/aula_jsf_1502] has started
19-Apr-2018 16:48:17.308 INFORMAÇÕES [http-nio-8080-exec-15] com.sun.faces.config.ConfigureListener.contextInitialized Inicializando Mojarra 2.2.16 ( 20180118-0013 901a18e611bead474715a643c8f634cfa1312414) para o contexto '/aula_jsf_1502'
19-Apr-2018 16:48:17.403 INFORMAÇÕES [http-nio-8080-exec-15] com.sun.faces.spi.InjectionProviderFactory.createInstance JSF1048: Anotações PostConstruct/PreDestroy presentes.  Os métodos ManagedBeans marcados com essas anotações informarão as anotações processadas.
19-Apr-2018 16:48:17.653 ADVERTÊNCIA [http-nio-8080-exec-15] com.sun.faces.application.annotation.ConverterConfigHandler.collect @FacesConverter is using both value and forClass, only value will be applied.
19-Apr-2018 16:48:17.981 INFORMAÇÕES [http-nio-8080-exec-15] org.apache.catalina.core.StandardContext.reload Reloading Context with name [/aula_jsf_1502] is completed
19-Apr-2018 16:48:18.089 INFORMAÇÕES [http-nio-8080-exec-12] org.apache.catalina.core.StandardContext.reload Reloading Context with name [/aula_jsf_1502] has started
19-Apr-2018 16:48:18.643 INFORMAÇÕES [http-nio-8080-exec-12] com.sun.faces.config.ConfigureListener.contextInitialized Inicializando Mojarra 2.2.16 ( 20180118-0013 901a18e611bead474715a643c8f634cfa1312414) para o contexto '/aula_jsf_1502'
19-Apr-2018 16:48:18.704 INFORMAÇÕES [http-nio-8080-exec-12] com.sun.faces.spi.InjectionProviderFactory.createInstance JSF1048: Anotações PostConstruct/PreDestroy presentes.  Os métodos ManagedBeans marcados com essas anotações informarão as anotações processadas.
19-Apr-2018 16:48:19.079 INFORMAÇÕES [http-nio-8080-exec-12] org.apache.catalina.core.StandardContext.reload Reloading Context with name [/aula_jsf_1502] is completed
19-Apr-2018 16:49:31.892 INFORMAÇÕES [http-nio-8080-exec-21] org.apache.catalina.startup.HostConfig.deployDescriptor Deploying configuration descriptor [C:\Users\04783714118\Documents\NetBeansProjects\apache-tomcat-9.0.5-windows-x64\apache-tomcat-9.0.5\conf\Catalina\localhost\AppTeste.xml]
19-Apr-2018 16:49:35.497 INFORMAÇÕES [http-nio-8080-exec-21] com.sun.faces.config.ConfigureListener.contextInitialized Inicializando Mojarra 2.2.7 ( 20140610-1547 https://svn.java.net/svn/mojarra~svn/tags/2.2.7@13362) para o contexto '/AppTeste'
19-Apr-2018 16:49:35.544 INFORMAÇÕES [http-nio-8080-exec-21] com.sun.faces.spi.InjectionProviderFactory.createInstance JSF1048: Anotações PostConstruct/PreDestroy presentes.  Os métodos ManagedBeans marcados com essas anotações informarão as anotações processadas.
19-Apr-2018 16:49:35.833 INFORMAÇÕES [http-nio-8080-exec-21] org.apache.catalina.startup.HostConfig.deployDescriptor Deployment of configuration descriptor [C:\Users\04783714118\Documents\NetBeansProjects\apache-tomcat-9.0.5-windows-x64\apache-tomcat-9.0.5\conf\Catalina\localhost\AppTeste.xml] has finished in [3,941] ms
19-Apr-2018 16:49:35.837 INFORMAÇÕES [http-nio-8080-exec-20] org.apache.catalina.util.LifecycleBase.start The start() method was called on component [StandardEngine[Catalina].StandardHost[localhost].StandardContext[/AppTeste]] after start() had already been called. The second call will be ignored.
19-Apr-2018 16:56:32.140 INFORMAÇÕES [http-nio-8080-exec-30] org.apache.catalina.startup.HostConfig.deployDescriptor Deploying configuration descriptor [C:\Users\04783714118\Documents\NetBeansProjects\apache-tomcat-9.0.5-windows-x64\apache-tomcat-9.0.5\conf\Catalina\localhost\MavenTeste.xml]
19-Apr-2018 16:56:32.156 INFORMAÇÕES [http-nio-8080-exec-30] org.apache.catalina.startup.HostConfig.deployDescriptor Deployment of configuration descriptor [C:\Users\04783714118\Documents\NetBeansProjects\apache-tomcat-9.0.5-windows-x64\apache-tomcat-9.0.5\conf\Catalina\localhost\MavenTeste.xml] has finished in [17] ms
19-Apr-2018 16:56:32.160 INFORMAÇÕES [http-nio-8080-exec-31] org.apache.catalina.util.LifecycleBase.start The start() method was called on component [StandardEngine[Catalina].StandardHost[localhost].StandardContext[/MavenTeste]] after start() had already been called. The second call will be ignored.
19-Apr-2018 16:58:03.468 INFORMAÇÕES [http-nio-8080-exec-29] org.apache.catalina.startup.HostConfig.undeploy Undeploying context [/MavenTeste]
19-Apr-2018 16:58:03.487 INFORMAÇÕES [http-nio-8080-exec-31] org.apache.catalina.startup.HostConfig.deployDescriptor Deploying configuration descriptor [C:\Users\04783714118\Documents\NetBeansProjects\apache-tomcat-9.0.5-windows-x64\apache-tomcat-9.0.5\conf\Catalina\localhost\MavenTeste.xml]
19-Apr-2018 16:58:03.501 INFORMAÇÕES [http-nio-8080-exec-31] org.apache.catalina.startup.HostConfig.deployDescriptor Deployment of configuration descriptor [C:\Users\04783714118\Documents\NetBeansProjects\apache-tomcat-9.0.5-windows-x64\apache-tomcat-9.0.5\conf\Catalina\localhost\MavenTeste.xml] has finished in [14] ms
19-Apr-2018 16:58:03.504 INFORMAÇÕES [http-nio-8080-exec-26] org.apache.catalina.util.LifecycleBase.start The start() method was called on component [StandardEngine[Catalina].StandardHost[localhost].StandardContext[/MavenTeste]] after start() had already been called. The second call will be ignored.
19-Apr-2018 16:58:22.564 INFORMAÇÕES [http-nio-8080-exec-28] org.apache.catalina.startup.HostConfig.undeploy Undeploying context [/MavenTeste]
19-Apr-2018 16:58:22.582 INFORMAÇÕES [http-nio-8080-exec-31] org.apache.catalina.startup.HostConfig.deployDescriptor Deploying configuration descriptor [C:\Users\04783714118\Documents\NetBeansProjects\apache-tomcat-9.0.5-windows-x64\apache-tomcat-9.0.5\conf\Catalina\localhost\MavenTeste.xml]
19-Apr-2018 16:58:22.597 INFORMAÇÕES [http-nio-8080-exec-31] org.apache.catalina.startup.HostConfig.deployDescriptor Deployment of configuration descriptor [C:\Users\04783714118\Documents\NetBeansProjects\apache-tomcat-9.0.5-windows-x64\apache-tomcat-9.0.5\conf\Catalina\localhost\MavenTeste.xml] has finished in [15] ms
19-Apr-2018 16:58:22.599 INFORMAÇÕES [http-nio-8080-exec-32] org.apache.catalina.util.LifecycleBase.start The start() method was called on component [StandardEngine[Catalina].StandardHost[localhost].StandardContext[/MavenTeste]] after start() had already been called. The second call will be ignored.
19-Apr-2018 16:59:43.165 INFORMAÇÕES [http-nio-8080-exec-33] org.apache.catalina.startup.HostConfig.undeploy Undeploying context [/MavenTeste]
19-Apr-2018 16:59:43.203 INFORMAÇÕES [http-nio-8080-exec-34] org.apache.catalina.startup.HostConfig.deployDescriptor Deploying configuration descriptor [C:\Users\04783714118\Documents\NetBeansProjects\apache-tomcat-9.0.5-windows-x64\apache-tomcat-9.0.5\conf\Catalina\localhost\MavenTeste.xml]
19-Apr-2018 16:59:43.220 INFORMAÇÕES [http-nio-8080-exec-34] org.apache.catalina.startup.HostConfig.deployDescriptor Deployment of configuration descriptor [C:\Users\04783714118\Documents\NetBeansProjects\apache-tomcat-9.0.5-windows-x64\apache-tomcat-9.0.5\conf\Catalina\localhost\MavenTeste.xml] has finished in [17] ms
19-Apr-2018 16:59:43.223 INFORMAÇÕES [http-nio-8080-exec-38] org.apache.catalina.util.LifecycleBase.start The start() method was called on component [StandardEngine[Catalina].StandardHost[localhost].StandardContext[/MavenTeste]] after start() had already been called. The second call will be ignored.
19-Apr-2018 17:04:15.685 INFORMAÇÕES [http-nio-8080-exec-41] org.apache.catalina.startup.HostConfig.undeploy Undeploying context [/MavenTeste]
19-Apr-2018 17:04:15.728 INFORMAÇÕES [http-nio-8080-exec-39] org.apache.catalina.startup.HostConfig.deployDescriptor Deploying configuration descriptor [C:\Users\04783714118\Documents\NetBeansProjects\apache-tomcat-9.0.5-windows-x64\apache-tomcat-9.0.5\conf\Catalina\localhost\MavenTeste.xml]
19-Apr-2018 17:04:15.750 INFORMAÇÕES [http-nio-8080-exec-39] org.apache.catalina.startup.HostConfig.deployDescriptor Deployment of configuration descriptor [C:\Users\04783714118\Documents\NetBeansProjects\apache-tomcat-9.0.5-windows-x64\apache-tomcat-9.0.5\conf\Catalina\localhost\MavenTeste.xml] has finished in [22] ms
19-Apr-2018 17:04:15.753 INFORMAÇÕES [http-nio-8080-exec-45] org.apache.catalina.util.LifecycleBase.start The start() method was called on component [StandardEngine[Catalina].StandardHost[localhost].StandardContext[/MavenTeste]] after start() had already been called. The second call will be ignored.
19-Apr-2018 17:12:42.981 INFORMAÇÕES [http-nio-8080-exec-53] org.apache.catalina.startup.HostConfig.undeploy Undeploying context [/MavenTeste]
19-Apr-2018 17:12:43.001 INFORMAÇÕES [http-nio-8080-exec-51] org.apache.catalina.startup.HostConfig.deployDescriptor Deploying configuration descriptor [C:\Users\04783714118\Documents\NetBeansProjects\apache-tomcat-9.0.5-windows-x64\apache-tomcat-9.0.5\conf\Catalina\localhost\MavenTeste.xml]
19-Apr-2018 17:12:43.025 INFORMAÇÕES [http-nio-8080-exec-51] org.apache.catalina.startup.HostConfig.deployDescriptor Deployment of configuration descriptor [C:\Users\04783714118\Documents\NetBeansProjects\apache-tomcat-9.0.5-windows-x64\apache-tomcat-9.0.5\conf\Catalina\localhost\MavenTeste.xml] has finished in [24] ms
19-Apr-2018 17:12:43.028 INFORMAÇÕES [http-nio-8080-exec-52] org.apache.catalina.util.LifecycleBase.start The start() method was called on component [StandardEngine[Catalina].StandardHost[localhost].StandardContext[/MavenTeste]] after start() had already been called. The second call will be ignored.
19-Apr-2018 17:26:24.050 INFORMAÇÕES [http-nio-8080-exec-66] org.apache.catalina.startup.HostConfig.undeploy Undeploying context [/MavenTeste]
19-Apr-2018 17:26:24.080 INFORMAÇÕES [http-nio-8080-exec-59] org.apache.catalina.startup.HostConfig.deployDescriptor Deploying configuration descriptor [C:\Users\04783714118\Documents\NetBeansProjects\apache-tomcat-9.0.5-windows-x64\apache-tomcat-9.0.5\conf\Catalina\localhost\MavenTeste.xml]
19-Apr-2018 17:26:24.104 INFORMAÇÕES [http-nio-8080-exec-59] org.apache.catalina.startup.HostConfig.deployDescriptor Deployment of configuration descriptor [C:\Users\04783714118\Documents\NetBeansProjects\apache-tomcat-9.0.5-windows-x64\apache-tomcat-9.0.5\conf\Catalina\localhost\MavenTeste.xml] has finished in [23] ms
19-Apr-2018 17:26:24.108 INFORMAÇÕES [http-nio-8080-exec-63] org.apache.catalina.util.LifecycleBase.start The start() method was called on component [StandardEngine[Catalina].StandardHost[localhost].StandardContext[/MavenTeste]] after start() had already been called. The second call will be ignored.
19-Apr-2018 17:26:43.872 INFORMAÇÕES [http-nio-8080-exec-64] org.apache.catalina.startup.HostConfig.undeploy Undeploying context [/MavenTeste]
19-Apr-2018 17:26:43.882 INFORMAÇÕES [http-nio-8080-exec-68] org.apache.catalina.startup.HostConfig.deployDescriptor Deploying configuration descriptor [C:\Users\04783714118\Documents\NetBeansProjects\apache-tomcat-9.0.5-windows-x64\apache-tomcat-9.0.5\conf\Catalina\localhost\MavenTeste.xml]
19-Apr-2018 17:26:43.900 INFORMAÇÕES [http-nio-8080-exec-68] org.apache.catalina.startup.HostConfig.deployDescriptor Deployment of configuration descriptor [C:\Users\04783714118\Documents\NetBeansProjects\apache-tomcat-9.0.5-windows-x64\apache-tomcat-9.0.5\conf\Catalina\localhost\MavenTeste.xml] has finished in [18] ms
19-Apr-2018 17:26:44.518 INFORMAÇÕES [http-nio-8080-exec-69] org.apache.catalina.startup.HostConfig.undeploy Undeploying context [/MavenTeste]
19-Apr-2018 17:26:44.538 INFORMAÇÕES [http-nio-8080-exec-67] org.apache.catalina.startup.HostConfig.deployDescriptor Deploying configuration descriptor [C:\Users\04783714118\Documents\NetBeansProjects\apache-tomcat-9.0.5-windows-x64\apache-tomcat-9.0.5\conf\Catalina\localhost\MavenTeste#index.xhtml.xml]
19-Apr-2018 17:26:44.557 INFORMAÇÕES [http-nio-8080-exec-67] org.apache.catalina.startup.HostConfig.deployDescriptor Deployment of configuration descriptor [C:\Users\04783714118\Documents\NetBeansProjects\apache-tomcat-9.0.5-windows-x64\apache-tomcat-9.0.5\conf\Catalina\localhost\MavenTeste#index.xhtml.xml] has finished in [19] ms
19-Apr-2018 17:26:44.560 INFORMAÇÕES [http-nio-8080-exec-59] org.apache.catalina.util.LifecycleBase.start The start() method was called on component [StandardEngine[Catalina].StandardHost[localhost].StandardContext[/MavenTeste/index.xhtml]] after start() had already been called. The second call will be ignored.
19-Apr-2018 17:27:18.678 INFORMAÇÕES [http-nio-8080-exec-74] org.apache.catalina.startup.HostConfig.undeploy Undeploying context [/MavenTeste/index.xhtml]
19-Apr-2018 17:27:18.696 INFORMAÇÕES [http-nio-8080-exec-68] org.apache.catalina.startup.HostConfig.deployDescriptor Deploying configuration descriptor [C:\Users\04783714118\Documents\NetBeansProjects\apache-tomcat-9.0.5-windows-x64\apache-tomcat-9.0.5\conf\Catalina\localhost\MavenTeste#index.xhtml.xml]
19-Apr-2018 17:27:18.714 INFORMAÇÕES [http-nio-8080-exec-68] org.apache.catalina.startup.HostConfig.deployDescriptor Deployment of configuration descriptor [C:\Users\04783714118\Documents\NetBeansProjects\apache-tomcat-9.0.5-windows-x64\apache-tomcat-9.0.5\conf\Catalina\localhost\MavenTeste#index.xhtml.xml] has finished in [18] ms
19-Apr-2018 17:27:18.717 INFORMAÇÕES [http-nio-8080-exec-72] org.apache.catalina.util.LifecycleBase.start The start() method was called on component [StandardEngine[Catalina].StandardHost[localhost].StandardContext[/MavenTeste/index.xhtml]] after start() had already been called. The second call will be ignored.
19-Apr-2018 17:27:27.937 INFORMAÇÕES [http-nio-8080-exec-73] org.apache.catalina.startup.HostConfig.undeploy Undeploying context [/MavenTeste/index.xhtml]
19-Apr-2018 17:27:27.947 INFORMAÇÕES [http-nio-8080-exec-59] org.apache.catalina.startup.HostConfig.deployDescriptor Deploying configuration descriptor [C:\Users\04783714118\Documents\NetBeansProjects\apache-tomcat-9.0.5-windows-x64\apache-tomcat-9.0.5\conf\Catalina\localhost\MavenTeste#index.xhtml.xml]
19-Apr-2018 17:27:27.965 INFORMAÇÕES [http-nio-8080-exec-59] org.apache.catalina.startup.HostConfig.deployDescriptor Deployment of configuration descriptor [C:\Users\04783714118\Documents\NetBeansProjects\apache-tomcat-9.0.5-windows-x64\apache-tomcat-9.0.5\conf\Catalina\localhost\MavenTeste#index.xhtml.xml] has finished in [18] ms
19-Apr-2018 17:27:30.799 INFORMAÇÕES [http-nio-8080-exec-72] org.apache.catalina.startup.HostConfig.undeploy Undeploying context [/MavenTeste/index.xhtml]
19-Apr-2018 17:27:30.816 INFORMAÇÕES [http-nio-8080-exec-73] org.apache.catalina.startup.HostConfig.deployDescriptor Deploying configuration descriptor [C:\Users\04783714118\Documents\NetBeansProjects\apache-tomcat-9.0.5-windows-x64\apache-tomcat-9.0.5\conf\Catalina\localhost\MavenTeste.xml]
19-Apr-2018 17:27:30.832 INFORMAÇÕES [http-nio-8080-exec-73] org.apache.catalina.startup.HostConfig.deployDescriptor Deployment of configuration descriptor [C:\Users\04783714118\Documents\NetBeansProjects\apache-tomcat-9.0.5-windows-x64\apache-tomcat-9.0.5\conf\Catalina\localhost\MavenTeste.xml] has finished in [16] ms
19-Apr-2018 17:27:30.836 INFORMAÇÕES [http-nio-8080-exec-65] org.apache.catalina.util.LifecycleBase.start The start() method was called on component [StandardEngine[Catalina].StandardHost[localhost].StandardContext[/MavenTeste]] after start() had already been called. The second call will be ignored.
19-Apr-2018 17:31:01.416 INFORMAÇÕES [http-nio-8080-exec-87] org.apache.catalina.startup.HostConfig.undeploy Undeploying context [/MavenTeste]
19-Apr-2018 17:31:01.434 INFORMAÇÕES [http-nio-8080-exec-81] org.apache.catalina.startup.HostConfig.deployDescriptor Deploying configuration descriptor [C:\Users\04783714118\Documents\NetBeansProjects\apache-tomcat-9.0.5-windows-x64\apache-tomcat-9.0.5\conf\Catalina\localhost\MavenTeste.xml]
19-Apr-2018 17:31:01.453 INFORMAÇÕES [http-nio-8080-exec-81] org.apache.catalina.startup.HostConfig.deployDescriptor Deployment of configuration descriptor [C:\Users\04783714118\Documents\NetBeansProjects\apache-tomcat-9.0.5-windows-x64\apache-tomcat-9.0.5\conf\Catalina\localhost\MavenTeste.xml] has finished in [19] ms
19-Apr-2018 17:31:01.456 INFORMAÇÕES [http-nio-8080-exec-84] org.apache.catalina.util.LifecycleBase.start The start() method was called on component [StandardEngine[Catalina].StandardHost[localhost].StandardContext[/MavenTeste]] after start() had already been called. The second call will be ignored.
19-Apr-2018 17:32:16.487 INFORMAÇÕES [http-nio-8080-exec-88] org.apache.catalina.startup.HostConfig.undeploy Undeploying context [/MavenTeste]
19-Apr-2018 17:32:16.506 INFORMAÇÕES [http-nio-8080-exec-89] org.apache.catalina.startup.HostConfig.deployDescriptor Deploying configuration descriptor [C:\Users\04783714118\Documents\NetBeansProjects\apache-tomcat-9.0.5-windows-x64\apache-tomcat-9.0.5\conf\Catalina\localhost\MavenTeste.xml]
19-Apr-2018 17:32:16.525 INFORMAÇÕES [http-nio-8080-exec-89] org.apache.catalina.startup.HostConfig.deployDescriptor Deployment of configuration descriptor [C:\Users\04783714118\Documents\NetBeansProjects\apache-tomcat-9.0.5-windows-x64\apache-tomcat-9.0.5\conf\Catalina\localhost\MavenTeste.xml] has finished in [19] ms
19-Apr-2018 17:32:16.528 INFORMAÇÕES [http-nio-8080-exec-81] org.apache.catalina.util.LifecycleBase.start The start() method was called on component [StandardEngine[Catalina].StandardHost[localhost].StandardContext[/MavenTeste]] after start() had already been called. The second call will be ignored.
19-Apr-2018 17:35:40.458 INFORMAÇÕES [ContainerBackgroundProcessor[StandardEngine[Catalina]]] org.apache.catalina.startup.HostConfig.reload Reloading context [/MavenTeste]
19-Apr-2018 17:35:40.458 INFORMAÇÕES [ContainerBackgroundProcessor[StandardEngine[Catalina]]] org.apache.catalina.core.StandardContext.reload Reloading Context with name [/MavenTeste] has started
19-Apr-2018 17:35:40.497 INFORMAÇÕES [ContainerBackgroundProcessor[StandardEngine[Catalina]]] org.apache.catalina.core.StandardContext.reload Reloading Context with name [/MavenTeste] is completed
19-Apr-2018 17:36:04.050 INFORMAÇÕES [http-nio-8080-exec-87] org.apache.catalina.startup.HostConfig.undeploy Undeploying context [/AppTeste]
19-Apr-2018 17:38:27.616 INFORMAÇÕES [http-nio-8080-exec-99] org.apache.catalina.core.StandardContext.reload Reloading Context with name [/aula_jsf_1502] has started
19-Apr-2018 17:38:28.110 INFORMAÇÕES [http-nio-8080-exec-99] com.sun.faces.config.ConfigureListener.contextInitialized Inicializando Mojarra 2.2.16 ( 20180118-0013 901a18e611bead474715a643c8f634cfa1312414) para o contexto '/aula_jsf_1502'
19-Apr-2018 17:38:28.181 INFORMAÇÕES [http-nio-8080-exec-99] com.sun.faces.spi.InjectionProviderFactory.createInstance JSF1048: Anotações PostConstruct/PreDestroy presentes.  Os métodos ManagedBeans marcados com essas anotações informarão as anotações processadas.
19-Apr-2018 17:38:28.543 INFORMAÇÕES [http-nio-8080-exec-99] org.apache.catalina.core.StandardContext.reload Reloading Context with name [/aula_jsf_1502] is completed
19-Apr-2018 17:38:28.629 INFORMAÇÕES [http-nio-8080-exec-103] org.apache.catalina.core.StandardContext.reload Reloading Context with name [/aula_jsf_1502] has started
19-Apr-2018 17:38:29.169 INFORMAÇÕES [http-nio-8080-exec-103] com.sun.faces.config.ConfigureListener.contextInitialized Inicializando Mojarra 2.2.16 ( 20180118-0013 901a18e611bead474715a643c8f634cfa1312414) para o contexto '/aula_jsf_1502'
19-Apr-2018 17:38:29.230 INFORMAÇÕES [http-nio-8080-exec-103] com.sun.faces.spi.InjectionProviderFactory.createInstance JSF1048: Anotações PostConstruct/PreDestroy presentes.  Os métodos ManagedBeans marcados com essas anotações informarão as anotações processadas.
19-Apr-2018 17:38:29.601 INFORMAÇÕES [http-nio-8080-exec-103] org.apache.catalina.core.StandardContext.reload Reloading Context with name [/aula_jsf_1502] is completed
19-Apr-2018 17:40:14.809 INFORMAÇÕES [http-nio-8080-exec-101] org.apache.catalina.startup.HostConfig.deployDescriptor Deploying configuration descriptor [C:\Users\04783714118\Documents\NetBeansProjects\apache-tomcat-9.0.5-windows-x64\apache-tomcat-9.0.5\conf\Catalina\localhost\trucoladrao.xml]
19-Apr-2018 17:40:14.830 INFORMAÇÕES [http-nio-8080-exec-101] org.apache.catalina.startup.HostConfig.deployDescriptor Deployment of configuration descriptor [C:\Users\04783714118\Documents\NetBeansProjects\apache-tomcat-9.0.5-windows-x64\apache-tomcat-9.0.5\conf\Catalina\localhost\trucoladrao.xml] has finished in [21] ms
19-Apr-2018 17:40:14.833 INFORMAÇÕES [http-nio-8080-exec-81] org.apache.catalina.util.LifecycleBase.start The start() method was called on component [StandardEngine[Catalina].StandardHost[localhost].StandardContext[/trucoladrao]] after start() had already been called. The second call will be ignored.
19-Apr-2018 17:42:16.812 INFORMAÇÕES [http-nio-8080-exec-106] org.apache.catalina.startup.HostConfig.undeploy Undeploying context [/trucoladrao]
19-Apr-2018 17:42:16.829 INFORMAÇÕES [http-nio-8080-exec-111] org.apache.catalina.startup.HostConfig.deployDescriptor Deploying configuration descriptor [C:\Users\04783714118\Documents\NetBeansProjects\apache-tomcat-9.0.5-windows-x64\apache-tomcat-9.0.5\conf\Catalina\localhost\trucoladrao.xml]
19-Apr-2018 17:42:16.848 INFORMAÇÕES [http-nio-8080-exec-111] org.apache.catalina.startup.HostConfig.deployDescriptor Deployment of configuration descriptor [C:\Users\04783714118\Documents\NetBeansProjects\apache-tomcat-9.0.5-windows-x64\apache-tomcat-9.0.5\conf\Catalina\localhost\trucoladrao.xml] has finished in [19] ms
19-Apr-2018 17:42:16.851 INFORMAÇÕES [http-nio-8080-exec-112] org.apache.catalina.util.LifecycleBase.start The start() method was called on component [StandardEngine[Catalina].StandardHost[localhost].StandardContext[/trucoladrao]] after start() had already been called. The second call will be ignored.
19-Apr-2018 17:44:53.310 INFORMAÇÕES [http-nio-8080-exec-119] org.apache.catalina.startup.HostConfig.undeploy Undeploying context [/trucoladrao]
19-Apr-2018 17:45:04.349 INFORMAÇÕES [http-nio-8080-exec-124] org.apache.catalina.startup.HostConfig.deployDescriptor Deploying configuration descriptor [C:\Users\04783714118\Documents\NetBeansProjects\apache-tomcat-9.0.5-windows-x64\apache-tomcat-9.0.5\conf\Catalina\localhost\trucoladrao.xml]
19-Apr-2018 17:45:04.369 INFORMAÇÕES [http-nio-8080-exec-124] org.apache.catalina.startup.HostConfig.deployDescriptor Deployment of configuration descriptor [C:\Users\04783714118\Documents\NetBeansProjects\apache-tomcat-9.0.5-windows-x64\apache-tomcat-9.0.5\conf\Catalina\localhost\trucoladrao.xml] has finished in [20] ms
19-Apr-2018 17:45:04.377 INFORMAÇÕES [http-nio-8080-exec-125] org.apache.catalina.util.LifecycleBase.start The start() method was called on component [StandardEngine[Catalina].StandardHost[localhost].StandardContext[/trucoladrao]] after start() had already been called. The second call will be ignored.
19-Apr-2018 17:47:01.211 INFORMAÇÕES [ContainerBackgroundProcessor[StandardEngine[Catalina]]] org.apache.catalina.startup.HostConfig.undeploy Undeploying context [/trucoladrao]
19-Apr-2018 17:47:01.226 INFORMAÇÕES [ContainerBackgroundProcessor[StandardEngine[Catalina]]] org.apache.catalina.startup.HostConfig.deployDescriptor Deploying configuration descriptor [C:\Users\04783714118\Documents\NetBeansProjects\apache-tomcat-9.0.5-windows-x64\apache-tomcat-9.0.5\conf\Catalina\localhost\trucoladrao.xml]
19-Apr-2018 17:47:01.232 GRAVE [ContainerBackgroundProcessor[StandardEngine[Catalina]]] org.apache.catalina.core.ContainerBase.addChildInternal ContainerBase.addChild: start: 
 org.apache.catalina.LifecycleException: Failed to start component [org.apache.catalina.webresources.StandardRoot@581011f3]
	at org.apache.catalina.util.LifecycleBase.handleSubClassException(LifecycleBase.java:441)
	at org.apache.catalina.util.LifecycleBase.start(LifecycleBase.java:198)
	at org.apache.catalina.core.StandardContext.resourcesStart(StandardContext.java:4752)
	at org.apache.catalina.core.StandardContext.startInternal(StandardContext.java:4887)
	at org.apache.catalina.util.LifecycleBase.start(LifecycleBase.java:183)
	at org.apache.catalina.core.ContainerBase.addChildInternal(ContainerBase.java:740)
	at org.apache.catalina.core.ContainerBase.addChild(ContainerBase.java:716)
	at org.apache.catalina.core.StandardHost.addChild(StandardHost.java:703)
	at org.apache.catalina.startup.HostConfig.deployDescriptor(HostConfig.java:619)
	at org.apache.catalina.startup.HostConfig$DeployDescriptor.run(HostConfig.java:1829)
	at java.util.concurrent.Executors$RunnableAdapter.call(Executors.java:511)
	at java.util.concurrent.FutureTask.run(FutureTask.java:266)
	at org.apache.tomcat.util.threads.InlineExecutorService.execute(InlineExecutorService.java:75)
	at java.util.concurrent.AbstractExecutorService.submit(AbstractExecutorService.java:112)
	at org.apache.catalina.startup.HostConfig.deployDescriptors(HostConfig.java:530)
	at org.apache.catalina.startup.HostConfig.deployApps(HostConfig.java:429)
	at org.apache.catalina.startup.HostConfig.check(HostConfig.java:1619)
	at org.apache.catalina.startup.HostConfig.lifecycleEvent(HostConfig.java:304)
	at org.apache.catalina.util.LifecycleBase.fireLifecycleEvent(LifecycleBase.java:123)
	at org.apache.catalina.core.ContainerBase.backgroundProcess(ContainerBase.java:1172)
	at org.apache.catalina.core.ContainerBase$ContainerBackgroundProcessor.processChildren(ContainerBase.java:1394)
	at org.apache.catalina.core.ContainerBase$ContainerBackgroundProcessor.processChildren(ContainerBase.java:1398)
	at org.apache.catalina.core.ContainerBase$ContainerBackgroundProcessor.run(ContainerBase.java:1366)
	at java.lang.Thread.run(Thread.java:748)
Caused by: java.lang.IllegalArgumentException: The main resource set specified [C:\Users\04783714118\Documents\NetBeansProjects\trucoladrao\target\trucoladrao-1.0-SNAPSHOT] is not valid
	at org.apache.catalina.webresources.StandardRoot.createMainResourceSet(StandardRoot.java:749)
	at org.apache.catalina.webresources.StandardRoot.startInternal(StandardRoot.java:706)
	at org.apache.catalina.util.LifecycleBase.start(LifecycleBase.java:183)
	... 22 more

19-Apr-2018 17:47:01.232 GRAVE [ContainerBackgroundProcessor[StandardEngine[Catalina]]] org.apache.catalina.startup.HostConfig.deployDescriptor Error deploying configuration descriptor [C:\Users\04783714118\Documents\NetBeansProjects\apache-tomcat-9.0.5-windows-x64\apache-tomcat-9.0.5\conf\Catalina\localhost\trucoladrao.xml]
 java.lang.IllegalStateException: ContainerBase.addChild: start: org.apache.catalina.LifecycleException: Failed to start component [org.apache.catalina.webresources.StandardRoot@581011f3]
	at org.apache.catalina.core.ContainerBase.addChildInternal(ContainerBase.java:744)
	at org.apache.catalina.core.ContainerBase.addChild(ContainerBase.java:716)
	at org.apache.catalina.core.StandardHost.addChild(StandardHost.java:703)
	at org.apache.catalina.startup.HostConfig.deployDescriptor(HostConfig.java:619)
	at org.apache.catalina.startup.HostConfig$DeployDescriptor.run(HostConfig.java:1829)
	at java.util.concurrent.Executors$RunnableAdapter.call(Executors.java:511)
	at java.util.concurrent.FutureTask.run(FutureTask.java:266)
	at org.apache.tomcat.util.threads.InlineExecutorService.execute(InlineExecutorService.java:75)
	at java.util.concurrent.AbstractExecutorService.submit(AbstractExecutorService.java:112)
	at org.apache.catalina.startup.HostConfig.deployDescriptors(HostConfig.java:530)
	at org.apache.catalina.startup.HostConfig.deployApps(HostConfig.java:429)
	at org.apache.catalina.startup.HostConfig.check(HostConfig.java:1619)
	at org.apache.catalina.startup.HostConfig.lifecycleEvent(HostConfig.java:304)
	at org.apache.catalina.util.LifecycleBase.fireLifecycleEvent(LifecycleBase.java:123)
	at org.apache.catalina.core.ContainerBase.backgroundProcess(ContainerBase.java:1172)
	at org.apache.catalina.core.ContainerBase$ContainerBackgroundProcessor.processChildren(ContainerBase.java:1394)
	at org.apache.catalina.core.ContainerBase$ContainerBackgroundProcessor.processChildren(ContainerBase.java:1398)
	at org.apache.catalina.core.ContainerBase$ContainerBackgroundProcessor.run(ContainerBase.java:1366)
	at java.lang.Thread.run(Thread.java:748)

19-Apr-2018 17:47:01.246 INFORMAÇÕES [ContainerBackgroundProcessor[StandardEngine[Catalina]]] org.apache.catalina.startup.HostConfig.deployDescriptor Deployment of configuration descriptor [C:\Users\04783714118\Documents\NetBeansProjects\apache-tomcat-9.0.5-windows-x64\apache-tomcat-9.0.5\conf\Catalina\localhost\trucoladrao.xml] has finished in [20] ms
19-Apr-2018 17:47:21.754 INFORMAÇÕES [ContainerBackgroundProcessor[StandardEngine[Catalina]]] org.apache.catalina.startup.HostConfig.undeploy Undeploying context [/MavenTeste]
19-Apr-2018 17:47:21.759 INFORMAÇÕES [ContainerBackgroundProcessor[StandardEngine[Catalina]]] org.apache.catalina.startup.HostConfig.deployDescriptor Deploying configuration descriptor [C:\Users\04783714118\Documents\NetBeansProjects\apache-tomcat-9.0.5-windows-x64\apache-tomcat-9.0.5\conf\Catalina\localhost\MavenTeste.xml]
19-Apr-2018 17:47:21.761 GRAVE [ContainerBackgroundProcessor[StandardEngine[Catalina]]] org.apache.catalina.core.ContainerBase.addChildInternal ContainerBase.addChild: start: 
 org.apache.catalina.LifecycleException: Failed to start component [org.apache.catalina.webresources.StandardRoot@7e0f0075]
	at org.apache.catalina.util.LifecycleBase.handleSubClassException(LifecycleBase.java:441)
	at org.apache.catalina.util.LifecycleBase.start(LifecycleBase.java:198)
	at org.apache.catalina.core.StandardContext.resourcesStart(StandardContext.java:4752)
	at org.apache.catalina.core.StandardContext.startInternal(StandardContext.java:4887)
	at org.apache.catalina.util.LifecycleBase.start(LifecycleBase.java:183)
	at org.apache.catalina.core.ContainerBase.addChildInternal(ContainerBase.java:740)
	at org.apache.catalina.core.ContainerBase.addChild(ContainerBase.java:716)
	at org.apache.catalina.core.StandardHost.addChild(StandardHost.java:703)
	at org.apache.catalina.startup.HostConfig.deployDescriptor(HostConfig.java:619)
	at org.apache.catalina.startup.HostConfig$DeployDescriptor.run(HostConfig.java:1829)
	at java.util.concurrent.Executors$RunnableAdapter.call(Executors.java:511)
	at java.util.concurrent.FutureTask.run(FutureTask.java:266)
	at org.apache.tomcat.util.threads.InlineExecutorService.execute(InlineExecutorService.java:75)
	at java.util.concurrent.AbstractExecutorService.submit(AbstractExecutorService.java:112)
	at org.apache.catalina.startup.HostConfig.deployDescriptors(HostConfig.java:530)
	at org.apache.catalina.startup.HostConfig.deployApps(HostConfig.java:429)
	at org.apache.catalina.startup.HostConfig.check(HostConfig.java:1619)
	at org.apache.catalina.startup.HostConfig.lifecycleEvent(HostConfig.java:304)
	at org.apache.catalina.util.LifecycleBase.fireLifecycleEvent(LifecycleBase.java:123)
	at org.apache.catalina.core.ContainerBase.backgroundProcess(ContainerBase.java:1172)
	at org.apache.catalina.core.ContainerBase$ContainerBackgroundProcessor.processChildren(ContainerBase.java:1394)
	at org.apache.catalina.core.ContainerBase$ContainerBackgroundProcessor.processChildren(ContainerBase.java:1398)
	at org.apache.catalina.core.ContainerBase$ContainerBackgroundProcessor.run(ContainerBase.java:1366)
	at java.lang.Thread.run(Thread.java:748)
Caused by: java.lang.IllegalArgumentException: The main resource set specified [C:\Users\04783714118\Documents\NetBeansProjects\MavenTeste\target\MavenTeste-1.0-SNAPSHOT] is not valid
	at org.apache.catalina.webresources.StandardRoot.createMainResourceSet(StandardRoot.java:749)
	at org.apache.catalina.webresources.StandardRoot.startInternal(StandardRoot.java:706)
	at org.apache.catalina.util.LifecycleBase.start(LifecycleBase.java:183)
	... 22 more

19-Apr-2018 17:47:21.762 GRAVE [ContainerBackgroundProcessor[StandardEngine[Catalina]]] org.apache.catalina.startup.HostConfig.deployDescriptor Error deploying configuration descriptor [C:\Users\04783714118\Documents\NetBeansProjects\apache-tomcat-9.0.5-windows-x64\apache-tomcat-9.0.5\conf\Catalina\localhost\MavenTeste.xml]
 java.lang.IllegalStateException: ContainerBase.addChild: start: org.apache.catalina.LifecycleException: Failed to start component [org.apache.catalina.webresources.StandardRoot@7e0f0075]
	at org.apache.catalina.core.ContainerBase.addChildInternal(ContainerBase.java:744)
	at org.apache.catalina.core.ContainerBase.addChild(ContainerBase.java:716)
	at org.apache.catalina.core.StandardHost.addChild(StandardHost.java:703)
	at org.apache.catalina.startup.HostConfig.deployDescriptor(HostConfig.java:619)
	at org.apache.catalina.startup.HostConfig$DeployDescriptor.run(HostConfig.java:1829)
	at java.util.concurrent.Executors$RunnableAdapter.call(Executors.java:511)
	at java.util.concurrent.FutureTask.run(FutureTask.java:266)
	at org.apache.tomcat.util.threads.InlineExecutorService.execute(InlineExecutorService.java:75)
	at java.util.concurrent.AbstractExecutorService.submit(AbstractExecutorService.java:112)
	at org.apache.catalina.startup.HostConfig.deployDescriptors(HostConfig.java:530)
	at org.apache.catalina.startup.HostConfig.deployApps(HostConfig.java:429)
	at org.apache.catalina.startup.HostConfig.check(HostConfig.java:1619)
	at org.apache.catalina.startup.HostConfig.lifecycleEvent(HostConfig.java:304)
	at org.apache.catalina.util.LifecycleBase.fireLifecycleEvent(LifecycleBase.java:123)
	at org.apache.catalina.core.ContainerBase.backgroundProcess(ContainerBase.java:1172)
	at org.apache.catalina.core.ContainerBase$ContainerBackgroundProcessor.processChildren(ContainerBase.java:1394)
	at org.apache.catalina.core.ContainerBase$ContainerBackgroundProcessor.processChildren(ContainerBase.java:1398)
	at org.apache.catalina.core.ContainerBase$ContainerBackgroundProcessor.run(ContainerBase.java:1366)
	at java.lang.Thread.run(Thread.java:748)

19-Apr-2018 17:47:21.791 INFORMAÇÕES [ContainerBackgroundProcessor[StandardEngine[Catalina]]] org.apache.catalina.startup.HostConfig.deployDescriptor Deployment of configuration descriptor [C:\Users\04783714118\Documents\NetBeansProjects\apache-tomcat-9.0.5-windows-x64\apache-tomcat-9.0.5\conf\Catalina\localhost\MavenTeste.xml] has finished in [32] ms
19-Apr-2018 17:47:26.486 INFORMAÇÕES [main] org.apache.catalina.core.StandardServer.await A valid shutdown command was received via the shutdown port. Stopping the Server instance.
19-Apr-2018 17:47:26.486 INFORMAÇÕES [main] org.apache.coyote.AbstractProtocol.pause Pausing ProtocolHandler ["http-nio-8080"]
19-Apr-2018 17:47:26.578 INFORMAÇÕES [main] org.apache.coyote.AbstractProtocol.pause Pausing ProtocolHandler ["ajp-nio-8009"]
19-Apr-2018 17:47:26.682 INFORMAÇÕES [main] org.apache.catalina.core.StandardService.stopInternal Stopping service [Catalina]
19-Apr-2018 17:47:26.695 INFORMAÇÕES [main] org.apache.coyote.AbstractProtocol.stop Stopping ProtocolHandler ["http-nio-8080"]
19-Apr-2018 17:47:26.696 INFORMAÇÕES [main] org.apache.coyote.AbstractProtocol.stop Stopping ProtocolHandler ["ajp-nio-8009"]
19-Apr-2018 17:47:26.698 INFORMAÇÕES [main] org.apache.coyote.AbstractProtocol.destroy Destroying ProtocolHandler ["http-nio-8080"]
19-Apr-2018 17:47:26.698 INFORMAÇÕES [main] org.apache.coyote.AbstractProtocol.destroy Destroying ProtocolHandler ["ajp-nio-8009"]
