16-Mar-2018 17:29:57.747 INFORMAÇÕES [main] org.apache.catalina.startup.VersionLoggerListener.log Server version:        Apache Tomcat/9.0.5
16-Mar-2018 17:29:57.748 INFORMAÇÕES [main] org.apache.catalina.startup.VersionLoggerListener.log Server built:          Feb 6 2018 21:42:23 UTC
16-Mar-2018 17:29:57.749 INFORMAÇÕES [main] org.apache.catalina.startup.VersionLoggerListener.log Server number:         9.0.5.0
16-Mar-2018 17:29:57.749 INFORMAÇÕES [main] org.apache.catalina.startup.VersionLoggerListener.log OS Name:               Windows 10
16-Mar-2018 17:29:57.749 INFORMAÇÕES [main] org.apache.catalina.startup.VersionLoggerListener.log OS Version:            10.0
16-Mar-2018 17:29:57.749 INFORMAÇÕES [main] org.apache.catalina.startup.VersionLoggerListener.log Architecture:          amd64
16-Mar-2018 17:29:57.749 INFORMAÇÕES [main] org.apache.catalina.startup.VersionLoggerListener.log Java Home:             C:\Program Files\Java\jdk1.8.0_131\jre
16-Mar-2018 17:29:57.749 INFORMAÇÕES [main] org.apache.catalina.startup.VersionLoggerListener.log JVM Version:           1.8.0_131-b11
16-Mar-2018 17:29:57.749 INFORMAÇÕES [main] org.apache.catalina.startup.VersionLoggerListener.log JVM Vendor:            Oracle Corporation
16-Mar-2018 17:29:57.750 INFORMAÇÕES [main] org.apache.catalina.startup.VersionLoggerListener.log CATALINA_BASE:         C:\Users\04783714118\Documents\NetBeansProjects\apache-tomcat-9.0.5-windows-x64\apache-tomcat-9.0.5
16-Mar-2018 17:29:57.750 INFORMAÇÕES [main] org.apache.catalina.startup.VersionLoggerListener.log CATALINA_HOME:         C:\Users\04783714118\Documents\NetBeansProjects\apache-tomcat-9.0.5-windows-x64\apache-tomcat-9.0.5
16-Mar-2018 17:29:57.750 INFORMAÇÕES [main] org.apache.catalina.startup.VersionLoggerListener.log Command line argument: -Djava.util.logging.config.file=C:\Users\04783714118\Documents\NetBeansProjects\apache-tomcat-9.0.5-windows-x64\apache-tomcat-9.0.5\conf\logging.properties
16-Mar-2018 17:29:57.750 INFORMAÇÕES [main] org.apache.catalina.startup.VersionLoggerListener.log Command line argument: -Djava.util.logging.manager=org.apache.juli.ClassLoaderLogManager
16-Mar-2018 17:29:57.750 INFORMAÇÕES [main] org.apache.catalina.startup.VersionLoggerListener.log Command line argument: -Dhttp.nonProxyHosts=localhost|127.0.0.1|c430761
16-Mar-2018 17:29:57.750 INFORMAÇÕES [main] org.apache.catalina.startup.VersionLoggerListener.log Command line argument: -Djdk.tls.ephemeralDHKeySize=2048
16-Mar-2018 17:29:57.750 INFORMAÇÕES [main] org.apache.catalina.startup.VersionLoggerListener.log Command line argument: -Djava.protocol.handler.pkgs=org.apache.catalina.webresources
16-Mar-2018 17:29:57.750 INFORMAÇÕES [main] org.apache.catalina.startup.VersionLoggerListener.log Command line argument: -Dignore.endorsed.dirs=
16-Mar-2018 17:29:57.750 INFORMAÇÕES [main] org.apache.catalina.startup.VersionLoggerListener.log Command line argument: -Dcatalina.base=C:\Users\04783714118\Documents\NetBeansProjects\apache-tomcat-9.0.5-windows-x64\apache-tomcat-9.0.5
16-Mar-2018 17:29:57.750 INFORMAÇÕES [main] org.apache.catalina.startup.VersionLoggerListener.log Command line argument: -Dcatalina.home=C:\Users\04783714118\Documents\NetBeansProjects\apache-tomcat-9.0.5-windows-x64\apache-tomcat-9.0.5
16-Mar-2018 17:29:57.750 INFORMAÇÕES [main] org.apache.catalina.startup.VersionLoggerListener.log Command line argument: -Djava.io.tmpdir=C:\Users\04783714118\Documents\NetBeansProjects\apache-tomcat-9.0.5-windows-x64\apache-tomcat-9.0.5\temp
16-Mar-2018 17:29:57.750 INFORMAÇÕES [main] org.apache.catalina.core.AprLifecycleListener.lifecycleEvent Loaded APR based Apache Tomcat Native library [1.2.16] using APR version [1.6.3].
16-Mar-2018 17:29:57.750 INFORMAÇÕES [main] org.apache.catalina.core.AprLifecycleListener.lifecycleEvent APR capabilities: IPv6 [true], sendfile [true], accept filters [false], random [true].
16-Mar-2018 17:29:57.750 INFORMAÇÕES [main] org.apache.catalina.core.AprLifecycleListener.lifecycleEvent APR/OpenSSL configuration: useAprConnector [false], useOpenSSL [true]
16-Mar-2018 17:29:58.351 INFORMAÇÕES [main] org.apache.catalina.core.AprLifecycleListener.initializeSSL OpenSSL successfully initialized [OpenSSL 1.0.2m  2 Nov 2017]
16-Mar-2018 17:29:58.464 INFORMAÇÕES [main] org.apache.coyote.AbstractProtocol.init Initializing ProtocolHandler ["http-nio-8080"]
16-Mar-2018 17:29:58.530 INFORMAÇÕES [main] org.apache.tomcat.util.net.NioSelectorPool.getSharedSelector Using a shared selector for servlet write/read
16-Mar-2018 17:29:58.536 INFORMAÇÕES [main] org.apache.coyote.AbstractProtocol.init Initializing ProtocolHandler ["ajp-nio-8009"]
16-Mar-2018 17:29:58.538 INFORMAÇÕES [main] org.apache.tomcat.util.net.NioSelectorPool.getSharedSelector Using a shared selector for servlet write/read
16-Mar-2018 17:29:58.538 INFORMAÇÕES [main] org.apache.catalina.startup.Catalina.load Initialization processed in 1080 ms
16-Mar-2018 17:29:58.567 INFORMAÇÕES [main] org.apache.catalina.core.StandardService.startInternal Starting service [Catalina]
16-Mar-2018 17:29:58.567 INFORMAÇÕES [main] org.apache.catalina.core.StandardEngine.startInternal Starting Servlet Engine: Apache Tomcat/9.0.5
16-Mar-2018 17:29:58.575 INFORMAÇÕES [main] org.apache.catalina.startup.HostConfig.deployDescriptor Deploying configuration descriptor [C:\Users\04783714118\Documents\NetBeansProjects\apache-tomcat-9.0.5-windows-x64\apache-tomcat-9.0.5\conf\Catalina\localhost\aula_jsf_1502.xml]
16-Mar-2018 17:29:59.671 INFORMAÇÕES [main] org.apache.jasper.servlet.TldScanner.scanJars At least one JAR was scanned for TLDs yet contained no TLDs. Enable debug logging for this logger for a complete list of JARs that were scanned but no TLDs were found in them. Skipping unneeded JARs during scanning can improve startup time and JSP compilation time.
16-Mar-2018 17:29:59.800 INFORMAÇÕES [main] com.sun.faces.config.ConfigureListener.contextInitialized Inicializando Mojarra 2.2.2 ( 20130809-1625 https://svn.java.net/svn/mojarra~svn/tags/2.2.2@12376) para o contexto '/aula_jsf_1502'
16-Mar-2018 17:29:59.944 INFORMAÇÕES [main] com.sun.faces.spi.InjectionProviderFactory.createInstance JSF1048: Anotações PostConstruct/PreDestroy presentes.  Os métodos ManagedBeans marcados com essas anotações informarão as anotações processadas.
16-Mar-2018 17:30:00.517 INFORMAÇÕES [main] org.apache.catalina.startup.HostConfig.deployDescriptor Deployment of configuration descriptor [C:\Users\04783714118\Documents\NetBeansProjects\apache-tomcat-9.0.5-windows-x64\apache-tomcat-9.0.5\conf\Catalina\localhost\aula_jsf_1502.xml] has finished in [1,943] ms
16-Mar-2018 17:30:00.518 INFORMAÇÕES [main] org.apache.catalina.startup.HostConfig.deployDirectory Deploying web application directory [C:\Users\04783714118\Documents\NetBeansProjects\apache-tomcat-9.0.5-windows-x64\apache-tomcat-9.0.5\webapps\docs]
16-Mar-2018 17:30:00.537 INFORMAÇÕES [main] org.apache.catalina.startup.HostConfig.deployDirectory Deployment of web application directory [C:\Users\04783714118\Documents\NetBeansProjects\apache-tomcat-9.0.5-windows-x64\apache-tomcat-9.0.5\webapps\docs] has finished in [19] ms
16-Mar-2018 17:30:00.537 INFORMAÇÕES [main] org.apache.catalina.startup.HostConfig.deployDirectory Deploying web application directory [C:\Users\04783714118\Documents\NetBeansProjects\apache-tomcat-9.0.5-windows-x64\apache-tomcat-9.0.5\webapps\examples]
16-Mar-2018 17:30:01.570 INFORMAÇÕES [main] org.apache.catalina.startup.HostConfig.deployDirectory Deployment of web application directory [C:\Users\04783714118\Documents\NetBeansProjects\apache-tomcat-9.0.5-windows-x64\apache-tomcat-9.0.5\webapps\examples] has finished in [1,033] ms
16-Mar-2018 17:30:01.571 INFORMAÇÕES [main] org.apache.catalina.startup.HostConfig.deployDirectory Deploying web application directory [C:\Users\04783714118\Documents\NetBeansProjects\apache-tomcat-9.0.5-windows-x64\apache-tomcat-9.0.5\webapps\host-manager]
16-Mar-2018 17:30:01.606 INFORMAÇÕES [main] org.apache.catalina.startup.HostConfig.deployDirectory Deployment of web application directory [C:\Users\04783714118\Documents\NetBeansProjects\apache-tomcat-9.0.5-windows-x64\apache-tomcat-9.0.5\webapps\host-manager] has finished in [35] ms
16-Mar-2018 17:30:01.607 INFORMAÇÕES [main] org.apache.catalina.startup.HostConfig.deployDirectory Deploying web application directory [C:\Users\04783714118\Documents\NetBeansProjects\apache-tomcat-9.0.5-windows-x64\apache-tomcat-9.0.5\webapps\manager]
16-Mar-2018 17:30:01.638 INFORMAÇÕES [main] org.apache.catalina.startup.HostConfig.deployDirectory Deployment of web application directory [C:\Users\04783714118\Documents\NetBeansProjects\apache-tomcat-9.0.5-windows-x64\apache-tomcat-9.0.5\webapps\manager] has finished in [31] ms
16-Mar-2018 17:30:01.638 INFORMAÇÕES [main] org.apache.catalina.startup.HostConfig.deployDirectory Deploying web application directory [C:\Users\04783714118\Documents\NetBeansProjects\apache-tomcat-9.0.5-windows-x64\apache-tomcat-9.0.5\webapps\ROOT]
16-Mar-2018 17:30:01.665 INFORMAÇÕES [main] org.apache.catalina.startup.HostConfig.deployDirectory Deployment of web application directory [C:\Users\04783714118\Documents\NetBeansProjects\apache-tomcat-9.0.5-windows-x64\apache-tomcat-9.0.5\webapps\ROOT] has finished in [27] ms
16-Mar-2018 17:30:01.667 INFORMAÇÕES [main] org.apache.coyote.AbstractProtocol.start Starting ProtocolHandler ["http-nio-8080"]
16-Mar-2018 17:30:01.674 INFORMAÇÕES [main] org.apache.coyote.AbstractProtocol.start Starting ProtocolHandler ["ajp-nio-8009"]
16-Mar-2018 17:30:01.676 INFORMAÇÕES [main] org.apache.catalina.startup.Catalina.start Server startup in 3138 ms
16-Mar-2018 17:30:04.335 INFORMAÇÕES [http-nio-8080-exec-2] org.apache.catalina.startup.HostConfig.undeploy Undeploying context [/aula_jsf_1502]
16-Mar-2018 17:30:04.362 INFORMAÇÕES [http-nio-8080-exec-7] org.apache.catalina.startup.HostConfig.deployDescriptor Deploying configuration descriptor [C:\Users\04783714118\Documents\NetBeansProjects\apache-tomcat-9.0.5-windows-x64\apache-tomcat-9.0.5\conf\Catalina\localhost\aula_jsf_1502.xml]
16-Mar-2018 17:30:05.033 INFORMAÇÕES [http-nio-8080-exec-7] com.sun.faces.config.ConfigureListener.contextInitialized Inicializando Mojarra 2.2.2 ( 20130809-1625 https://svn.java.net/svn/mojarra~svn/tags/2.2.2@12376) para o contexto '/aula_jsf_1502'
16-Mar-2018 17:30:05.105 INFORMAÇÕES [http-nio-8080-exec-7] com.sun.faces.spi.InjectionProviderFactory.createInstance JSF1048: Anotações PostConstruct/PreDestroy presentes.  Os métodos ManagedBeans marcados com essas anotações informarão as anotações processadas.
16-Mar-2018 17:30:05.553 INFORMAÇÕES [http-nio-8080-exec-7] org.apache.catalina.startup.HostConfig.deployDescriptor Deployment of configuration descriptor [C:\Users\04783714118\Documents\NetBeansProjects\apache-tomcat-9.0.5-windows-x64\apache-tomcat-9.0.5\conf\Catalina\localhost\aula_jsf_1502.xml] has finished in [1,191] ms
16-Mar-2018 17:30:05.557 INFORMAÇÕES [http-nio-8080-exec-4] org.apache.catalina.util.LifecycleBase.start The start() method was called on component [StandardEngine[Catalina].StandardHost[localhost].StandardContext[/aula_jsf_1502]] after start() had already been called. The second call will be ignored.
16-Mar-2018 17:43:04.580 GRAVE [http-nio-8080-exec-16] com.sun.faces.config.ConfigureListener.contextDestroyed Unexpected exception when attempting to tear down the Mojarra runtime
 java.lang.NullPointerException
	at com.sun.faces.context.ApplicationMap.containsKey(ApplicationMap.java:124)
	at javax.faces.component.UIComponentBase.populateDescriptorsMapIfNecessary(UIComponentBase.java:150)
	at javax.faces.component.UIComponentBase.<init>(UIComponentBase.java:133)
	at javax.faces.component.UIViewRoot.<init>(UIViewRoot.java:243)
	at com.sun.faces.config.InitFacesContext.getViewRoot(InitFacesContext.java:216)
	at com.sun.faces.application.ApplicationImpl.invokeViewListenersFor(ApplicationImpl.java:2045)
	at com.sun.faces.application.ApplicationImpl.publishEvent(ApplicationImpl.java:292)
	at com.sun.faces.config.ConfigureListener.contextDestroyed(ConfigureListener.java:314)
	at org.apache.catalina.core.StandardContext.listenerStop(StandardContext.java:4682)
	at org.apache.catalina.core.StandardContext.stopInternal(StandardContext.java:5321)
	at org.apache.catalina.util.LifecycleBase.stop(LifecycleBase.java:257)
	at org.apache.catalina.manager.ManagerServlet.undeploy(ManagerServlet.java:1488)
	at org.apache.catalina.manager.ManagerServlet.doGet(ManagerServlet.java:370)
	at javax.servlet.http.HttpServlet.service(HttpServlet.java:634)
	at javax.servlet.http.HttpServlet.service(HttpServlet.java:741)
	at org.apache.catalina.core.ApplicationFilterChain.internalDoFilter(ApplicationFilterChain.java:231)
	at org.apache.catalina.core.ApplicationFilterChain.doFilter(ApplicationFilterChain.java:166)
	at org.apache.tomcat.websocket.server.WsFilter.doFilter(WsFilter.java:53)
	at org.apache.catalina.core.ApplicationFilterChain.internalDoFilter(ApplicationFilterChain.java:193)
	at org.apache.catalina.core.ApplicationFilterChain.doFilter(ApplicationFilterChain.java:166)
	at org.apache.catalina.core.StandardWrapperValve.invoke(StandardWrapperValve.java:199)
	at org.apache.catalina.core.StandardContextValve.invoke(StandardContextValve.java:96)
	at org.apache.catalina.authenticator.AuthenticatorBase.invoke(AuthenticatorBase.java:611)
	at org.apache.catalina.valves.RequestFilterValve.process(RequestFilterValve.java:348)
	at org.apache.catalina.valves.RemoteAddrValve.invoke(RemoteAddrValve.java:52)
	at org.apache.catalina.core.StandardHostValve.invoke(StandardHostValve.java:137)
	at org.apache.catalina.valves.ErrorReportValve.invoke(ErrorReportValve.java:81)
	at org.apache.catalina.valves.AbstractAccessLogValve.invoke(AbstractAccessLogValve.java:651)
	at org.apache.catalina.core.StandardEngineValve.invoke(StandardEngineValve.java:87)
	at org.apache.catalina.connector.CoyoteAdapter.service(CoyoteAdapter.java:342)
	at org.apache.coyote.http11.Http11Processor.service(Http11Processor.java:409)
	at org.apache.coyote.AbstractProcessorLight.process(AbstractProcessorLight.java:66)
	at org.apache.coyote.AbstractProtocol$ConnectionHandler.process(AbstractProtocol.java:754)
	at org.apache.tomcat.util.net.NioEndpoint$SocketProcessor.doRun(NioEndpoint.java:1376)
	at org.apache.tomcat.util.net.SocketProcessorBase.run(SocketProcessorBase.java:49)
	at java.util.concurrent.ThreadPoolExecutor.runWorker(ThreadPoolExecutor.java:1142)
	at java.util.concurrent.ThreadPoolExecutor$Worker.run(ThreadPoolExecutor.java:617)
	at org.apache.tomcat.util.threads.TaskThread$WrappingRunnable.run(TaskThread.java:61)
	at java.lang.Thread.run(Thread.java:748)

16-Mar-2018 17:43:05.080 INFORMAÇÕES [http-nio-8080-exec-16] org.apache.catalina.startup.HostConfig.undeploy Undeploying context [/aula_jsf_1502]
16-Mar-2018 17:43:05.096 INFORMAÇÕES [http-nio-8080-exec-14] org.apache.catalina.startup.HostConfig.deployDescriptor Deploying configuration descriptor [C:\Users\04783714118\Documents\NetBeansProjects\apache-tomcat-9.0.5-windows-x64\apache-tomcat-9.0.5\conf\Catalina\localhost\aula_jsf_1502.xml]
16-Mar-2018 17:43:05.658 INFORMAÇÕES [http-nio-8080-exec-14] com.sun.faces.config.ConfigureListener.contextInitialized Inicializando Mojarra 2.2.2 ( 20130809-1625 https://svn.java.net/svn/mojarra~svn/tags/2.2.2@12376) para o contexto '/aula_jsf_1502'
16-Mar-2018 17:43:05.721 INFORMAÇÕES [http-nio-8080-exec-14] com.sun.faces.spi.InjectionProviderFactory.createInstance JSF1048: Anotações PostConstruct/PreDestroy presentes.  Os métodos ManagedBeans marcados com essas anotações informarão as anotações processadas.
16-Mar-2018 17:43:06.080 INFORMAÇÕES [http-nio-8080-exec-14] org.apache.catalina.startup.HostConfig.deployDescriptor Deployment of configuration descriptor [C:\Users\04783714118\Documents\NetBeansProjects\apache-tomcat-9.0.5-windows-x64\apache-tomcat-9.0.5\conf\Catalina\localhost\aula_jsf_1502.xml] has finished in [984] ms
16-Mar-2018 17:43:06.080 INFORMAÇÕES [http-nio-8080-exec-12] org.apache.catalina.util.LifecycleBase.start The start() method was called on component [StandardEngine[Catalina].StandardHost[localhost].StandardContext[/aula_jsf_1502]] after start() had already been called. The second call will be ignored.
16-Mar-2018 17:49:10.939 INFORMAÇÕES [main] org.apache.catalina.core.StandardServer.await A valid shutdown command was received via the shutdown port. Stopping the Server instance.
16-Mar-2018 17:49:10.939 INFORMAÇÕES [main] org.apache.coyote.AbstractProtocol.pause Pausing ProtocolHandler ["http-nio-8080"]
16-Mar-2018 17:49:11.033 INFORMAÇÕES [main] org.apache.coyote.AbstractProtocol.pause Pausing ProtocolHandler ["ajp-nio-8009"]
16-Mar-2018 17:49:11.158 INFORMAÇÕES [main] org.apache.catalina.core.StandardService.stopInternal Stopping service [Catalina]
16-Mar-2018 17:49:11.158 GRAVE [main] com.sun.faces.config.ConfigureListener.contextDestroyed Unexpected exception when attempting to tear down the Mojarra runtime
 java.lang.NullPointerException
	at com.sun.faces.context.ApplicationMap.containsKey(ApplicationMap.java:124)
	at javax.faces.component.UIComponentBase.populateDescriptorsMapIfNecessary(UIComponentBase.java:150)
	at javax.faces.component.UIComponentBase.<init>(UIComponentBase.java:133)
	at javax.faces.component.UIViewRoot.<init>(UIViewRoot.java:243)
	at com.sun.faces.config.InitFacesContext.getViewRoot(InitFacesContext.java:216)
	at com.sun.faces.application.ApplicationImpl.invokeViewListenersFor(ApplicationImpl.java:2045)
	at com.sun.faces.application.ApplicationImpl.publishEvent(ApplicationImpl.java:292)
	at com.sun.faces.config.ConfigureListener.contextDestroyed(ConfigureListener.java:314)
	at org.apache.catalina.core.StandardContext.listenerStop(StandardContext.java:4682)
	at org.apache.catalina.core.StandardContext.stopInternal(StandardContext.java:5321)
	at org.apache.catalina.util.LifecycleBase.stop(LifecycleBase.java:257)
	at org.apache.catalina.core.ContainerBase$StopChild.call(ContainerBase.java:1441)
	at org.apache.catalina.core.ContainerBase$StopChild.call(ContainerBase.java:1430)
	at java.util.concurrent.FutureTask.run(FutureTask.java:266)
	at org.apache.tomcat.util.threads.InlineExecutorService.execute(InlineExecutorService.java:75)
	at java.util.concurrent.AbstractExecutorService.submit(AbstractExecutorService.java:134)
	at org.apache.catalina.core.ContainerBase.stopInternal(ContainerBase.java:997)
	at org.apache.catalina.util.LifecycleBase.stop(LifecycleBase.java:257)
	at org.apache.catalina.core.ContainerBase$StopChild.call(ContainerBase.java:1441)
	at org.apache.catalina.core.ContainerBase$StopChild.call(ContainerBase.java:1430)
	at java.util.concurrent.FutureTask.run(FutureTask.java:266)
	at org.apache.tomcat.util.threads.InlineExecutorService.execute(InlineExecutorService.java:75)
	at java.util.concurrent.AbstractExecutorService.submit(AbstractExecutorService.java:134)
	at org.apache.catalina.core.ContainerBase.stopInternal(ContainerBase.java:997)
	at org.apache.catalina.util.LifecycleBase.stop(LifecycleBase.java:257)
	at org.apache.catalina.core.StandardService.stopInternal(StandardService.java:471)
	at org.apache.catalina.util.LifecycleBase.stop(LifecycleBase.java:257)
	at org.apache.catalina.core.StandardServer.stopInternal(StandardServer.java:791)
	at org.apache.catalina.util.LifecycleBase.stop(LifecycleBase.java:257)
	at org.apache.catalina.startup.Catalina.stop(Catalina.java:755)
	at org.apache.catalina.startup.Catalina.start(Catalina.java:717)
	at sun.reflect.NativeMethodAccessorImpl.invoke0(Native Method)
	at sun.reflect.NativeMethodAccessorImpl.invoke(NativeMethodAccessorImpl.java:62)
	at sun.reflect.DelegatingMethodAccessorImpl.invoke(DelegatingMethodAccessorImpl.java:43)
	at java.lang.reflect.Method.invoke(Method.java:498)
	at org.apache.catalina.startup.Bootstrap.start(Bootstrap.java:353)
	at org.apache.catalina.startup.Bootstrap.main(Bootstrap.java:493)

16-Mar-2018 17:49:11.173 INFORMAÇÕES [main] org.apache.coyote.AbstractProtocol.stop Stopping ProtocolHandler ["http-nio-8080"]
16-Mar-2018 17:49:11.173 INFORMAÇÕES [main] org.apache.coyote.AbstractProtocol.stop Stopping ProtocolHandler ["ajp-nio-8009"]
16-Mar-2018 17:49:11.173 INFORMAÇÕES [main] org.apache.coyote.AbstractProtocol.destroy Destroying ProtocolHandler ["http-nio-8080"]
16-Mar-2018 17:49:11.173 INFORMAÇÕES [main] org.apache.coyote.AbstractProtocol.destroy Destroying ProtocolHandler ["ajp-nio-8009"]
