26-Mar-2018 16:58:40.123 INFORMAÇÕES [main] org.apache.catalina.startup.VersionLoggerListener.log Server version:        Apache Tomcat/9.0.5
26-Mar-2018 16:58:40.125 INFORMAÇÕES [main] org.apache.catalina.startup.VersionLoggerListener.log Server built:          Feb 6 2018 21:42:23 UTC
26-Mar-2018 16:58:40.126 INFORMAÇÕES [main] org.apache.catalina.startup.VersionLoggerListener.log Server number:         9.0.5.0
26-Mar-2018 16:58:40.126 INFORMAÇÕES [main] org.apache.catalina.startup.VersionLoggerListener.log OS Name:               Windows 10
26-Mar-2018 16:58:40.126 INFORMAÇÕES [main] org.apache.catalina.startup.VersionLoggerListener.log OS Version:            10.0
26-Mar-2018 16:58:40.126 INFORMAÇÕES [main] org.apache.catalina.startup.VersionLoggerListener.log Architecture:          amd64
26-Mar-2018 16:58:40.126 INFORMAÇÕES [main] org.apache.catalina.startup.VersionLoggerListener.log Java Home:             C:\Program Files\Java\jdk1.8.0_131\jre
26-Mar-2018 16:58:40.126 INFORMAÇÕES [main] org.apache.catalina.startup.VersionLoggerListener.log JVM Version:           1.8.0_131-b11
26-Mar-2018 16:58:40.126 INFORMAÇÕES [main] org.apache.catalina.startup.VersionLoggerListener.log JVM Vendor:            Oracle Corporation
26-Mar-2018 16:58:40.126 INFORMAÇÕES [main] org.apache.catalina.startup.VersionLoggerListener.log CATALINA_BASE:         C:\Users\04783714118\Documents\NetBeansProjects\apache-tomcat-9.0.5-windows-x64\apache-tomcat-9.0.5
26-Mar-2018 16:58:40.126 INFORMAÇÕES [main] org.apache.catalina.startup.VersionLoggerListener.log CATALINA_HOME:         C:\Users\04783714118\Documents\NetBeansProjects\apache-tomcat-9.0.5-windows-x64\apache-tomcat-9.0.5
26-Mar-2018 16:58:40.126 INFORMAÇÕES [main] org.apache.catalina.startup.VersionLoggerListener.log Command line argument: -Djava.util.logging.config.file=C:\Users\04783714118\Documents\NetBeansProjects\apache-tomcat-9.0.5-windows-x64\apache-tomcat-9.0.5\conf\logging.properties
26-Mar-2018 16:58:40.127 INFORMAÇÕES [main] org.apache.catalina.startup.VersionLoggerListener.log Command line argument: -Djava.util.logging.manager=org.apache.juli.ClassLoaderLogManager
26-Mar-2018 16:58:40.127 INFORMAÇÕES [main] org.apache.catalina.startup.VersionLoggerListener.log Command line argument: -Dhttp.nonProxyHosts=localhost|127.0.0.1|c430761
26-Mar-2018 16:58:40.127 INFORMAÇÕES [main] org.apache.catalina.startup.VersionLoggerListener.log Command line argument: -Djdk.tls.ephemeralDHKeySize=2048
26-Mar-2018 16:58:40.127 INFORMAÇÕES [main] org.apache.catalina.startup.VersionLoggerListener.log Command line argument: -Djava.protocol.handler.pkgs=org.apache.catalina.webresources
26-Mar-2018 16:58:40.127 INFORMAÇÕES [main] org.apache.catalina.startup.VersionLoggerListener.log Command line argument: -Dignore.endorsed.dirs=
26-Mar-2018 16:58:40.127 INFORMAÇÕES [main] org.apache.catalina.startup.VersionLoggerListener.log Command line argument: -Dcatalina.base=C:\Users\04783714118\Documents\NetBeansProjects\apache-tomcat-9.0.5-windows-x64\apache-tomcat-9.0.5
26-Mar-2018 16:58:40.127 INFORMAÇÕES [main] org.apache.catalina.startup.VersionLoggerListener.log Command line argument: -Dcatalina.home=C:\Users\04783714118\Documents\NetBeansProjects\apache-tomcat-9.0.5-windows-x64\apache-tomcat-9.0.5
26-Mar-2018 16:58:40.127 INFORMAÇÕES [main] org.apache.catalina.startup.VersionLoggerListener.log Command line argument: -Djava.io.tmpdir=C:\Users\04783714118\Documents\NetBeansProjects\apache-tomcat-9.0.5-windows-x64\apache-tomcat-9.0.5\temp
26-Mar-2018 16:58:40.127 INFORMAÇÕES [main] org.apache.catalina.core.AprLifecycleListener.lifecycleEvent Loaded APR based Apache Tomcat Native library [1.2.16] using APR version [1.6.3].
26-Mar-2018 16:58:40.127 INFORMAÇÕES [main] org.apache.catalina.core.AprLifecycleListener.lifecycleEvent APR capabilities: IPv6 [true], sendfile [true], accept filters [false], random [true].
26-Mar-2018 16:58:40.127 INFORMAÇÕES [main] org.apache.catalina.core.AprLifecycleListener.lifecycleEvent APR/OpenSSL configuration: useAprConnector [false], useOpenSSL [true]
26-Mar-2018 16:58:40.765 INFORMAÇÕES [main] org.apache.catalina.core.AprLifecycleListener.initializeSSL OpenSSL successfully initialized [OpenSSL 1.0.2m  2 Nov 2017]
26-Mar-2018 16:58:40.900 INFORMAÇÕES [main] org.apache.coyote.AbstractProtocol.init Initializing ProtocolHandler ["http-nio-8080"]
26-Mar-2018 16:58:40.982 INFORMAÇÕES [main] org.apache.tomcat.util.net.NioSelectorPool.getSharedSelector Using a shared selector for servlet write/read
26-Mar-2018 16:58:40.989 INFORMAÇÕES [main] org.apache.coyote.AbstractProtocol.init Initializing ProtocolHandler ["ajp-nio-8009"]
26-Mar-2018 16:58:40.991 INFORMAÇÕES [main] org.apache.tomcat.util.net.NioSelectorPool.getSharedSelector Using a shared selector for servlet write/read
26-Mar-2018 16:58:40.991 INFORMAÇÕES [main] org.apache.catalina.startup.Catalina.load Initialization processed in 1184 ms
26-Mar-2018 16:58:41.022 INFORMAÇÕES [main] org.apache.catalina.core.StandardService.startInternal Starting service [Catalina]
26-Mar-2018 16:58:41.022 INFORMAÇÕES [main] org.apache.catalina.core.StandardEngine.startInternal Starting Servlet Engine: Apache Tomcat/9.0.5
26-Mar-2018 16:58:41.028 INFORMAÇÕES [main] org.apache.catalina.startup.HostConfig.deployDescriptor Deploying configuration descriptor [C:\Users\04783714118\Documents\NetBeansProjects\apache-tomcat-9.0.5-windows-x64\apache-tomcat-9.0.5\conf\Catalina\localhost\aula_jsf_1502.xml]
26-Mar-2018 16:58:59.714 INFORMAÇÕES [main] org.apache.jasper.servlet.TldScanner.scanJars At least one JAR was scanned for TLDs yet contained no TLDs. Enable debug logging for this logger for a complete list of JARs that were scanned but no TLDs were found in them. Skipping unneeded JARs during scanning can improve startup time and JSP compilation time.
26-Mar-2018 16:58:59.846 INFORMAÇÕES [main] com.sun.faces.config.ConfigureListener.contextInitialized Inicializando Mojarra 2.2.16 ( 20180118-0013 901a18e611bead474715a643c8f634cfa1312414) para o contexto '/aula_jsf_1502'
26-Mar-2018 16:58:59.999 INFORMAÇÕES [main] com.sun.faces.spi.InjectionProviderFactory.createInstance JSF1048: Anotações PostConstruct/PreDestroy presentes.  Os métodos ManagedBeans marcados com essas anotações informarão as anotações processadas.
26-Mar-2018 16:59:00.600 INFORMAÇÕES [main] org.apache.catalina.startup.HostConfig.deployDescriptor Deployment of configuration descriptor [C:\Users\04783714118\Documents\NetBeansProjects\apache-tomcat-9.0.5-windows-x64\apache-tomcat-9.0.5\conf\Catalina\localhost\aula_jsf_1502.xml] has finished in [19,572] ms
26-Mar-2018 16:59:00.601 INFORMAÇÕES [main] org.apache.catalina.startup.HostConfig.deployDirectory Deploying web application directory [C:\Users\04783714118\Documents\NetBeansProjects\apache-tomcat-9.0.5-windows-x64\apache-tomcat-9.0.5\webapps\docs]
26-Mar-2018 16:59:00.622 INFORMAÇÕES [main] org.apache.catalina.startup.HostConfig.deployDirectory Deployment of web application directory [C:\Users\04783714118\Documents\NetBeansProjects\apache-tomcat-9.0.5-windows-x64\apache-tomcat-9.0.5\webapps\docs] has finished in [21] ms
26-Mar-2018 16:59:00.622 INFORMAÇÕES [main] org.apache.catalina.startup.HostConfig.deployDirectory Deploying web application directory [C:\Users\04783714118\Documents\NetBeansProjects\apache-tomcat-9.0.5-windows-x64\apache-tomcat-9.0.5\webapps\examples]
26-Mar-2018 16:59:01.677 INFORMAÇÕES [main] org.apache.catalina.startup.HostConfig.deployDirectory Deployment of web application directory [C:\Users\04783714118\Documents\NetBeansProjects\apache-tomcat-9.0.5-windows-x64\apache-tomcat-9.0.5\webapps\examples] has finished in [1,055] ms
26-Mar-2018 16:59:01.677 INFORMAÇÕES [main] org.apache.catalina.startup.HostConfig.deployDirectory Deploying web application directory [C:\Users\04783714118\Documents\NetBeansProjects\apache-tomcat-9.0.5-windows-x64\apache-tomcat-9.0.5\webapps\host-manager]
26-Mar-2018 16:59:01.709 INFORMAÇÕES [main] org.apache.catalina.startup.HostConfig.deployDirectory Deployment of web application directory [C:\Users\04783714118\Documents\NetBeansProjects\apache-tomcat-9.0.5-windows-x64\apache-tomcat-9.0.5\webapps\host-manager] has finished in [31] ms
26-Mar-2018 16:59:01.709 INFORMAÇÕES [main] org.apache.catalina.startup.HostConfig.deployDirectory Deploying web application directory [C:\Users\04783714118\Documents\NetBeansProjects\apache-tomcat-9.0.5-windows-x64\apache-tomcat-9.0.5\webapps\manager]
26-Mar-2018 16:59:01.765 INFORMAÇÕES [main] org.apache.catalina.startup.HostConfig.deployDirectory Deployment of web application directory [C:\Users\04783714118\Documents\NetBeansProjects\apache-tomcat-9.0.5-windows-x64\apache-tomcat-9.0.5\webapps\manager] has finished in [56] ms
26-Mar-2018 16:59:01.765 INFORMAÇÕES [main] org.apache.catalina.startup.HostConfig.deployDirectory Deploying web application directory [C:\Users\04783714118\Documents\NetBeansProjects\apache-tomcat-9.0.5-windows-x64\apache-tomcat-9.0.5\webapps\ROOT]
26-Mar-2018 16:59:01.782 INFORMAÇÕES [main] org.apache.catalina.startup.HostConfig.deployDirectory Deployment of web application directory [C:\Users\04783714118\Documents\NetBeansProjects\apache-tomcat-9.0.5-windows-x64\apache-tomcat-9.0.5\webapps\ROOT] has finished in [17] ms
26-Mar-2018 16:59:01.784 INFORMAÇÕES [main] org.apache.coyote.AbstractProtocol.start Starting ProtocolHandler ["http-nio-8080"]
26-Mar-2018 16:59:01.790 INFORMAÇÕES [main] org.apache.coyote.AbstractProtocol.start Starting ProtocolHandler ["ajp-nio-8009"]
26-Mar-2018 16:59:01.793 INFORMAÇÕES [main] org.apache.catalina.startup.Catalina.start Server startup in 20801 ms
26-Mar-2018 16:59:05.565 INFORMAÇÕES [http-nio-8080-exec-9] org.apache.catalina.startup.HostConfig.undeploy Undeploying context [/aula_jsf_1502]
26-Mar-2018 16:59:05.592 INFORMAÇÕES [http-nio-8080-exec-1] org.apache.catalina.startup.HostConfig.deployDescriptor Deploying configuration descriptor [C:\Users\04783714118\Documents\NetBeansProjects\apache-tomcat-9.0.5-windows-x64\apache-tomcat-9.0.5\conf\Catalina\localhost\aula_jsf_1502.xml]
26-Mar-2018 16:59:06.180 INFORMAÇÕES [http-nio-8080-exec-1] com.sun.faces.config.ConfigureListener.contextInitialized Inicializando Mojarra 2.2.16 ( 20180118-0013 901a18e611bead474715a643c8f634cfa1312414) para o contexto '/aula_jsf_1502'
26-Mar-2018 16:59:06.257 INFORMAÇÕES [http-nio-8080-exec-1] com.sun.faces.spi.InjectionProviderFactory.createInstance JSF1048: Anotações PostConstruct/PreDestroy presentes.  Os métodos ManagedBeans marcados com essas anotações informarão as anotações processadas.
26-Mar-2018 16:59:06.647 INFORMAÇÕES [http-nio-8080-exec-1] org.apache.catalina.startup.HostConfig.deployDescriptor Deployment of configuration descriptor [C:\Users\04783714118\Documents\NetBeansProjects\apache-tomcat-9.0.5-windows-x64\apache-tomcat-9.0.5\conf\Catalina\localhost\aula_jsf_1502.xml] has finished in [1,055] ms
26-Mar-2018 16:59:06.651 INFORMAÇÕES [http-nio-8080-exec-5] org.apache.catalina.util.LifecycleBase.start The start() method was called on component [StandardEngine[Catalina].StandardHost[localhost].StandardContext[/aula_jsf_1502]] after start() had already been called. The second call will be ignored.
26-Mar-2018 17:04:54.488 INFORMAÇÕES [http-nio-8080-exec-20] org.apache.catalina.core.StandardContext.reload Reloading Context with name [/aula_jsf_1502] has started
26-Mar-2018 17:04:55.124 INFORMAÇÕES [http-nio-8080-exec-20] com.sun.faces.config.ConfigureListener.contextInitialized Inicializando Mojarra 2.2.16 ( 20180118-0013 901a18e611bead474715a643c8f634cfa1312414) para o contexto '/aula_jsf_1502'
26-Mar-2018 17:04:55.266 INFORMAÇÕES [http-nio-8080-exec-20] com.sun.faces.spi.InjectionProviderFactory.createInstance JSF1048: Anotações PostConstruct/PreDestroy presentes.  Os métodos ManagedBeans marcados com essas anotações informarão as anotações processadas.
26-Mar-2018 17:04:55.862 INFORMAÇÕES [http-nio-8080-exec-20] org.apache.catalina.core.StandardContext.reload Reloading Context with name [/aula_jsf_1502] is completed
26-Mar-2018 17:26:35.289 INFORMAÇÕES [http-nio-8080-exec-23] org.apache.catalina.core.StandardContext.reload Reloading Context with name [/aula_jsf_1502] has started
26-Mar-2018 17:26:35.786 INFORMAÇÕES [http-nio-8080-exec-23] com.sun.faces.config.ConfigureListener.contextInitialized Inicializando Mojarra 2.2.16 ( 20180118-0013 901a18e611bead474715a643c8f634cfa1312414) para o contexto '/aula_jsf_1502'
26-Mar-2018 17:26:35.851 INFORMAÇÕES [http-nio-8080-exec-23] com.sun.faces.spi.InjectionProviderFactory.createInstance JSF1048: Anotações PostConstruct/PreDestroy presentes.  Os métodos ManagedBeans marcados com essas anotações informarão as anotações processadas.
26-Mar-2018 17:26:36.230 INFORMAÇÕES [http-nio-8080-exec-23] org.apache.catalina.core.StandardContext.reload Reloading Context with name [/aula_jsf_1502] is completed
26-Mar-2018 17:26:42.644 INFORMAÇÕES [http-nio-8080-exec-30] org.apache.catalina.core.StandardContext.reload Reloading Context with name [/aula_jsf_1502] has started
26-Mar-2018 17:26:43.207 INFORMAÇÕES [http-nio-8080-exec-30] com.sun.faces.config.ConfigureListener.contextInitialized Inicializando Mojarra 2.2.16 ( 20180118-0013 901a18e611bead474715a643c8f634cfa1312414) para o contexto '/aula_jsf_1502'
26-Mar-2018 17:26:43.277 INFORMAÇÕES [http-nio-8080-exec-30] com.sun.faces.spi.InjectionProviderFactory.createInstance JSF1048: Anotações PostConstruct/PreDestroy presentes.  Os métodos ManagedBeans marcados com essas anotações informarão as anotações processadas.
26-Mar-2018 17:26:43.635 INFORMAÇÕES [http-nio-8080-exec-30] org.apache.catalina.core.StandardContext.reload Reloading Context with name [/aula_jsf_1502] is completed
26-Mar-2018 17:29:21.689 INFORMAÇÕES [http-nio-8080-exec-36] org.apache.catalina.core.StandardContext.reload Reloading Context with name [/aula_jsf_1502] has started
26-Mar-2018 17:29:22.240 INFORMAÇÕES [http-nio-8080-exec-36] com.sun.faces.config.ConfigureListener.contextInitialized Inicializando Mojarra 2.2.16 ( 20180118-0013 901a18e611bead474715a643c8f634cfa1312414) para o contexto '/aula_jsf_1502'
26-Mar-2018 17:29:22.308 INFORMAÇÕES [http-nio-8080-exec-36] com.sun.faces.spi.InjectionProviderFactory.createInstance JSF1048: Anotações PostConstruct/PreDestroy presentes.  Os métodos ManagedBeans marcados com essas anotações informarão as anotações processadas.
26-Mar-2018 17:29:22.726 INFORMAÇÕES [http-nio-8080-exec-36] org.apache.catalina.core.StandardContext.reload Reloading Context with name [/aula_jsf_1502] is completed
26-Mar-2018 17:29:38.086 INFORMAÇÕES [http-nio-8080-exec-32] org.apache.catalina.core.StandardContext.reload Reloading Context with name [/aula_jsf_1502] has started
26-Mar-2018 17:29:38.601 INFORMAÇÕES [http-nio-8080-exec-32] com.sun.faces.config.ConfigureListener.contextInitialized Inicializando Mojarra 2.2.16 ( 20180118-0013 901a18e611bead474715a643c8f634cfa1312414) para o contexto '/aula_jsf_1502'
26-Mar-2018 17:29:38.662 INFORMAÇÕES [http-nio-8080-exec-32] com.sun.faces.spi.InjectionProviderFactory.createInstance JSF1048: Anotações PostConstruct/PreDestroy presentes.  Os métodos ManagedBeans marcados com essas anotações informarão as anotações processadas.
26-Mar-2018 17:29:39.032 INFORMAÇÕES [http-nio-8080-exec-32] org.apache.catalina.core.StandardContext.reload Reloading Context with name [/aula_jsf_1502] is completed
26-Mar-2018 17:33:30.624 INFORMAÇÕES [http-nio-8080-exec-43] org.apache.catalina.core.StandardContext.reload Reloading Context with name [/aula_jsf_1502] has started
26-Mar-2018 17:33:31.156 INFORMAÇÕES [http-nio-8080-exec-43] com.sun.faces.config.ConfigureListener.contextInitialized Inicializando Mojarra 2.2.16 ( 20180118-0013 901a18e611bead474715a643c8f634cfa1312414) para o contexto '/aula_jsf_1502'
26-Mar-2018 17:33:31.226 INFORMAÇÕES [http-nio-8080-exec-43] com.sun.faces.spi.InjectionProviderFactory.createInstance JSF1048: Anotações PostConstruct/PreDestroy presentes.  Os métodos ManagedBeans marcados com essas anotações informarão as anotações processadas.
26-Mar-2018 17:33:31.577 INFORMAÇÕES [http-nio-8080-exec-43] org.apache.catalina.core.StandardContext.reload Reloading Context with name [/aula_jsf_1502] is completed
26-Mar-2018 17:33:40.878 INFORMAÇÕES [http-nio-8080-exec-24] org.apache.catalina.core.StandardContext.reload Reloading Context with name [/aula_jsf_1502] has started
26-Mar-2018 17:33:41.378 INFORMAÇÕES [http-nio-8080-exec-24] com.sun.faces.config.ConfigureListener.contextInitialized Inicializando Mojarra 2.2.16 ( 20180118-0013 901a18e611bead474715a643c8f634cfa1312414) para o contexto '/aula_jsf_1502'
26-Mar-2018 17:33:41.438 INFORMAÇÕES [http-nio-8080-exec-24] com.sun.faces.spi.InjectionProviderFactory.createInstance JSF1048: Anotações PostConstruct/PreDestroy presentes.  Os métodos ManagedBeans marcados com essas anotações informarão as anotações processadas.
26-Mar-2018 17:33:41.899 INFORMAÇÕES [http-nio-8080-exec-24] org.apache.catalina.core.StandardContext.reload Reloading Context with name [/aula_jsf_1502] is completed
26-Mar-2018 17:35:08.552 INFORMAÇÕES [http-nio-8080-exec-39] org.apache.catalina.core.StandardContext.reload Reloading Context with name [/aula_jsf_1502] has started
26-Mar-2018 17:35:09.003 INFORMAÇÕES [http-nio-8080-exec-39] com.sun.faces.config.ConfigureListener.contextInitialized Inicializando Mojarra 2.2.16 ( 20180118-0013 901a18e611bead474715a643c8f634cfa1312414) para o contexto '/aula_jsf_1502'
26-Mar-2018 17:35:09.065 INFORMAÇÕES [http-nio-8080-exec-39] com.sun.faces.spi.InjectionProviderFactory.createInstance JSF1048: Anotações PostConstruct/PreDestroy presentes.  Os métodos ManagedBeans marcados com essas anotações informarão as anotações processadas.
26-Mar-2018 17:35:09.423 INFORMAÇÕES [http-nio-8080-exec-39] org.apache.catalina.core.StandardContext.reload Reloading Context with name [/aula_jsf_1502] is completed
26-Mar-2018 17:39:53.230 INFORMAÇÕES [http-nio-8080-exec-54] org.apache.catalina.core.StandardContext.reload Reloading Context with name [/aula_jsf_1502] has started
26-Mar-2018 17:39:53.815 INFORMAÇÕES [http-nio-8080-exec-54] com.sun.faces.config.ConfigureListener.contextInitialized Inicializando Mojarra 2.2.16 ( 20180118-0013 901a18e611bead474715a643c8f634cfa1312414) para o contexto '/aula_jsf_1502'
26-Mar-2018 17:39:53.880 INFORMAÇÕES [http-nio-8080-exec-54] com.sun.faces.spi.InjectionProviderFactory.createInstance JSF1048: Anotações PostConstruct/PreDestroy presentes.  Os métodos ManagedBeans marcados com essas anotações informarão as anotações processadas.
26-Mar-2018 17:39:54.272 INFORMAÇÕES [http-nio-8080-exec-54] org.apache.catalina.core.StandardContext.reload Reloading Context with name [/aula_jsf_1502] is completed
26-Mar-2018 17:39:57.570 INFORMAÇÕES [http-nio-8080-exec-41] org.apache.catalina.core.StandardContext.reload Reloading Context with name [/aula_jsf_1502] has started
26-Mar-2018 17:39:58.026 INFORMAÇÕES [http-nio-8080-exec-41] com.sun.faces.config.ConfigureListener.contextInitialized Inicializando Mojarra 2.2.16 ( 20180118-0013 901a18e611bead474715a643c8f634cfa1312414) para o contexto '/aula_jsf_1502'
26-Mar-2018 17:39:58.086 INFORMAÇÕES [http-nio-8080-exec-41] com.sun.faces.spi.InjectionProviderFactory.createInstance JSF1048: Anotações PostConstruct/PreDestroy presentes.  Os métodos ManagedBeans marcados com essas anotações informarão as anotações processadas.
26-Mar-2018 17:39:58.436 INFORMAÇÕES [http-nio-8080-exec-41] org.apache.catalina.core.StandardContext.reload Reloading Context with name [/aula_jsf_1502] is completed
26-Mar-2018 17:40:16.938 INFORMAÇÕES [http-nio-8080-exec-56] org.apache.catalina.core.StandardContext.reload Reloading Context with name [/aula_jsf_1502] has started
26-Mar-2018 17:40:17.393 INFORMAÇÕES [http-nio-8080-exec-56] com.sun.faces.config.ConfigureListener.contextInitialized Inicializando Mojarra 2.2.16 ( 20180118-0013 901a18e611bead474715a643c8f634cfa1312414) para o contexto '/aula_jsf_1502'
26-Mar-2018 17:40:17.454 INFORMAÇÕES [http-nio-8080-exec-56] com.sun.faces.spi.InjectionProviderFactory.createInstance JSF1048: Anotações PostConstruct/PreDestroy presentes.  Os métodos ManagedBeans marcados com essas anotações informarão as anotações processadas.
26-Mar-2018 17:40:17.795 INFORMAÇÕES [http-nio-8080-exec-56] org.apache.catalina.core.StandardContext.reload Reloading Context with name [/aula_jsf_1502] is completed
26-Mar-2018 17:42:43.432 INFORMAÇÕES [http-nio-8080-exec-57] org.apache.catalina.core.StandardContext.reload Reloading Context with name [/aula_jsf_1502] has started
26-Mar-2018 17:42:43.893 INFORMAÇÕES [http-nio-8080-exec-57] com.sun.faces.config.ConfigureListener.contextInitialized Inicializando Mojarra 2.2.16 ( 20180118-0013 901a18e611bead474715a643c8f634cfa1312414) para o contexto '/aula_jsf_1502'
26-Mar-2018 17:42:43.967 INFORMAÇÕES [http-nio-8080-exec-57] com.sun.faces.spi.InjectionProviderFactory.createInstance JSF1048: Anotações PostConstruct/PreDestroy presentes.  Os métodos ManagedBeans marcados com essas anotações informarão as anotações processadas.
26-Mar-2018 17:42:44.336 INFORMAÇÕES [http-nio-8080-exec-57] org.apache.catalina.core.StandardContext.reload Reloading Context with name [/aula_jsf_1502] is completed
26-Mar-2018 17:45:01.302 INFORMAÇÕES [main] org.apache.catalina.core.StandardServer.await A valid shutdown command was received via the shutdown port. Stopping the Server instance.
26-Mar-2018 17:45:01.302 INFORMAÇÕES [main] org.apache.coyote.AbstractProtocol.pause Pausing ProtocolHandler ["http-nio-8080"]
26-Mar-2018 17:45:01.393 INFORMAÇÕES [main] org.apache.coyote.AbstractProtocol.pause Pausing ProtocolHandler ["ajp-nio-8009"]
26-Mar-2018 17:45:01.482 INFORMAÇÕES [main] org.apache.catalina.core.StandardService.stopInternal Stopping service [Catalina]
26-Mar-2018 17:45:01.500 INFORMAÇÕES [main] org.apache.coyote.AbstractProtocol.stop Stopping ProtocolHandler ["http-nio-8080"]
26-Mar-2018 17:45:01.501 INFORMAÇÕES [main] org.apache.coyote.AbstractProtocol.stop Stopping ProtocolHandler ["ajp-nio-8009"]
26-Mar-2018 17:45:01.502 INFORMAÇÕES [main] org.apache.coyote.AbstractProtocol.destroy Destroying ProtocolHandler ["http-nio-8080"]
26-Mar-2018 17:45:01.503 INFORMAÇÕES [main] org.apache.coyote.AbstractProtocol.destroy Destroying ProtocolHandler ["ajp-nio-8009"]
