18-Apr-2018 13:51:55.327 INFORMAÇÕES [main] org.apache.catalina.startup.VersionLoggerListener.log Server version:        Apache Tomcat/9.0.5
18-Apr-2018 13:51:55.328 INFORMAÇÕES [main] org.apache.catalina.startup.VersionLoggerListener.log Server built:          Feb 6 2018 21:42:23 UTC
18-Apr-2018 13:51:55.328 INFORMAÇÕES [main] org.apache.catalina.startup.VersionLoggerListener.log Server number:         9.0.5.0
18-Apr-2018 13:51:55.328 INFORMAÇÕES [main] org.apache.catalina.startup.VersionLoggerListener.log OS Name:               Windows 10
18-Apr-2018 13:51:55.328 INFORMAÇÕES [main] org.apache.catalina.startup.VersionLoggerListener.log OS Version:            10.0
18-Apr-2018 13:51:55.328 INFORMAÇÕES [main] org.apache.catalina.startup.VersionLoggerListener.log Architecture:          amd64
18-Apr-2018 13:51:55.328 INFORMAÇÕES [main] org.apache.catalina.startup.VersionLoggerListener.log Java Home:             C:\Program Files\Java\jdk1.8.0_131\jre
18-Apr-2018 13:51:55.328 INFORMAÇÕES [main] org.apache.catalina.startup.VersionLoggerListener.log JVM Version:           1.8.0_131-b11
18-Apr-2018 13:51:55.328 INFORMAÇÕES [main] org.apache.catalina.startup.VersionLoggerListener.log JVM Vendor:            Oracle Corporation
18-Apr-2018 13:51:55.328 INFORMAÇÕES [main] org.apache.catalina.startup.VersionLoggerListener.log CATALINA_BASE:         C:\Users\04783714118\Documents\NetBeansProjects\apache-tomcat-9.0.5-windows-x64\apache-tomcat-9.0.5
18-Apr-2018 13:51:55.328 INFORMAÇÕES [main] org.apache.catalina.startup.VersionLoggerListener.log CATALINA_HOME:         C:\Users\04783714118\Documents\NetBeansProjects\apache-tomcat-9.0.5-windows-x64\apache-tomcat-9.0.5
18-Apr-2018 13:51:55.329 INFORMAÇÕES [main] org.apache.catalina.startup.VersionLoggerListener.log Command line argument: -Djava.util.logging.config.file=C:\Users\04783714118\Documents\NetBeansProjects\apache-tomcat-9.0.5-windows-x64\apache-tomcat-9.0.5\conf\logging.properties
18-Apr-2018 13:51:55.329 INFORMAÇÕES [main] org.apache.catalina.startup.VersionLoggerListener.log Command line argument: -Djava.util.logging.manager=org.apache.juli.ClassLoaderLogManager
18-Apr-2018 13:51:55.329 INFORMAÇÕES [main] org.apache.catalina.startup.VersionLoggerListener.log Command line argument: -Dhttp.nonProxyHosts=localhost|127.0.0.1|c430761
18-Apr-2018 13:51:55.329 INFORMAÇÕES [main] org.apache.catalina.startup.VersionLoggerListener.log Command line argument: -Djdk.tls.ephemeralDHKeySize=2048
18-Apr-2018 13:51:55.329 INFORMAÇÕES [main] org.apache.catalina.startup.VersionLoggerListener.log Command line argument: -Djava.protocol.handler.pkgs=org.apache.catalina.webresources
18-Apr-2018 13:51:55.329 INFORMAÇÕES [main] org.apache.catalina.startup.VersionLoggerListener.log Command line argument: -Dignore.endorsed.dirs=
18-Apr-2018 13:51:55.329 INFORMAÇÕES [main] org.apache.catalina.startup.VersionLoggerListener.log Command line argument: -Dcatalina.base=C:\Users\04783714118\Documents\NetBeansProjects\apache-tomcat-9.0.5-windows-x64\apache-tomcat-9.0.5
18-Apr-2018 13:51:55.329 INFORMAÇÕES [main] org.apache.catalina.startup.VersionLoggerListener.log Command line argument: -Dcatalina.home=C:\Users\04783714118\Documents\NetBeansProjects\apache-tomcat-9.0.5-windows-x64\apache-tomcat-9.0.5
18-Apr-2018 13:51:55.329 INFORMAÇÕES [main] org.apache.catalina.startup.VersionLoggerListener.log Command line argument: -Djava.io.tmpdir=C:\Users\04783714118\Documents\NetBeansProjects\apache-tomcat-9.0.5-windows-x64\apache-tomcat-9.0.5\temp
18-Apr-2018 13:51:55.330 INFORMAÇÕES [main] org.apache.catalina.core.AprLifecycleListener.lifecycleEvent Loaded APR based Apache Tomcat Native library [1.2.16] using APR version [1.6.3].
18-Apr-2018 13:51:55.330 INFORMAÇÕES [main] org.apache.catalina.core.AprLifecycleListener.lifecycleEvent APR capabilities: IPv6 [true], sendfile [true], accept filters [false], random [true].
18-Apr-2018 13:51:55.330 INFORMAÇÕES [main] org.apache.catalina.core.AprLifecycleListener.lifecycleEvent APR/OpenSSL configuration: useAprConnector [false], useOpenSSL [true]
18-Apr-2018 13:51:56.092 INFORMAÇÕES [main] org.apache.catalina.core.AprLifecycleListener.initializeSSL OpenSSL successfully initialized [OpenSSL 1.0.2m  2 Nov 2017]
18-Apr-2018 13:51:56.205 INFORMAÇÕES [main] org.apache.coyote.AbstractProtocol.init Initializing ProtocolHandler ["http-nio-8080"]
18-Apr-2018 13:51:56.275 INFORMAÇÕES [main] org.apache.tomcat.util.net.NioSelectorPool.getSharedSelector Using a shared selector for servlet write/read
18-Apr-2018 13:51:56.280 INFORMAÇÕES [main] org.apache.coyote.AbstractProtocol.init Initializing ProtocolHandler ["ajp-nio-8009"]
18-Apr-2018 13:51:56.282 INFORMAÇÕES [main] org.apache.tomcat.util.net.NioSelectorPool.getSharedSelector Using a shared selector for servlet write/read
18-Apr-2018 13:51:56.282 INFORMAÇÕES [main] org.apache.catalina.startup.Catalina.load Initialization processed in 1230 ms
18-Apr-2018 13:51:56.311 INFORMAÇÕES [main] org.apache.catalina.core.StandardService.startInternal Starting service [Catalina]
18-Apr-2018 13:51:56.311 INFORMAÇÕES [main] org.apache.catalina.core.StandardEngine.startInternal Starting Servlet Engine: Apache Tomcat/9.0.5
18-Apr-2018 13:51:56.318 INFORMAÇÕES [main] org.apache.catalina.startup.HostConfig.deployDescriptor Deploying configuration descriptor [C:\Users\04783714118\Documents\NetBeansProjects\apache-tomcat-9.0.5-windows-x64\apache-tomcat-9.0.5\conf\Catalina\localhost\aula_jsf_1502.xml]
18-Apr-2018 13:51:58.286 INFORMAÇÕES [main] org.apache.jasper.servlet.TldScanner.scanJars At least one JAR was scanned for TLDs yet contained no TLDs. Enable debug logging for this logger for a complete list of JARs that were scanned but no TLDs were found in them. Skipping unneeded JARs during scanning can improve startup time and JSP compilation time.
18-Apr-2018 13:51:58.413 INFORMAÇÕES [main] com.sun.faces.config.ConfigureListener.contextInitialized Inicializando Mojarra 2.2.16 ( 20180118-0013 901a18e611bead474715a643c8f634cfa1312414) para o contexto '/aula_jsf_1502'
18-Apr-2018 13:51:58.559 INFORMAÇÕES [main] com.sun.faces.spi.InjectionProviderFactory.createInstance JSF1048: Anotações PostConstruct/PreDestroy presentes.  Os métodos ManagedBeans marcados com essas anotações informarão as anotações processadas.
18-Apr-2018 13:51:59.154 INFORMAÇÕES [main] org.apache.catalina.startup.HostConfig.deployDescriptor Deployment of configuration descriptor [C:\Users\04783714118\Documents\NetBeansProjects\apache-tomcat-9.0.5-windows-x64\apache-tomcat-9.0.5\conf\Catalina\localhost\aula_jsf_1502.xml] has finished in [2,835] ms
18-Apr-2018 13:51:59.154 INFORMAÇÕES [main] org.apache.catalina.startup.HostConfig.deployDirectory Deploying web application directory [C:\Users\04783714118\Documents\NetBeansProjects\apache-tomcat-9.0.5-windows-x64\apache-tomcat-9.0.5\webapps\docs]
18-Apr-2018 13:51:59.177 INFORMAÇÕES [main] org.apache.catalina.startup.HostConfig.deployDirectory Deployment of web application directory [C:\Users\04783714118\Documents\NetBeansProjects\apache-tomcat-9.0.5-windows-x64\apache-tomcat-9.0.5\webapps\docs] has finished in [23] ms
18-Apr-2018 13:51:59.178 INFORMAÇÕES [main] org.apache.catalina.startup.HostConfig.deployDirectory Deploying web application directory [C:\Users\04783714118\Documents\NetBeansProjects\apache-tomcat-9.0.5-windows-x64\apache-tomcat-9.0.5\webapps\examples]
18-Apr-2018 13:52:00.162 INFORMAÇÕES [main] org.apache.catalina.startup.HostConfig.deployDirectory Deployment of web application directory [C:\Users\04783714118\Documents\NetBeansProjects\apache-tomcat-9.0.5-windows-x64\apache-tomcat-9.0.5\webapps\examples] has finished in [985] ms
18-Apr-2018 13:52:00.163 INFORMAÇÕES [main] org.apache.catalina.startup.HostConfig.deployDirectory Deploying web application directory [C:\Users\04783714118\Documents\NetBeansProjects\apache-tomcat-9.0.5-windows-x64\apache-tomcat-9.0.5\webapps\host-manager]
18-Apr-2018 13:52:00.191 INFORMAÇÕES [main] org.apache.catalina.startup.HostConfig.deployDirectory Deployment of web application directory [C:\Users\04783714118\Documents\NetBeansProjects\apache-tomcat-9.0.5-windows-x64\apache-tomcat-9.0.5\webapps\host-manager] has finished in [28] ms
18-Apr-2018 13:52:00.191 INFORMAÇÕES [main] org.apache.catalina.startup.HostConfig.deployDirectory Deploying web application directory [C:\Users\04783714118\Documents\NetBeansProjects\apache-tomcat-9.0.5-windows-x64\apache-tomcat-9.0.5\webapps\manager]
18-Apr-2018 13:52:00.218 INFORMAÇÕES [main] org.apache.catalina.startup.HostConfig.deployDirectory Deployment of web application directory [C:\Users\04783714118\Documents\NetBeansProjects\apache-tomcat-9.0.5-windows-x64\apache-tomcat-9.0.5\webapps\manager] has finished in [27] ms
18-Apr-2018 13:52:00.218 INFORMAÇÕES [main] org.apache.catalina.startup.HostConfig.deployDirectory Deploying web application directory [C:\Users\04783714118\Documents\NetBeansProjects\apache-tomcat-9.0.5-windows-x64\apache-tomcat-9.0.5\webapps\ROOT]
18-Apr-2018 13:52:00.238 INFORMAÇÕES [main] org.apache.catalina.startup.HostConfig.deployDirectory Deployment of web application directory [C:\Users\04783714118\Documents\NetBeansProjects\apache-tomcat-9.0.5-windows-x64\apache-tomcat-9.0.5\webapps\ROOT] has finished in [20] ms
18-Apr-2018 13:52:00.241 INFORMAÇÕES [main] org.apache.coyote.AbstractProtocol.start Starting ProtocolHandler ["http-nio-8080"]
18-Apr-2018 13:52:00.248 INFORMAÇÕES [main] org.apache.coyote.AbstractProtocol.start Starting ProtocolHandler ["ajp-nio-8009"]
18-Apr-2018 13:52:00.251 INFORMAÇÕES [main] org.apache.catalina.startup.Catalina.start Server startup in 3967 ms
18-Apr-2018 13:52:06.143 INFORMAÇÕES [http-nio-8080-exec-1] org.apache.catalina.startup.HostConfig.undeploy Undeploying context [/aula_jsf_1502]
18-Apr-2018 13:52:06.171 INFORMAÇÕES [http-nio-8080-exec-3] org.apache.catalina.startup.HostConfig.deployDescriptor Deploying configuration descriptor [C:\Users\04783714118\Documents\NetBeansProjects\apache-tomcat-9.0.5-windows-x64\apache-tomcat-9.0.5\conf\Catalina\localhost\aula_jsf_1502.xml]
18-Apr-2018 13:52:06.790 INFORMAÇÕES [http-nio-8080-exec-3] com.sun.faces.config.ConfigureListener.contextInitialized Inicializando Mojarra 2.2.16 ( 20180118-0013 901a18e611bead474715a643c8f634cfa1312414) para o contexto '/aula_jsf_1502'
18-Apr-2018 13:52:06.868 INFORMAÇÕES [http-nio-8080-exec-3] com.sun.faces.spi.InjectionProviderFactory.createInstance JSF1048: Anotações PostConstruct/PreDestroy presentes.  Os métodos ManagedBeans marcados com essas anotações informarão as anotações processadas.
18-Apr-2018 13:52:07.272 INFORMAÇÕES [http-nio-8080-exec-3] org.apache.catalina.startup.HostConfig.deployDescriptor Deployment of configuration descriptor [C:\Users\04783714118\Documents\NetBeansProjects\apache-tomcat-9.0.5-windows-x64\apache-tomcat-9.0.5\conf\Catalina\localhost\aula_jsf_1502.xml] has finished in [1,101] ms
18-Apr-2018 13:52:07.276 INFORMAÇÕES [http-nio-8080-exec-4] org.apache.catalina.util.LifecycleBase.start The start() method was called on component [StandardEngine[Catalina].StandardHost[localhost].StandardContext[/aula_jsf_1502]] after start() had already been called. The second call will be ignored.
18-Apr-2018 13:58:08.650 INFORMAÇÕES [http-nio-8080-exec-18] org.apache.catalina.startup.HostConfig.undeploy Undeploying context [/aula_jsf_1502]
18-Apr-2018 13:58:08.696 INFORMAÇÕES [http-nio-8080-exec-16] org.apache.catalina.startup.HostConfig.deployDescriptor Deploying configuration descriptor [C:\Users\04783714118\Documents\NetBeansProjects\apache-tomcat-9.0.5-windows-x64\apache-tomcat-9.0.5\conf\Catalina\localhost\aula_jsf_1502.xml]
18-Apr-2018 13:58:09.207 INFORMAÇÕES [http-nio-8080-exec-16] com.sun.faces.config.ConfigureListener.contextInitialized Inicializando Mojarra 2.2.16 ( 20180118-0013 901a18e611bead474715a643c8f634cfa1312414) para o contexto '/aula_jsf_1502'
18-Apr-2018 13:58:09.283 INFORMAÇÕES [http-nio-8080-exec-16] com.sun.faces.spi.InjectionProviderFactory.createInstance JSF1048: Anotações PostConstruct/PreDestroy presentes.  Os métodos ManagedBeans marcados com essas anotações informarão as anotações processadas.
18-Apr-2018 13:58:09.764 INFORMAÇÕES [http-nio-8080-exec-16] org.apache.catalina.startup.HostConfig.deployDescriptor Deployment of configuration descriptor [C:\Users\04783714118\Documents\NetBeansProjects\apache-tomcat-9.0.5-windows-x64\apache-tomcat-9.0.5\conf\Catalina\localhost\aula_jsf_1502.xml] has finished in [1,069] ms
18-Apr-2018 13:58:09.767 INFORMAÇÕES [http-nio-8080-exec-13] org.apache.catalina.util.LifecycleBase.start The start() method was called on component [StandardEngine[Catalina].StandardHost[localhost].StandardContext[/aula_jsf_1502]] after start() had already been called. The second call will be ignored.
18-Apr-2018 13:58:10.499 ADVERTÊNCIA [http-nio-8080-exec-20] com.sun.faces.application.resource.ResourceHandlerImpl.logMissingResource JSF1064: Não foi possível encontrar ou fornecer o recurso, bootstrap/4.0.0-2/css/bootstrap.min-jsf.css, pela biblioteca, webjars.
18-Apr-2018 13:58:10.499 ADVERTÊNCIA [http-nio-8080-exec-20] com.sun.faces.application.resource.ResourceHandlerImpl.logMissingResource 
 org.apache.catalina.connector.ClientAbortException: java.io.IOException: Uma conexão estabelecida foi anulada pelo software no computador host
	at org.apache.catalina.connector.OutputBuffer.realWriteBytes(OutputBuffer.java:333)
	at org.apache.catalina.connector.OutputBuffer.flushByteBuffer(OutputBuffer.java:748)
	at org.apache.catalina.connector.OutputBuffer.append(OutputBuffer.java:653)
	at org.apache.catalina.connector.OutputBuffer.writeBytes(OutputBuffer.java:368)
	at org.apache.catalina.connector.OutputBuffer.write(OutputBuffer.java:346)
	at org.apache.catalina.connector.CoyoteOutputStream.write(CoyoteOutputStream.java:96)
	at java.nio.channels.Channels$WritableByteChannelImpl.write(Channels.java:458)
	at com.sun.faces.application.resource.ResourceHandlerImpl.handleResourceRequest(ResourceHandlerImpl.java:358)
	at javax.faces.webapp.FacesServlet.service(FacesServlet.java:667)
	at org.apache.catalina.core.ApplicationFilterChain.internalDoFilter(ApplicationFilterChain.java:231)
	at org.apache.catalina.core.ApplicationFilterChain.doFilter(ApplicationFilterChain.java:166)
	at org.apache.tomcat.websocket.server.WsFilter.doFilter(WsFilter.java:53)
	at org.apache.catalina.core.ApplicationFilterChain.internalDoFilter(ApplicationFilterChain.java:193)
	at org.apache.catalina.core.ApplicationFilterChain.doFilter(ApplicationFilterChain.java:166)
	at org.apache.catalina.core.StandardWrapperValve.invoke(StandardWrapperValve.java:199)
	at org.apache.catalina.core.StandardContextValve.invoke(StandardContextValve.java:96)
	at org.apache.catalina.core.StandardHostValve.invoke(StandardHostValve.java:137)
	at org.apache.catalina.valves.ErrorReportValve.invoke(ErrorReportValve.java:81)
	at org.apache.catalina.valves.AbstractAccessLogValve.invoke(AbstractAccessLogValve.java:651)
	at org.apache.catalina.core.StandardEngineValve.invoke(StandardEngineValve.java:87)
	at org.apache.catalina.connector.CoyoteAdapter.service(CoyoteAdapter.java:342)
	at org.apache.coyote.http11.Http11Processor.service(Http11Processor.java:409)
	at org.apache.coyote.AbstractProcessorLight.process(AbstractProcessorLight.java:66)
	at org.apache.coyote.AbstractProtocol$ConnectionHandler.process(AbstractProtocol.java:754)
	at org.apache.tomcat.util.net.NioEndpoint$SocketProcessor.doRun(NioEndpoint.java:1376)
	at org.apache.tomcat.util.net.SocketProcessorBase.run(SocketProcessorBase.java:49)
	at java.util.concurrent.ThreadPoolExecutor.runWorker(ThreadPoolExecutor.java:1142)
	at java.util.concurrent.ThreadPoolExecutor$Worker.run(ThreadPoolExecutor.java:617)
	at org.apache.tomcat.util.threads.TaskThread$WrappingRunnable.run(TaskThread.java:61)
	at java.lang.Thread.run(Thread.java:748)
Caused by: java.io.IOException: Uma conexão estabelecida foi anulada pelo software no computador host
	at sun.nio.ch.SocketDispatcher.write0(Native Method)
	at sun.nio.ch.SocketDispatcher.write(SocketDispatcher.java:51)
	at sun.nio.ch.IOUtil.writeFromNativeBuffer(IOUtil.java:93)
	at sun.nio.ch.IOUtil.write(IOUtil.java:65)
	at sun.nio.ch.SocketChannelImpl.write(SocketChannelImpl.java:471)
	at org.apache.tomcat.util.net.NioChannel.write(NioChannel.java:134)
	at org.apache.tomcat.util.net.NioBlockingSelector.write(NioBlockingSelector.java:101)
	at org.apache.tomcat.util.net.NioSelectorPool.write(NioSelectorPool.java:157)
	at org.apache.tomcat.util.net.NioEndpoint$NioSocketWrapper.doWrite(NioEndpoint.java:1184)
	at org.apache.tomcat.util.net.SocketWrapperBase.doWrite(SocketWrapperBase.java:691)
	at org.apache.tomcat.util.net.SocketWrapperBase.writeBlocking(SocketWrapperBase.java:471)
	at org.apache.tomcat.util.net.SocketWrapperBase.write(SocketWrapperBase.java:409)
	at org.apache.coyote.http11.Http11OutputBuffer$SocketOutputBuffer.doWrite(Http11OutputBuffer.java:530)
	at org.apache.coyote.http11.filters.ChunkedOutputFilter.doWrite(ChunkedOutputFilter.java:112)
	at org.apache.coyote.http11.Http11OutputBuffer.doWrite(Http11OutputBuffer.java:189)
	at org.apache.coyote.Response.doWrite(Response.java:599)
	at org.apache.catalina.connector.OutputBuffer.realWriteBytes(OutputBuffer.java:328)
	... 29 more

18-Apr-2018 14:17:54.831 INFORMAÇÕES [http-nio-8080-exec-30] org.apache.catalina.core.StandardContext.reload Reloading Context with name [/aula_jsf_1502] has started
18-Apr-2018 14:17:55.467 INFORMAÇÕES [http-nio-8080-exec-30] com.sun.faces.config.ConfigureListener.contextInitialized Inicializando Mojarra 2.2.16 ( 20180118-0013 901a18e611bead474715a643c8f634cfa1312414) para o contexto '/aula_jsf_1502'
18-Apr-2018 14:17:55.533 INFORMAÇÕES [http-nio-8080-exec-30] com.sun.faces.spi.InjectionProviderFactory.createInstance JSF1048: Anotações PostConstruct/PreDestroy presentes.  Os métodos ManagedBeans marcados com essas anotações informarão as anotações processadas.
18-Apr-2018 14:17:55.929 INFORMAÇÕES [http-nio-8080-exec-30] org.apache.catalina.core.StandardContext.reload Reloading Context with name [/aula_jsf_1502] is completed
18-Apr-2018 14:18:25.516 INFORMAÇÕES [http-nio-8080-exec-22] org.apache.catalina.core.StandardContext.reload Reloading Context with name [/aula_jsf_1502] has started
18-Apr-2018 14:18:26.025 INFORMAÇÕES [http-nio-8080-exec-22] com.sun.faces.config.ConfigureListener.contextInitialized Inicializando Mojarra 2.2.16 ( 20180118-0013 901a18e611bead474715a643c8f634cfa1312414) para o contexto '/aula_jsf_1502'
18-Apr-2018 14:18:26.088 INFORMAÇÕES [http-nio-8080-exec-22] com.sun.faces.spi.InjectionProviderFactory.createInstance JSF1048: Anotações PostConstruct/PreDestroy presentes.  Os métodos ManagedBeans marcados com essas anotações informarão as anotações processadas.
18-Apr-2018 14:18:26.453 INFORMAÇÕES [http-nio-8080-exec-22] org.apache.catalina.core.StandardContext.reload Reloading Context with name [/aula_jsf_1502] is completed
18-Apr-2018 14:24:12.106 INFORMAÇÕES [http-nio-8080-exec-35] org.apache.catalina.core.StandardContext.reload Reloading Context with name [/aula_jsf_1502] has started
18-Apr-2018 14:24:12.736 INFORMAÇÕES [http-nio-8080-exec-35] com.sun.faces.config.ConfigureListener.contextInitialized Inicializando Mojarra 2.2.16 ( 20180118-0013 901a18e611bead474715a643c8f634cfa1312414) para o contexto '/aula_jsf_1502'
18-Apr-2018 14:24:12.815 INFORMAÇÕES [http-nio-8080-exec-35] com.sun.faces.spi.InjectionProviderFactory.createInstance JSF1048: Anotações PostConstruct/PreDestroy presentes.  Os métodos ManagedBeans marcados com essas anotações informarão as anotações processadas.
18-Apr-2018 14:24:13.273 INFORMAÇÕES [http-nio-8080-exec-35] org.apache.catalina.core.StandardContext.reload Reloading Context with name [/aula_jsf_1502] is completed
18-Apr-2018 14:27:58.382 INFORMAÇÕES [http-nio-8080-exec-42] org.apache.catalina.core.StandardContext.reload Reloading Context with name [/aula_jsf_1502] has started
18-Apr-2018 14:27:58.956 INFORMAÇÕES [http-nio-8080-exec-42] com.sun.faces.config.ConfigureListener.contextInitialized Inicializando Mojarra 2.2.16 ( 20180118-0013 901a18e611bead474715a643c8f634cfa1312414) para o contexto '/aula_jsf_1502'
18-Apr-2018 14:27:59.023 INFORMAÇÕES [http-nio-8080-exec-42] com.sun.faces.spi.InjectionProviderFactory.createInstance JSF1048: Anotações PostConstruct/PreDestroy presentes.  Os métodos ManagedBeans marcados com essas anotações informarão as anotações processadas.
18-Apr-2018 14:27:59.436 INFORMAÇÕES [http-nio-8080-exec-42] org.apache.catalina.core.StandardContext.reload Reloading Context with name [/aula_jsf_1502] is completed
18-Apr-2018 14:29:45.945 INFORMAÇÕES [http-nio-8080-exec-43] org.apache.catalina.core.StandardContext.reload Reloading Context with name [/aula_jsf_1502] has started
18-Apr-2018 14:29:46.498 INFORMAÇÕES [http-nio-8080-exec-43] com.sun.faces.config.ConfigureListener.contextInitialized Inicializando Mojarra 2.2.16 ( 20180118-0013 901a18e611bead474715a643c8f634cfa1312414) para o contexto '/aula_jsf_1502'
18-Apr-2018 14:29:46.571 INFORMAÇÕES [http-nio-8080-exec-43] com.sun.faces.spi.InjectionProviderFactory.createInstance JSF1048: Anotações PostConstruct/PreDestroy presentes.  Os métodos ManagedBeans marcados com essas anotações informarão as anotações processadas.
18-Apr-2018 14:29:46.964 INFORMAÇÕES [http-nio-8080-exec-43] org.apache.catalina.core.StandardContext.reload Reloading Context with name [/aula_jsf_1502] is completed
18-Apr-2018 14:34:29.485 INFORMAÇÕES [http-nio-8080-exec-53] org.apache.catalina.core.StandardContext.reload Reloading Context with name [/aula_jsf_1502] has started
18-Apr-2018 14:34:30.164 INFORMAÇÕES [http-nio-8080-exec-53] com.sun.faces.config.ConfigureListener.contextInitialized Inicializando Mojarra 2.2.16 ( 20180118-0013 901a18e611bead474715a643c8f634cfa1312414) para o contexto '/aula_jsf_1502'
18-Apr-2018 14:34:30.223 INFORMAÇÕES [http-nio-8080-exec-53] com.sun.faces.spi.InjectionProviderFactory.createInstance JSF1048: Anotações PostConstruct/PreDestroy presentes.  Os métodos ManagedBeans marcados com essas anotações informarão as anotações processadas.
18-Apr-2018 14:34:30.599 INFORMAÇÕES [http-nio-8080-exec-53] org.apache.catalina.core.StandardContext.reload Reloading Context with name [/aula_jsf_1502] is completed
18-Apr-2018 14:37:23.309 INFORMAÇÕES [http-nio-8080-exec-60] org.apache.catalina.core.StandardContext.reload Reloading Context with name [/aula_jsf_1502] has started
18-Apr-2018 14:37:23.829 INFORMAÇÕES [http-nio-8080-exec-60] com.sun.faces.config.ConfigureListener.contextInitialized Inicializando Mojarra 2.2.16 ( 20180118-0013 901a18e611bead474715a643c8f634cfa1312414) para o contexto '/aula_jsf_1502'
18-Apr-2018 14:37:23.888 INFORMAÇÕES [http-nio-8080-exec-60] com.sun.faces.spi.InjectionProviderFactory.createInstance JSF1048: Anotações PostConstruct/PreDestroy presentes.  Os métodos ManagedBeans marcados com essas anotações informarão as anotações processadas.
18-Apr-2018 14:37:24.276 INFORMAÇÕES [http-nio-8080-exec-60] org.apache.catalina.core.StandardContext.reload Reloading Context with name [/aula_jsf_1502] is completed
18-Apr-2018 14:39:10.424 INFORMAÇÕES [http-nio-8080-exec-71] org.apache.catalina.startup.HostConfig.undeploy Undeploying context [/aula_jsf_1502]
18-Apr-2018 14:39:10.448 INFORMAÇÕES [http-nio-8080-exec-66] org.apache.catalina.startup.HostConfig.deployDescriptor Deploying configuration descriptor [C:\Users\04783714118\Documents\NetBeansProjects\apache-tomcat-9.0.5-windows-x64\apache-tomcat-9.0.5\conf\Catalina\localhost\aula_jsf_1502.xml]
18-Apr-2018 14:39:10.892 INFORMAÇÕES [http-nio-8080-exec-66] com.sun.faces.config.ConfigureListener.contextInitialized Inicializando Mojarra 2.2.16 ( 20180118-0013 901a18e611bead474715a643c8f634cfa1312414) para o contexto '/aula_jsf_1502'
18-Apr-2018 14:39:10.951 INFORMAÇÕES [http-nio-8080-exec-66] com.sun.faces.spi.InjectionProviderFactory.createInstance JSF1048: Anotações PostConstruct/PreDestroy presentes.  Os métodos ManagedBeans marcados com essas anotações informarão as anotações processadas.
18-Apr-2018 14:39:11.316 INFORMAÇÕES [http-nio-8080-exec-66] org.apache.catalina.startup.HostConfig.deployDescriptor Deployment of configuration descriptor [C:\Users\04783714118\Documents\NetBeansProjects\apache-tomcat-9.0.5-windows-x64\apache-tomcat-9.0.5\conf\Catalina\localhost\aula_jsf_1502.xml] has finished in [868] ms
18-Apr-2018 14:39:11.319 INFORMAÇÕES [http-nio-8080-exec-52] org.apache.catalina.util.LifecycleBase.start The start() method was called on component [StandardEngine[Catalina].StandardHost[localhost].StandardContext[/aula_jsf_1502]] after start() had already been called. The second call will be ignored.
18-Apr-2018 14:41:39.240 INFORMAÇÕES [http-nio-8080-exec-79] org.apache.catalina.startup.HostConfig.undeploy Undeploying context [/aula_jsf_1502]
18-Apr-2018 14:41:39.263 INFORMAÇÕES [http-nio-8080-exec-77] org.apache.catalina.startup.HostConfig.deployDescriptor Deploying configuration descriptor [C:\Users\04783714118\Documents\NetBeansProjects\apache-tomcat-9.0.5-windows-x64\apache-tomcat-9.0.5\conf\Catalina\localhost\aula_jsf_1502.xml]
18-Apr-2018 14:41:39.724 INFORMAÇÕES [http-nio-8080-exec-77] com.sun.faces.config.ConfigureListener.contextInitialized Inicializando Mojarra 2.2.16 ( 20180118-0013 901a18e611bead474715a643c8f634cfa1312414) para o contexto '/aula_jsf_1502'
18-Apr-2018 14:41:39.788 INFORMAÇÕES [http-nio-8080-exec-77] com.sun.faces.spi.InjectionProviderFactory.createInstance JSF1048: Anotações PostConstruct/PreDestroy presentes.  Os métodos ManagedBeans marcados com essas anotações informarão as anotações processadas.
18-Apr-2018 14:41:40.168 INFORMAÇÕES [http-nio-8080-exec-77] org.apache.catalina.startup.HostConfig.deployDescriptor Deployment of configuration descriptor [C:\Users\04783714118\Documents\NetBeansProjects\apache-tomcat-9.0.5-windows-x64\apache-tomcat-9.0.5\conf\Catalina\localhost\aula_jsf_1502.xml] has finished in [905] ms
18-Apr-2018 14:41:40.171 INFORMAÇÕES [http-nio-8080-exec-76] org.apache.catalina.util.LifecycleBase.start The start() method was called on component [StandardEngine[Catalina].StandardHost[localhost].StandardContext[/aula_jsf_1502]] after start() had already been called. The second call will be ignored.
18-Apr-2018 14:48:51.986 INFORMAÇÕES [http-nio-8080-exec-84] org.apache.catalina.core.StandardContext.reload Reloading Context with name [/aula_jsf_1502] has started
18-Apr-2018 14:48:52.463 INFORMAÇÕES [http-nio-8080-exec-84] com.sun.faces.config.ConfigureListener.contextInitialized Inicializando Mojarra 2.2.16 ( 20180118-0013 901a18e611bead474715a643c8f634cfa1312414) para o contexto '/aula_jsf_1502'
18-Apr-2018 14:48:52.522 INFORMAÇÕES [http-nio-8080-exec-84] com.sun.faces.spi.InjectionProviderFactory.createInstance JSF1048: Anotações PostConstruct/PreDestroy presentes.  Os métodos ManagedBeans marcados com essas anotações informarão as anotações processadas.
18-Apr-2018 14:48:52.886 INFORMAÇÕES [http-nio-8080-exec-84] org.apache.catalina.core.StandardContext.reload Reloading Context with name [/aula_jsf_1502] is completed
18-Apr-2018 14:51:02.194 INFORMAÇÕES [http-nio-8080-exec-96] org.apache.catalina.core.StandardContext.reload Reloading Context with name [/aula_jsf_1502] has started
18-Apr-2018 14:51:02.716 INFORMAÇÕES [http-nio-8080-exec-96] com.sun.faces.config.ConfigureListener.contextInitialized Inicializando Mojarra 2.2.16 ( 20180118-0013 901a18e611bead474715a643c8f634cfa1312414) para o contexto '/aula_jsf_1502'
18-Apr-2018 14:51:02.778 INFORMAÇÕES [http-nio-8080-exec-96] com.sun.faces.spi.InjectionProviderFactory.createInstance JSF1048: Anotações PostConstruct/PreDestroy presentes.  Os métodos ManagedBeans marcados com essas anotações informarão as anotações processadas.
18-Apr-2018 14:51:03.139 INFORMAÇÕES [http-nio-8080-exec-96] org.apache.catalina.core.StandardContext.reload Reloading Context with name [/aula_jsf_1502] is completed
18-Apr-2018 14:51:09.035 INFORMAÇÕES [http-nio-8080-exec-91] org.apache.catalina.core.StandardContext.reload Reloading Context with name [/aula_jsf_1502] has started
18-Apr-2018 14:51:09.533 INFORMAÇÕES [http-nio-8080-exec-91] com.sun.faces.config.ConfigureListener.contextInitialized Inicializando Mojarra 2.2.16 ( 20180118-0013 901a18e611bead474715a643c8f634cfa1312414) para o contexto '/aula_jsf_1502'
18-Apr-2018 14:51:09.590 INFORMAÇÕES [http-nio-8080-exec-91] com.sun.faces.spi.InjectionProviderFactory.createInstance JSF1048: Anotações PostConstruct/PreDestroy presentes.  Os métodos ManagedBeans marcados com essas anotações informarão as anotações processadas.
18-Apr-2018 14:51:09.934 INFORMAÇÕES [http-nio-8080-exec-91] org.apache.catalina.core.StandardContext.reload Reloading Context with name [/aula_jsf_1502] is completed
18-Apr-2018 14:53:32.470 INFORMAÇÕES [http-nio-8080-exec-101] org.apache.catalina.core.StandardContext.reload Reloading Context with name [/aula_jsf_1502] has started
18-Apr-2018 14:53:32.943 INFORMAÇÕES [http-nio-8080-exec-101] com.sun.faces.config.ConfigureListener.contextInitialized Inicializando Mojarra 2.2.16 ( 20180118-0013 901a18e611bead474715a643c8f634cfa1312414) para o contexto '/aula_jsf_1502'
18-Apr-2018 14:53:33.005 INFORMAÇÕES [http-nio-8080-exec-101] com.sun.faces.spi.InjectionProviderFactory.createInstance JSF1048: Anotações PostConstruct/PreDestroy presentes.  Os métodos ManagedBeans marcados com essas anotações informarão as anotações processadas.
18-Apr-2018 14:53:33.357 INFORMAÇÕES [http-nio-8080-exec-101] org.apache.catalina.core.StandardContext.reload Reloading Context with name [/aula_jsf_1502] is completed
18-Apr-2018 14:56:10.029 INFORMAÇÕES [http-nio-8080-exec-105] org.apache.catalina.core.StandardContext.reload Reloading Context with name [/aula_jsf_1502] has started
18-Apr-2018 14:56:10.602 INFORMAÇÕES [http-nio-8080-exec-105] com.sun.faces.config.ConfigureListener.contextInitialized Inicializando Mojarra 2.2.16 ( 20180118-0013 901a18e611bead474715a643c8f634cfa1312414) para o contexto '/aula_jsf_1502'
18-Apr-2018 14:56:10.699 INFORMAÇÕES [http-nio-8080-exec-105] com.sun.faces.spi.InjectionProviderFactory.createInstance JSF1048: Anotações PostConstruct/PreDestroy presentes.  Os métodos ManagedBeans marcados com essas anotações informarão as anotações processadas.
18-Apr-2018 14:56:11.055 INFORMAÇÕES [http-nio-8080-exec-105] org.apache.catalina.core.StandardContext.reload Reloading Context with name [/aula_jsf_1502] is completed
18-Apr-2018 14:56:13.124 INFORMAÇÕES [http-nio-8080-exec-92] org.apache.catalina.startup.HostConfig.undeploy Undeploying context [/aula_jsf_1502]
18-Apr-2018 14:56:13.144 INFORMAÇÕES [http-nio-8080-exec-106] org.apache.catalina.startup.HostConfig.deployDescriptor Deploying configuration descriptor [C:\Users\04783714118\Documents\NetBeansProjects\apache-tomcat-9.0.5-windows-x64\apache-tomcat-9.0.5\conf\Catalina\localhost\aula_jsf_1502.xml]
18-Apr-2018 14:56:13.668 INFORMAÇÕES [http-nio-8080-exec-106] com.sun.faces.config.ConfigureListener.contextInitialized Inicializando Mojarra 2.2.16 ( 20180118-0013 901a18e611bead474715a643c8f634cfa1312414) para o contexto '/aula_jsf_1502'
18-Apr-2018 14:56:13.729 INFORMAÇÕES [http-nio-8080-exec-106] com.sun.faces.spi.InjectionProviderFactory.createInstance JSF1048: Anotações PostConstruct/PreDestroy presentes.  Os métodos ManagedBeans marcados com essas anotações informarão as anotações processadas.
18-Apr-2018 14:56:14.084 INFORMAÇÕES [http-nio-8080-exec-106] org.apache.catalina.startup.HostConfig.deployDescriptor Deployment of configuration descriptor [C:\Users\04783714118\Documents\NetBeansProjects\apache-tomcat-9.0.5-windows-x64\apache-tomcat-9.0.5\conf\Catalina\localhost\aula_jsf_1502.xml] has finished in [940] ms
18-Apr-2018 14:56:14.087 INFORMAÇÕES [http-nio-8080-exec-95] org.apache.catalina.util.LifecycleBase.start The start() method was called on component [StandardEngine[Catalina].StandardHost[localhost].StandardContext[/aula_jsf_1502]] after start() had already been called. The second call will be ignored.
18-Apr-2018 14:57:41.846 INFORMAÇÕES [http-nio-8080-exec-112] org.apache.catalina.core.StandardContext.reload Reloading Context with name [/aula_jsf_1502] has started
18-Apr-2018 14:57:42.321 INFORMAÇÕES [http-nio-8080-exec-112] com.sun.faces.config.ConfigureListener.contextInitialized Inicializando Mojarra 2.2.16 ( 20180118-0013 901a18e611bead474715a643c8f634cfa1312414) para o contexto '/aula_jsf_1502'
18-Apr-2018 14:57:42.382 INFORMAÇÕES [http-nio-8080-exec-112] com.sun.faces.spi.InjectionProviderFactory.createInstance JSF1048: Anotações PostConstruct/PreDestroy presentes.  Os métodos ManagedBeans marcados com essas anotações informarão as anotações processadas.
18-Apr-2018 14:57:42.730 INFORMAÇÕES [http-nio-8080-exec-112] org.apache.catalina.core.StandardContext.reload Reloading Context with name [/aula_jsf_1502] is completed
18-Apr-2018 14:58:40.071 INFORMAÇÕES [http-nio-8080-exec-114] com.sun.faces.config.ConfigureListener.contextInitialized Inicializando Mojarra 2.2.16 ( 20180118-0013 901a18e611bead474715a643c8f634cfa1312414) para o contexto '/aula_jsf_1502'
18-Apr-2018 14:58:40.132 INFORMAÇÕES [http-nio-8080-exec-114] com.sun.faces.spi.InjectionProviderFactory.createInstance JSF1048: Anotações PostConstruct/PreDestroy presentes.  Os métodos ManagedBeans marcados com essas anotações informarão as anotações processadas.
18-Apr-2018 15:01:01.070 INFORMAÇÕES [http-nio-8080-exec-120] org.apache.catalina.core.StandardContext.reload Reloading Context with name [/aula_jsf_1502] has started
18-Apr-2018 15:01:01.633 INFORMAÇÕES [http-nio-8080-exec-120] com.sun.faces.config.ConfigureListener.contextInitialized Inicializando Mojarra 2.2.16 ( 20180118-0013 901a18e611bead474715a643c8f634cfa1312414) para o contexto '/aula_jsf_1502'
18-Apr-2018 15:01:01.705 INFORMAÇÕES [http-nio-8080-exec-120] com.sun.faces.spi.InjectionProviderFactory.createInstance JSF1048: Anotações PostConstruct/PreDestroy presentes.  Os métodos ManagedBeans marcados com essas anotações informarão as anotações processadas.
18-Apr-2018 15:01:02.087 INFORMAÇÕES [http-nio-8080-exec-120] org.apache.catalina.core.StandardContext.reload Reloading Context with name [/aula_jsf_1502] is completed
18-Apr-2018 15:01:05.636 INFORMAÇÕES [http-nio-8080-exec-114] org.apache.catalina.startup.HostConfig.undeploy Undeploying context [/aula_jsf_1502]
18-Apr-2018 15:01:05.663 INFORMAÇÕES [http-nio-8080-exec-115] org.apache.catalina.startup.HostConfig.deployDescriptor Deploying configuration descriptor [C:\Users\04783714118\Documents\NetBeansProjects\apache-tomcat-9.0.5-windows-x64\apache-tomcat-9.0.5\conf\Catalina\localhost\aula_jsf_1502.xml]
18-Apr-2018 15:01:06.091 INFORMAÇÕES [http-nio-8080-exec-115] com.sun.faces.config.ConfigureListener.contextInitialized Inicializando Mojarra 2.2.16 ( 20180118-0013 901a18e611bead474715a643c8f634cfa1312414) para o contexto '/aula_jsf_1502'
18-Apr-2018 15:01:06.154 INFORMAÇÕES [http-nio-8080-exec-115] com.sun.faces.spi.InjectionProviderFactory.createInstance JSF1048: Anotações PostConstruct/PreDestroy presentes.  Os métodos ManagedBeans marcados com essas anotações informarão as anotações processadas.
18-Apr-2018 15:01:06.507 INFORMAÇÕES [http-nio-8080-exec-115] org.apache.catalina.startup.HostConfig.deployDescriptor Deployment of configuration descriptor [C:\Users\04783714118\Documents\NetBeansProjects\apache-tomcat-9.0.5-windows-x64\apache-tomcat-9.0.5\conf\Catalina\localhost\aula_jsf_1502.xml] has finished in [844] ms
18-Apr-2018 15:01:06.510 INFORMAÇÕES [http-nio-8080-exec-118] org.apache.catalina.util.LifecycleBase.start The start() method was called on component [StandardEngine[Catalina].StandardHost[localhost].StandardContext[/aula_jsf_1502]] after start() had already been called. The second call will be ignored.
18-Apr-2018 15:03:01.908 INFORMAÇÕES [http-nio-8080-exec-129] org.apache.catalina.core.StandardContext.reload Reloading Context with name [/aula_jsf_1502] has started
18-Apr-2018 15:03:02.500 INFORMAÇÕES [http-nio-8080-exec-129] com.sun.faces.config.ConfigureListener.contextInitialized Inicializando Mojarra 2.2.16 ( 20180118-0013 901a18e611bead474715a643c8f634cfa1312414) para o contexto '/aula_jsf_1502'
18-Apr-2018 15:03:02.562 INFORMAÇÕES [http-nio-8080-exec-129] com.sun.faces.spi.InjectionProviderFactory.createInstance JSF1048: Anotações PostConstruct/PreDestroy presentes.  Os métodos ManagedBeans marcados com essas anotações informarão as anotações processadas.
18-Apr-2018 15:03:02.938 INFORMAÇÕES [http-nio-8080-exec-129] org.apache.catalina.core.StandardContext.reload Reloading Context with name [/aula_jsf_1502] is completed
18-Apr-2018 15:03:10.333 INFORMAÇÕES [http-nio-8080-exec-133] org.apache.catalina.startup.HostConfig.undeploy Undeploying context [/aula_jsf_1502]
18-Apr-2018 15:03:10.353 INFORMAÇÕES [http-nio-8080-exec-136] org.apache.catalina.startup.HostConfig.deployDescriptor Deploying configuration descriptor [C:\Users\04783714118\Documents\NetBeansProjects\apache-tomcat-9.0.5-windows-x64\apache-tomcat-9.0.5\conf\Catalina\localhost\aula_jsf_1502.xml]
18-Apr-2018 15:03:10.779 INFORMAÇÕES [http-nio-8080-exec-136] com.sun.faces.config.ConfigureListener.contextInitialized Inicializando Mojarra 2.2.16 ( 20180118-0013 901a18e611bead474715a643c8f634cfa1312414) para o contexto '/aula_jsf_1502'
18-Apr-2018 15:03:10.842 INFORMAÇÕES [http-nio-8080-exec-136] com.sun.faces.spi.InjectionProviderFactory.createInstance JSF1048: Anotações PostConstruct/PreDestroy presentes.  Os métodos ManagedBeans marcados com essas anotações informarão as anotações processadas.
18-Apr-2018 15:03:11.194 INFORMAÇÕES [http-nio-8080-exec-136] org.apache.catalina.startup.HostConfig.deployDescriptor Deployment of configuration descriptor [C:\Users\04783714118\Documents\NetBeansProjects\apache-tomcat-9.0.5-windows-x64\apache-tomcat-9.0.5\conf\Catalina\localhost\aula_jsf_1502.xml] has finished in [841] ms
18-Apr-2018 15:03:11.197 INFORMAÇÕES [http-nio-8080-exec-137] org.apache.catalina.util.LifecycleBase.start The start() method was called on component [StandardEngine[Catalina].StandardHost[localhost].StandardContext[/aula_jsf_1502]] after start() had already been called. The second call will be ignored.
18-Apr-2018 15:03:13.154 GRAVE [http-nio-8080-exec-127] com.sun.faces.application.view.FaceletViewHandlingStrategy.handleRenderException Error Rendering View[/logadomain.xhtml]
 javax.el.PropertyNotFoundException: /logadomain.xhtml @25,84 value="#{dupla.mensagem}!": Property [mensagem] not found on type [mBean.BeanDuplas]
	at com.sun.faces.facelets.el.TagValueExpression.getValue(TagValueExpression.java:111)
	at javax.faces.component.ComponentStateHelper.eval(ComponentStateHelper.java:200)
	at javax.faces.component.ComponentStateHelper.eval(ComponentStateHelper.java:187)
	at javax.faces.component.UIOutput.getValue(UIOutput.java:179)
	at com.sun.faces.renderkit.html_basic.HtmlBasicInputRenderer.getValue(HtmlBasicInputRenderer.java:205)
	at com.sun.faces.renderkit.html_basic.HtmlBasicRenderer.getCurrentValue(HtmlBasicRenderer.java:355)
	at com.sun.faces.renderkit.html_basic.LabelRenderer.encodeBegin(LabelRenderer.java:120)
	at javax.faces.component.UIComponentBase.encodeBegin(UIComponentBase.java:892)
	at javax.faces.component.UIComponent.encodeAll(UIComponent.java:1903)
	at javax.faces.render.Renderer.encodeChildren(Renderer.java:176)
	at javax.faces.component.UIComponentBase.encodeChildren(UIComponentBase.java:918)
	at javax.faces.component.UIComponent.encodeAll(UIComponent.java:1905)
	at javax.faces.component.UIComponent.encodeAll(UIComponent.java:1908)
	at com.sun.faces.application.view.FaceletViewHandlingStrategy.renderView(FaceletViewHandlingStrategy.java:456)
	at com.sun.faces.application.view.MultiViewHandler.renderView(MultiViewHandler.java:134)
	at com.sun.faces.lifecycle.RenderResponsePhase.execute(RenderResponsePhase.java:120)
	at com.sun.faces.lifecycle.Phase.doPhase(Phase.java:101)
	at com.sun.faces.lifecycle.LifecycleImpl.render(LifecycleImpl.java:219)
	at javax.faces.webapp.FacesServlet.service(FacesServlet.java:671)
	at org.apache.catalina.core.ApplicationFilterChain.internalDoFilter(ApplicationFilterChain.java:231)
	at org.apache.catalina.core.ApplicationFilterChain.doFilter(ApplicationFilterChain.java:166)
	at org.apache.tomcat.websocket.server.WsFilter.doFilter(WsFilter.java:53)
	at org.apache.catalina.core.ApplicationFilterChain.internalDoFilter(ApplicationFilterChain.java:193)
	at org.apache.catalina.core.ApplicationFilterChain.doFilter(ApplicationFilterChain.java:166)
	at org.apache.catalina.core.StandardWrapperValve.invoke(StandardWrapperValve.java:199)
	at org.apache.catalina.core.StandardContextValve.invoke(StandardContextValve.java:96)
	at org.apache.catalina.core.StandardHostValve.invoke(StandardHostValve.java:137)
	at org.apache.catalina.valves.ErrorReportValve.invoke(ErrorReportValve.java:81)
	at org.apache.catalina.valves.AbstractAccessLogValve.invoke(AbstractAccessLogValve.java:651)
	at org.apache.catalina.core.StandardEngineValve.invoke(StandardEngineValve.java:87)
	at org.apache.catalina.connector.CoyoteAdapter.service(CoyoteAdapter.java:342)
	at org.apache.coyote.http11.Http11Processor.service(Http11Processor.java:409)
	at org.apache.coyote.AbstractProcessorLight.process(AbstractProcessorLight.java:66)
	at org.apache.coyote.AbstractProtocol$ConnectionHandler.process(AbstractProtocol.java:754)
	at org.apache.tomcat.util.net.NioEndpoint$SocketProcessor.doRun(NioEndpoint.java:1376)
	at org.apache.tomcat.util.net.SocketProcessorBase.run(SocketProcessorBase.java:49)
	at java.util.concurrent.ThreadPoolExecutor.runWorker(ThreadPoolExecutor.java:1142)
	at java.util.concurrent.ThreadPoolExecutor$Worker.run(ThreadPoolExecutor.java:617)
	at org.apache.tomcat.util.threads.TaskThread$WrappingRunnable.run(TaskThread.java:61)
	at java.lang.Thread.run(Thread.java:748)
Caused by: javax.el.PropertyNotFoundException: Property [mensagem] not found on type [mBean.BeanDuplas]
	at javax.el.BeanELResolver$BeanProperties.get(BeanELResolver.java:260)
	at javax.el.BeanELResolver$BeanProperties.access$300(BeanELResolver.java:212)
	at javax.el.BeanELResolver.property(BeanELResolver.java:347)
	at javax.el.BeanELResolver.getValue(BeanELResolver.java:92)
	at com.sun.faces.el.DemuxCompositeELResolver._getValue(DemuxCompositeELResolver.java:176)
	at com.sun.faces.el.DemuxCompositeELResolver.getValue(DemuxCompositeELResolver.java:203)
	at org.apache.el.parser.AstValue.getValue(AstValue.java:169)
	at org.apache.el.parser.AstDeferredExpression.getValue(AstDeferredExpression.java:43)
	at org.apache.el.parser.AstCompositeExpression.getValue(AstCompositeExpression.java:49)
	at org.apache.el.ValueExpressionImpl.getValue(ValueExpressionImpl.java:184)
	at com.sun.faces.facelets.el.TagValueExpression.getValue(TagValueExpression.java:109)
	... 39 more

18-Apr-2018 15:03:32.466 INFORMAÇÕES [http-nio-8080-exec-127] org.apache.catalina.startup.HostConfig.undeploy Undeploying context [/aula_jsf_1502]
18-Apr-2018 15:03:32.483 INFORMAÇÕES [http-nio-8080-exec-139] org.apache.catalina.startup.HostConfig.deployDescriptor Deploying configuration descriptor [C:\Users\04783714118\Documents\NetBeansProjects\apache-tomcat-9.0.5-windows-x64\apache-tomcat-9.0.5\conf\Catalina\localhost\aula_jsf_1502.xml]
18-Apr-2018 15:03:32.901 INFORMAÇÕES [http-nio-8080-exec-139] com.sun.faces.config.ConfigureListener.contextInitialized Inicializando Mojarra 2.2.16 ( 20180118-0013 901a18e611bead474715a643c8f634cfa1312414) para o contexto '/aula_jsf_1502'
18-Apr-2018 15:03:32.959 INFORMAÇÕES [http-nio-8080-exec-139] com.sun.faces.spi.InjectionProviderFactory.createInstance JSF1048: Anotações PostConstruct/PreDestroy presentes.  Os métodos ManagedBeans marcados com essas anotações informarão as anotações processadas.
18-Apr-2018 15:03:33.299 INFORMAÇÕES [http-nio-8080-exec-139] org.apache.catalina.startup.HostConfig.deployDescriptor Deployment of configuration descriptor [C:\Users\04783714118\Documents\NetBeansProjects\apache-tomcat-9.0.5-windows-x64\apache-tomcat-9.0.5\conf\Catalina\localhost\aula_jsf_1502.xml] has finished in [816] ms
18-Apr-2018 15:03:33.302 INFORMAÇÕES [http-nio-8080-exec-135] org.apache.catalina.util.LifecycleBase.start The start() method was called on component [StandardEngine[Catalina].StandardHost[localhost].StandardContext[/aula_jsf_1502]] after start() had already been called. The second call will be ignored.
18-Apr-2018 15:03:35.023 GRAVE [http-nio-8080-exec-141] com.sun.faces.application.view.FaceletViewHandlingStrategy.handleRenderException Error Rendering View[/logadomain.xhtml]
 javax.el.PropertyNotFoundException: /logadomain.xhtml @22,88 value="#{dupla.mensagem}!": Property [mensagem] not found on type [mBean.BeanDuplas]
	at com.sun.faces.facelets.el.TagValueExpression.getValue(TagValueExpression.java:111)
	at javax.faces.component.ComponentStateHelper.eval(ComponentStateHelper.java:200)
	at javax.faces.component.ComponentStateHelper.eval(ComponentStateHelper.java:187)
	at javax.faces.component.UIOutput.getValue(UIOutput.java:179)
	at com.sun.faces.renderkit.html_basic.HtmlBasicInputRenderer.getValue(HtmlBasicInputRenderer.java:205)
	at com.sun.faces.renderkit.html_basic.HtmlBasicRenderer.getCurrentValue(HtmlBasicRenderer.java:355)
	at com.sun.faces.renderkit.html_basic.LabelRenderer.encodeBegin(LabelRenderer.java:120)
	at javax.faces.component.UIComponentBase.encodeBegin(UIComponentBase.java:892)
	at com.sun.faces.renderkit.html_basic.HtmlBasicRenderer.encodeRecursive(HtmlBasicRenderer.java:302)
	at com.sun.faces.renderkit.html_basic.GridRenderer.renderRow(GridRenderer.java:185)
	at com.sun.faces.renderkit.html_basic.GridRenderer.encodeChildren(GridRenderer.java:129)
	at javax.faces.component.UIComponentBase.encodeChildren(UIComponentBase.java:918)
	at javax.faces.component.UIComponent.encodeAll(UIComponent.java:1905)
	at javax.faces.render.Renderer.encodeChildren(Renderer.java:176)
	at javax.faces.component.UIComponentBase.encodeChildren(UIComponentBase.java:918)
	at javax.faces.component.UIComponent.encodeAll(UIComponent.java:1905)
	at javax.faces.component.UIComponent.encodeAll(UIComponent.java:1908)
	at com.sun.faces.application.view.FaceletViewHandlingStrategy.renderView(FaceletViewHandlingStrategy.java:456)
	at com.sun.faces.application.view.MultiViewHandler.renderView(MultiViewHandler.java:134)
	at com.sun.faces.lifecycle.RenderResponsePhase.execute(RenderResponsePhase.java:120)
	at com.sun.faces.lifecycle.Phase.doPhase(Phase.java:101)
	at com.sun.faces.lifecycle.LifecycleImpl.render(LifecycleImpl.java:219)
	at javax.faces.webapp.FacesServlet.service(FacesServlet.java:671)
	at org.apache.catalina.core.ApplicationFilterChain.internalDoFilter(ApplicationFilterChain.java:231)
	at org.apache.catalina.core.ApplicationFilterChain.doFilter(ApplicationFilterChain.java:166)
	at org.apache.tomcat.websocket.server.WsFilter.doFilter(WsFilter.java:53)
	at org.apache.catalina.core.ApplicationFilterChain.internalDoFilter(ApplicationFilterChain.java:193)
	at org.apache.catalina.core.ApplicationFilterChain.doFilter(ApplicationFilterChain.java:166)
	at org.apache.catalina.core.StandardWrapperValve.invoke(StandardWrapperValve.java:199)
	at org.apache.catalina.core.StandardContextValve.invoke(StandardContextValve.java:96)
	at org.apache.catalina.core.StandardHostValve.invoke(StandardHostValve.java:137)
	at org.apache.catalina.valves.ErrorReportValve.invoke(ErrorReportValve.java:81)
	at org.apache.catalina.valves.AbstractAccessLogValve.invoke(AbstractAccessLogValve.java:651)
	at org.apache.catalina.core.StandardEngineValve.invoke(StandardEngineValve.java:87)
	at org.apache.catalina.connector.CoyoteAdapter.service(CoyoteAdapter.java:342)
	at org.apache.coyote.http11.Http11Processor.service(Http11Processor.java:409)
	at org.apache.coyote.AbstractProcessorLight.process(AbstractProcessorLight.java:66)
	at org.apache.coyote.AbstractProtocol$ConnectionHandler.process(AbstractProtocol.java:754)
	at org.apache.tomcat.util.net.NioEndpoint$SocketProcessor.doRun(NioEndpoint.java:1376)
	at org.apache.tomcat.util.net.SocketProcessorBase.run(SocketProcessorBase.java:49)
	at java.util.concurrent.ThreadPoolExecutor.runWorker(ThreadPoolExecutor.java:1142)
	at java.util.concurrent.ThreadPoolExecutor$Worker.run(ThreadPoolExecutor.java:617)
	at org.apache.tomcat.util.threads.TaskThread$WrappingRunnable.run(TaskThread.java:61)
	at java.lang.Thread.run(Thread.java:748)
Caused by: javax.el.PropertyNotFoundException: Property [mensagem] not found on type [mBean.BeanDuplas]
	at javax.el.BeanELResolver$BeanProperties.get(BeanELResolver.java:260)
	at javax.el.BeanELResolver$BeanProperties.access$300(BeanELResolver.java:212)
	at javax.el.BeanELResolver.property(BeanELResolver.java:347)
	at javax.el.BeanELResolver.getValue(BeanELResolver.java:92)
	at com.sun.faces.el.DemuxCompositeELResolver._getValue(DemuxCompositeELResolver.java:176)
	at com.sun.faces.el.DemuxCompositeELResolver.getValue(DemuxCompositeELResolver.java:203)
	at org.apache.el.parser.AstValue.getValue(AstValue.java:169)
	at org.apache.el.parser.AstDeferredExpression.getValue(AstDeferredExpression.java:43)
	at org.apache.el.parser.AstCompositeExpression.getValue(AstCompositeExpression.java:49)
	at org.apache.el.ValueExpressionImpl.getValue(ValueExpressionImpl.java:184)
	at com.sun.faces.facelets.el.TagValueExpression.getValue(TagValueExpression.java:109)
	... 43 more

18-Apr-2018 15:04:12.656 INFORMAÇÕES [http-nio-8080-exec-132] org.apache.catalina.core.StandardContext.reload Reloading Context with name [/aula_jsf_1502] has started
18-Apr-2018 15:04:13.123 INFORMAÇÕES [http-nio-8080-exec-132] com.sun.faces.config.ConfigureListener.contextInitialized Inicializando Mojarra 2.2.16 ( 20180118-0013 901a18e611bead474715a643c8f634cfa1312414) para o contexto '/aula_jsf_1502'
18-Apr-2018 15:04:13.184 INFORMAÇÕES [http-nio-8080-exec-132] com.sun.faces.spi.InjectionProviderFactory.createInstance JSF1048: Anotações PostConstruct/PreDestroy presentes.  Os métodos ManagedBeans marcados com essas anotações informarão as anotações processadas.
18-Apr-2018 15:04:13.550 INFORMAÇÕES [http-nio-8080-exec-132] org.apache.catalina.core.StandardContext.reload Reloading Context with name [/aula_jsf_1502] is completed
18-Apr-2018 15:04:14.256 INFORMAÇÕES [http-nio-8080-exec-127] org.apache.catalina.startup.HostConfig.undeploy Undeploying context [/aula_jsf_1502]
18-Apr-2018 15:04:14.286 INFORMAÇÕES [http-nio-8080-exec-142] org.apache.catalina.startup.HostConfig.deployDescriptor Deploying configuration descriptor [C:\Users\04783714118\Documents\NetBeansProjects\apache-tomcat-9.0.5-windows-x64\apache-tomcat-9.0.5\conf\Catalina\localhost\aula_jsf_1502.xml]
18-Apr-2018 15:04:14.739 INFORMAÇÕES [http-nio-8080-exec-142] com.sun.faces.config.ConfigureListener.contextInitialized Inicializando Mojarra 2.2.16 ( 20180118-0013 901a18e611bead474715a643c8f634cfa1312414) para o contexto '/aula_jsf_1502'
18-Apr-2018 15:04:14.798 INFORMAÇÕES [http-nio-8080-exec-142] com.sun.faces.spi.InjectionProviderFactory.createInstance JSF1048: Anotações PostConstruct/PreDestroy presentes.  Os métodos ManagedBeans marcados com essas anotações informarão as anotações processadas.
18-Apr-2018 15:04:15.138 INFORMAÇÕES [http-nio-8080-exec-142] org.apache.catalina.startup.HostConfig.deployDescriptor Deployment of configuration descriptor [C:\Users\04783714118\Documents\NetBeansProjects\apache-tomcat-9.0.5-windows-x64\apache-tomcat-9.0.5\conf\Catalina\localhost\aula_jsf_1502.xml] has finished in [851] ms
18-Apr-2018 15:04:15.140 INFORMAÇÕES [http-nio-8080-exec-147] org.apache.catalina.util.LifecycleBase.start The start() method was called on component [StandardEngine[Catalina].StandardHost[localhost].StandardContext[/aula_jsf_1502]] after start() had already been called. The second call will be ignored.
18-Apr-2018 15:05:16.454 INFORMAÇÕES [http-nio-8080-exec-156] org.apache.catalina.core.StandardContext.reload Reloading Context with name [/aula_jsf_1502] has started
18-Apr-2018 15:05:16.966 INFORMAÇÕES [http-nio-8080-exec-156] com.sun.faces.config.ConfigureListener.contextInitialized Inicializando Mojarra 2.2.16 ( 20180118-0013 901a18e611bead474715a643c8f634cfa1312414) para o contexto '/aula_jsf_1502'
18-Apr-2018 15:05:17.025 INFORMAÇÕES [http-nio-8080-exec-156] com.sun.faces.spi.InjectionProviderFactory.createInstance JSF1048: Anotações PostConstruct/PreDestroy presentes.  Os métodos ManagedBeans marcados com essas anotações informarão as anotações processadas.
18-Apr-2018 15:05:17.367 INFORMAÇÕES [http-nio-8080-exec-156] org.apache.catalina.core.StandardContext.reload Reloading Context with name [/aula_jsf_1502] is completed
18-Apr-2018 15:14:50.420 INFORMAÇÕES [http-nio-8080-exec-159] org.apache.catalina.core.StandardContext.reload Reloading Context with name [/aula_jsf_1502] has started
18-Apr-2018 15:14:51.019 INFORMAÇÕES [http-nio-8080-exec-159] com.sun.faces.config.ConfigureListener.contextInitialized Inicializando Mojarra 2.2.16 ( 20180118-0013 901a18e611bead474715a643c8f634cfa1312414) para o contexto '/aula_jsf_1502'
18-Apr-2018 15:14:51.082 INFORMAÇÕES [http-nio-8080-exec-159] com.sun.faces.spi.InjectionProviderFactory.createInstance JSF1048: Anotações PostConstruct/PreDestroy presentes.  Os métodos ManagedBeans marcados com essas anotações informarão as anotações processadas.
18-Apr-2018 15:14:51.454 INFORMAÇÕES [http-nio-8080-exec-159] org.apache.catalina.core.StandardContext.reload Reloading Context with name [/aula_jsf_1502] is completed
18-Apr-2018 15:16:26.576 INFORMAÇÕES [http-nio-8080-exec-161] org.apache.catalina.core.StandardContext.reload Reloading Context with name [/aula_jsf_1502] has started
18-Apr-2018 15:16:27.066 INFORMAÇÕES [http-nio-8080-exec-161] com.sun.faces.config.ConfigureListener.contextInitialized Inicializando Mojarra 2.2.16 ( 20180118-0013 901a18e611bead474715a643c8f634cfa1312414) para o contexto '/aula_jsf_1502'
18-Apr-2018 15:16:27.125 INFORMAÇÕES [http-nio-8080-exec-161] com.sun.faces.spi.InjectionProviderFactory.createInstance JSF1048: Anotações PostConstruct/PreDestroy presentes.  Os métodos ManagedBeans marcados com essas anotações informarão as anotações processadas.
18-Apr-2018 15:16:27.472 INFORMAÇÕES [http-nio-8080-exec-161] org.apache.catalina.core.StandardContext.reload Reloading Context with name [/aula_jsf_1502] is completed
18-Apr-2018 15:17:39.324 INFORMAÇÕES [http-nio-8080-exec-163] org.apache.catalina.core.StandardContext.reload Reloading Context with name [/aula_jsf_1502] has started
18-Apr-2018 15:17:39.790 INFORMAÇÕES [http-nio-8080-exec-163] com.sun.faces.config.ConfigureListener.contextInitialized Inicializando Mojarra 2.2.16 ( 20180118-0013 901a18e611bead474715a643c8f634cfa1312414) para o contexto '/aula_jsf_1502'
18-Apr-2018 15:17:39.850 INFORMAÇÕES [http-nio-8080-exec-163] com.sun.faces.spi.InjectionProviderFactory.createInstance JSF1048: Anotações PostConstruct/PreDestroy presentes.  Os métodos ManagedBeans marcados com essas anotações informarão as anotações processadas.
18-Apr-2018 15:17:40.209 INFORMAÇÕES [http-nio-8080-exec-163] org.apache.catalina.core.StandardContext.reload Reloading Context with name [/aula_jsf_1502] is completed
18-Apr-2018 15:18:38.781 INFORMAÇÕES [http-nio-8080-exec-172] org.apache.catalina.core.StandardContext.reload Reloading Context with name [/aula_jsf_1502] has started
18-Apr-2018 15:18:39.289 INFORMAÇÕES [http-nio-8080-exec-172] com.sun.faces.config.ConfigureListener.contextInitialized Inicializando Mojarra 2.2.16 ( 20180118-0013 901a18e611bead474715a643c8f634cfa1312414) para o contexto '/aula_jsf_1502'
18-Apr-2018 15:18:39.353 INFORMAÇÕES [http-nio-8080-exec-172] com.sun.faces.spi.InjectionProviderFactory.createInstance JSF1048: Anotações PostConstruct/PreDestroy presentes.  Os métodos ManagedBeans marcados com essas anotações informarão as anotações processadas.
18-Apr-2018 15:18:39.862 INFORMAÇÕES [http-nio-8080-exec-172] org.apache.catalina.core.StandardContext.reload Reloading Context with name [/aula_jsf_1502] is completed
18-Apr-2018 15:18:43.655 INFORMAÇÕES [http-nio-8080-exec-158] org.apache.catalina.startup.HostConfig.undeploy Undeploying context [/aula_jsf_1502]
18-Apr-2018 15:18:43.694 INFORMAÇÕES [http-nio-8080-exec-161] org.apache.catalina.startup.HostConfig.deployDescriptor Deploying configuration descriptor [C:\Users\04783714118\Documents\NetBeansProjects\apache-tomcat-9.0.5-windows-x64\apache-tomcat-9.0.5\conf\Catalina\localhost\aula_jsf_1502.xml]
18-Apr-2018 15:18:44.119 INFORMAÇÕES [http-nio-8080-exec-161] com.sun.faces.config.ConfigureListener.contextInitialized Inicializando Mojarra 2.2.16 ( 20180118-0013 901a18e611bead474715a643c8f634cfa1312414) para o contexto '/aula_jsf_1502'
18-Apr-2018 15:18:44.177 INFORMAÇÕES [http-nio-8080-exec-161] com.sun.faces.spi.InjectionProviderFactory.createInstance JSF1048: Anotações PostConstruct/PreDestroy presentes.  Os métodos ManagedBeans marcados com essas anotações informarão as anotações processadas.
18-Apr-2018 15:18:44.518 INFORMAÇÕES [http-nio-8080-exec-161] org.apache.catalina.startup.HostConfig.deployDescriptor Deployment of configuration descriptor [C:\Users\04783714118\Documents\NetBeansProjects\apache-tomcat-9.0.5-windows-x64\apache-tomcat-9.0.5\conf\Catalina\localhost\aula_jsf_1502.xml] has finished in [824] ms
18-Apr-2018 15:18:44.521 INFORMAÇÕES [http-nio-8080-exec-163] org.apache.catalina.util.LifecycleBase.start The start() method was called on component [StandardEngine[Catalina].StandardHost[localhost].StandardContext[/aula_jsf_1502]] after start() had already been called. The second call will be ignored.
18-Apr-2018 15:18:50.309 ADVERTÊNCIA [http-nio-8080-exec-170] com.sun.faces.lifecycle.InvokeApplicationPhase.execute #{dupla.telaMinhaDupla(usuario.entraNumaEquipe(usuario.idUsuario, dupla.idEquipePP))}: javax.el.MethodNotFoundException: /logadomain.xhtml @17,190 action="#{dupla.telaMinhaDupla(usuario.entraNumaEquipe(usuario.idUsuario, dupla.idEquipePP))}": Method not found: class mBean.beanUsuarios.entraNumaEquipe(java.lang.Integer, java.lang.Integer)
 javax.faces.FacesException: #{dupla.telaMinhaDupla(usuario.entraNumaEquipe(usuario.idUsuario, dupla.idEquipePP))}: javax.el.MethodNotFoundException: /logadomain.xhtml @17,190 action="#{dupla.telaMinhaDupla(usuario.entraNumaEquipe(usuario.idUsuario, dupla.idEquipePP))}": Method not found: class mBean.beanUsuarios.entraNumaEquipe(java.lang.Integer, java.lang.Integer)
	at com.sun.faces.application.ActionListenerImpl.processAction(ActionListenerImpl.java:110)
	at javax.faces.component.UICommand.broadcast(UICommand.java:330)
	at javax.faces.component.UIViewRoot.broadcastEvents(UIViewRoot.java:870)
	at javax.faces.component.UIViewRoot.processApplication(UIViewRoot.java:1418)
	at com.sun.faces.lifecycle.InvokeApplicationPhase.execute(InvokeApplicationPhase.java:81)
	at com.sun.faces.lifecycle.Phase.doPhase(Phase.java:101)
	at com.sun.faces.lifecycle.LifecycleImpl.execute(LifecycleImpl.java:198)
	at javax.faces.webapp.FacesServlet.service(FacesServlet.java:670)
	at org.apache.catalina.core.ApplicationFilterChain.internalDoFilter(ApplicationFilterChain.java:231)
	at org.apache.catalina.core.ApplicationFilterChain.doFilter(ApplicationFilterChain.java:166)
	at org.apache.tomcat.websocket.server.WsFilter.doFilter(WsFilter.java:53)
	at org.apache.catalina.core.ApplicationFilterChain.internalDoFilter(ApplicationFilterChain.java:193)
	at org.apache.catalina.core.ApplicationFilterChain.doFilter(ApplicationFilterChain.java:166)
	at org.apache.catalina.core.StandardWrapperValve.invoke(StandardWrapperValve.java:199)
	at org.apache.catalina.core.StandardContextValve.invoke(StandardContextValve.java:96)
	at org.apache.catalina.core.StandardHostValve.invoke(StandardHostValve.java:137)
	at org.apache.catalina.valves.ErrorReportValve.invoke(ErrorReportValve.java:81)
	at org.apache.catalina.valves.AbstractAccessLogValve.invoke(AbstractAccessLogValve.java:651)
	at org.apache.catalina.core.StandardEngineValve.invoke(StandardEngineValve.java:87)
	at org.apache.catalina.connector.CoyoteAdapter.service(CoyoteAdapter.java:342)
	at org.apache.coyote.http11.Http11Processor.service(Http11Processor.java:409)
	at org.apache.coyote.AbstractProcessorLight.process(AbstractProcessorLight.java:66)
	at org.apache.coyote.AbstractProtocol$ConnectionHandler.process(AbstractProtocol.java:754)
	at org.apache.tomcat.util.net.NioEndpoint$SocketProcessor.doRun(NioEndpoint.java:1376)
	at org.apache.tomcat.util.net.SocketProcessorBase.run(SocketProcessorBase.java:49)
	at java.util.concurrent.ThreadPoolExecutor.runWorker(ThreadPoolExecutor.java:1142)
	at java.util.concurrent.ThreadPoolExecutor$Worker.run(ThreadPoolExecutor.java:617)
	at org.apache.tomcat.util.threads.TaskThread$WrappingRunnable.run(TaskThread.java:61)
	at java.lang.Thread.run(Thread.java:748)
Caused by: javax.faces.el.MethodNotFoundException: javax.el.MethodNotFoundException: /logadomain.xhtml @17,190 action="#{dupla.telaMinhaDupla(usuario.entraNumaEquipe(usuario.idUsuario, dupla.idEquipePP))}": Method not found: class mBean.beanUsuarios.entraNumaEquipe(java.lang.Integer, java.lang.Integer)
	at javax.faces.component.MethodBindingMethodExpressionAdapter.invoke(MethodBindingMethodExpressionAdapter.java:91)
	at com.sun.faces.application.ActionListenerImpl.processAction(ActionListenerImpl.java:102)
	... 28 more
Caused by: javax.el.MethodNotFoundException: /logadomain.xhtml @17,190 action="#{dupla.telaMinhaDupla(usuario.entraNumaEquipe(usuario.idUsuario, dupla.idEquipePP))}": Method not found: class mBean.beanUsuarios.entraNumaEquipe(java.lang.Integer, java.lang.Integer)
	at com.sun.faces.facelets.el.TagMethodExpression.invoke(TagMethodExpression.java:109)
	at javax.faces.component.MethodBindingMethodExpressionAdapter.invoke(MethodBindingMethodExpressionAdapter.java:87)
	... 29 more

18-Apr-2018 15:19:14.010 INFORMAÇÕES [http-nio-8080-exec-175] org.apache.catalina.startup.HostConfig.undeploy Undeploying context [/aula_jsf_1502]
18-Apr-2018 15:19:14.030 INFORMAÇÕES [http-nio-8080-exec-180] org.apache.catalina.startup.HostConfig.deployDescriptor Deploying configuration descriptor [C:\Users\04783714118\Documents\NetBeansProjects\apache-tomcat-9.0.5-windows-x64\apache-tomcat-9.0.5\conf\Catalina\localhost\aula_jsf_1502.xml]
18-Apr-2018 15:19:14.461 INFORMAÇÕES [http-nio-8080-exec-180] com.sun.faces.config.ConfigureListener.contextInitialized Inicializando Mojarra 2.2.16 ( 20180118-0013 901a18e611bead474715a643c8f634cfa1312414) para o contexto '/aula_jsf_1502'
18-Apr-2018 15:19:14.519 INFORMAÇÕES [http-nio-8080-exec-180] com.sun.faces.spi.InjectionProviderFactory.createInstance JSF1048: Anotações PostConstruct/PreDestroy presentes.  Os métodos ManagedBeans marcados com essas anotações informarão as anotações processadas.
18-Apr-2018 15:19:14.854 INFORMAÇÕES [http-nio-8080-exec-180] org.apache.catalina.startup.HostConfig.deployDescriptor Deployment of configuration descriptor [C:\Users\04783714118\Documents\NetBeansProjects\apache-tomcat-9.0.5-windows-x64\apache-tomcat-9.0.5\conf\Catalina\localhost\aula_jsf_1502.xml] has finished in [824] ms
18-Apr-2018 15:19:14.857 INFORMAÇÕES [http-nio-8080-exec-161] org.apache.catalina.util.LifecycleBase.start The start() method was called on component [StandardEngine[Catalina].StandardHost[localhost].StandardContext[/aula_jsf_1502]] after start() had already been called. The second call will be ignored.
18-Apr-2018 15:19:19.019 GRAVE [http-nio-8080-exec-185] com.sun.faces.application.view.FaceletViewHandlingStrategy.handleRenderException Error Rendering View[/minhadupla.xhtml]
 javax.el.ELException: /minhadupla.xhtml: Property [minhadupla] not found on type [mBean.BeanDuplas]
	at com.sun.faces.facelets.compiler.TextInstruction.write(TextInstruction.java:88)
	at com.sun.faces.facelets.compiler.UIInstructions.encodeBegin(UIInstructions.java:82)
	at com.sun.faces.facelets.compiler.UILeaf.encodeAll(UILeaf.java:183)
	at javax.faces.render.Renderer.encodeChildren(Renderer.java:176)
	at javax.faces.component.UIComponentBase.encodeChildren(UIComponentBase.java:918)
	at com.sun.faces.renderkit.html_basic.HtmlBasicRenderer.encodeRecursive(HtmlBasicRenderer.java:304)
	at com.sun.faces.renderkit.html_basic.GridRenderer.renderRow(GridRenderer.java:185)
	at com.sun.faces.renderkit.html_basic.GridRenderer.encodeChildren(GridRenderer.java:129)
	at javax.faces.component.UIComponentBase.encodeChildren(UIComponentBase.java:918)
	at javax.faces.component.UIComponent.encodeAll(UIComponent.java:1905)
	at javax.faces.render.Renderer.encodeChildren(Renderer.java:176)
	at javax.faces.component.UIComponentBase.encodeChildren(UIComponentBase.java:918)
	at javax.faces.component.UIComponent.encodeAll(UIComponent.java:1905)
	at javax.faces.component.UIComponent.encodeAll(UIComponent.java:1908)
	at com.sun.faces.application.view.FaceletViewHandlingStrategy.renderView(FaceletViewHandlingStrategy.java:456)
	at com.sun.faces.application.view.MultiViewHandler.renderView(MultiViewHandler.java:134)
	at com.sun.faces.lifecycle.RenderResponsePhase.execute(RenderResponsePhase.java:120)
	at com.sun.faces.lifecycle.Phase.doPhase(Phase.java:101)
	at com.sun.faces.lifecycle.LifecycleImpl.render(LifecycleImpl.java:219)
	at javax.faces.webapp.FacesServlet.service(FacesServlet.java:671)
	at org.apache.catalina.core.ApplicationFilterChain.internalDoFilter(ApplicationFilterChain.java:231)
	at org.apache.catalina.core.ApplicationFilterChain.doFilter(ApplicationFilterChain.java:166)
	at org.apache.tomcat.websocket.server.WsFilter.doFilter(WsFilter.java:53)
	at org.apache.catalina.core.ApplicationFilterChain.internalDoFilter(ApplicationFilterChain.java:193)
	at org.apache.catalina.core.ApplicationFilterChain.doFilter(ApplicationFilterChain.java:166)
	at org.apache.catalina.core.StandardWrapperValve.invoke(StandardWrapperValve.java:199)
	at org.apache.catalina.core.StandardContextValve.invoke(StandardContextValve.java:96)
	at org.apache.catalina.core.StandardHostValve.invoke(StandardHostValve.java:137)
	at org.apache.catalina.valves.ErrorReportValve.invoke(ErrorReportValve.java:81)
	at org.apache.catalina.valves.AbstractAccessLogValve.invoke(AbstractAccessLogValve.java:651)
	at org.apache.catalina.core.StandardEngineValve.invoke(StandardEngineValve.java:87)
	at org.apache.catalina.connector.CoyoteAdapter.service(CoyoteAdapter.java:342)
	at org.apache.coyote.http11.Http11Processor.service(Http11Processor.java:409)
	at org.apache.coyote.AbstractProcessorLight.process(AbstractProcessorLight.java:66)
	at org.apache.coyote.AbstractProtocol$ConnectionHandler.process(AbstractProtocol.java:754)
	at org.apache.tomcat.util.net.NioEndpoint$SocketProcessor.doRun(NioEndpoint.java:1376)
	at org.apache.tomcat.util.net.SocketProcessorBase.run(SocketProcessorBase.java:49)
	at java.util.concurrent.ThreadPoolExecutor.runWorker(ThreadPoolExecutor.java:1142)
	at java.util.concurrent.ThreadPoolExecutor$Worker.run(ThreadPoolExecutor.java:617)
	at org.apache.tomcat.util.threads.TaskThread$WrappingRunnable.run(TaskThread.java:61)
	at java.lang.Thread.run(Thread.java:748)

18-Apr-2018 15:20:30.352 INFORMAÇÕES [http-nio-8080-exec-187] org.apache.catalina.core.StandardContext.reload Reloading Context with name [/aula_jsf_1502] has started
18-Apr-2018 15:20:30.804 INFORMAÇÕES [http-nio-8080-exec-187] com.sun.faces.config.ConfigureListener.contextInitialized Inicializando Mojarra 2.2.16 ( 20180118-0013 901a18e611bead474715a643c8f634cfa1312414) para o contexto '/aula_jsf_1502'
18-Apr-2018 15:20:30.862 INFORMAÇÕES [http-nio-8080-exec-187] com.sun.faces.spi.InjectionProviderFactory.createInstance JSF1048: Anotações PostConstruct/PreDestroy presentes.  Os métodos ManagedBeans marcados com essas anotações informarão as anotações processadas.
18-Apr-2018 15:20:31.199 INFORMAÇÕES [http-nio-8080-exec-187] org.apache.catalina.core.StandardContext.reload Reloading Context with name [/aula_jsf_1502] is completed
18-Apr-2018 15:20:34.805 INFORMAÇÕES [http-nio-8080-exec-185] org.apache.catalina.startup.HostConfig.undeploy Undeploying context [/aula_jsf_1502]
18-Apr-2018 15:20:34.825 INFORMAÇÕES [http-nio-8080-exec-186] org.apache.catalina.startup.HostConfig.deployDescriptor Deploying configuration descriptor [C:\Users\04783714118\Documents\NetBeansProjects\apache-tomcat-9.0.5-windows-x64\apache-tomcat-9.0.5\conf\Catalina\localhost\aula_jsf_1502.xml]
18-Apr-2018 15:20:35.250 INFORMAÇÕES [http-nio-8080-exec-186] com.sun.faces.config.ConfigureListener.contextInitialized Inicializando Mojarra 2.2.16 ( 20180118-0013 901a18e611bead474715a643c8f634cfa1312414) para o contexto '/aula_jsf_1502'
18-Apr-2018 15:20:35.310 INFORMAÇÕES [http-nio-8080-exec-186] com.sun.faces.spi.InjectionProviderFactory.createInstance JSF1048: Anotações PostConstruct/PreDestroy presentes.  Os métodos ManagedBeans marcados com essas anotações informarão as anotações processadas.
18-Apr-2018 15:20:35.647 INFORMAÇÕES [http-nio-8080-exec-186] org.apache.catalina.startup.HostConfig.deployDescriptor Deployment of configuration descriptor [C:\Users\04783714118\Documents\NetBeansProjects\apache-tomcat-9.0.5-windows-x64\apache-tomcat-9.0.5\conf\Catalina\localhost\aula_jsf_1502.xml] has finished in [822] ms
18-Apr-2018 15:20:35.650 INFORMAÇÕES [http-nio-8080-exec-191] org.apache.catalina.util.LifecycleBase.start The start() method was called on component [StandardEngine[Catalina].StandardHost[localhost].StandardContext[/aula_jsf_1502]] after start() had already been called. The second call will be ignored.
18-Apr-2018 15:21:18.491 INFORMAÇÕES [http-nio-8080-exec-177] org.apache.catalina.core.StandardContext.reload Reloading Context with name [/aula_jsf_1502] has started
18-Apr-2018 15:21:18.924 INFORMAÇÕES [http-nio-8080-exec-177] com.sun.faces.config.ConfigureListener.contextInitialized Inicializando Mojarra 2.2.16 ( 20180118-0013 901a18e611bead474715a643c8f634cfa1312414) para o contexto '/aula_jsf_1502'
18-Apr-2018 15:21:18.986 INFORMAÇÕES [http-nio-8080-exec-177] com.sun.faces.spi.InjectionProviderFactory.createInstance JSF1048: Anotações PostConstruct/PreDestroy presentes.  Os métodos ManagedBeans marcados com essas anotações informarão as anotações processadas.
18-Apr-2018 15:21:19.366 INFORMAÇÕES [http-nio-8080-exec-177] org.apache.catalina.core.StandardContext.reload Reloading Context with name [/aula_jsf_1502] is completed
18-Apr-2018 15:21:21.685 INFORMAÇÕES [http-nio-8080-exec-193] org.apache.catalina.startup.HostConfig.undeploy Undeploying context [/aula_jsf_1502]
18-Apr-2018 15:21:21.710 INFORMAÇÕES [http-nio-8080-exec-194] org.apache.catalina.startup.HostConfig.deployDescriptor Deploying configuration descriptor [C:\Users\04783714118\Documents\NetBeansProjects\apache-tomcat-9.0.5-windows-x64\apache-tomcat-9.0.5\conf\Catalina\localhost\aula_jsf_1502.xml]
18-Apr-2018 15:21:22.155 INFORMAÇÕES [http-nio-8080-exec-194] com.sun.faces.config.ConfigureListener.contextInitialized Inicializando Mojarra 2.2.16 ( 20180118-0013 901a18e611bead474715a643c8f634cfa1312414) para o contexto '/aula_jsf_1502'
18-Apr-2018 15:21:22.218 INFORMAÇÕES [http-nio-8080-exec-194] com.sun.faces.spi.InjectionProviderFactory.createInstance JSF1048: Anotações PostConstruct/PreDestroy presentes.  Os métodos ManagedBeans marcados com essas anotações informarão as anotações processadas.
18-Apr-2018 15:21:22.574 INFORMAÇÕES [http-nio-8080-exec-194] org.apache.catalina.startup.HostConfig.deployDescriptor Deployment of configuration descriptor [C:\Users\04783714118\Documents\NetBeansProjects\apache-tomcat-9.0.5-windows-x64\apache-tomcat-9.0.5\conf\Catalina\localhost\aula_jsf_1502.xml] has finished in [863] ms
18-Apr-2018 15:21:22.577 INFORMAÇÕES [http-nio-8080-exec-197] org.apache.catalina.util.LifecycleBase.start The start() method was called on component [StandardEngine[Catalina].StandardHost[localhost].StandardContext[/aula_jsf_1502]] after start() had already been called. The second call will be ignored.
18-Apr-2018 15:33:27.638 INFORMAÇÕES [http-nio-8080-exec-206] org.apache.catalina.core.StandardContext.reload Reloading Context with name [/aula_jsf_1502] has started
18-Apr-2018 15:33:28.197 INFORMAÇÕES [http-nio-8080-exec-206] com.sun.faces.config.ConfigureListener.contextInitialized Inicializando Mojarra 2.2.16 ( 20180118-0013 901a18e611bead474715a643c8f634cfa1312414) para o contexto '/aula_jsf_1502'
18-Apr-2018 15:33:28.262 INFORMAÇÕES [http-nio-8080-exec-206] com.sun.faces.spi.InjectionProviderFactory.createInstance JSF1048: Anotações PostConstruct/PreDestroy presentes.  Os métodos ManagedBeans marcados com essas anotações informarão as anotações processadas.
18-Apr-2018 15:33:28.636 INFORMAÇÕES [http-nio-8080-exec-206] org.apache.catalina.core.StandardContext.reload Reloading Context with name [/aula_jsf_1502] is completed
18-Apr-2018 15:33:36.681 INFORMAÇÕES [http-nio-8080-exec-203] org.apache.catalina.core.StandardContext.reload Reloading Context with name [/aula_jsf_1502] has started
18-Apr-2018 15:33:37.138 INFORMAÇÕES [http-nio-8080-exec-203] com.sun.faces.config.ConfigureListener.contextInitialized Inicializando Mojarra 2.2.16 ( 20180118-0013 901a18e611bead474715a643c8f634cfa1312414) para o contexto '/aula_jsf_1502'
18-Apr-2018 15:33:37.200 INFORMAÇÕES [http-nio-8080-exec-203] com.sun.faces.spi.InjectionProviderFactory.createInstance JSF1048: Anotações PostConstruct/PreDestroy presentes.  Os métodos ManagedBeans marcados com essas anotações informarão as anotações processadas.
18-Apr-2018 15:33:37.549 INFORMAÇÕES [http-nio-8080-exec-203] org.apache.catalina.core.StandardContext.reload Reloading Context with name [/aula_jsf_1502] is completed
18-Apr-2018 15:33:44.041 INFORMAÇÕES [http-nio-8080-exec-205] org.apache.catalina.startup.HostConfig.undeploy Undeploying context [/aula_jsf_1502]
18-Apr-2018 15:33:44.060 INFORMAÇÕES [http-nio-8080-exec-212] org.apache.catalina.startup.HostConfig.deployDescriptor Deploying configuration descriptor [C:\Users\04783714118\Documents\NetBeansProjects\apache-tomcat-9.0.5-windows-x64\apache-tomcat-9.0.5\conf\Catalina\localhost\aula_jsf_1502.xml]
18-Apr-2018 15:33:44.507 INFORMAÇÕES [http-nio-8080-exec-212] com.sun.faces.config.ConfigureListener.contextInitialized Inicializando Mojarra 2.2.16 ( 20180118-0013 901a18e611bead474715a643c8f634cfa1312414) para o contexto '/aula_jsf_1502'
18-Apr-2018 15:33:44.570 INFORMAÇÕES [http-nio-8080-exec-212] com.sun.faces.spi.InjectionProviderFactory.createInstance JSF1048: Anotações PostConstruct/PreDestroy presentes.  Os métodos ManagedBeans marcados com essas anotações informarão as anotações processadas.
18-Apr-2018 15:33:44.931 INFORMAÇÕES [http-nio-8080-exec-212] org.apache.catalina.startup.HostConfig.deployDescriptor Deployment of configuration descriptor [C:\Users\04783714118\Documents\NetBeansProjects\apache-tomcat-9.0.5-windows-x64\apache-tomcat-9.0.5\conf\Catalina\localhost\aula_jsf_1502.xml] has finished in [871] ms
18-Apr-2018 15:33:44.933 INFORMAÇÕES [http-nio-8080-exec-213] org.apache.catalina.util.LifecycleBase.start The start() method was called on component [StandardEngine[Catalina].StandardHost[localhost].StandardContext[/aula_jsf_1502]] after start() had already been called. The second call will be ignored.
18-Apr-2018 15:34:40.991 INFORMAÇÕES [http-nio-8080-exec-221] org.apache.catalina.core.StandardContext.reload Reloading Context with name [/aula_jsf_1502] has started
18-Apr-2018 15:34:41.489 INFORMAÇÕES [http-nio-8080-exec-221] com.sun.faces.config.ConfigureListener.contextInitialized Inicializando Mojarra 2.2.16 ( 20180118-0013 901a18e611bead474715a643c8f634cfa1312414) para o contexto '/aula_jsf_1502'
18-Apr-2018 15:34:41.549 INFORMAÇÕES [http-nio-8080-exec-221] com.sun.faces.spi.InjectionProviderFactory.createInstance JSF1048: Anotações PostConstruct/PreDestroy presentes.  Os métodos ManagedBeans marcados com essas anotações informarão as anotações processadas.
18-Apr-2018 15:34:41.905 INFORMAÇÕES [http-nio-8080-exec-221] org.apache.catalina.core.StandardContext.reload Reloading Context with name [/aula_jsf_1502] is completed
18-Apr-2018 15:34:58.111 INFORMAÇÕES [http-nio-8080-exec-215] org.apache.catalina.startup.HostConfig.undeploy Undeploying context [/aula_jsf_1502]
18-Apr-2018 15:34:58.137 INFORMAÇÕES [http-nio-8080-exec-217] org.apache.catalina.startup.HostConfig.deployDescriptor Deploying configuration descriptor [C:\Users\04783714118\Documents\NetBeansProjects\apache-tomcat-9.0.5-windows-x64\apache-tomcat-9.0.5\conf\Catalina\localhost\aula_jsf_1502.xml]
18-Apr-2018 15:34:58.608 INFORMAÇÕES [http-nio-8080-exec-217] com.sun.faces.config.ConfigureListener.contextInitialized Inicializando Mojarra 2.2.16 ( 20180118-0013 901a18e611bead474715a643c8f634cfa1312414) para o contexto '/aula_jsf_1502'
18-Apr-2018 15:34:58.674 INFORMAÇÕES [http-nio-8080-exec-217] com.sun.faces.spi.InjectionProviderFactory.createInstance JSF1048: Anotações PostConstruct/PreDestroy presentes.  Os métodos ManagedBeans marcados com essas anotações informarão as anotações processadas.
18-Apr-2018 15:34:59.025 INFORMAÇÕES [http-nio-8080-exec-217] org.apache.catalina.startup.HostConfig.deployDescriptor Deployment of configuration descriptor [C:\Users\04783714118\Documents\NetBeansProjects\apache-tomcat-9.0.5-windows-x64\apache-tomcat-9.0.5\conf\Catalina\localhost\aula_jsf_1502.xml] has finished in [888] ms
18-Apr-2018 15:34:59.027 INFORMAÇÕES [http-nio-8080-exec-208] org.apache.catalina.util.LifecycleBase.start The start() method was called on component [StandardEngine[Catalina].StandardHost[localhost].StandardContext[/aula_jsf_1502]] after start() had already been called. The second call will be ignored.
18-Apr-2018 15:35:39.149 INFORMAÇÕES [http-nio-8080-exec-232] org.apache.catalina.core.StandardContext.reload Reloading Context with name [/aula_jsf_1502] has started
18-Apr-2018 15:35:39.606 INFORMAÇÕES [http-nio-8080-exec-232] com.sun.faces.config.ConfigureListener.contextInitialized Inicializando Mojarra 2.2.16 ( 20180118-0013 901a18e611bead474715a643c8f634cfa1312414) para o contexto '/aula_jsf_1502'
18-Apr-2018 15:35:39.665 INFORMAÇÕES [http-nio-8080-exec-232] com.sun.faces.spi.InjectionProviderFactory.createInstance JSF1048: Anotações PostConstruct/PreDestroy presentes.  Os métodos ManagedBeans marcados com essas anotações informarão as anotações processadas.
18-Apr-2018 15:35:40.027 INFORMAÇÕES [http-nio-8080-exec-232] org.apache.catalina.core.StandardContext.reload Reloading Context with name [/aula_jsf_1502] is completed
18-Apr-2018 15:35:43.905 INFORMAÇÕES [http-nio-8080-exec-219] org.apache.catalina.startup.HostConfig.undeploy Undeploying context [/aula_jsf_1502]
18-Apr-2018 15:35:43.925 INFORMAÇÕES [http-nio-8080-exec-227] org.apache.catalina.startup.HostConfig.deployDescriptor Deploying configuration descriptor [C:\Users\04783714118\Documents\NetBeansProjects\apache-tomcat-9.0.5-windows-x64\apache-tomcat-9.0.5\conf\Catalina\localhost\aula_jsf_1502.xml]
18-Apr-2018 15:35:44.458 INFORMAÇÕES [http-nio-8080-exec-227] com.sun.faces.config.ConfigureListener.contextInitialized Inicializando Mojarra 2.2.16 ( 20180118-0013 901a18e611bead474715a643c8f634cfa1312414) para o contexto '/aula_jsf_1502'
18-Apr-2018 15:35:44.524 INFORMAÇÕES [http-nio-8080-exec-227] com.sun.faces.spi.InjectionProviderFactory.createInstance JSF1048: Anotações PostConstruct/PreDestroy presentes.  Os métodos ManagedBeans marcados com essas anotações informarão as anotações processadas.
18-Apr-2018 15:35:44.867 INFORMAÇÕES [http-nio-8080-exec-227] org.apache.catalina.startup.HostConfig.deployDescriptor Deployment of configuration descriptor [C:\Users\04783714118\Documents\NetBeansProjects\apache-tomcat-9.0.5-windows-x64\apache-tomcat-9.0.5\conf\Catalina\localhost\aula_jsf_1502.xml] has finished in [942] ms
18-Apr-2018 15:35:44.871 INFORMAÇÕES [http-nio-8080-exec-230] org.apache.catalina.util.LifecycleBase.start The start() method was called on component [StandardEngine[Catalina].StandardHost[localhost].StandardContext[/aula_jsf_1502]] after start() had already been called. The second call will be ignored.
18-Apr-2018 15:36:34.054 INFORMAÇÕES [http-nio-8080-exec-235] org.apache.catalina.core.StandardContext.reload Reloading Context with name [/aula_jsf_1502] has started
18-Apr-2018 15:36:34.525 INFORMAÇÕES [http-nio-8080-exec-235] com.sun.faces.config.ConfigureListener.contextInitialized Inicializando Mojarra 2.2.16 ( 20180118-0013 901a18e611bead474715a643c8f634cfa1312414) para o contexto '/aula_jsf_1502'
18-Apr-2018 15:36:34.584 INFORMAÇÕES [http-nio-8080-exec-235] com.sun.faces.spi.InjectionProviderFactory.createInstance JSF1048: Anotações PostConstruct/PreDestroy presentes.  Os métodos ManagedBeans marcados com essas anotações informarão as anotações processadas.
18-Apr-2018 15:36:34.972 INFORMAÇÕES [http-nio-8080-exec-235] org.apache.catalina.core.StandardContext.reload Reloading Context with name [/aula_jsf_1502] is completed
18-Apr-2018 15:36:35.489 INFORMAÇÕES [http-nio-8080-exec-234] org.apache.catalina.startup.HostConfig.undeploy Undeploying context [/aula_jsf_1502]
18-Apr-2018 15:36:35.512 INFORMAÇÕES [http-nio-8080-exec-230] org.apache.catalina.startup.HostConfig.deployDescriptor Deploying configuration descriptor [C:\Users\04783714118\Documents\NetBeansProjects\apache-tomcat-9.0.5-windows-x64\apache-tomcat-9.0.5\conf\Catalina\localhost\aula_jsf_1502.xml]
18-Apr-2018 15:36:35.938 INFORMAÇÕES [http-nio-8080-exec-230] com.sun.faces.config.ConfigureListener.contextInitialized Inicializando Mojarra 2.2.16 ( 20180118-0013 901a18e611bead474715a643c8f634cfa1312414) para o contexto '/aula_jsf_1502'
18-Apr-2018 15:36:35.995 INFORMAÇÕES [http-nio-8080-exec-230] com.sun.faces.spi.InjectionProviderFactory.createInstance JSF1048: Anotações PostConstruct/PreDestroy presentes.  Os métodos ManagedBeans marcados com essas anotações informarão as anotações processadas.
18-Apr-2018 15:36:36.338 INFORMAÇÕES [http-nio-8080-exec-230] org.apache.catalina.startup.HostConfig.deployDescriptor Deployment of configuration descriptor [C:\Users\04783714118\Documents\NetBeansProjects\apache-tomcat-9.0.5-windows-x64\apache-tomcat-9.0.5\conf\Catalina\localhost\aula_jsf_1502.xml] has finished in [825] ms
18-Apr-2018 15:36:36.340 INFORMAÇÕES [http-nio-8080-exec-237] org.apache.catalina.util.LifecycleBase.start The start() method was called on component [StandardEngine[Catalina].StandardHost[localhost].StandardContext[/aula_jsf_1502]] after start() had already been called. The second call will be ignored.
18-Apr-2018 15:36:59.923 INFORMAÇÕES [http-nio-8080-exec-238] org.apache.catalina.core.StandardContext.reload Reloading Context with name [/aula_jsf_1502] has started
18-Apr-2018 15:37:00.454 INFORMAÇÕES [http-nio-8080-exec-238] com.sun.faces.config.ConfigureListener.contextInitialized Inicializando Mojarra 2.2.16 ( 20180118-0013 901a18e611bead474715a643c8f634cfa1312414) para o contexto '/aula_jsf_1502'
18-Apr-2018 15:37:00.515 INFORMAÇÕES [http-nio-8080-exec-238] com.sun.faces.spi.InjectionProviderFactory.createInstance JSF1048: Anotações PostConstruct/PreDestroy presentes.  Os métodos ManagedBeans marcados com essas anotações informarão as anotações processadas.
18-Apr-2018 15:37:00.865 INFORMAÇÕES [http-nio-8080-exec-238] org.apache.catalina.core.StandardContext.reload Reloading Context with name [/aula_jsf_1502] is completed
18-Apr-2018 15:37:01.379 INFORMAÇÕES [http-nio-8080-exec-247] org.apache.catalina.startup.HostConfig.undeploy Undeploying context [/aula_jsf_1502]
18-Apr-2018 15:37:01.399 INFORMAÇÕES [http-nio-8080-exec-243] org.apache.catalina.startup.HostConfig.deployDescriptor Deploying configuration descriptor [C:\Users\04783714118\Documents\NetBeansProjects\apache-tomcat-9.0.5-windows-x64\apache-tomcat-9.0.5\conf\Catalina\localhost\aula_jsf_1502.xml]
18-Apr-2018 15:37:01.888 INFORMAÇÕES [http-nio-8080-exec-243] com.sun.faces.config.ConfigureListener.contextInitialized Inicializando Mojarra 2.2.16 ( 20180118-0013 901a18e611bead474715a643c8f634cfa1312414) para o contexto '/aula_jsf_1502'
18-Apr-2018 15:37:01.951 INFORMAÇÕES [http-nio-8080-exec-243] com.sun.faces.spi.InjectionProviderFactory.createInstance JSF1048: Anotações PostConstruct/PreDestroy presentes.  Os métodos ManagedBeans marcados com essas anotações informarão as anotações processadas.
18-Apr-2018 15:37:02.297 INFORMAÇÕES [http-nio-8080-exec-243] org.apache.catalina.startup.HostConfig.deployDescriptor Deployment of configuration descriptor [C:\Users\04783714118\Documents\NetBeansProjects\apache-tomcat-9.0.5-windows-x64\apache-tomcat-9.0.5\conf\Catalina\localhost\aula_jsf_1502.xml] has finished in [898] ms
18-Apr-2018 15:37:02.300 INFORMAÇÕES [http-nio-8080-exec-246] org.apache.catalina.util.LifecycleBase.start The start() method was called on component [StandardEngine[Catalina].StandardHost[localhost].StandardContext[/aula_jsf_1502]] after start() had already been called. The second call will be ignored.
18-Apr-2018 15:38:08.844 INFORMAÇÕES [http-nio-8080-exec-251] org.apache.catalina.core.StandardContext.reload Reloading Context with name [/aula_jsf_1502] has started
18-Apr-2018 15:38:09.313 INFORMAÇÕES [http-nio-8080-exec-251] com.sun.faces.config.ConfigureListener.contextInitialized Inicializando Mojarra 2.2.16 ( 20180118-0013 901a18e611bead474715a643c8f634cfa1312414) para o contexto '/aula_jsf_1502'
18-Apr-2018 15:38:09.371 INFORMAÇÕES [http-nio-8080-exec-251] com.sun.faces.spi.InjectionProviderFactory.createInstance JSF1048: Anotações PostConstruct/PreDestroy presentes.  Os métodos ManagedBeans marcados com essas anotações informarão as anotações processadas.
18-Apr-2018 15:38:09.769 INFORMAÇÕES [http-nio-8080-exec-251] org.apache.catalina.core.StandardContext.reload Reloading Context with name [/aula_jsf_1502] is completed
18-Apr-2018 15:40:39.895 INFORMAÇÕES [http-nio-8080-exec-230] org.apache.catalina.core.StandardContext.reload Reloading Context with name [/aula_jsf_1502] has started
18-Apr-2018 15:40:40.355 INFORMAÇÕES [http-nio-8080-exec-230] com.sun.faces.config.ConfigureListener.contextInitialized Inicializando Mojarra 2.2.16 ( 20180118-0013 901a18e611bead474715a643c8f634cfa1312414) para o contexto '/aula_jsf_1502'
18-Apr-2018 15:40:40.414 INFORMAÇÕES [http-nio-8080-exec-230] com.sun.faces.spi.InjectionProviderFactory.createInstance JSF1048: Anotações PostConstruct/PreDestroy presentes.  Os métodos ManagedBeans marcados com essas anotações informarão as anotações processadas.
18-Apr-2018 15:40:40.758 INFORMAÇÕES [http-nio-8080-exec-230] org.apache.catalina.core.StandardContext.reload Reloading Context with name [/aula_jsf_1502] is completed
18-Apr-2018 15:41:01.302 INFORMAÇÕES [http-nio-8080-exec-254] org.apache.catalina.startup.HostConfig.undeploy Undeploying context [/aula_jsf_1502]
18-Apr-2018 15:41:01.322 INFORMAÇÕES [http-nio-8080-exec-257] org.apache.catalina.startup.HostConfig.deployDescriptor Deploying configuration descriptor [C:\Users\04783714118\Documents\NetBeansProjects\apache-tomcat-9.0.5-windows-x64\apache-tomcat-9.0.5\conf\Catalina\localhost\aula_jsf_1502.xml]
18-Apr-2018 15:41:01.750 INFORMAÇÕES [http-nio-8080-exec-257] com.sun.faces.config.ConfigureListener.contextInitialized Inicializando Mojarra 2.2.16 ( 20180118-0013 901a18e611bead474715a643c8f634cfa1312414) para o contexto '/aula_jsf_1502'
18-Apr-2018 15:41:01.808 INFORMAÇÕES [http-nio-8080-exec-257] com.sun.faces.spi.InjectionProviderFactory.createInstance JSF1048: Anotações PostConstruct/PreDestroy presentes.  Os métodos ManagedBeans marcados com essas anotações informarão as anotações processadas.
18-Apr-2018 15:41:02.152 INFORMAÇÕES [http-nio-8080-exec-257] org.apache.catalina.startup.HostConfig.deployDescriptor Deployment of configuration descriptor [C:\Users\04783714118\Documents\NetBeansProjects\apache-tomcat-9.0.5-windows-x64\apache-tomcat-9.0.5\conf\Catalina\localhost\aula_jsf_1502.xml] has finished in [830] ms
18-Apr-2018 15:41:02.155 INFORMAÇÕES [http-nio-8080-exec-258] org.apache.catalina.util.LifecycleBase.start The start() method was called on component [StandardEngine[Catalina].StandardHost[localhost].StandardContext[/aula_jsf_1502]] after start() had already been called. The second call will be ignored.
18-Apr-2018 15:41:35.392 INFORMAÇÕES [http-nio-8080-exec-248] org.apache.catalina.core.StandardContext.reload Reloading Context with name [/aula_jsf_1502] has started
18-Apr-2018 15:41:35.881 INFORMAÇÕES [http-nio-8080-exec-248] com.sun.faces.config.ConfigureListener.contextInitialized Inicializando Mojarra 2.2.16 ( 20180118-0013 901a18e611bead474715a643c8f634cfa1312414) para o contexto '/aula_jsf_1502'
18-Apr-2018 15:41:35.942 INFORMAÇÕES [http-nio-8080-exec-248] com.sun.faces.spi.InjectionProviderFactory.createInstance JSF1048: Anotações PostConstruct/PreDestroy presentes.  Os métodos ManagedBeans marcados com essas anotações informarão as anotações processadas.
18-Apr-2018 15:41:36.283 INFORMAÇÕES [http-nio-8080-exec-248] org.apache.catalina.core.StandardContext.reload Reloading Context with name [/aula_jsf_1502] is completed
18-Apr-2018 15:43:08.918 INFORMAÇÕES [http-nio-8080-exec-262] org.apache.catalina.core.StandardContext.reload Reloading Context with name [/aula_jsf_1502] has started
18-Apr-2018 15:43:09.443 INFORMAÇÕES [http-nio-8080-exec-262] com.sun.faces.config.ConfigureListener.contextInitialized Inicializando Mojarra 2.2.16 ( 20180118-0013 901a18e611bead474715a643c8f634cfa1312414) para o contexto '/aula_jsf_1502'
18-Apr-2018 15:43:09.507 INFORMAÇÕES [http-nio-8080-exec-262] com.sun.faces.spi.InjectionProviderFactory.createInstance JSF1048: Anotações PostConstruct/PreDestroy presentes.  Os métodos ManagedBeans marcados com essas anotações informarão as anotações processadas.
18-Apr-2018 15:43:09.872 INFORMAÇÕES [http-nio-8080-exec-262] org.apache.catalina.core.StandardContext.reload Reloading Context with name [/aula_jsf_1502] is completed
18-Apr-2018 15:49:48.602 INFORMAÇÕES [main] org.apache.catalina.core.StandardServer.await A valid shutdown command was received via the shutdown port. Stopping the Server instance.
18-Apr-2018 15:49:48.603 INFORMAÇÕES [main] org.apache.coyote.AbstractProtocol.pause Pausing ProtocolHandler ["http-nio-8080"]
18-Apr-2018 15:49:48.696 INFORMAÇÕES [main] org.apache.coyote.AbstractProtocol.pause Pausing ProtocolHandler ["ajp-nio-8009"]
18-Apr-2018 15:49:48.782 INFORMAÇÕES [main] org.apache.catalina.core.StandardService.stopInternal Stopping service [Catalina]
18-Apr-2018 15:49:48.802 INFORMAÇÕES [main] org.apache.coyote.AbstractProtocol.stop Stopping ProtocolHandler ["http-nio-8080"]
18-Apr-2018 15:49:48.804 INFORMAÇÕES [main] org.apache.coyote.AbstractProtocol.stop Stopping ProtocolHandler ["ajp-nio-8009"]
18-Apr-2018 15:49:48.806 INFORMAÇÕES [main] org.apache.coyote.AbstractProtocol.destroy Destroying ProtocolHandler ["http-nio-8080"]
18-Apr-2018 15:49:48.807 INFORMAÇÕES [main] org.apache.coyote.AbstractProtocol.destroy Destroying ProtocolHandler ["ajp-nio-8009"]
