27-Mar-2018 14:19:30.538 INFORMAÇÕES [main] org.apache.catalina.startup.VersionLoggerListener.log Server version:        Apache Tomcat/9.0.5
27-Mar-2018 14:19:30.538 INFORMAÇÕES [main] org.apache.catalina.startup.VersionLoggerListener.log Server built:          Feb 6 2018 21:42:23 UTC
27-Mar-2018 14:19:30.554 INFORMAÇÕES [main] org.apache.catalina.startup.VersionLoggerListener.log Server number:         9.0.5.0
27-Mar-2018 14:19:30.554 INFORMAÇÕES [main] org.apache.catalina.startup.VersionLoggerListener.log OS Name:               Windows 10
27-Mar-2018 14:19:30.554 INFORMAÇÕES [main] org.apache.catalina.startup.VersionLoggerListener.log OS Version:            10.0
27-Mar-2018 14:19:30.554 INFORMAÇÕES [main] org.apache.catalina.startup.VersionLoggerListener.log Architecture:          amd64
27-Mar-2018 14:19:30.554 INFORMAÇÕES [main] org.apache.catalina.startup.VersionLoggerListener.log Java Home:             C:\Program Files\Java\jdk1.8.0_131\jre
27-Mar-2018 14:19:30.554 INFORMAÇÕES [main] org.apache.catalina.startup.VersionLoggerListener.log JVM Version:           1.8.0_131-b11
27-Mar-2018 14:19:30.554 INFORMAÇÕES [main] org.apache.catalina.startup.VersionLoggerListener.log JVM Vendor:            Oracle Corporation
27-Mar-2018 14:19:30.554 INFORMAÇÕES [main] org.apache.catalina.startup.VersionLoggerListener.log CATALINA_BASE:         C:\Users\04783714118\Documents\NetBeansProjects\apache-tomcat-9.0.5-windows-x64\apache-tomcat-9.0.5
27-Mar-2018 14:19:30.554 INFORMAÇÕES [main] org.apache.catalina.startup.VersionLoggerListener.log CATALINA_HOME:         C:\Users\04783714118\Documents\NetBeansProjects\apache-tomcat-9.0.5-windows-x64\apache-tomcat-9.0.5
27-Mar-2018 14:19:30.554 INFORMAÇÕES [main] org.apache.catalina.startup.VersionLoggerListener.log Command line argument: -Djava.util.logging.config.file=C:\Users\04783714118\Documents\NetBeansProjects\apache-tomcat-9.0.5-windows-x64\apache-tomcat-9.0.5\conf\logging.properties
27-Mar-2018 14:19:30.554 INFORMAÇÕES [main] org.apache.catalina.startup.VersionLoggerListener.log Command line argument: -Djava.util.logging.manager=org.apache.juli.ClassLoaderLogManager
27-Mar-2018 14:19:30.554 INFORMAÇÕES [main] org.apache.catalina.startup.VersionLoggerListener.log Command line argument: -Dhttp.nonProxyHosts=localhost|127.0.0.1|c430761
27-Mar-2018 14:19:30.554 INFORMAÇÕES [main] org.apache.catalina.startup.VersionLoggerListener.log Command line argument: -Djdk.tls.ephemeralDHKeySize=2048
27-Mar-2018 14:19:30.554 INFORMAÇÕES [main] org.apache.catalina.startup.VersionLoggerListener.log Command line argument: -Djava.protocol.handler.pkgs=org.apache.catalina.webresources
27-Mar-2018 14:19:30.554 INFORMAÇÕES [main] org.apache.catalina.startup.VersionLoggerListener.log Command line argument: -Dignore.endorsed.dirs=
27-Mar-2018 14:19:30.554 INFORMAÇÕES [main] org.apache.catalina.startup.VersionLoggerListener.log Command line argument: -Dcatalina.base=C:\Users\04783714118\Documents\NetBeansProjects\apache-tomcat-9.0.5-windows-x64\apache-tomcat-9.0.5
27-Mar-2018 14:19:30.554 INFORMAÇÕES [main] org.apache.catalina.startup.VersionLoggerListener.log Command line argument: -Dcatalina.home=C:\Users\04783714118\Documents\NetBeansProjects\apache-tomcat-9.0.5-windows-x64\apache-tomcat-9.0.5
27-Mar-2018 14:19:30.554 INFORMAÇÕES [main] org.apache.catalina.startup.VersionLoggerListener.log Command line argument: -Djava.io.tmpdir=C:\Users\04783714118\Documents\NetBeansProjects\apache-tomcat-9.0.5-windows-x64\apache-tomcat-9.0.5\temp
27-Mar-2018 14:19:30.554 INFORMAÇÕES [main] org.apache.catalina.core.AprLifecycleListener.lifecycleEvent Loaded APR based Apache Tomcat Native library [1.2.16] using APR version [1.6.3].
27-Mar-2018 14:19:30.554 INFORMAÇÕES [main] org.apache.catalina.core.AprLifecycleListener.lifecycleEvent APR capabilities: IPv6 [true], sendfile [true], accept filters [false], random [true].
27-Mar-2018 14:19:30.554 INFORMAÇÕES [main] org.apache.catalina.core.AprLifecycleListener.lifecycleEvent APR/OpenSSL configuration: useAprConnector [false], useOpenSSL [true]
27-Mar-2018 14:19:31.273 INFORMAÇÕES [main] org.apache.catalina.core.AprLifecycleListener.initializeSSL OpenSSL successfully initialized [OpenSSL 1.0.2m  2 Nov 2017]
27-Mar-2018 14:19:31.382 INFORMAÇÕES [main] org.apache.coyote.AbstractProtocol.init Initializing ProtocolHandler ["http-nio-8080"]
27-Mar-2018 14:19:31.460 INFORMAÇÕES [main] org.apache.tomcat.util.net.NioSelectorPool.getSharedSelector Using a shared selector for servlet write/read
27-Mar-2018 14:19:31.476 INFORMAÇÕES [main] org.apache.coyote.AbstractProtocol.init Initializing ProtocolHandler ["ajp-nio-8009"]
27-Mar-2018 14:19:31.476 INFORMAÇÕES [main] org.apache.tomcat.util.net.NioSelectorPool.getSharedSelector Using a shared selector for servlet write/read
27-Mar-2018 14:19:31.476 INFORMAÇÕES [main] org.apache.catalina.startup.Catalina.load Initialization processed in 1282 ms
27-Mar-2018 14:19:31.507 INFORMAÇÕES [main] org.apache.catalina.core.StandardService.startInternal Starting service [Catalina]
27-Mar-2018 14:19:31.507 INFORMAÇÕES [main] org.apache.catalina.core.StandardEngine.startInternal Starting Servlet Engine: Apache Tomcat/9.0.5
27-Mar-2018 14:19:31.507 INFORMAÇÕES [main] org.apache.catalina.startup.HostConfig.deployDescriptor Deploying configuration descriptor [C:\Users\04783714118\Documents\NetBeansProjects\apache-tomcat-9.0.5-windows-x64\apache-tomcat-9.0.5\conf\Catalina\localhost\aula_jsf_1502.xml]
27-Mar-2018 14:19:53.654 INFORMAÇÕES [main] org.apache.jasper.servlet.TldScanner.scanJars At least one JAR was scanned for TLDs yet contained no TLDs. Enable debug logging for this logger for a complete list of JARs that were scanned but no TLDs were found in them. Skipping unneeded JARs during scanning can improve startup time and JSP compilation time.
27-Mar-2018 14:19:53.827 INFORMAÇÕES [main] com.sun.faces.config.ConfigureListener.contextInitialized Inicializando Mojarra 2.2.16 ( 20180118-0013 901a18e611bead474715a643c8f634cfa1312414) para o contexto '/aula_jsf_1502'
27-Mar-2018 14:19:54.050 INFORMAÇÕES [main] com.sun.faces.spi.InjectionProviderFactory.createInstance JSF1048: Anotações PostConstruct/PreDestroy presentes.  Os métodos ManagedBeans marcados com essas anotações informarão as anotações processadas.
27-Mar-2018 14:19:54.743 INFORMAÇÕES [main] org.apache.catalina.startup.HostConfig.deployDescriptor Deployment of configuration descriptor [C:\Users\04783714118\Documents\NetBeansProjects\apache-tomcat-9.0.5-windows-x64\apache-tomcat-9.0.5\conf\Catalina\localhost\aula_jsf_1502.xml] has finished in [23,235] ms
27-Mar-2018 14:19:54.744 INFORMAÇÕES [main] org.apache.catalina.startup.HostConfig.deployDirectory Deploying web application directory [C:\Users\04783714118\Documents\NetBeansProjects\apache-tomcat-9.0.5-windows-x64\apache-tomcat-9.0.5\webapps\docs]
27-Mar-2018 14:19:54.771 INFORMAÇÕES [main] org.apache.catalina.startup.HostConfig.deployDirectory Deployment of web application directory [C:\Users\04783714118\Documents\NetBeansProjects\apache-tomcat-9.0.5-windows-x64\apache-tomcat-9.0.5\webapps\docs] has finished in [27] ms
27-Mar-2018 14:19:54.771 INFORMAÇÕES [main] org.apache.catalina.startup.HostConfig.deployDirectory Deploying web application directory [C:\Users\04783714118\Documents\NetBeansProjects\apache-tomcat-9.0.5-windows-x64\apache-tomcat-9.0.5\webapps\examples]
27-Mar-2018 14:19:56.024 INFORMAÇÕES [main] org.apache.catalina.startup.HostConfig.deployDirectory Deployment of web application directory [C:\Users\04783714118\Documents\NetBeansProjects\apache-tomcat-9.0.5-windows-x64\apache-tomcat-9.0.5\webapps\examples] has finished in [1,253] ms
27-Mar-2018 14:19:56.024 INFORMAÇÕES [main] org.apache.catalina.startup.HostConfig.deployDirectory Deploying web application directory [C:\Users\04783714118\Documents\NetBeansProjects\apache-tomcat-9.0.5-windows-x64\apache-tomcat-9.0.5\webapps\host-manager]
27-Mar-2018 14:19:56.061 INFORMAÇÕES [main] org.apache.catalina.startup.HostConfig.deployDirectory Deployment of web application directory [C:\Users\04783714118\Documents\NetBeansProjects\apache-tomcat-9.0.5-windows-x64\apache-tomcat-9.0.5\webapps\host-manager] has finished in [37] ms
27-Mar-2018 14:19:56.061 INFORMAÇÕES [main] org.apache.catalina.startup.HostConfig.deployDirectory Deploying web application directory [C:\Users\04783714118\Documents\NetBeansProjects\apache-tomcat-9.0.5-windows-x64\apache-tomcat-9.0.5\webapps\manager]
27-Mar-2018 14:19:56.091 INFORMAÇÕES [main] org.apache.catalina.startup.HostConfig.deployDirectory Deployment of web application directory [C:\Users\04783714118\Documents\NetBeansProjects\apache-tomcat-9.0.5-windows-x64\apache-tomcat-9.0.5\webapps\manager] has finished in [30] ms
27-Mar-2018 14:19:56.092 INFORMAÇÕES [main] org.apache.catalina.startup.HostConfig.deployDirectory Deploying web application directory [C:\Users\04783714118\Documents\NetBeansProjects\apache-tomcat-9.0.5-windows-x64\apache-tomcat-9.0.5\webapps\ROOT]
27-Mar-2018 14:19:56.112 INFORMAÇÕES [main] org.apache.catalina.startup.HostConfig.deployDirectory Deployment of web application directory [C:\Users\04783714118\Documents\NetBeansProjects\apache-tomcat-9.0.5-windows-x64\apache-tomcat-9.0.5\webapps\ROOT] has finished in [21] ms
27-Mar-2018 14:19:56.114 INFORMAÇÕES [main] org.apache.coyote.AbstractProtocol.start Starting ProtocolHandler ["http-nio-8080"]
27-Mar-2018 14:19:56.121 INFORMAÇÕES [main] org.apache.coyote.AbstractProtocol.start Starting ProtocolHandler ["ajp-nio-8009"]
27-Mar-2018 14:19:56.124 INFORMAÇÕES [main] org.apache.catalina.startup.Catalina.start Server startup in 24645 ms
27-Mar-2018 14:21:48.383 INFORMAÇÕES [http-nio-8080-exec-3] org.apache.catalina.startup.HostConfig.undeploy Undeploying context [/aula_jsf_1502]
27-Mar-2018 14:21:48.411 INFORMAÇÕES [http-nio-8080-exec-7] org.apache.catalina.startup.HostConfig.deployDescriptor Deploying configuration descriptor [C:\Users\04783714118\Documents\NetBeansProjects\apache-tomcat-9.0.5-windows-x64\apache-tomcat-9.0.5\conf\Catalina\localhost\aula_jsf_1502.xml]
27-Mar-2018 14:21:49.145 INFORMAÇÕES [http-nio-8080-exec-7] com.sun.faces.config.ConfigureListener.contextInitialized Inicializando Mojarra 2.2.16 ( 20180118-0013 901a18e611bead474715a643c8f634cfa1312414) para o contexto '/aula_jsf_1502'
27-Mar-2018 14:21:49.242 INFORMAÇÕES [http-nio-8080-exec-7] com.sun.faces.spi.InjectionProviderFactory.createInstance JSF1048: Anotações PostConstruct/PreDestroy presentes.  Os métodos ManagedBeans marcados com essas anotações informarão as anotações processadas.
27-Mar-2018 14:21:49.770 INFORMAÇÕES [http-nio-8080-exec-7] org.apache.catalina.startup.HostConfig.deployDescriptor Deployment of configuration descriptor [C:\Users\04783714118\Documents\NetBeansProjects\apache-tomcat-9.0.5-windows-x64\apache-tomcat-9.0.5\conf\Catalina\localhost\aula_jsf_1502.xml] has finished in [1,359] ms
27-Mar-2018 14:21:49.774 INFORMAÇÕES [http-nio-8080-exec-10] org.apache.catalina.util.LifecycleBase.start The start() method was called on component [StandardEngine[Catalina].StandardHost[localhost].StandardContext[/aula_jsf_1502]] after start() had already been called. The second call will be ignored.
27-Mar-2018 14:50:05.997 INFORMAÇÕES [http-nio-8080-exec-15] com.sun.faces.config.ConfigureListener.contextInitialized Inicializando Mojarra 2.2.16 ( 20180118-0013 901a18e611bead474715a643c8f634cfa1312414) para o contexto '/aula_jsf_1502'
27-Mar-2018 14:50:06.070 INFORMAÇÕES [http-nio-8080-exec-15] com.sun.faces.spi.InjectionProviderFactory.createInstance JSF1048: Anotações PostConstruct/PreDestroy presentes.  Os métodos ManagedBeans marcados com essas anotações informarão as anotações processadas.
27-Mar-2018 14:51:27.526 INFORMAÇÕES [http-nio-8080-exec-18] com.sun.faces.renderkit.RenderKitUtils.renderUnhandledMessages AVISO: FacesMessage(s) foram enfileirados, mas podem não ter sido exibidos.
sourceId=j_idt11:j_idt18[severity=(ERROR 2), summary=(j_idt11:j_idt18: Erro de validação: o valor é necessário.), detail=(j_idt11:j_idt18: Erro de validação: o valor é necessário.)]
27-Mar-2018 14:51:37.697 INFORMAÇÕES [http-nio-8080-exec-23] com.sun.faces.renderkit.RenderKitUtils.renderUnhandledMessages AVISO: FacesMessage(s) foram enfileirados, mas podem não ter sido exibidos.
sourceId=j_idt11:j_idt18[severity=(ERROR 2), summary=(j_idt11:j_idt18: Erro de validação: o valor é necessário.), detail=(j_idt11:j_idt18: Erro de validação: o valor é necessário.)]
27-Mar-2018 14:51:46.836 INFORMAÇÕES [http-nio-8080-exec-27] org.apache.catalina.startup.HostConfig.undeploy Undeploying context [/aula_jsf_1502]
27-Mar-2018 14:51:46.859 INFORMAÇÕES [http-nio-8080-exec-22] org.apache.catalina.startup.HostConfig.deployDescriptor Deploying configuration descriptor [C:\Users\04783714118\Documents\NetBeansProjects\apache-tomcat-9.0.5-windows-x64\apache-tomcat-9.0.5\conf\Catalina\localhost\aula_jsf_1502.xml]
27-Mar-2018 14:51:47.369 INFORMAÇÕES [http-nio-8080-exec-22] com.sun.faces.config.ConfigureListener.contextInitialized Inicializando Mojarra 2.2.16 ( 20180118-0013 901a18e611bead474715a643c8f634cfa1312414) para o contexto '/aula_jsf_1502'
27-Mar-2018 14:51:47.431 INFORMAÇÕES [http-nio-8080-exec-22] com.sun.faces.spi.InjectionProviderFactory.createInstance JSF1048: Anotações PostConstruct/PreDestroy presentes.  Os métodos ManagedBeans marcados com essas anotações informarão as anotações processadas.
27-Mar-2018 14:51:47.797 INFORMAÇÕES [http-nio-8080-exec-22] org.apache.catalina.startup.HostConfig.deployDescriptor Deployment of configuration descriptor [C:\Users\04783714118\Documents\NetBeansProjects\apache-tomcat-9.0.5-windows-x64\apache-tomcat-9.0.5\conf\Catalina\localhost\aula_jsf_1502.xml] has finished in [938] ms
27-Mar-2018 14:51:47.800 INFORMAÇÕES [http-nio-8080-exec-23] org.apache.catalina.util.LifecycleBase.start The start() method was called on component [StandardEngine[Catalina].StandardHost[localhost].StandardContext[/aula_jsf_1502]] after start() had already been called. The second call will be ignored.
27-Mar-2018 14:55:15.607 INFORMAÇÕES [http-nio-8080-exec-38] org.apache.catalina.startup.HostConfig.undeploy Undeploying context [/aula_jsf_1502]
27-Mar-2018 14:55:15.628 INFORMAÇÕES [http-nio-8080-exec-34] org.apache.catalina.startup.HostConfig.deployDescriptor Deploying configuration descriptor [C:\Users\04783714118\Documents\NetBeansProjects\apache-tomcat-9.0.5-windows-x64\apache-tomcat-9.0.5\conf\Catalina\localhost\aula_jsf_1502.xml]
27-Mar-2018 14:55:16.130 INFORMAÇÕES [http-nio-8080-exec-34] com.sun.faces.config.ConfigureListener.contextInitialized Inicializando Mojarra 2.2.16 ( 20180118-0013 901a18e611bead474715a643c8f634cfa1312414) para o contexto '/aula_jsf_1502'
27-Mar-2018 14:55:16.194 INFORMAÇÕES [http-nio-8080-exec-34] com.sun.faces.spi.InjectionProviderFactory.createInstance JSF1048: Anotações PostConstruct/PreDestroy presentes.  Os métodos ManagedBeans marcados com essas anotações informarão as anotações processadas.
27-Mar-2018 14:55:16.550 INFORMAÇÕES [http-nio-8080-exec-34] org.apache.catalina.startup.HostConfig.deployDescriptor Deployment of configuration descriptor [C:\Users\04783714118\Documents\NetBeansProjects\apache-tomcat-9.0.5-windows-x64\apache-tomcat-9.0.5\conf\Catalina\localhost\aula_jsf_1502.xml] has finished in [922] ms
27-Mar-2018 14:55:16.553 INFORMAÇÕES [http-nio-8080-exec-33] org.apache.catalina.util.LifecycleBase.start The start() method was called on component [StandardEngine[Catalina].StandardHost[localhost].StandardContext[/aula_jsf_1502]] after start() had already been called. The second call will be ignored.
27-Mar-2018 14:57:42.219 INFORMAÇÕES [http-nio-8080-exec-41] com.sun.faces.renderkit.RenderKitUtils.renderUnhandledMessages AVISO: FacesMessage(s) foram enfileirados, mas podem não ter sido exibidos.
sourceId=j_idt11:j_idt18[severity=(ERROR 2), summary=(j_idt11:j_idt18: Erro de validação: o valor é necessário.), detail=(j_idt11:j_idt18: Erro de validação: o valor é necessário.)]
27-Mar-2018 14:57:51.671 INFORMAÇÕES [http-nio-8080-exec-45] com.sun.faces.renderkit.RenderKitUtils.renderUnhandledMessages AVISO: FacesMessage(s) foram enfileirados, mas podem não ter sido exibidos.
sourceId=j_idt11:j_idt18[severity=(ERROR 2), summary=(j_idt11:j_idt18: Erro de validação: o valor é necessário.), detail=(j_idt11:j_idt18: Erro de validação: o valor é necessário.)]
27-Mar-2018 14:58:46.672 INFORMAÇÕES [http-nio-8080-exec-50] com.sun.faces.renderkit.RenderKitUtils.renderUnhandledMessages AVISO: FacesMessage(s) foram enfileirados, mas podem não ter sido exibidos.
sourceId=j_idt11:j_idt18[severity=(ERROR 2), summary=(j_idt11:j_idt18: Erro de validação: o valor é necessário.), detail=(j_idt11:j_idt18: Erro de validação: o valor é necessário.)]
27-Mar-2018 14:58:55.978 INFORMAÇÕES [http-nio-8080-exec-42] com.sun.faces.renderkit.RenderKitUtils.renderUnhandledMessages AVISO: FacesMessage(s) foram enfileirados, mas podem não ter sido exibidos.
sourceId=j_idt11:j_idt18[severity=(ERROR 2), summary=(j_idt11:j_idt18: Erro de validação: o valor é necessário.), detail=(j_idt11:j_idt18: Erro de validação: o valor é necessário.)]
27-Mar-2018 15:01:42.099 INFORMAÇÕES [http-nio-8080-exec-42] org.apache.catalina.core.StandardContext.reload Reloading Context with name [/aula_jsf_1502] has started
27-Mar-2018 15:01:42.627 INFORMAÇÕES [http-nio-8080-exec-42] com.sun.faces.config.ConfigureListener.contextInitialized Inicializando Mojarra 2.2.16 ( 20180118-0013 901a18e611bead474715a643c8f634cfa1312414) para o contexto '/aula_jsf_1502'
27-Mar-2018 15:01:42.691 INFORMAÇÕES [http-nio-8080-exec-42] com.sun.faces.spi.InjectionProviderFactory.createInstance JSF1048: Anotações PostConstruct/PreDestroy presentes.  Os métodos ManagedBeans marcados com essas anotações informarão as anotações processadas.
27-Mar-2018 15:01:43.069 INFORMAÇÕES [http-nio-8080-exec-42] org.apache.catalina.core.StandardContext.reload Reloading Context with name [/aula_jsf_1502] is completed
27-Mar-2018 15:04:07.461 INFORMAÇÕES [http-nio-8080-exec-54] org.apache.catalina.core.StandardContext.reload Reloading Context with name [/aula_jsf_1502] has started
27-Mar-2018 15:04:07.991 INFORMAÇÕES [http-nio-8080-exec-54] com.sun.faces.config.ConfigureListener.contextInitialized Inicializando Mojarra 2.2.16 ( 20180118-0013 901a18e611bead474715a643c8f634cfa1312414) para o contexto '/aula_jsf_1502'
27-Mar-2018 15:04:08.051 INFORMAÇÕES [http-nio-8080-exec-54] com.sun.faces.spi.InjectionProviderFactory.createInstance JSF1048: Anotações PostConstruct/PreDestroy presentes.  Os métodos ManagedBeans marcados com essas anotações informarão as anotações processadas.
27-Mar-2018 15:04:08.238 ADVERTÊNCIA [http-nio-8080-exec-54] com.sun.faces.mgbean.BeanManager.addBean JSF1074: O bean gerenciado denominado 'usuario' já foi registrado.  Substituindo o tipo de classe do bean gerenciado controller.Usuario por mBean.beanUsuarios.
27-Mar-2018 15:04:08.408 INFORMAÇÕES [http-nio-8080-exec-54] org.apache.catalina.core.StandardContext.reload Reloading Context with name [/aula_jsf_1502] is completed
27-Mar-2018 15:04:16.485 INFORMAÇÕES [http-nio-8080-exec-49] org.apache.catalina.core.StandardContext.reload Reloading Context with name [/aula_jsf_1502] has started
27-Mar-2018 15:04:16.971 INFORMAÇÕES [http-nio-8080-exec-49] com.sun.faces.config.ConfigureListener.contextInitialized Inicializando Mojarra 2.2.16 ( 20180118-0013 901a18e611bead474715a643c8f634cfa1312414) para o contexto '/aula_jsf_1502'
27-Mar-2018 15:04:17.052 INFORMAÇÕES [http-nio-8080-exec-49] com.sun.faces.spi.InjectionProviderFactory.createInstance JSF1048: Anotações PostConstruct/PreDestroy presentes.  Os métodos ManagedBeans marcados com essas anotações informarão as anotações processadas.
27-Mar-2018 15:04:17.351 ADVERTÊNCIA [http-nio-8080-exec-49] com.sun.faces.mgbean.BeanManager.addBean JSF1074: O bean gerenciado denominado 'usuario' já foi registrado.  Substituindo o tipo de classe do bean gerenciado controller.Usuario por mBean.beanUsuarios.
27-Mar-2018 15:04:17.518 INFORMAÇÕES [http-nio-8080-exec-49] org.apache.catalina.core.StandardContext.reload Reloading Context with name [/aula_jsf_1502] is completed
27-Mar-2018 15:07:51.996 INFORMAÇÕES [http-nio-8080-exec-59] org.apache.catalina.core.StandardContext.reload Reloading Context with name [/aula_jsf_1502] has started
27-Mar-2018 15:07:52.526 INFORMAÇÕES [http-nio-8080-exec-59] com.sun.faces.config.ConfigureListener.contextInitialized Inicializando Mojarra 2.2.16 ( 20180118-0013 901a18e611bead474715a643c8f634cfa1312414) para o contexto '/aula_jsf_1502'
27-Mar-2018 15:07:52.595 INFORMAÇÕES [http-nio-8080-exec-59] com.sun.faces.spi.InjectionProviderFactory.createInstance JSF1048: Anotações PostConstruct/PreDestroy presentes.  Os métodos ManagedBeans marcados com essas anotações informarão as anotações processadas.
27-Mar-2018 15:07:52.828 ADVERTÊNCIA [http-nio-8080-exec-59] com.sun.faces.mgbean.BeanManager.addBean JSF1074: O bean gerenciado denominado 'usuario' já foi registrado.  Substituindo o tipo de classe do bean gerenciado mBean.beanUsuarios por controller.Usuario.
27-Mar-2018 15:07:53.024 INFORMAÇÕES [http-nio-8080-exec-59] org.apache.catalina.core.StandardContext.reload Reloading Context with name [/aula_jsf_1502] is completed
27-Mar-2018 15:08:17.443 INFORMAÇÕES [http-nio-8080-exec-62] org.apache.catalina.core.StandardContext.reload Reloading Context with name [/aula_jsf_1502] has started
27-Mar-2018 15:08:17.933 INFORMAÇÕES [http-nio-8080-exec-62] com.sun.faces.config.ConfigureListener.contextInitialized Inicializando Mojarra 2.2.16 ( 20180118-0013 901a18e611bead474715a643c8f634cfa1312414) para o contexto '/aula_jsf_1502'
27-Mar-2018 15:08:18.002 INFORMAÇÕES [http-nio-8080-exec-62] com.sun.faces.spi.InjectionProviderFactory.createInstance JSF1048: Anotações PostConstruct/PreDestroy presentes.  Os métodos ManagedBeans marcados com essas anotações informarão as anotações processadas.
27-Mar-2018 15:08:18.227 ADVERTÊNCIA [http-nio-8080-exec-62] com.sun.faces.mgbean.BeanManager.addBean JSF1074: O bean gerenciado denominado 'usuario' já foi registrado.  Substituindo o tipo de classe do bean gerenciado controller.Usuario por mBean.beanUsuarios.
27-Mar-2018 15:08:18.404 INFORMAÇÕES [http-nio-8080-exec-62] org.apache.catalina.core.StandardContext.reload Reloading Context with name [/aula_jsf_1502] is completed
27-Mar-2018 15:08:21.723 INFORMAÇÕES [http-nio-8080-exec-63] org.apache.catalina.core.StandardContext.reload Reloading Context with name [/aula_jsf_1502] has started
27-Mar-2018 15:08:22.241 INFORMAÇÕES [http-nio-8080-exec-63] com.sun.faces.config.ConfigureListener.contextInitialized Inicializando Mojarra 2.2.16 ( 20180118-0013 901a18e611bead474715a643c8f634cfa1312414) para o contexto '/aula_jsf_1502'
27-Mar-2018 15:08:22.305 INFORMAÇÕES [http-nio-8080-exec-63] com.sun.faces.spi.InjectionProviderFactory.createInstance JSF1048: Anotações PostConstruct/PreDestroy presentes.  Os métodos ManagedBeans marcados com essas anotações informarão as anotações processadas.
27-Mar-2018 15:08:22.498 ADVERTÊNCIA [http-nio-8080-exec-63] com.sun.faces.mgbean.BeanManager.addBean JSF1074: O bean gerenciado denominado 'usuario' já foi registrado.  Substituindo o tipo de classe do bean gerenciado controller.Usuario por mBean.beanUsuarios.
27-Mar-2018 15:08:22.679 INFORMAÇÕES [http-nio-8080-exec-63] org.apache.catalina.core.StandardContext.reload Reloading Context with name [/aula_jsf_1502] is completed
27-Mar-2018 15:10:11.399 INFORMAÇÕES [http-nio-8080-exec-58] org.apache.catalina.core.StandardContext.reload Reloading Context with name [/aula_jsf_1502] has started
27-Mar-2018 15:10:11.890 INFORMAÇÕES [http-nio-8080-exec-58] com.sun.faces.config.ConfigureListener.contextInitialized Inicializando Mojarra 2.2.16 ( 20180118-0013 901a18e611bead474715a643c8f634cfa1312414) para o contexto '/aula_jsf_1502'
27-Mar-2018 15:10:11.958 INFORMAÇÕES [http-nio-8080-exec-58] com.sun.faces.spi.InjectionProviderFactory.createInstance JSF1048: Anotações PostConstruct/PreDestroy presentes.  Os métodos ManagedBeans marcados com essas anotações informarão as anotações processadas.
27-Mar-2018 15:10:12.190 ADVERTÊNCIA [http-nio-8080-exec-58] com.sun.faces.mgbean.BeanManager.addBean JSF1074: O bean gerenciado denominado 'usuario' já foi registrado.  Substituindo o tipo de classe do bean gerenciado controller.Usuario por mBean.beanUsuarios.
27-Mar-2018 15:10:12.374 INFORMAÇÕES [http-nio-8080-exec-58] org.apache.catalina.core.StandardContext.reload Reloading Context with name [/aula_jsf_1502] is completed
27-Mar-2018 15:10:57.627 INFORMAÇÕES [http-nio-8080-exec-56] org.apache.catalina.core.StandardContext.reload Reloading Context with name [/aula_jsf_1502] has started
27-Mar-2018 15:10:58.099 INFORMAÇÕES [http-nio-8080-exec-56] com.sun.faces.config.ConfigureListener.contextInitialized Inicializando Mojarra 2.2.16 ( 20180118-0013 901a18e611bead474715a643c8f634cfa1312414) para o contexto '/aula_jsf_1502'
27-Mar-2018 15:10:58.162 INFORMAÇÕES [http-nio-8080-exec-56] com.sun.faces.spi.InjectionProviderFactory.createInstance JSF1048: Anotações PostConstruct/PreDestroy presentes.  Os métodos ManagedBeans marcados com essas anotações informarão as anotações processadas.
27-Mar-2018 15:10:58.356 ADVERTÊNCIA [http-nio-8080-exec-56] com.sun.faces.mgbean.BeanManager.addBean JSF1074: O bean gerenciado denominado 'usuario' já foi registrado.  Substituindo o tipo de classe do bean gerenciado mBean.beanUsuarios por controller.Usuario.
27-Mar-2018 15:10:58.528 INFORMAÇÕES [http-nio-8080-exec-56] org.apache.catalina.core.StandardContext.reload Reloading Context with name [/aula_jsf_1502] is completed
27-Mar-2018 15:11:42.078 INFORMAÇÕES [http-nio-8080-exec-57] org.apache.catalina.core.StandardContext.reload Reloading Context with name [/aula_jsf_1502] has started
27-Mar-2018 15:11:42.594 INFORMAÇÕES [http-nio-8080-exec-57] com.sun.faces.config.ConfigureListener.contextInitialized Inicializando Mojarra 2.2.16 ( 20180118-0013 901a18e611bead474715a643c8f634cfa1312414) para o contexto '/aula_jsf_1502'
27-Mar-2018 15:11:42.659 INFORMAÇÕES [http-nio-8080-exec-57] com.sun.faces.spi.InjectionProviderFactory.createInstance JSF1048: Anotações PostConstruct/PreDestroy presentes.  Os métodos ManagedBeans marcados com essas anotações informarão as anotações processadas.
27-Mar-2018 15:11:43.057 INFORMAÇÕES [http-nio-8080-exec-57] org.apache.catalina.core.StandardContext.reload Reloading Context with name [/aula_jsf_1502] is completed
27-Mar-2018 15:12:23.522 INFORMAÇÕES [http-nio-8080-exec-56] org.apache.catalina.core.StandardContext.reload Reloading Context with name [/aula_jsf_1502] has started
27-Mar-2018 15:12:24.089 INFORMAÇÕES [http-nio-8080-exec-56] com.sun.faces.config.ConfigureListener.contextInitialized Inicializando Mojarra 2.2.16 ( 20180118-0013 901a18e611bead474715a643c8f634cfa1312414) para o contexto '/aula_jsf_1502'
27-Mar-2018 15:12:24.158 INFORMAÇÕES [http-nio-8080-exec-56] com.sun.faces.spi.InjectionProviderFactory.createInstance JSF1048: Anotações PostConstruct/PreDestroy presentes.  Os métodos ManagedBeans marcados com essas anotações informarão as anotações processadas.
27-Mar-2018 15:12:24.562 INFORMAÇÕES [http-nio-8080-exec-56] org.apache.catalina.core.StandardContext.reload Reloading Context with name [/aula_jsf_1502] is completed
27-Mar-2018 15:21:11.372 INFORMAÇÕES [http-nio-8080-exec-79] org.apache.catalina.core.StandardContext.reload Reloading Context with name [/aula_jsf_1502] has started
27-Mar-2018 15:21:11.952 INFORMAÇÕES [http-nio-8080-exec-79] com.sun.faces.config.ConfigureListener.contextInitialized Inicializando Mojarra 2.2.16 ( 20180118-0013 901a18e611bead474715a643c8f634cfa1312414) para o contexto '/aula_jsf_1502'
27-Mar-2018 15:21:12.016 INFORMAÇÕES [http-nio-8080-exec-79] com.sun.faces.spi.InjectionProviderFactory.createInstance JSF1048: Anotações PostConstruct/PreDestroy presentes.  Os métodos ManagedBeans marcados com essas anotações informarão as anotações processadas.
27-Mar-2018 15:21:12.394 INFORMAÇÕES [http-nio-8080-exec-79] org.apache.catalina.core.StandardContext.reload Reloading Context with name [/aula_jsf_1502] is completed
27-Mar-2018 15:28:47.800 INFORMAÇÕES [http-nio-8080-exec-86] com.sun.faces.renderkit.RenderKitUtils.renderUnhandledMessages AVISO: FacesMessage(s) foram enfileirados, mas podem não ter sido exibidos.
sourceId=j_idt11:j_idt18[severity=(ERROR 2), summary=(j_idt11:j_idt18: Erro de validação: o valor é necessário.), detail=(j_idt11:j_idt18: Erro de validação: o valor é necessário.)]
27-Mar-2018 15:30:50.659 INFORMAÇÕES [http-nio-8080-exec-94] org.apache.catalina.core.StandardContext.reload Reloading Context with name [/aula_jsf_1502] has started
27-Mar-2018 15:30:51.187 INFORMAÇÕES [http-nio-8080-exec-94] com.sun.faces.config.ConfigureListener.contextInitialized Inicializando Mojarra 2.2.16 ( 20180118-0013 901a18e611bead474715a643c8f634cfa1312414) para o contexto '/aula_jsf_1502'
27-Mar-2018 15:30:51.250 INFORMAÇÕES [http-nio-8080-exec-94] com.sun.faces.spi.InjectionProviderFactory.createInstance JSF1048: Anotações PostConstruct/PreDestroy presentes.  Os métodos ManagedBeans marcados com essas anotações informarão as anotações processadas.
27-Mar-2018 15:30:51.616 INFORMAÇÕES [http-nio-8080-exec-94] org.apache.catalina.core.StandardContext.reload Reloading Context with name [/aula_jsf_1502] is completed
27-Mar-2018 15:40:04.862 INFORMAÇÕES [http-nio-8080-exec-98] org.apache.catalina.core.StandardContext.reload Reloading Context with name [/aula_jsf_1502] has started
27-Mar-2018 15:40:05.361 INFORMAÇÕES [http-nio-8080-exec-98] com.sun.faces.config.ConfigureListener.contextInitialized Inicializando Mojarra 2.2.16 ( 20180118-0013 901a18e611bead474715a643c8f634cfa1312414) para o contexto '/aula_jsf_1502'
27-Mar-2018 15:40:05.427 INFORMAÇÕES [http-nio-8080-exec-98] com.sun.faces.spi.InjectionProviderFactory.createInstance JSF1048: Anotações PostConstruct/PreDestroy presentes.  Os métodos ManagedBeans marcados com essas anotações informarão as anotações processadas.
27-Mar-2018 15:40:05.813 INFORMAÇÕES [http-nio-8080-exec-98] org.apache.catalina.core.StandardContext.reload Reloading Context with name [/aula_jsf_1502] is completed
27-Mar-2018 15:40:08.965 INFORMAÇÕES [main] org.apache.catalina.core.StandardServer.await A valid shutdown command was received via the shutdown port. Stopping the Server instance.
27-Mar-2018 15:40:08.966 INFORMAÇÕES [main] org.apache.coyote.AbstractProtocol.pause Pausing ProtocolHandler ["http-nio-8080"]
27-Mar-2018 15:40:09.060 INFORMAÇÕES [main] org.apache.coyote.AbstractProtocol.pause Pausing ProtocolHandler ["ajp-nio-8009"]
27-Mar-2018 15:40:09.151 INFORMAÇÕES [main] org.apache.catalina.core.StandardService.stopInternal Stopping service [Catalina]
27-Mar-2018 15:40:09.164 INFORMAÇÕES [main] org.apache.coyote.AbstractProtocol.stop Stopping ProtocolHandler ["http-nio-8080"]
27-Mar-2018 15:40:09.165 INFORMAÇÕES [main] org.apache.coyote.AbstractProtocol.stop Stopping ProtocolHandler ["ajp-nio-8009"]
27-Mar-2018 15:40:09.167 INFORMAÇÕES [main] org.apache.coyote.AbstractProtocol.destroy Destroying ProtocolHandler ["http-nio-8080"]
27-Mar-2018 15:40:09.167 INFORMAÇÕES [main] org.apache.coyote.AbstractProtocol.destroy Destroying ProtocolHandler ["ajp-nio-8009"]
