09-May-2018 17:12:44.603 INFORMAÇÕES [main] org.apache.catalina.startup.VersionLoggerListener.log Server version:        Apache Tomcat/9.0.5
09-May-2018 17:12:48.055 INFORMAÇÕES [main] org.apache.catalina.startup.VersionLoggerListener.log Server built:          Feb 6 2018 21:42:23 UTC
09-May-2018 17:12:48.055 INFORMAÇÕES [main] org.apache.catalina.startup.VersionLoggerListener.log Server number:         9.0.5.0
09-May-2018 17:12:48.056 INFORMAÇÕES [main] org.apache.catalina.startup.VersionLoggerListener.log OS Name:               Windows 10
09-May-2018 17:12:48.057 INFORMAÇÕES [main] org.apache.catalina.startup.VersionLoggerListener.log OS Version:            10.0
09-May-2018 17:12:48.057 INFORMAÇÕES [main] org.apache.catalina.startup.VersionLoggerListener.log Architecture:          amd64
09-May-2018 17:12:48.057 INFORMAÇÕES [main] org.apache.catalina.startup.VersionLoggerListener.log Java Home:             C:\Program Files\Java\jdk1.8.0_131\jre
09-May-2018 17:12:48.057 INFORMAÇÕES [main] org.apache.catalina.startup.VersionLoggerListener.log JVM Version:           1.8.0_131-b11
09-May-2018 17:12:48.057 INFORMAÇÕES [main] org.apache.catalina.startup.VersionLoggerListener.log JVM Vendor:            Oracle Corporation
09-May-2018 17:12:48.057 INFORMAÇÕES [main] org.apache.catalina.startup.VersionLoggerListener.log CATALINA_BASE:         C:\Users\04783714118\Documents\LAZARUS\PROJETOS\JSF-Truco\apache-tomcat-9.0.5-windows-x64\apache-tomcat-9.0.5
09-May-2018 17:12:48.057 INFORMAÇÕES [main] org.apache.catalina.startup.VersionLoggerListener.log CATALINA_HOME:         C:\Users\04783714118\Documents\LAZARUS\PROJETOS\JSF-Truco\apache-tomcat-9.0.5-windows-x64\apache-tomcat-9.0.5
09-May-2018 17:12:48.057 INFORMAÇÕES [main] org.apache.catalina.startup.VersionLoggerListener.log Command line argument: -Djava.util.logging.config.file=C:\Users\04783714118\Documents\LAZARUS\PROJETOS\JSF-Truco\apache-tomcat-9.0.5-windows-x64\apache-tomcat-9.0.5\conf\logging.properties
09-May-2018 17:12:48.058 INFORMAÇÕES [main] org.apache.catalina.startup.VersionLoggerListener.log Command line argument: -Djava.util.logging.manager=org.apache.juli.ClassLoaderLogManager
09-May-2018 17:12:48.058 INFORMAÇÕES [main] org.apache.catalina.startup.VersionLoggerListener.log Command line argument: -Dhttp.nonProxyHosts=localhost|127.0.0.1|c430761
09-May-2018 17:12:48.058 INFORMAÇÕES [main] org.apache.catalina.startup.VersionLoggerListener.log Command line argument: -Djdk.tls.ephemeralDHKeySize=2048
09-May-2018 17:12:48.058 INFORMAÇÕES [main] org.apache.catalina.startup.VersionLoggerListener.log Command line argument: -Djava.protocol.handler.pkgs=org.apache.catalina.webresources
09-May-2018 17:12:48.058 INFORMAÇÕES [main] org.apache.catalina.startup.VersionLoggerListener.log Command line argument: -Dignore.endorsed.dirs=
09-May-2018 17:12:48.058 INFORMAÇÕES [main] org.apache.catalina.startup.VersionLoggerListener.log Command line argument: -Dcatalina.base=C:\Users\04783714118\Documents\LAZARUS\PROJETOS\JSF-Truco\apache-tomcat-9.0.5-windows-x64\apache-tomcat-9.0.5
09-May-2018 17:12:48.058 INFORMAÇÕES [main] org.apache.catalina.startup.VersionLoggerListener.log Command line argument: -Dcatalina.home=C:\Users\04783714118\Documents\LAZARUS\PROJETOS\JSF-Truco\apache-tomcat-9.0.5-windows-x64\apache-tomcat-9.0.5
09-May-2018 17:12:48.058 INFORMAÇÕES [main] org.apache.catalina.startup.VersionLoggerListener.log Command line argument: -Djava.io.tmpdir=C:\Users\04783714118\Documents\LAZARUS\PROJETOS\JSF-Truco\apache-tomcat-9.0.5-windows-x64\apache-tomcat-9.0.5\temp
09-May-2018 17:12:48.059 INFORMAÇÕES [main] org.apache.catalina.core.AprLifecycleListener.lifecycleEvent Loaded APR based Apache Tomcat Native library [1.2.16] using APR version [1.6.3].
09-May-2018 17:12:48.059 INFORMAÇÕES [main] org.apache.catalina.core.AprLifecycleListener.lifecycleEvent APR capabilities: IPv6 [true], sendfile [true], accept filters [false], random [true].
09-May-2018 17:12:48.059 INFORMAÇÕES [main] org.apache.catalina.core.AprLifecycleListener.lifecycleEvent APR/OpenSSL configuration: useAprConnector [false], useOpenSSL [true]
09-May-2018 17:12:48.813 INFORMAÇÕES [main] org.apache.catalina.core.AprLifecycleListener.initializeSSL OpenSSL successfully initialized [OpenSSL 1.0.2m  2 Nov 2017]
09-May-2018 17:12:53.082 INFORMAÇÕES [main] org.apache.coyote.AbstractProtocol.init Initializing ProtocolHandler ["http-nio-8080"]
09-May-2018 17:12:53.146 INFORMAÇÕES [main] org.apache.tomcat.util.net.NioSelectorPool.getSharedSelector Using a shared selector for servlet write/read
09-May-2018 17:12:53.151 INFORMAÇÕES [main] org.apache.coyote.AbstractProtocol.init Initializing ProtocolHandler ["ajp-nio-8009"]
09-May-2018 17:12:53.153 INFORMAÇÕES [main] org.apache.tomcat.util.net.NioSelectorPool.getSharedSelector Using a shared selector for servlet write/read
09-May-2018 17:12:53.153 INFORMAÇÕES [main] org.apache.catalina.startup.Catalina.load Initialization processed in 8856 ms
09-May-2018 17:12:53.180 INFORMAÇÕES [main] org.apache.catalina.core.StandardService.startInternal Starting service [Catalina]
09-May-2018 17:12:53.180 INFORMAÇÕES [main] org.apache.catalina.core.StandardEngine.startInternal Starting Servlet Engine: Apache Tomcat/9.0.5
09-May-2018 17:12:53.186 INFORMAÇÕES [main] org.apache.catalina.startup.HostConfig.deployDescriptor Deploying configuration descriptor [C:\Users\04783714118\Documents\LAZARUS\PROJETOS\JSF-Truco\apache-tomcat-9.0.5-windows-x64\apache-tomcat-9.0.5\conf\Catalina\localhost\aula_jsf_1502.xml]
09-May-2018 17:13:02.799 INFORMAÇÕES [main] org.apache.jasper.servlet.TldScanner.scanJars At least one JAR was scanned for TLDs yet contained no TLDs. Enable debug logging for this logger for a complete list of JARs that were scanned but no TLDs were found in them. Skipping unneeded JARs during scanning can improve startup time and JSP compilation time.
09-May-2018 17:13:02.917 INFORMAÇÕES [main] com.sun.faces.config.ConfigureListener.contextInitialized Inicializando Mojarra 2.2.16 ( 20180118-0013 901a18e611bead474715a643c8f634cfa1312414) para o contexto '/aula_jsf_1502'
09-May-2018 17:13:03.055 INFORMAÇÕES [main] com.sun.faces.spi.InjectionProviderFactory.createInstance JSF1048: Anotações PostConstruct/PreDestroy presentes.  Os métodos ManagedBeans marcados com essas anotações informarão as anotações processadas.
09-May-2018 17:13:03.390 ADVERTÊNCIA [main] com.sun.faces.application.annotation.ConverterConfigHandler.collect @FacesConverter is using both value and forClass, only value will be applied.
09-May-2018 17:13:03.625 INFORMAÇÕES [main] org.apache.catalina.startup.HostConfig.deployDescriptor Deployment of configuration descriptor [C:\Users\04783714118\Documents\LAZARUS\PROJETOS\JSF-Truco\apache-tomcat-9.0.5-windows-x64\apache-tomcat-9.0.5\conf\Catalina\localhost\aula_jsf_1502.xml] has finished in [10,438] ms
09-May-2018 17:13:03.625 INFORMAÇÕES [main] org.apache.catalina.startup.HostConfig.deployDescriptor Deploying configuration descriptor [C:\Users\04783714118\Documents\LAZARUS\PROJETOS\JSF-Truco\apache-tomcat-9.0.5-windows-x64\apache-tomcat-9.0.5\conf\Catalina\localhost\MavenTeste.xml]
09-May-2018 17:13:03.632 GRAVE [main] org.apache.catalina.core.ContainerBase.addChildInternal ContainerBase.addChild: start: 
 org.apache.catalina.LifecycleException: Failed to start component [org.apache.catalina.webresources.StandardRoot@6009bea]
	at org.apache.catalina.util.LifecycleBase.handleSubClassException(LifecycleBase.java:441)
	at org.apache.catalina.util.LifecycleBase.start(LifecycleBase.java:198)
	at org.apache.catalina.core.StandardContext.resourcesStart(StandardContext.java:4752)
	at org.apache.catalina.core.StandardContext.startInternal(StandardContext.java:4887)
	at org.apache.catalina.util.LifecycleBase.start(LifecycleBase.java:183)
	at org.apache.catalina.core.ContainerBase.addChildInternal(ContainerBase.java:740)
	at org.apache.catalina.core.ContainerBase.addChild(ContainerBase.java:716)
	at org.apache.catalina.core.StandardHost.addChild(StandardHost.java:703)
	at org.apache.catalina.startup.HostConfig.deployDescriptor(HostConfig.java:619)
	at org.apache.catalina.startup.HostConfig$DeployDescriptor.run(HostConfig.java:1829)
	at java.util.concurrent.Executors$RunnableAdapter.call(Executors.java:511)
	at java.util.concurrent.FutureTask.run(FutureTask.java:266)
	at org.apache.tomcat.util.threads.InlineExecutorService.execute(InlineExecutorService.java:75)
	at java.util.concurrent.AbstractExecutorService.submit(AbstractExecutorService.java:112)
	at org.apache.catalina.startup.HostConfig.deployDescriptors(HostConfig.java:530)
	at org.apache.catalina.startup.HostConfig.deployApps(HostConfig.java:429)
	at org.apache.catalina.startup.HostConfig.start(HostConfig.java:1575)
	at org.apache.catalina.startup.HostConfig.lifecycleEvent(HostConfig.java:308)
	at org.apache.catalina.util.LifecycleBase.fireLifecycleEvent(LifecycleBase.java:123)
	at org.apache.catalina.util.LifecycleBase.setStateInternal(LifecycleBase.java:424)
	at org.apache.catalina.util.LifecycleBase.setState(LifecycleBase.java:367)
	at org.apache.catalina.core.ContainerBase.startInternal(ContainerBase.java:964)
	at org.apache.catalina.core.StandardHost.startInternal(StandardHost.java:839)
	at org.apache.catalina.util.LifecycleBase.start(LifecycleBase.java:183)
	at org.apache.catalina.core.ContainerBase$StartChild.call(ContainerBase.java:1425)
	at org.apache.catalina.core.ContainerBase$StartChild.call(ContainerBase.java:1415)
	at java.util.concurrent.FutureTask.run(FutureTask.java:266)
	at org.apache.tomcat.util.threads.InlineExecutorService.execute(InlineExecutorService.java:75)
	at java.util.concurrent.AbstractExecutorService.submit(AbstractExecutorService.java:134)
	at org.apache.catalina.core.ContainerBase.startInternal(ContainerBase.java:941)
	at org.apache.catalina.core.StandardEngine.startInternal(StandardEngine.java:258)
	at org.apache.catalina.util.LifecycleBase.start(LifecycleBase.java:183)
	at org.apache.catalina.core.StandardService.startInternal(StandardService.java:422)
	at org.apache.catalina.util.LifecycleBase.start(LifecycleBase.java:183)
	at org.apache.catalina.core.StandardServer.startInternal(StandardServer.java:770)
	at org.apache.catalina.util.LifecycleBase.start(LifecycleBase.java:183)
	at org.apache.catalina.startup.Catalina.start(Catalina.java:682)
	at sun.reflect.NativeMethodAccessorImpl.invoke0(Native Method)
	at sun.reflect.NativeMethodAccessorImpl.invoke(NativeMethodAccessorImpl.java:62)
	at sun.reflect.DelegatingMethodAccessorImpl.invoke(DelegatingMethodAccessorImpl.java:43)
	at java.lang.reflect.Method.invoke(Method.java:498)
	at org.apache.catalina.startup.Bootstrap.start(Bootstrap.java:353)
	at org.apache.catalina.startup.Bootstrap.main(Bootstrap.java:493)
Caused by: java.lang.IllegalArgumentException: The main resource set specified [C:\Users\04783714118\Documents\NetBeansProjects\MavenTeste\target\MavenTeste-1.0-SNAPSHOT] is not valid
	at org.apache.catalina.webresources.StandardRoot.createMainResourceSet(StandardRoot.java:749)
	at org.apache.catalina.webresources.StandardRoot.startInternal(StandardRoot.java:706)
	at org.apache.catalina.util.LifecycleBase.start(LifecycleBase.java:183)
	... 41 more

09-May-2018 17:13:03.674 GRAVE [main] org.apache.catalina.startup.HostConfig.deployDescriptor Error deploying configuration descriptor [C:\Users\04783714118\Documents\LAZARUS\PROJETOS\JSF-Truco\apache-tomcat-9.0.5-windows-x64\apache-tomcat-9.0.5\conf\Catalina\localhost\MavenTeste.xml]
 java.lang.IllegalStateException: ContainerBase.addChild: start: org.apache.catalina.LifecycleException: Failed to start component [org.apache.catalina.webresources.StandardRoot@6009bea]
	at org.apache.catalina.core.ContainerBase.addChildInternal(ContainerBase.java:744)
	at org.apache.catalina.core.ContainerBase.addChild(ContainerBase.java:716)
	at org.apache.catalina.core.StandardHost.addChild(StandardHost.java:703)
	at org.apache.catalina.startup.HostConfig.deployDescriptor(HostConfig.java:619)
	at org.apache.catalina.startup.HostConfig$DeployDescriptor.run(HostConfig.java:1829)
	at java.util.concurrent.Executors$RunnableAdapter.call(Executors.java:511)
	at java.util.concurrent.FutureTask.run(FutureTask.java:266)
	at org.apache.tomcat.util.threads.InlineExecutorService.execute(InlineExecutorService.java:75)
	at java.util.concurrent.AbstractExecutorService.submit(AbstractExecutorService.java:112)
	at org.apache.catalina.startup.HostConfig.deployDescriptors(HostConfig.java:530)
	at org.apache.catalina.startup.HostConfig.deployApps(HostConfig.java:429)
	at org.apache.catalina.startup.HostConfig.start(HostConfig.java:1575)
	at org.apache.catalina.startup.HostConfig.lifecycleEvent(HostConfig.java:308)
	at org.apache.catalina.util.LifecycleBase.fireLifecycleEvent(LifecycleBase.java:123)
	at org.apache.catalina.util.LifecycleBase.setStateInternal(LifecycleBase.java:424)
	at org.apache.catalina.util.LifecycleBase.setState(LifecycleBase.java:367)
	at org.apache.catalina.core.ContainerBase.startInternal(ContainerBase.java:964)
	at org.apache.catalina.core.StandardHost.startInternal(StandardHost.java:839)
	at org.apache.catalina.util.LifecycleBase.start(LifecycleBase.java:183)
	at org.apache.catalina.core.ContainerBase$StartChild.call(ContainerBase.java:1425)
	at org.apache.catalina.core.ContainerBase$StartChild.call(ContainerBase.java:1415)
	at java.util.concurrent.FutureTask.run(FutureTask.java:266)
	at org.apache.tomcat.util.threads.InlineExecutorService.execute(InlineExecutorService.java:75)
	at java.util.concurrent.AbstractExecutorService.submit(AbstractExecutorService.java:134)
	at org.apache.catalina.core.ContainerBase.startInternal(ContainerBase.java:941)
	at org.apache.catalina.core.StandardEngine.startInternal(StandardEngine.java:258)
	at org.apache.catalina.util.LifecycleBase.start(LifecycleBase.java:183)
	at org.apache.catalina.core.StandardService.startInternal(StandardService.java:422)
	at org.apache.catalina.util.LifecycleBase.start(LifecycleBase.java:183)
	at org.apache.catalina.core.StandardServer.startInternal(StandardServer.java:770)
	at org.apache.catalina.util.LifecycleBase.start(LifecycleBase.java:183)
	at org.apache.catalina.startup.Catalina.start(Catalina.java:682)
	at sun.reflect.NativeMethodAccessorImpl.invoke0(Native Method)
	at sun.reflect.NativeMethodAccessorImpl.invoke(NativeMethodAccessorImpl.java:62)
	at sun.reflect.DelegatingMethodAccessorImpl.invoke(DelegatingMethodAccessorImpl.java:43)
	at java.lang.reflect.Method.invoke(Method.java:498)
	at org.apache.catalina.startup.Bootstrap.start(Bootstrap.java:353)
	at org.apache.catalina.startup.Bootstrap.main(Bootstrap.java:493)

09-May-2018 17:13:03.675 INFORMAÇÕES [main] org.apache.catalina.startup.HostConfig.deployDescriptor Deployment of configuration descriptor [C:\Users\04783714118\Documents\LAZARUS\PROJETOS\JSF-Truco\apache-tomcat-9.0.5-windows-x64\apache-tomcat-9.0.5\conf\Catalina\localhost\MavenTeste.xml] has finished in [50] ms
09-May-2018 17:13:03.675 INFORMAÇÕES [main] org.apache.catalina.startup.HostConfig.deployDescriptor Deploying configuration descriptor [C:\Users\04783714118\Documents\LAZARUS\PROJETOS\JSF-Truco\apache-tomcat-9.0.5-windows-x64\apache-tomcat-9.0.5\conf\Catalina\localhost\truco.xml]
09-May-2018 17:13:08.459 INFORMAÇÕES [main] org.apache.jasper.servlet.TldScanner.scanJars At least one JAR was scanned for TLDs yet contained no TLDs. Enable debug logging for this logger for a complete list of JARs that were scanned but no TLDs were found in them. Skipping unneeded JARs during scanning can improve startup time and JSP compilation time.
09-May-2018 17:13:08.540 INFORMAÇÕES [main] com.sun.faces.config.ConfigureListener.contextInitialized Inicializando Mojarra 2.2.7 ( 20140610-1547 https://svn.java.net/svn/mojarra~svn/tags/2.2.7@13362) para o contexto '/truco'
09-May-2018 17:13:08.631 INFORMAÇÕES [main] com.sun.faces.spi.InjectionProviderFactory.createInstance JSF1048: Anotações PostConstruct/PreDestroy presentes.  Os métodos ManagedBeans marcados com essas anotações informarão as anotações processadas.
09-May-2018 17:13:09.318 INFORMAÇÕES [main] org.primefaces.webapp.PostConstructApplicationEventListener.processEvent Running on PrimeFaces 6.2
09-May-2018 17:13:09.320 INFORMAÇÕES [main] org.apache.catalina.startup.HostConfig.deployDescriptor Deployment of configuration descriptor [C:\Users\04783714118\Documents\LAZARUS\PROJETOS\JSF-Truco\apache-tomcat-9.0.5-windows-x64\apache-tomcat-9.0.5\conf\Catalina\localhost\truco.xml] has finished in [5,645] ms
09-May-2018 17:13:09.321 INFORMAÇÕES [main] org.apache.catalina.startup.HostConfig.deployDescriptor Deploying configuration descriptor [C:\Users\04783714118\Documents\LAZARUS\PROJETOS\JSF-Truco\apache-tomcat-9.0.5-windows-x64\apache-tomcat-9.0.5\conf\Catalina\localhost\trucoladrao.xml]
09-May-2018 17:13:09.329 GRAVE [main] org.apache.catalina.core.ContainerBase.addChildInternal ContainerBase.addChild: start: 
 org.apache.catalina.LifecycleException: Failed to start component [org.apache.catalina.webresources.StandardRoot@5b23c1f6]
	at org.apache.catalina.util.LifecycleBase.handleSubClassException(LifecycleBase.java:441)
	at org.apache.catalina.util.LifecycleBase.start(LifecycleBase.java:198)
	at org.apache.catalina.core.StandardContext.resourcesStart(StandardContext.java:4752)
	at org.apache.catalina.core.StandardContext.startInternal(StandardContext.java:4887)
	at org.apache.catalina.util.LifecycleBase.start(LifecycleBase.java:183)
	at org.apache.catalina.core.ContainerBase.addChildInternal(ContainerBase.java:740)
	at org.apache.catalina.core.ContainerBase.addChild(ContainerBase.java:716)
	at org.apache.catalina.core.StandardHost.addChild(StandardHost.java:703)
	at org.apache.catalina.startup.HostConfig.deployDescriptor(HostConfig.java:619)
	at org.apache.catalina.startup.HostConfig$DeployDescriptor.run(HostConfig.java:1829)
	at java.util.concurrent.Executors$RunnableAdapter.call(Executors.java:511)
	at java.util.concurrent.FutureTask.run(FutureTask.java:266)
	at org.apache.tomcat.util.threads.InlineExecutorService.execute(InlineExecutorService.java:75)
	at java.util.concurrent.AbstractExecutorService.submit(AbstractExecutorService.java:112)
	at org.apache.catalina.startup.HostConfig.deployDescriptors(HostConfig.java:530)
	at org.apache.catalina.startup.HostConfig.deployApps(HostConfig.java:429)
	at org.apache.catalina.startup.HostConfig.start(HostConfig.java:1575)
	at org.apache.catalina.startup.HostConfig.lifecycleEvent(HostConfig.java:308)
	at org.apache.catalina.util.LifecycleBase.fireLifecycleEvent(LifecycleBase.java:123)
	at org.apache.catalina.util.LifecycleBase.setStateInternal(LifecycleBase.java:424)
	at org.apache.catalina.util.LifecycleBase.setState(LifecycleBase.java:367)
	at org.apache.catalina.core.ContainerBase.startInternal(ContainerBase.java:964)
	at org.apache.catalina.core.StandardHost.startInternal(StandardHost.java:839)
	at org.apache.catalina.util.LifecycleBase.start(LifecycleBase.java:183)
	at org.apache.catalina.core.ContainerBase$StartChild.call(ContainerBase.java:1425)
	at org.apache.catalina.core.ContainerBase$StartChild.call(ContainerBase.java:1415)
	at java.util.concurrent.FutureTask.run(FutureTask.java:266)
	at org.apache.tomcat.util.threads.InlineExecutorService.execute(InlineExecutorService.java:75)
	at java.util.concurrent.AbstractExecutorService.submit(AbstractExecutorService.java:134)
	at org.apache.catalina.core.ContainerBase.startInternal(ContainerBase.java:941)
	at org.apache.catalina.core.StandardEngine.startInternal(StandardEngine.java:258)
	at org.apache.catalina.util.LifecycleBase.start(LifecycleBase.java:183)
	at org.apache.catalina.core.StandardService.startInternal(StandardService.java:422)
	at org.apache.catalina.util.LifecycleBase.start(LifecycleBase.java:183)
	at org.apache.catalina.core.StandardServer.startInternal(StandardServer.java:770)
	at org.apache.catalina.util.LifecycleBase.start(LifecycleBase.java:183)
	at org.apache.catalina.startup.Catalina.start(Catalina.java:682)
	at sun.reflect.NativeMethodAccessorImpl.invoke0(Native Method)
	at sun.reflect.NativeMethodAccessorImpl.invoke(NativeMethodAccessorImpl.java:62)
	at sun.reflect.DelegatingMethodAccessorImpl.invoke(DelegatingMethodAccessorImpl.java:43)
	at java.lang.reflect.Method.invoke(Method.java:498)
	at org.apache.catalina.startup.Bootstrap.start(Bootstrap.java:353)
	at org.apache.catalina.startup.Bootstrap.main(Bootstrap.java:493)
Caused by: java.lang.IllegalArgumentException: The main resource set specified [C:\Users\04783714118\Documents\NetBeansProjects\trucoladrao\target\trucoladrao-1.0-SNAPSHOT] is not valid
	at org.apache.catalina.webresources.StandardRoot.createMainResourceSet(StandardRoot.java:749)
	at org.apache.catalina.webresources.StandardRoot.startInternal(StandardRoot.java:706)
	at org.apache.catalina.util.LifecycleBase.start(LifecycleBase.java:183)
	... 41 more

09-May-2018 17:13:09.366 GRAVE [main] org.apache.catalina.startup.HostConfig.deployDescriptor Error deploying configuration descriptor [C:\Users\04783714118\Documents\LAZARUS\PROJETOS\JSF-Truco\apache-tomcat-9.0.5-windows-x64\apache-tomcat-9.0.5\conf\Catalina\localhost\trucoladrao.xml]
 java.lang.IllegalStateException: ContainerBase.addChild: start: org.apache.catalina.LifecycleException: Failed to start component [org.apache.catalina.webresources.StandardRoot@5b23c1f6]
	at org.apache.catalina.core.ContainerBase.addChildInternal(ContainerBase.java:744)
	at org.apache.catalina.core.ContainerBase.addChild(ContainerBase.java:716)
	at org.apache.catalina.core.StandardHost.addChild(StandardHost.java:703)
	at org.apache.catalina.startup.HostConfig.deployDescriptor(HostConfig.java:619)
	at org.apache.catalina.startup.HostConfig$DeployDescriptor.run(HostConfig.java:1829)
	at java.util.concurrent.Executors$RunnableAdapter.call(Executors.java:511)
	at java.util.concurrent.FutureTask.run(FutureTask.java:266)
	at org.apache.tomcat.util.threads.InlineExecutorService.execute(InlineExecutorService.java:75)
	at java.util.concurrent.AbstractExecutorService.submit(AbstractExecutorService.java:112)
	at org.apache.catalina.startup.HostConfig.deployDescriptors(HostConfig.java:530)
	at org.apache.catalina.startup.HostConfig.deployApps(HostConfig.java:429)
	at org.apache.catalina.startup.HostConfig.start(HostConfig.java:1575)
	at org.apache.catalina.startup.HostConfig.lifecycleEvent(HostConfig.java:308)
	at org.apache.catalina.util.LifecycleBase.fireLifecycleEvent(LifecycleBase.java:123)
	at org.apache.catalina.util.LifecycleBase.setStateInternal(LifecycleBase.java:424)
	at org.apache.catalina.util.LifecycleBase.setState(LifecycleBase.java:367)
	at org.apache.catalina.core.ContainerBase.startInternal(ContainerBase.java:964)
	at org.apache.catalina.core.StandardHost.startInternal(StandardHost.java:839)
	at org.apache.catalina.util.LifecycleBase.start(LifecycleBase.java:183)
	at org.apache.catalina.core.ContainerBase$StartChild.call(ContainerBase.java:1425)
	at org.apache.catalina.core.ContainerBase$StartChild.call(ContainerBase.java:1415)
	at java.util.concurrent.FutureTask.run(FutureTask.java:266)
	at org.apache.tomcat.util.threads.InlineExecutorService.execute(InlineExecutorService.java:75)
	at java.util.concurrent.AbstractExecutorService.submit(AbstractExecutorService.java:134)
	at org.apache.catalina.core.ContainerBase.startInternal(ContainerBase.java:941)
	at org.apache.catalina.core.StandardEngine.startInternal(StandardEngine.java:258)
	at org.apache.catalina.util.LifecycleBase.start(LifecycleBase.java:183)
	at org.apache.catalina.core.StandardService.startInternal(StandardService.java:422)
	at org.apache.catalina.util.LifecycleBase.start(LifecycleBase.java:183)
	at org.apache.catalina.core.StandardServer.startInternal(StandardServer.java:770)
	at org.apache.catalina.util.LifecycleBase.start(LifecycleBase.java:183)
	at org.apache.catalina.startup.Catalina.start(Catalina.java:682)
	at sun.reflect.NativeMethodAccessorImpl.invoke0(Native Method)
	at sun.reflect.NativeMethodAccessorImpl.invoke(NativeMethodAccessorImpl.java:62)
	at sun.reflect.DelegatingMethodAccessorImpl.invoke(DelegatingMethodAccessorImpl.java:43)
	at java.lang.reflect.Method.invoke(Method.java:498)
	at org.apache.catalina.startup.Bootstrap.start(Bootstrap.java:353)
	at org.apache.catalina.startup.Bootstrap.main(Bootstrap.java:493)

09-May-2018 17:13:09.366 INFORMAÇÕES [main] org.apache.catalina.startup.HostConfig.deployDescriptor Deployment of configuration descriptor [C:\Users\04783714118\Documents\LAZARUS\PROJETOS\JSF-Truco\apache-tomcat-9.0.5-windows-x64\apache-tomcat-9.0.5\conf\Catalina\localhost\trucoladrao.xml] has finished in [45] ms
09-May-2018 17:13:09.367 INFORMAÇÕES [main] org.apache.catalina.startup.HostConfig.deployDirectory Deploying web application directory [C:\Users\04783714118\Documents\LAZARUS\PROJETOS\JSF-Truco\apache-tomcat-9.0.5-windows-x64\apache-tomcat-9.0.5\webapps\docs]
09-May-2018 17:13:09.395 INFORMAÇÕES [main] org.apache.catalina.startup.HostConfig.deployDirectory Deployment of web application directory [C:\Users\04783714118\Documents\LAZARUS\PROJETOS\JSF-Truco\apache-tomcat-9.0.5-windows-x64\apache-tomcat-9.0.5\webapps\docs] has finished in [28] ms
09-May-2018 17:13:09.459 INFORMAÇÕES [main] org.apache.catalina.startup.HostConfig.deployDirectory Deploying web application directory [C:\Users\04783714118\Documents\LAZARUS\PROJETOS\JSF-Truco\apache-tomcat-9.0.5-windows-x64\apache-tomcat-9.0.5\webapps\examples]
09-May-2018 17:13:10.525 INFORMAÇÕES [main] org.apache.catalina.startup.HostConfig.deployDirectory Deployment of web application directory [C:\Users\04783714118\Documents\LAZARUS\PROJETOS\JSF-Truco\apache-tomcat-9.0.5-windows-x64\apache-tomcat-9.0.5\webapps\examples] has finished in [1,065] ms
09-May-2018 17:13:10.525 INFORMAÇÕES [main] org.apache.catalina.startup.HostConfig.deployDirectory Deploying web application directory [C:\Users\04783714118\Documents\LAZARUS\PROJETOS\JSF-Truco\apache-tomcat-9.0.5-windows-x64\apache-tomcat-9.0.5\webapps\host-manager]
09-May-2018 17:13:10.561 INFORMAÇÕES [main] org.apache.catalina.startup.HostConfig.deployDirectory Deployment of web application directory [C:\Users\04783714118\Documents\LAZARUS\PROJETOS\JSF-Truco\apache-tomcat-9.0.5-windows-x64\apache-tomcat-9.0.5\webapps\host-manager] has finished in [36] ms
09-May-2018 17:13:10.562 INFORMAÇÕES [main] org.apache.catalina.startup.HostConfig.deployDirectory Deploying web application directory [C:\Users\04783714118\Documents\LAZARUS\PROJETOS\JSF-Truco\apache-tomcat-9.0.5-windows-x64\apache-tomcat-9.0.5\webapps\manager]
09-May-2018 17:13:10.590 INFORMAÇÕES [main] org.apache.catalina.startup.HostConfig.deployDirectory Deployment of web application directory [C:\Users\04783714118\Documents\LAZARUS\PROJETOS\JSF-Truco\apache-tomcat-9.0.5-windows-x64\apache-tomcat-9.0.5\webapps\manager] has finished in [28] ms
09-May-2018 17:13:10.590 INFORMAÇÕES [main] org.apache.catalina.startup.HostConfig.deployDirectory Deploying web application directory [C:\Users\04783714118\Documents\LAZARUS\PROJETOS\JSF-Truco\apache-tomcat-9.0.5-windows-x64\apache-tomcat-9.0.5\webapps\ROOT]
09-May-2018 17:13:10.613 INFORMAÇÕES [main] org.apache.catalina.startup.HostConfig.deployDirectory Deployment of web application directory [C:\Users\04783714118\Documents\LAZARUS\PROJETOS\JSF-Truco\apache-tomcat-9.0.5-windows-x64\apache-tomcat-9.0.5\webapps\ROOT] has finished in [23] ms
09-May-2018 17:13:10.615 INFORMAÇÕES [main] org.apache.coyote.AbstractProtocol.start Starting ProtocolHandler ["http-nio-8080"]
09-May-2018 17:13:10.622 INFORMAÇÕES [main] org.apache.coyote.AbstractProtocol.start Starting ProtocolHandler ["ajp-nio-8009"]
09-May-2018 17:13:10.627 INFORMAÇÕES [main] org.apache.catalina.startup.Catalina.start Server startup in 17473 ms
09-May-2018 17:13:17.065 ADVERTÊNCIA [http-nio-8080-exec-7] com.sun.faces.context.SessionMap.put JSF1063: AVISO! Definindo valor de atributo não serializável em HttpSession (chave: usuario, classe do valor: bean.BeanUsuario).
09-May-2018 17:13:46.972 ADVERTÊNCIA [http-nio-8080-exec-5] com.sun.faces.context.SessionMap.put JSF1063: AVISO! Definindo valor de atributo não serializável em HttpSession (chave: usuario, classe do valor: bean.BeanUsuario).
09-May-2018 17:16:05.487 ADVERTÊNCIA [http-nio-8080-exec-4] com.sun.faces.context.SessionMap.put JSF1063: AVISO! Definindo valor de atributo não serializável em HttpSession (chave: dupla, classe do valor: bean.beanDupla).
09-May-2018 17:17:21.129 ADVERTÊNCIA [http-nio-8080-exec-2] com.sun.faces.context.SessionMap.put JSF1063: AVISO! Definindo valor de atributo não serializável em HttpSession (chave: torneio, classe do valor: bean.BeanTorneio).
09-May-2018 17:20:05.891 ADVERTÊNCIA [http-nio-8080-exec-1] com.sun.faces.application.resource.ResourceHandlerImpl.logMissingResource JSF1064: Não foi possível encontrar ou fornecer o recurso, /perfil.xhtml.
09-May-2018 17:22:31.018 1100 [http-nio-8080-exec-9] com.sun.faces.context.ExceptionHandlerImpl.log JSF1073: javax.faces.component.UpdateModelException obtido durante o processamento de UPDATE_MODEL_VALUES 4: UIComponent-ClientId=j_idt5:j_idt12, Message=javax.el.PropertyNotWritableException: /cadastro_torneio.xhtml @39,86 value="#{torneio.dtCalendario}": Property [dtCalendario] not writable on type [bean.BeanTorneio]
09-May-2018 17:22:31.018 1100 [http-nio-8080-exec-9] com.sun.faces.context.ExceptionHandlerImpl.log javax.el.PropertyNotWritableException: /cadastro_torneio.xhtml @39,86 value="#{torneio.dtCalendario}": Property [dtCalendario] not writable on type [bean.BeanTorneio]
 javax.faces.component.UpdateModelException: javax.el.PropertyNotWritableException: /cadastro_torneio.xhtml @39,86 value="#{torneio.dtCalendario}": Property [dtCalendario] not writable on type [bean.BeanTorneio]
	at javax.faces.component.UIInput.updateModel(UIInput.java:866)
	at javax.faces.component.UIInput.processUpdates(UIInput.java:749)
	at javax.faces.component.UIForm.processUpdates(UIForm.java:281)
	at javax.faces.component.UIComponentBase.processUpdates(UIComponentBase.java:1286)
	at javax.faces.component.UIViewRoot.processUpdates(UIViewRoot.java:1254)
	at com.sun.faces.lifecycle.UpdateModelValuesPhase.execute(UpdateModelValuesPhase.java:78)
	at com.sun.faces.lifecycle.Phase.doPhase(Phase.java:101)
	at com.sun.faces.lifecycle.LifecycleImpl.execute(LifecycleImpl.java:198)
	at javax.faces.webapp.FacesServlet.service(FacesServlet.java:646)
	at org.apache.catalina.core.ApplicationFilterChain.internalDoFilter(ApplicationFilterChain.java:231)
	at org.apache.catalina.core.ApplicationFilterChain.doFilter(ApplicationFilterChain.java:166)
	at org.apache.tomcat.websocket.server.WsFilter.doFilter(WsFilter.java:53)
	at org.apache.catalina.core.ApplicationFilterChain.internalDoFilter(ApplicationFilterChain.java:193)
	at org.apache.catalina.core.ApplicationFilterChain.doFilter(ApplicationFilterChain.java:166)
	at org.apache.catalina.core.StandardWrapperValve.invoke(StandardWrapperValve.java:199)
	at org.apache.catalina.core.StandardContextValve.invoke(StandardContextValve.java:96)
	at org.apache.catalina.core.StandardHostValve.invoke(StandardHostValve.java:137)
	at org.apache.catalina.valves.ErrorReportValve.invoke(ErrorReportValve.java:81)
	at org.apache.catalina.valves.AbstractAccessLogValve.invoke(AbstractAccessLogValve.java:651)
	at org.apache.catalina.core.StandardEngineValve.invoke(StandardEngineValve.java:87)
	at org.apache.catalina.connector.CoyoteAdapter.service(CoyoteAdapter.java:342)
	at org.apache.coyote.http11.Http11Processor.service(Http11Processor.java:409)
	at org.apache.coyote.AbstractProcessorLight.process(AbstractProcessorLight.java:66)
	at org.apache.coyote.AbstractProtocol$ConnectionHandler.process(AbstractProtocol.java:754)
	at org.apache.tomcat.util.net.NioEndpoint$SocketProcessor.doRun(NioEndpoint.java:1376)
	at org.apache.tomcat.util.net.SocketProcessorBase.run(SocketProcessorBase.java:49)
	at java.util.concurrent.ThreadPoolExecutor.runWorker(ThreadPoolExecutor.java:1142)
	at java.util.concurrent.ThreadPoolExecutor$Worker.run(ThreadPoolExecutor.java:617)
	at org.apache.tomcat.util.threads.TaskThread$WrappingRunnable.run(TaskThread.java:61)
	at java.lang.Thread.run(Thread.java:748)
Caused by: javax.el.PropertyNotWritableException: /cadastro_torneio.xhtml @39,86 value="#{torneio.dtCalendario}": Property [dtCalendario] not writable on type [bean.BeanTorneio]
	at com.sun.faces.facelets.el.TagValueExpression.setValue(TagValueExpression.java:136)
	at javax.faces.component.UIInput.updateModel(UIInput.java:832)
	... 29 more
Caused by: javax.el.PropertyNotWritableException: Property [dtCalendario] not writable on type [bean.BeanTorneio]
	at javax.el.BeanELResolver$BeanProperty.write(BeanELResolver.java:315)
	at javax.el.BeanELResolver$BeanProperty.access$100(BeanELResolver.java:275)
	at javax.el.BeanELResolver.setValue(BeanELResolver.java:120)
	at com.sun.faces.el.DemuxCompositeELResolver._setValue(DemuxCompositeELResolver.java:255)
	at com.sun.faces.el.DemuxCompositeELResolver.setValue(DemuxCompositeELResolver.java:281)
	at org.apache.el.parser.AstValue.setValue(AstValue.java:202)
	at org.apache.el.ValueExpressionImpl.setValue(ValueExpressionImpl.java:257)
	at com.sun.faces.facelets.el.TagValueExpression.setValue(TagValueExpression.java:131)
	... 30 more

09-May-2018 17:23:47.744 GRAVE [http-nio-8080-exec-7] com.sun.faces.application.view.FaceletViewHandlingStrategy.handleRenderException Error Rendering View[/dupla.xhtml]
 javax.el.ELException: /dupla.xhtml: Error reading [data] on type [bean.beanDupla]
	at com.sun.faces.facelets.compiler.TextInstruction.write(TextInstruction.java:88)
	at com.sun.faces.facelets.compiler.UIInstructions.encodeBegin(UIInstructions.java:82)
	at com.sun.faces.facelets.compiler.UILeaf.encodeAll(UILeaf.java:183)
	at javax.faces.render.Renderer.encodeChildren(Renderer.java:176)
	at javax.faces.component.UIComponentBase.encodeChildren(UIComponentBase.java:889)
	at com.sun.faces.renderkit.html_basic.HtmlBasicRenderer.encodeRecursive(HtmlBasicRenderer.java:304)
	at com.sun.faces.renderkit.html_basic.GridRenderer.renderRow(GridRenderer.java:185)
	at com.sun.faces.renderkit.html_basic.GridRenderer.encodeChildren(GridRenderer.java:129)
	at javax.faces.component.UIComponentBase.encodeChildren(UIComponentBase.java:889)
	at javax.faces.component.UIComponent.encodeAll(UIComponent.java:1856)
	at javax.faces.render.Renderer.encodeChildren(Renderer.java:176)
	at javax.faces.component.UIComponentBase.encodeChildren(UIComponentBase.java:889)
	at javax.faces.component.UIComponent.encodeAll(UIComponent.java:1856)
	at javax.faces.component.UIComponent.encodeAll(UIComponent.java:1859)
	at com.sun.faces.application.view.FaceletViewHandlingStrategy.renderView(FaceletViewHandlingStrategy.java:456)
	at com.sun.faces.application.view.MultiViewHandler.renderView(MultiViewHandler.java:133)
	at com.sun.faces.lifecycle.RenderResponsePhase.execute(RenderResponsePhase.java:120)
	at com.sun.faces.lifecycle.Phase.doPhase(Phase.java:101)
	at com.sun.faces.lifecycle.LifecycleImpl.render(LifecycleImpl.java:219)
	at javax.faces.webapp.FacesServlet.service(FacesServlet.java:647)
	at org.apache.catalina.core.ApplicationFilterChain.internalDoFilter(ApplicationFilterChain.java:231)
	at org.apache.catalina.core.ApplicationFilterChain.doFilter(ApplicationFilterChain.java:166)
	at org.apache.tomcat.websocket.server.WsFilter.doFilter(WsFilter.java:53)
	at org.apache.catalina.core.ApplicationFilterChain.internalDoFilter(ApplicationFilterChain.java:193)
	at org.apache.catalina.core.ApplicationFilterChain.doFilter(ApplicationFilterChain.java:166)
	at org.apache.catalina.core.StandardWrapperValve.invoke(StandardWrapperValve.java:199)
	at org.apache.catalina.core.StandardContextValve.invoke(StandardContextValve.java:96)
	at org.apache.catalina.core.StandardHostValve.invoke(StandardHostValve.java:137)
	at org.apache.catalina.valves.ErrorReportValve.invoke(ErrorReportValve.java:81)
	at org.apache.catalina.valves.AbstractAccessLogValve.invoke(AbstractAccessLogValve.java:651)
	at org.apache.catalina.core.StandardEngineValve.invoke(StandardEngineValve.java:87)
	at org.apache.catalina.connector.CoyoteAdapter.service(CoyoteAdapter.java:342)
	at org.apache.coyote.http11.Http11Processor.service(Http11Processor.java:409)
	at org.apache.coyote.AbstractProcessorLight.process(AbstractProcessorLight.java:66)
	at org.apache.coyote.AbstractProtocol$ConnectionHandler.process(AbstractProtocol.java:754)
	at org.apache.tomcat.util.net.NioEndpoint$SocketProcessor.doRun(NioEndpoint.java:1376)
	at org.apache.tomcat.util.net.SocketProcessorBase.run(SocketProcessorBase.java:49)
	at java.util.concurrent.ThreadPoolExecutor.runWorker(ThreadPoolExecutor.java:1142)
	at java.util.concurrent.ThreadPoolExecutor$Worker.run(ThreadPoolExecutor.java:617)
	at org.apache.tomcat.util.threads.TaskThread$WrappingRunnable.run(TaskThread.java:61)
	at java.lang.Thread.run(Thread.java:748)
Caused by: java.lang.NullPointerException
	at java.util.Calendar.setTime(Calendar.java:1770)
	at java.text.SimpleDateFormat.format(SimpleDateFormat.java:943)
	at java.text.SimpleDateFormat.format(SimpleDateFormat.java:936)
	at java.text.DateFormat.format(DateFormat.java:345)
	at outro.Utilities.DateToString(Utilities.java:46)
	at outro.Utilities.formataData(Utilities.java:54)
	at bean.beanDupla.getData(beanDupla.java:157)
	at sun.reflect.NativeMethodAccessorImpl.invoke0(Native Method)
	at sun.reflect.NativeMethodAccessorImpl.invoke(NativeMethodAccessorImpl.java:62)
	at sun.reflect.DelegatingMethodAccessorImpl.invoke(DelegatingMethodAccessorImpl.java:43)
	at java.lang.reflect.Method.invoke(Method.java:498)
	at javax.el.BeanELResolver.getValue(BeanELResolver.java:94)
	at com.sun.faces.el.DemuxCompositeELResolver._getValue(DemuxCompositeELResolver.java:176)
	at com.sun.faces.el.DemuxCompositeELResolver.getValue(DemuxCompositeELResolver.java:203)
	at org.apache.el.parser.AstValue.getValue(AstValue.java:169)
	at org.apache.el.ValueExpressionImpl.getValue(ValueExpressionImpl.java:184)
	at com.sun.faces.facelets.el.ELText$ELTextVariable.writeText(ELText.java:238)
	at com.sun.faces.facelets.el.ELText$ELTextComposite.writeText(ELText.java:154)
	at com.sun.faces.facelets.compiler.TextInstruction.write(TextInstruction.java:85)
	... 40 more

09-May-2018 17:23:47.866 1100 [http-nio-8080-exec-7] com.sun.faces.context.ExceptionHandlerImpl.log JSF1073: javax.el.ELException obtido durante o processamento de RENDER_RESPONSE 6: UIComponent-ClientId=, Message=/dupla.xhtml: Error reading [data] on type [bean.beanDupla]
09-May-2018 17:23:47.866 1100 [http-nio-8080-exec-7] com.sun.faces.context.ExceptionHandlerImpl.log /dupla.xhtml: Error reading [data] on type [bean.beanDupla]
 javax.el.ELException: /dupla.xhtml: Error reading [data] on type [bean.beanDupla]
	at com.sun.faces.facelets.compiler.TextInstruction.write(TextInstruction.java:88)
	at com.sun.faces.facelets.compiler.UIInstructions.encodeBegin(UIInstructions.java:82)
	at com.sun.faces.facelets.compiler.UILeaf.encodeAll(UILeaf.java:183)
	at javax.faces.render.Renderer.encodeChildren(Renderer.java:176)
	at javax.faces.component.UIComponentBase.encodeChildren(UIComponentBase.java:889)
	at com.sun.faces.renderkit.html_basic.HtmlBasicRenderer.encodeRecursive(HtmlBasicRenderer.java:304)
	at com.sun.faces.renderkit.html_basic.GridRenderer.renderRow(GridRenderer.java:185)
	at com.sun.faces.renderkit.html_basic.GridRenderer.encodeChildren(GridRenderer.java:129)
	at javax.faces.component.UIComponentBase.encodeChildren(UIComponentBase.java:889)
	at javax.faces.component.UIComponent.encodeAll(UIComponent.java:1856)
	at javax.faces.render.Renderer.encodeChildren(Renderer.java:176)
	at javax.faces.component.UIComponentBase.encodeChildren(UIComponentBase.java:889)
	at javax.faces.component.UIComponent.encodeAll(UIComponent.java:1856)
	at javax.faces.component.UIComponent.encodeAll(UIComponent.java:1859)
	at com.sun.faces.application.view.FaceletViewHandlingStrategy.renderView(FaceletViewHandlingStrategy.java:456)
	at com.sun.faces.application.view.MultiViewHandler.renderView(MultiViewHandler.java:133)
	at com.sun.faces.lifecycle.RenderResponsePhase.execute(RenderResponsePhase.java:120)
	at com.sun.faces.lifecycle.Phase.doPhase(Phase.java:101)
	at com.sun.faces.lifecycle.LifecycleImpl.render(LifecycleImpl.java:219)
	at javax.faces.webapp.FacesServlet.service(FacesServlet.java:647)
	at org.apache.catalina.core.ApplicationFilterChain.internalDoFilter(ApplicationFilterChain.java:231)
	at org.apache.catalina.core.ApplicationFilterChain.doFilter(ApplicationFilterChain.java:166)
	at org.apache.tomcat.websocket.server.WsFilter.doFilter(WsFilter.java:53)
	at org.apache.catalina.core.ApplicationFilterChain.internalDoFilter(ApplicationFilterChain.java:193)
	at org.apache.catalina.core.ApplicationFilterChain.doFilter(ApplicationFilterChain.java:166)
	at org.apache.catalina.core.StandardWrapperValve.invoke(StandardWrapperValve.java:199)
	at org.apache.catalina.core.StandardContextValve.invoke(StandardContextValve.java:96)
	at org.apache.catalina.core.StandardHostValve.invoke(StandardHostValve.java:137)
	at org.apache.catalina.valves.ErrorReportValve.invoke(ErrorReportValve.java:81)
	at org.apache.catalina.valves.AbstractAccessLogValve.invoke(AbstractAccessLogValve.java:651)
	at org.apache.catalina.core.StandardEngineValve.invoke(StandardEngineValve.java:87)
	at org.apache.catalina.connector.CoyoteAdapter.service(CoyoteAdapter.java:342)
	at org.apache.coyote.http11.Http11Processor.service(Http11Processor.java:409)
	at org.apache.coyote.AbstractProcessorLight.process(AbstractProcessorLight.java:66)
	at org.apache.coyote.AbstractProtocol$ConnectionHandler.process(AbstractProtocol.java:754)
	at org.apache.tomcat.util.net.NioEndpoint$SocketProcessor.doRun(NioEndpoint.java:1376)
	at org.apache.tomcat.util.net.SocketProcessorBase.run(SocketProcessorBase.java:49)
	at java.util.concurrent.ThreadPoolExecutor.runWorker(ThreadPoolExecutor.java:1142)
	at java.util.concurrent.ThreadPoolExecutor$Worker.run(ThreadPoolExecutor.java:617)
	at org.apache.tomcat.util.threads.TaskThread$WrappingRunnable.run(TaskThread.java:61)
	at java.lang.Thread.run(Thread.java:748)
Caused by: java.lang.NullPointerException
	at java.util.Calendar.setTime(Calendar.java:1770)
	at java.text.SimpleDateFormat.format(SimpleDateFormat.java:943)
	at java.text.SimpleDateFormat.format(SimpleDateFormat.java:936)
	at java.text.DateFormat.format(DateFormat.java:345)
	at outro.Utilities.DateToString(Utilities.java:46)
	at outro.Utilities.formataData(Utilities.java:54)
	at bean.beanDupla.getData(beanDupla.java:157)
	at sun.reflect.NativeMethodAccessorImpl.invoke0(Native Method)
	at sun.reflect.NativeMethodAccessorImpl.invoke(NativeMethodAccessorImpl.java:62)
	at sun.reflect.DelegatingMethodAccessorImpl.invoke(DelegatingMethodAccessorImpl.java:43)
	at java.lang.reflect.Method.invoke(Method.java:498)
	at javax.el.BeanELResolver.getValue(BeanELResolver.java:94)
	at com.sun.faces.el.DemuxCompositeELResolver._getValue(DemuxCompositeELResolver.java:176)
	at com.sun.faces.el.DemuxCompositeELResolver.getValue(DemuxCompositeELResolver.java:203)
	at org.apache.el.parser.AstValue.getValue(AstValue.java:169)
	at org.apache.el.ValueExpressionImpl.getValue(ValueExpressionImpl.java:184)
	at com.sun.faces.facelets.el.ELText$ELTextVariable.writeText(ELText.java:238)
	at com.sun.faces.facelets.el.ELText$ELTextComposite.writeText(ELText.java:154)
	at com.sun.faces.facelets.compiler.TextInstruction.write(TextInstruction.java:85)
	... 40 more

09-May-2018 17:25:01.759 ADVERTÊNCIA [http-nio-8080-exec-3] com.sun.faces.context.SessionMap.put JSF1063: AVISO! Definindo valor de atributo não serializável em HttpSession (chave: inputText, classe do valor: bean.BeanInputText).
09-May-2018 17:53:09.477 INFORMAÇÕES [main] org.apache.catalina.core.StandardServer.await A valid shutdown command was received via the shutdown port. Stopping the Server instance.
09-May-2018 17:53:09.477 INFORMAÇÕES [main] org.apache.coyote.AbstractProtocol.pause Pausing ProtocolHandler ["http-nio-8080"]
09-May-2018 17:53:09.571 INFORMAÇÕES [main] org.apache.coyote.AbstractProtocol.pause Pausing ProtocolHandler ["ajp-nio-8009"]
09-May-2018 17:53:09.668 INFORMAÇÕES [main] org.apache.catalina.core.StandardService.stopInternal Stopping service [Catalina]
09-May-2018 17:53:09.719 ADVERTÊNCIA [main] org.apache.catalina.loader.WebappClassLoaderBase.clearReferencesJdbc The web application [truco] registered the JDBC driver [org.sqlite.JDBC] but failed to unregister it when the web application was stopped. To prevent a memory leak, the JDBC Driver has been forcibly unregistered.
09-May-2018 17:53:09.724 INFORMAÇÕES [main] org.apache.coyote.AbstractProtocol.stop Stopping ProtocolHandler ["http-nio-8080"]
09-May-2018 17:53:09.725 INFORMAÇÕES [main] org.apache.coyote.AbstractProtocol.stop Stopping ProtocolHandler ["ajp-nio-8009"]
09-May-2018 17:53:09.727 INFORMAÇÕES [main] org.apache.coyote.AbstractProtocol.destroy Destroying ProtocolHandler ["http-nio-8080"]
09-May-2018 17:53:09.728 INFORMAÇÕES [main] org.apache.coyote.AbstractProtocol.destroy Destroying ProtocolHandler ["ajp-nio-8009"]
