19-Apr-2018 16:43:09.175 INFORMA합ES [main] org.apache.catalina.core.ApplicationContext.log ContextListener: contextInitialized()
19-Apr-2018 16:43:09.175 INFORMA합ES [main] org.apache.catalina.core.ApplicationContext.log SessionListener: contextInitialized()
19-Apr-2018 16:43:09.176 INFORMA합ES [main] org.apache.catalina.core.ApplicationContext.log ContextListener: attributeAdded('StockTicker', 'async.Stockticker@64fe9da7')
19-Apr-2018 17:32:14.176 INFORMA합ES [http-nio-8080-exec-89] org.apache.catalina.core.ApplicationContext.log Marking servlet [Faces Servlet] as unavailable
19-Apr-2018 17:32:14.177 GRAVE [http-nio-8080-exec-89] org.apache.catalina.core.StandardContext.loadOnStartup Servlet [Faces Servlet] in web application [/MavenTeste] threw load() exception
 java.lang.ClassNotFoundException: javax.faces.webapp.FacesServlet
	at org.apache.catalina.loader.WebappClassLoaderBase.loadClass(WebappClassLoaderBase.java:1275)
	at org.apache.catalina.loader.WebappClassLoaderBase.loadClass(WebappClassLoaderBase.java:1104)
	at org.apache.catalina.core.DefaultInstanceManager.loadClass(DefaultInstanceManager.java:540)
	at org.apache.catalina.core.DefaultInstanceManager.loadClassMaybePrivileged(DefaultInstanceManager.java:521)
	at org.apache.catalina.core.DefaultInstanceManager.newInstance(DefaultInstanceManager.java:150)
	at org.apache.catalina.core.StandardWrapper.loadServlet(StandardWrapper.java:1032)
	at org.apache.catalina.core.StandardWrapper.load(StandardWrapper.java:971)
	at org.apache.catalina.core.StandardContext.loadOnStartup(StandardContext.java:4823)
	at org.apache.catalina.core.StandardContext.startInternal(StandardContext.java:5133)
	at org.apache.catalina.util.LifecycleBase.start(LifecycleBase.java:183)
	at org.apache.catalina.manager.ManagerServlet.start(ManagerServlet.java:1381)
	at org.apache.catalina.manager.ManagerServlet.doGet(ManagerServlet.java:366)
	at javax.servlet.http.HttpServlet.service(HttpServlet.java:634)
	at javax.servlet.http.HttpServlet.service(HttpServlet.java:741)
	at org.apache.catalina.core.ApplicationFilterChain.internalDoFilter(ApplicationFilterChain.java:231)
	at org.apache.catalina.core.ApplicationFilterChain.doFilter(ApplicationFilterChain.java:166)
	at org.apache.tomcat.websocket.server.WsFilter.doFilter(WsFilter.java:53)
	at org.apache.catalina.core.ApplicationFilterChain.internalDoFilter(ApplicationFilterChain.java:193)
	at org.apache.catalina.core.ApplicationFilterChain.doFilter(ApplicationFilterChain.java:166)
	at org.apache.catalina.core.StandardWrapperValve.invoke(StandardWrapperValve.java:199)
	at org.apache.catalina.core.StandardContextValve.invoke(StandardContextValve.java:96)
	at org.apache.catalina.authenticator.AuthenticatorBase.invoke(AuthenticatorBase.java:611)
	at org.apache.catalina.valves.RequestFilterValve.process(RequestFilterValve.java:348)
	at org.apache.catalina.valves.RemoteAddrValve.invoke(RemoteAddrValve.java:52)
	at org.apache.catalina.core.StandardHostValve.invoke(StandardHostValve.java:137)
	at org.apache.catalina.valves.ErrorReportValve.invoke(ErrorReportValve.java:81)
	at org.apache.catalina.valves.AbstractAccessLogValve.invoke(AbstractAccessLogValve.java:651)
	at org.apache.catalina.core.StandardEngineValve.invoke(StandardEngineValve.java:87)
	at org.apache.catalina.connector.CoyoteAdapter.service(CoyoteAdapter.java:342)
	at org.apache.coyote.http11.Http11Processor.service(Http11Processor.java:409)
	at org.apache.coyote.AbstractProcessorLight.process(AbstractProcessorLight.java:66)
	at org.apache.coyote.AbstractProtocol$ConnectionHandler.process(AbstractProtocol.java:754)
	at org.apache.tomcat.util.net.NioEndpoint$SocketProcessor.doRun(NioEndpoint.java:1376)
	at org.apache.tomcat.util.net.SocketProcessorBase.run(SocketProcessorBase.java:49)
	at java.util.concurrent.ThreadPoolExecutor.runWorker(ThreadPoolExecutor.java:1142)
	at java.util.concurrent.ThreadPoolExecutor$Worker.run(ThreadPoolExecutor.java:617)
	at org.apache.tomcat.util.threads.TaskThread$WrappingRunnable.run(TaskThread.java:61)
	at java.lang.Thread.run(Thread.java:748)

19-Apr-2018 17:32:16.524 INFORMA합ES [http-nio-8080-exec-89] org.apache.catalina.core.ApplicationContext.log Marking servlet [Faces Servlet] as unavailable
19-Apr-2018 17:32:16.524 GRAVE [http-nio-8080-exec-89] org.apache.catalina.core.StandardContext.loadOnStartup Servlet [Faces Servlet] in web application [/MavenTeste] threw load() exception
 java.lang.ClassNotFoundException: javax.faces.webapp.FacesServlet
	at org.apache.catalina.loader.WebappClassLoaderBase.loadClass(WebappClassLoaderBase.java:1275)
	at org.apache.catalina.loader.WebappClassLoaderBase.loadClass(WebappClassLoaderBase.java:1104)
	at org.apache.catalina.core.DefaultInstanceManager.loadClass(DefaultInstanceManager.java:540)
	at org.apache.catalina.core.DefaultInstanceManager.loadClassMaybePrivileged(DefaultInstanceManager.java:521)
	at org.apache.catalina.core.DefaultInstanceManager.newInstance(DefaultInstanceManager.java:150)
	at org.apache.catalina.core.StandardWrapper.loadServlet(StandardWrapper.java:1032)
	at org.apache.catalina.core.StandardWrapper.load(StandardWrapper.java:971)
	at org.apache.catalina.core.StandardContext.loadOnStartup(StandardContext.java:4823)
	at org.apache.catalina.core.StandardContext.startInternal(StandardContext.java:5133)
	at org.apache.catalina.util.LifecycleBase.start(LifecycleBase.java:183)
	at org.apache.catalina.core.ContainerBase.addChildInternal(ContainerBase.java:740)
	at org.apache.catalina.core.ContainerBase.addChild(ContainerBase.java:716)
	at org.apache.catalina.core.StandardHost.addChild(StandardHost.java:703)
	at org.apache.catalina.startup.HostConfig.deployDescriptor(HostConfig.java:619)
	at org.apache.catalina.startup.HostConfig.deployApps(HostConfig.java:491)
	at org.apache.catalina.startup.HostConfig.check(HostConfig.java:1641)
	at sun.reflect.GeneratedMethodAccessor82.invoke(Unknown Source)
	at sun.reflect.DelegatingMethodAccessorImpl.invoke(DelegatingMethodAccessorImpl.java:43)
	at java.lang.reflect.Method.invoke(Method.java:498)
	at org.apache.tomcat.util.modeler.BaseModelMBean.invoke(BaseModelMBean.java:287)
	at com.sun.jmx.interceptor.DefaultMBeanServerInterceptor.invoke(DefaultMBeanServerInterceptor.java:819)
	at com.sun.jmx.mbeanserver.JmxMBeanServer.invoke(JmxMBeanServer.java:801)
	at org.apache.catalina.manager.ManagerServlet.check(ManagerServlet.java:1557)
	at org.apache.catalina.manager.ManagerServlet.deploy(ManagerServlet.java:978)
	at org.apache.catalina.manager.ManagerServlet.doGet(ManagerServlet.java:344)
	at javax.servlet.http.HttpServlet.service(HttpServlet.java:634)
	at javax.servlet.http.HttpServlet.service(HttpServlet.java:741)
	at org.apache.catalina.core.ApplicationFilterChain.internalDoFilter(ApplicationFilterChain.java:231)
	at org.apache.catalina.core.ApplicationFilterChain.doFilter(ApplicationFilterChain.java:166)
	at org.apache.tomcat.websocket.server.WsFilter.doFilter(WsFilter.java:53)
	at org.apache.catalina.core.ApplicationFilterChain.internalDoFilter(ApplicationFilterChain.java:193)
	at org.apache.catalina.core.ApplicationFilterChain.doFilter(ApplicationFilterChain.java:166)
	at org.apache.catalina.core.StandardWrapperValve.invoke(StandardWrapperValve.java:199)
	at org.apache.catalina.core.StandardContextValve.invoke(StandardContextValve.java:96)
	at org.apache.catalina.authenticator.AuthenticatorBase.invoke(AuthenticatorBase.java:611)
	at org.apache.catalina.valves.RequestFilterValve.process(RequestFilterValve.java:348)
	at org.apache.catalina.valves.RemoteAddrValve.invoke(RemoteAddrValve.java:52)
	at org.apache.catalina.core.StandardHostValve.invoke(StandardHostValve.java:137)
	at org.apache.catalina.valves.ErrorReportValve.invoke(ErrorReportValve.java:81)
	at org.apache.catalina.valves.AbstractAccessLogValve.invoke(AbstractAccessLogValve.java:651)
	at org.apache.catalina.core.StandardEngineValve.invoke(StandardEngineValve.java:87)
	at org.apache.catalina.connector.CoyoteAdapter.service(CoyoteAdapter.java:342)
	at org.apache.coyote.http11.Http11Processor.service(Http11Processor.java:409)
	at org.apache.coyote.AbstractProcessorLight.process(AbstractProcessorLight.java:66)
	at org.apache.coyote.AbstractProtocol$ConnectionHandler.process(AbstractProtocol.java:754)
	at org.apache.tomcat.util.net.NioEndpoint$SocketProcessor.doRun(NioEndpoint.java:1376)
	at org.apache.tomcat.util.net.SocketProcessorBase.run(SocketProcessorBase.java:49)
	at java.util.concurrent.ThreadPoolExecutor.runWorker(ThreadPoolExecutor.java:1142)
	at java.util.concurrent.ThreadPoolExecutor$Worker.run(ThreadPoolExecutor.java:617)
	at org.apache.tomcat.util.threads.TaskThread$WrappingRunnable.run(TaskThread.java:61)
	at java.lang.Thread.run(Thread.java:748)

19-Apr-2018 17:47:26.690 INFORMA합ES [main] org.apache.catalina.core.ApplicationContext.log SessionListener: contextDestroyed()
19-Apr-2018 17:47:26.690 INFORMA합ES [main] org.apache.catalina.core.ApplicationContext.log ContextListener: contextDestroyed()
