27-Apr-2018 14:47:14.103 INFORMA합ES [main] org.apache.catalina.core.ApplicationContext.log ContextListener: contextInitialized()
27-Apr-2018 14:47:14.103 INFORMA합ES [main] org.apache.catalina.core.ApplicationContext.log SessionListener: contextInitialized()
27-Apr-2018 14:47:14.104 INFORMA합ES [main] org.apache.catalina.core.ApplicationContext.log ContextListener: attributeAdded('StockTicker', 'async.Stockticker@672d8370')
27-Apr-2018 14:53:16.006 INFORMA합ES [main] org.apache.catalina.core.ApplicationContext.log ContextListener: contextInitialized()
27-Apr-2018 14:53:16.006 INFORMA합ES [main] org.apache.catalina.core.ApplicationContext.log SessionListener: contextInitialized()
27-Apr-2018 14:53:16.007 INFORMA합ES [main] org.apache.catalina.core.ApplicationContext.log ContextListener: attributeAdded('StockTicker', 'async.Stockticker@4c18621b')
27-Apr-2018 15:33:29.177 GRAVE [http-nio-8080-exec-19] org.apache.catalina.core.StandardHostValve.invoke Exception Processing /truco/cadastro_usuario.jsf
 java.lang.NullPointerException
	at org.apache.catalina.core.StandardWrapperValve.invoke(StandardWrapperValve.java:236)
	at org.apache.catalina.core.StandardContextValve.invoke(StandardContextValve.java:96)
	at org.apache.catalina.core.StandardHostValve.invoke(StandardHostValve.java:137)
	at org.apache.catalina.valves.ErrorReportValve.invoke(ErrorReportValve.java:81)
	at org.apache.catalina.valves.AbstractAccessLogValve.invoke(AbstractAccessLogValve.java:651)
	at org.apache.catalina.core.StandardEngineValve.invoke(StandardEngineValve.java:87)
	at org.apache.catalina.connector.CoyoteAdapter.service(CoyoteAdapter.java:342)
	at org.apache.coyote.http11.Http11Processor.service(Http11Processor.java:409)
	at org.apache.coyote.AbstractProcessorLight.process(AbstractProcessorLight.java:66)
	at org.apache.coyote.AbstractProtocol$ConnectionHandler.process(AbstractProtocol.java:754)
	at org.apache.tomcat.util.net.NioEndpoint$SocketProcessor.doRun(NioEndpoint.java:1376)
	at org.apache.tomcat.util.net.SocketProcessorBase.run(SocketProcessorBase.java:49)
	at java.util.concurrent.ThreadPoolExecutor.runWorker(ThreadPoolExecutor.java:1142)
	at java.util.concurrent.ThreadPoolExecutor$Worker.run(ThreadPoolExecutor.java:617)
	at org.apache.tomcat.util.threads.TaskThread$WrappingRunnable.run(TaskThread.java:61)
	at java.lang.Thread.run(Thread.java:748)

27-Apr-2018 15:33:29.810 GRAVE [http-nio-8080-exec-18] org.apache.catalina.core.StandardHostValve.invoke Exception Processing /truco/cadastro_usuario.jsf
 java.lang.NullPointerException
	at org.apache.catalina.core.StandardWrapperValve.invoke(StandardWrapperValve.java:236)
	at org.apache.catalina.core.StandardContextValve.invoke(StandardContextValve.java:96)
	at org.apache.catalina.core.StandardHostValve.invoke(StandardHostValve.java:137)
	at org.apache.catalina.valves.ErrorReportValve.invoke(ErrorReportValve.java:81)
	at org.apache.catalina.valves.AbstractAccessLogValve.invoke(AbstractAccessLogValve.java:651)
	at org.apache.catalina.core.StandardEngineValve.invoke(StandardEngineValve.java:87)
	at org.apache.catalina.connector.CoyoteAdapter.service(CoyoteAdapter.java:342)
	at org.apache.coyote.http11.Http11Processor.service(Http11Processor.java:409)
	at org.apache.coyote.AbstractProcessorLight.process(AbstractProcessorLight.java:66)
	at org.apache.coyote.AbstractProtocol$ConnectionHandler.process(AbstractProtocol.java:754)
	at org.apache.tomcat.util.net.NioEndpoint$SocketProcessor.doRun(NioEndpoint.java:1376)
	at org.apache.tomcat.util.net.SocketProcessorBase.run(SocketProcessorBase.java:49)
	at java.util.concurrent.ThreadPoolExecutor.runWorker(ThreadPoolExecutor.java:1142)
	at java.util.concurrent.ThreadPoolExecutor$Worker.run(ThreadPoolExecutor.java:617)
	at org.apache.tomcat.util.threads.TaskThread$WrappingRunnable.run(TaskThread.java:61)
	at java.lang.Thread.run(Thread.java:748)

27-Apr-2018 15:33:30.131 GRAVE [http-nio-8080-exec-8] org.apache.catalina.core.StandardHostValve.invoke Exception Processing /truco/cadastro_usuario.jsf
 java.lang.NullPointerException
	at org.apache.catalina.core.StandardWrapperValve.invoke(StandardWrapperValve.java:236)
	at org.apache.catalina.core.StandardContextValve.invoke(StandardContextValve.java:96)
	at org.apache.catalina.core.StandardHostValve.invoke(StandardHostValve.java:137)
	at org.apache.catalina.valves.ErrorReportValve.invoke(ErrorReportValve.java:81)
	at org.apache.catalina.valves.AbstractAccessLogValve.invoke(AbstractAccessLogValve.java:651)
	at org.apache.catalina.core.StandardEngineValve.invoke(StandardEngineValve.java:87)
	at org.apache.catalina.connector.CoyoteAdapter.service(CoyoteAdapter.java:342)
	at org.apache.coyote.http11.Http11Processor.service(Http11Processor.java:409)
	at org.apache.coyote.AbstractProcessorLight.process(AbstractProcessorLight.java:66)
	at org.apache.coyote.AbstractProtocol$ConnectionHandler.process(AbstractProtocol.java:754)
	at org.apache.tomcat.util.net.NioEndpoint$SocketProcessor.doRun(NioEndpoint.java:1376)
	at org.apache.tomcat.util.net.SocketProcessorBase.run(SocketProcessorBase.java:49)
	at java.util.concurrent.ThreadPoolExecutor.runWorker(ThreadPoolExecutor.java:1142)
	at java.util.concurrent.ThreadPoolExecutor$Worker.run(ThreadPoolExecutor.java:617)
	at org.apache.tomcat.util.threads.TaskThread$WrappingRunnable.run(TaskThread.java:61)
	at java.lang.Thread.run(Thread.java:748)

27-Apr-2018 17:04:18.157 INFORMA합ES [main] org.apache.catalina.core.ApplicationContext.log ContextListener: contextInitialized()
27-Apr-2018 17:04:18.157 INFORMA합ES [main] org.apache.catalina.core.ApplicationContext.log SessionListener: contextInitialized()
27-Apr-2018 17:04:18.158 INFORMA합ES [main] org.apache.catalina.core.ApplicationContext.log ContextListener: attributeAdded('StockTicker', 'async.Stockticker@3c4ad54')
27-Apr-2018 17:51:57.501 INFORMA합ES [main] org.apache.catalina.core.ApplicationContext.log SessionListener: contextDestroyed()
27-Apr-2018 17:51:57.501 INFORMA합ES [main] org.apache.catalina.core.ApplicationContext.log ContextListener: contextDestroyed()
