22-Mar-2018 13:27:30.615 INFORMAÇÕES [main] org.apache.catalina.core.ApplicationContext.log ContextListener: contextInitialized()
22-Mar-2018 13:27:30.615 INFORMAÇÕES [main] org.apache.catalina.core.ApplicationContext.log SessionListener: contextInitialized()
22-Mar-2018 13:27:30.616 INFORMAÇÕES [main] org.apache.catalina.core.ApplicationContext.log ContextListener: attributeAdded('StockTicker', 'async.Stockticker@198b6731')
22-Mar-2018 15:34:35.807 GRAVE [http-nio-8080-exec-28] org.apache.catalina.core.StandardWrapperValve.invoke Servlet.service() for servlet [Faces Servlet] in context with path [/aula_jsf_1502] threw exception [viewId:/principal.xhtml - A exibição de /principal.xhtml não pôde ser restaurada.] with root cause
 javax.faces.application.ViewExpiredException: viewId:/principal.xhtml - A exibição de /principal.xhtml não pôde ser restaurada.
	at com.sun.faces.lifecycle.RestoreViewPhase.execute(RestoreViewPhase.java:212)
	at com.sun.faces.lifecycle.Phase.doPhase(Phase.java:101)
	at com.sun.faces.lifecycle.RestoreViewPhase.doPhase(RestoreViewPhase.java:123)
	at com.sun.faces.lifecycle.LifecycleImpl.execute(LifecycleImpl.java:198)
	at javax.faces.webapp.FacesServlet.service(FacesServlet.java:670)
	at org.apache.catalina.core.ApplicationFilterChain.internalDoFilter(ApplicationFilterChain.java:231)
	at org.apache.catalina.core.ApplicationFilterChain.doFilter(ApplicationFilterChain.java:166)
	at org.apache.tomcat.websocket.server.WsFilter.doFilter(WsFilter.java:53)
	at org.apache.catalina.core.ApplicationFilterChain.internalDoFilter(ApplicationFilterChain.java:193)
	at org.apache.catalina.core.ApplicationFilterChain.doFilter(ApplicationFilterChain.java:166)
	at org.apache.catalina.core.StandardWrapperValve.invoke(StandardWrapperValve.java:199)
	at org.apache.catalina.core.StandardContextValve.invoke(StandardContextValve.java:96)
	at org.apache.catalina.core.StandardHostValve.invoke(StandardHostValve.java:137)
	at org.apache.catalina.valves.ErrorReportValve.invoke(ErrorReportValve.java:81)
	at org.apache.catalina.valves.AbstractAccessLogValve.invoke(AbstractAccessLogValve.java:651)
	at org.apache.catalina.core.StandardEngineValve.invoke(StandardEngineValve.java:87)
	at org.apache.catalina.connector.CoyoteAdapter.service(CoyoteAdapter.java:342)
	at org.apache.coyote.http11.Http11Processor.service(Http11Processor.java:409)
	at org.apache.coyote.AbstractProcessorLight.process(AbstractProcessorLight.java:66)
	at org.apache.coyote.AbstractProtocol$ConnectionHandler.process(AbstractProtocol.java:754)
	at org.apache.tomcat.util.net.NioEndpoint$SocketProcessor.doRun(NioEndpoint.java:1376)
	at org.apache.tomcat.util.net.SocketProcessorBase.run(SocketProcessorBase.java:49)
	at java.util.concurrent.ThreadPoolExecutor.runWorker(ThreadPoolExecutor.java:1142)
	at java.util.concurrent.ThreadPoolExecutor$Worker.run(ThreadPoolExecutor.java:617)
	at org.apache.tomcat.util.threads.TaskThread$WrappingRunnable.run(TaskThread.java:61)
	at java.lang.Thread.run(Thread.java:748)

22-Mar-2018 15:34:38.828 GRAVE [http-nio-8080-exec-29] org.apache.catalina.core.StandardWrapperValve.invoke Servlet.service() for servlet [Faces Servlet] in context with path [/aula_jsf_1502] threw exception [viewId:/principal.xhtml - A exibição de /principal.xhtml não pôde ser restaurada.] with root cause
 javax.faces.application.ViewExpiredException: viewId:/principal.xhtml - A exibição de /principal.xhtml não pôde ser restaurada.
	at com.sun.faces.lifecycle.RestoreViewPhase.execute(RestoreViewPhase.java:212)
	at com.sun.faces.lifecycle.Phase.doPhase(Phase.java:101)
	at com.sun.faces.lifecycle.RestoreViewPhase.doPhase(RestoreViewPhase.java:123)
	at com.sun.faces.lifecycle.LifecycleImpl.execute(LifecycleImpl.java:198)
	at javax.faces.webapp.FacesServlet.service(FacesServlet.java:670)
	at org.apache.catalina.core.ApplicationFilterChain.internalDoFilter(ApplicationFilterChain.java:231)
	at org.apache.catalina.core.ApplicationFilterChain.doFilter(ApplicationFilterChain.java:166)
	at org.apache.tomcat.websocket.server.WsFilter.doFilter(WsFilter.java:53)
	at org.apache.catalina.core.ApplicationFilterChain.internalDoFilter(ApplicationFilterChain.java:193)
	at org.apache.catalina.core.ApplicationFilterChain.doFilter(ApplicationFilterChain.java:166)
	at org.apache.catalina.core.StandardWrapperValve.invoke(StandardWrapperValve.java:199)
	at org.apache.catalina.core.StandardContextValve.invoke(StandardContextValve.java:96)
	at org.apache.catalina.core.StandardHostValve.invoke(StandardHostValve.java:137)
	at org.apache.catalina.valves.ErrorReportValve.invoke(ErrorReportValve.java:81)
	at org.apache.catalina.valves.AbstractAccessLogValve.invoke(AbstractAccessLogValve.java:651)
	at org.apache.catalina.core.StandardEngineValve.invoke(StandardEngineValve.java:87)
	at org.apache.catalina.connector.CoyoteAdapter.service(CoyoteAdapter.java:342)
	at org.apache.coyote.http11.Http11Processor.service(Http11Processor.java:409)
	at org.apache.coyote.AbstractProcessorLight.process(AbstractProcessorLight.java:66)
	at org.apache.coyote.AbstractProtocol$ConnectionHandler.process(AbstractProtocol.java:754)
	at org.apache.tomcat.util.net.NioEndpoint$SocketProcessor.doRun(NioEndpoint.java:1376)
	at org.apache.tomcat.util.net.SocketProcessorBase.run(SocketProcessorBase.java:49)
	at java.util.concurrent.ThreadPoolExecutor.runWorker(ThreadPoolExecutor.java:1142)
	at java.util.concurrent.ThreadPoolExecutor$Worker.run(ThreadPoolExecutor.java:617)
	at org.apache.tomcat.util.threads.TaskThread$WrappingRunnable.run(TaskThread.java:61)
	at java.lang.Thread.run(Thread.java:748)

22-Mar-2018 16:20:09.716 INFORMAÇÕES [main] org.apache.catalina.core.ApplicationContext.log SessionListener: contextDestroyed()
22-Mar-2018 16:20:09.716 INFORMAÇÕES [main] org.apache.catalina.core.ApplicationContext.log ContextListener: contextDestroyed()
