20-Apr-2018 14:25:01.652 INFORMA합ES [main] org.apache.catalina.core.ApplicationContext.log ContextListener: contextInitialized()
20-Apr-2018 14:25:01.652 INFORMA합ES [main] org.apache.catalina.core.ApplicationContext.log SessionListener: contextInitialized()
20-Apr-2018 14:25:01.653 INFORMA합ES [main] org.apache.catalina.core.ApplicationContext.log ContextListener: attributeAdded('StockTicker', 'async.Stockticker@238bfd6c')
20-Apr-2018 14:25:08.054 GRAVE [http-nio-8080-exec-7] org.apache.catalina.core.StandardWrapperValve.invoke Servlet.service() for servlet [Faces Servlet] in context with path [/aula_jsf_1502] threw exception [/index.xhtml @13,78 value="#{usuario.login}": Target Unreachable, identifier [usuario] resolved to null] with root cause
 javax.el.PropertyNotFoundException: Target Unreachable, identifier [usuario] resolved to null
	at org.apache.el.parser.AstValue.getTarget(AstValue.java:74)
	at org.apache.el.parser.AstValue.getType(AstValue.java:58)
	at org.apache.el.ValueExpressionImpl.getType(ValueExpressionImpl.java:168)
	at com.sun.faces.facelets.el.TagValueExpression.getType(TagValueExpression.java:98)
	at com.sun.faces.renderkit.html_basic.HtmlBasicInputRenderer.getConvertedValue(HtmlBasicInputRenderer.java:95)
	at javax.faces.component.UIInput.getConvertedValue(UIInput.java:1122)
	at javax.faces.component.UIInput.validate(UIInput.java:1030)
	at javax.faces.component.UIInput.executeValidate(UIInput.java:1334)
	at javax.faces.component.UIInput.processValidators(UIInput.java:757)
	at javax.faces.component.UIComponentBase.processValidators(UIComponentBase.java:1298)
	at javax.faces.component.UIForm.processValidators(UIForm.java:269)
	at javax.faces.component.UIComponentBase.processValidators(UIComponentBase.java:1298)
	at javax.faces.component.UIViewRoot.processValidators(UIViewRoot.java:1332)
	at com.sun.faces.lifecycle.ProcessValidationsPhase.execute(ProcessValidationsPhase.java:76)
	at com.sun.faces.lifecycle.Phase.doPhase(Phase.java:101)
	at com.sun.faces.lifecycle.LifecycleImpl.execute(LifecycleImpl.java:198)
	at javax.faces.webapp.FacesServlet.service(FacesServlet.java:670)
	at org.apache.catalina.core.ApplicationFilterChain.internalDoFilter(ApplicationFilterChain.java:231)
	at org.apache.catalina.core.ApplicationFilterChain.doFilter(ApplicationFilterChain.java:166)
	at org.apache.tomcat.websocket.server.WsFilter.doFilter(WsFilter.java:53)
	at org.apache.catalina.core.ApplicationFilterChain.internalDoFilter(ApplicationFilterChain.java:193)
	at org.apache.catalina.core.ApplicationFilterChain.doFilter(ApplicationFilterChain.java:166)
	at org.apache.catalina.core.StandardWrapperValve.invoke(StandardWrapperValve.java:199)
	at org.apache.catalina.core.StandardContextValve.invoke(StandardContextValve.java:96)
	at org.apache.catalina.core.StandardHostValve.invoke(StandardHostValve.java:137)
	at org.apache.catalina.valves.ErrorReportValve.invoke(ErrorReportValve.java:81)
	at org.apache.catalina.valves.AbstractAccessLogValve.invoke(AbstractAccessLogValve.java:651)
	at org.apache.catalina.core.StandardEngineValve.invoke(StandardEngineValve.java:87)
	at org.apache.catalina.connector.CoyoteAdapter.service(CoyoteAdapter.java:342)
	at org.apache.coyote.http11.Http11Processor.service(Http11Processor.java:409)
	at org.apache.coyote.AbstractProcessorLight.process(AbstractProcessorLight.java:66)
	at org.apache.coyote.AbstractProtocol$ConnectionHandler.process(AbstractProtocol.java:754)
	at org.apache.tomcat.util.net.NioEndpoint$SocketProcessor.doRun(NioEndpoint.java:1376)
	at org.apache.tomcat.util.net.SocketProcessorBase.run(SocketProcessorBase.java:49)
	at java.util.concurrent.ThreadPoolExecutor.runWorker(ThreadPoolExecutor.java:1142)
	at java.util.concurrent.ThreadPoolExecutor$Worker.run(ThreadPoolExecutor.java:617)
	at org.apache.tomcat.util.threads.TaskThread$WrappingRunnable.run(TaskThread.java:61)
	at java.lang.Thread.run(Thread.java:748)

20-Apr-2018 16:22:10.547 INFORMA합ES [main] org.apache.catalina.core.ApplicationContext.log SessionListener: contextDestroyed()
20-Apr-2018 16:22:10.547 INFORMA합ES [main] org.apache.catalina.core.ApplicationContext.log ContextListener: contextDestroyed()
