02-May-2018 12:33:48.536 INFORMA합ES [main] org.apache.catalina.core.ApplicationContext.log ContextListener: contextInitialized()
02-May-2018 12:33:48.536 INFORMA합ES [main] org.apache.catalina.core.ApplicationContext.log SessionListener: contextInitialized()
02-May-2018 12:33:48.537 INFORMA합ES [main] org.apache.catalina.core.ApplicationContext.log ContextListener: attributeAdded('StockTicker', 'async.Stockticker@7793b55d')
02-May-2018 15:35:17.453 GRAVE [http-nio-8080-exec-429] org.apache.catalina.core.StandardContext.listenerStart Exception sending context initialized event to listener instance of class [com.sun.faces.config.ConfigureListener]
 java.lang.RuntimeException: com.sun.faces.config.ConfigurationException: CONFIGURATION FAILED! java.util.concurrent.ExecutionException: java.lang.ExceptionInInitializerError
	at com.sun.faces.config.ConfigureListener.contextInitialized(ConfigureListener.java:280)
	at org.apache.catalina.core.StandardContext.listenerStart(StandardContext.java:4635)
	at org.apache.catalina.core.StandardContext.startInternal(StandardContext.java:5099)
	at org.apache.catalina.util.LifecycleBase.start(LifecycleBase.java:183)
	at org.apache.catalina.core.StandardContext.reload(StandardContext.java:3700)
	at org.apache.catalina.manager.ManagerServlet.reload(ManagerServlet.java:1080)
	at org.apache.catalina.manager.ManagerServlet.doGet(ManagerServlet.java:354)
	at javax.servlet.http.HttpServlet.service(HttpServlet.java:634)
	at javax.servlet.http.HttpServlet.service(HttpServlet.java:741)
	at org.apache.catalina.core.ApplicationFilterChain.internalDoFilter(ApplicationFilterChain.java:231)
	at org.apache.catalina.core.ApplicationFilterChain.doFilter(ApplicationFilterChain.java:166)
	at org.apache.tomcat.websocket.server.WsFilter.doFilter(WsFilter.java:53)
	at org.apache.catalina.core.ApplicationFilterChain.internalDoFilter(ApplicationFilterChain.java:193)
	at org.apache.catalina.core.ApplicationFilterChain.doFilter(ApplicationFilterChain.java:166)
	at org.apache.catalina.core.StandardWrapperValve.invoke(StandardWrapperValve.java:199)
	at org.apache.catalina.core.StandardContextValve.invoke(StandardContextValve.java:96)
	at org.apache.catalina.authenticator.AuthenticatorBase.invoke(AuthenticatorBase.java:611)
	at org.apache.catalina.valves.RequestFilterValve.process(RequestFilterValve.java:348)
	at org.apache.catalina.valves.RemoteAddrValve.invoke(RemoteAddrValve.java:52)
	at org.apache.catalina.core.StandardHostValve.invoke(StandardHostValve.java:137)
	at org.apache.catalina.valves.ErrorReportValve.invoke(ErrorReportValve.java:81)
	at org.apache.catalina.valves.AbstractAccessLogValve.invoke(AbstractAccessLogValve.java:651)
	at org.apache.catalina.core.StandardEngineValve.invoke(StandardEngineValve.java:87)
	at org.apache.catalina.connector.CoyoteAdapter.service(CoyoteAdapter.java:342)
	at org.apache.coyote.http11.Http11Processor.service(Http11Processor.java:409)
	at org.apache.coyote.AbstractProcessorLight.process(AbstractProcessorLight.java:66)
	at org.apache.coyote.AbstractProtocol$ConnectionHandler.process(AbstractProtocol.java:754)
	at org.apache.tomcat.util.net.NioEndpoint$SocketProcessor.doRun(NioEndpoint.java:1376)
	at org.apache.tomcat.util.net.SocketProcessorBase.run(SocketProcessorBase.java:49)
	at java.util.concurrent.ThreadPoolExecutor.runWorker(ThreadPoolExecutor.java:1142)
	at java.util.concurrent.ThreadPoolExecutor$Worker.run(ThreadPoolExecutor.java:617)
	at org.apache.tomcat.util.threads.TaskThread$WrappingRunnable.run(TaskThread.java:61)
	at java.lang.Thread.run(Thread.java:748)
Caused by: com.sun.faces.config.ConfigurationException: CONFIGURATION FAILED! java.util.concurrent.ExecutionException: java.lang.ExceptionInInitializerError
	at com.sun.faces.config.ConfigManager.initialize(ConfigManager.java:449)
	at com.sun.faces.config.ConfigureListener.contextInitialized(ConfigureListener.java:221)
	... 32 more
Caused by: javax.faces.FacesException: java.util.concurrent.ExecutionException: java.lang.ExceptionInInitializerError
	at com.sun.faces.config.ConfigManager.getAnnotatedClasses(ConfigManager.java:508)
	at com.sun.faces.config.processor.AbstractConfigProcessor.processAnnotations(AbstractConfigProcessor.java:402)
	at com.sun.faces.config.processor.ApplicationConfigProcessor.process(ApplicationConfigProcessor.java:341)
	at com.sun.faces.config.processor.AbstractConfigProcessor.invokeNext(AbstractConfigProcessor.java:152)
	at com.sun.faces.config.processor.LifecycleConfigProcessor.process(LifecycleConfigProcessor.java:116)
	at com.sun.faces.config.processor.AbstractConfigProcessor.invokeNext(AbstractConfigProcessor.java:152)
	at com.sun.faces.config.processor.FactoryConfigProcessor.process(FactoryConfigProcessor.java:239)
	at com.sun.faces.config.ConfigManager.initialize(ConfigManager.java:435)
	... 33 more
Caused by: java.util.concurrent.ExecutionException: java.lang.ExceptionInInitializerError
	at java.util.concurrent.FutureTask.report(FutureTask.java:122)
	at java.util.concurrent.FutureTask.get(FutureTask.java:192)
	at com.sun.faces.config.ConfigManager.getAnnotatedClasses(ConfigManager.java:504)
	... 40 more
Caused by: java.lang.ExceptionInInitializerError
	at java.lang.Class.forName0(Native Method)
	at java.lang.Class.forName(Class.java:348)
	at com.sun.faces.util.Util.loadClass(Util.java:325)
	at com.sun.faces.config.AnnotationScanner.processClassList(AnnotationScanner.java:309)
	at com.sun.faces.config.JavaClassScanningAnnotationScanner.getAnnotatedClasses(JavaClassScanningAnnotationScanner.java:128)
	at com.sun.faces.config.DelegatingAnnotationProvider.getAnnotatedClasses(DelegatingAnnotationProvider.java:85)
	at com.sun.faces.config.ConfigManager$AnnotationScanTask.call(ConfigManager.java:932)
	at com.sun.faces.config.ConfigManager$AnnotationScanTask.call(ConfigManager.java:884)
	at java.util.concurrent.FutureTask.run(FutureTask.java:266)
	at com.sun.faces.config.ConfigManager.initialize(ConfigManager.java:383)
	... 33 more
Caused by: java.lang.RuntimeException: Uncompilable source code - method getId() is already defined in class bean.BeanUsuario
	at bean.BeanUsuario.<clinit>(BeanUsuario.java:183)
	... 43 more

02-May-2018 17:54:28.111 INFORMA합ES [main] org.apache.catalina.core.ApplicationContext.log SessionListener: contextDestroyed()
02-May-2018 17:54:28.111 INFORMA합ES [main] org.apache.catalina.core.ApplicationContext.log ContextListener: contextDestroyed()
