23-Apr-2018 13:24:02.757 INFORMAÇÕES [main] org.apache.catalina.core.ApplicationContext.log ContextListener: contextInitialized()
23-Apr-2018 13:24:02.757 INFORMAÇÕES [main] org.apache.catalina.core.ApplicationContext.log SessionListener: contextInitialized()
23-Apr-2018 13:24:02.758 INFORMAÇÕES [main] org.apache.catalina.core.ApplicationContext.log ContextListener: attributeAdded('StockTicker', 'async.Stockticker@2620e717')
23-Apr-2018 14:02:03.495 GRAVE [http-nio-8080-exec-37] org.apache.catalina.core.StandardWrapperValve.invoke Servlet.service() for servlet [Faces Servlet] in context with path [/aula_jsf_1502] threw exception [/template.xhtml @23,69 <ui:include src="/template/basicheader.xhtml"> Invalid path : /template/basicheader.xhtml] with root cause
 javax.faces.view.facelets.TagAttributeException: /template.xhtml @23,69 <ui:include src="/template/basicheader.xhtml"> Invalid path : /template/basicheader.xhtml
	at com.sun.faces.facelets.tag.ui.IncludeHandler.apply(IncludeHandler.java:129)
	at com.sun.faces.facelets.tag.ui.InsertHandler.apply(InsertHandler.java:116)
	at javax.faces.view.facelets.CompositeFaceletHandler.apply(CompositeFaceletHandler.java:96)
	at com.sun.faces.facelets.compiler.NamespaceHandler.apply(NamespaceHandler.java:93)
	at com.sun.faces.facelets.compiler.EncodingHandler.apply(EncodingHandler.java:87)
	at com.sun.faces.facelets.impl.DefaultFacelet.include(DefaultFacelet.java:312)
	at com.sun.faces.facelets.impl.DefaultFacelet.include(DefaultFacelet.java:371)
	at com.sun.faces.facelets.impl.DefaultFacelet.include(DefaultFacelet.java:350)
	at com.sun.faces.facelets.impl.DefaultFaceletContext.includeFacelet(DefaultFaceletContext.java:199)
	at com.sun.faces.facelets.tag.ui.CompositionHandler.apply(CompositionHandler.java:174)
	at com.sun.faces.facelets.compiler.NamespaceHandler.apply(NamespaceHandler.java:93)
	at com.sun.faces.facelets.compiler.EncodingHandler.apply(EncodingHandler.java:87)
	at com.sun.faces.facelets.impl.DefaultFacelet.apply(DefaultFacelet.java:161)
	at com.sun.faces.application.view.FaceletViewHandlingStrategy.buildView(FaceletViewHandlingStrategy.java:1004)
	at com.sun.faces.lifecycle.RenderResponsePhase.execute(RenderResponsePhase.java:99)
	at com.sun.faces.lifecycle.Phase.doPhase(Phase.java:101)
	at com.sun.faces.lifecycle.LifecycleImpl.render(LifecycleImpl.java:219)
	at javax.faces.webapp.FacesServlet.service(FacesServlet.java:671)
	at org.apache.catalina.core.ApplicationFilterChain.internalDoFilter(ApplicationFilterChain.java:231)
	at org.apache.catalina.core.ApplicationFilterChain.doFilter(ApplicationFilterChain.java:166)
	at org.apache.tomcat.websocket.server.WsFilter.doFilter(WsFilter.java:53)
	at org.apache.catalina.core.ApplicationFilterChain.internalDoFilter(ApplicationFilterChain.java:193)
	at org.apache.catalina.core.ApplicationFilterChain.doFilter(ApplicationFilterChain.java:166)
	at org.apache.catalina.core.StandardWrapperValve.invoke(StandardWrapperValve.java:199)
	at org.apache.catalina.core.StandardContextValve.invoke(StandardContextValve.java:96)
	at org.apache.catalina.core.StandardHostValve.invoke(StandardHostValve.java:137)
	at org.apache.catalina.valves.ErrorReportValve.invoke(ErrorReportValve.java:81)
	at org.apache.catalina.valves.AbstractAccessLogValve.invoke(AbstractAccessLogValve.java:651)
	at org.apache.catalina.core.StandardEngineValve.invoke(StandardEngineValve.java:87)
	at org.apache.catalina.connector.CoyoteAdapter.service(CoyoteAdapter.java:342)
	at org.apache.coyote.http11.Http11Processor.service(Http11Processor.java:409)
	at org.apache.coyote.AbstractProcessorLight.process(AbstractProcessorLight.java:66)
	at org.apache.coyote.AbstractProtocol$ConnectionHandler.process(AbstractProtocol.java:754)
	at org.apache.tomcat.util.net.NioEndpoint$SocketProcessor.doRun(NioEndpoint.java:1376)
	at org.apache.tomcat.util.net.SocketProcessorBase.run(SocketProcessorBase.java:49)
	at java.util.concurrent.ThreadPoolExecutor.runWorker(ThreadPoolExecutor.java:1142)
	at java.util.concurrent.ThreadPoolExecutor$Worker.run(ThreadPoolExecutor.java:617)
	at org.apache.tomcat.util.threads.TaskThread$WrappingRunnable.run(TaskThread.java:61)
	at java.lang.Thread.run(Thread.java:748)

23-Apr-2018 14:27:02.866 GRAVE [http-nio-8080-exec-68] org.apache.catalina.core.StandardWrapperValve.invoke Servlet.service() for servlet [Faces Servlet] in context with path [/aula_jsf_1502] threw exception [Error Parsing /templates/top_temp.xhtml: Error Traced[line: 65] O tipo de elemento input" deve ser encerrado pela tag final correspondente "</input>".] with root cause
 javax.faces.view.facelets.FaceletException: Error Parsing /templates/top_temp.xhtml: Error Traced[line: 65] O tipo de elemento input" deve ser encerrado pela tag final correspondente "</input>".
	at com.sun.faces.facelets.compiler.SAXCompiler.doCompile(SAXCompiler.java:466)
	at com.sun.faces.facelets.compiler.SAXCompiler.doCompile(SAXCompiler.java:440)
	at com.sun.faces.facelets.compiler.Compiler.compile(Compiler.java:124)
	at com.sun.faces.facelets.impl.DefaultFaceletFactory.createFacelet(DefaultFaceletFactory.java:481)
	at com.sun.faces.facelets.impl.DefaultFaceletFactory.access$100(DefaultFaceletFactory.java:106)
	at com.sun.faces.facelets.impl.DefaultFaceletFactory$1.newInstance(DefaultFaceletFactory.java:199)
	at com.sun.faces.facelets.impl.DefaultFaceletFactory$1.newInstance(DefaultFaceletFactory.java:197)
	at com.sun.faces.facelets.impl.DefaultFaceletCache$1.newInstance(DefaultFaceletCache.java:86)
	at com.sun.faces.facelets.impl.DefaultFaceletCache$1.newInstance(DefaultFaceletCache.java:81)
	at com.sun.faces.util.ExpiringConcurrentCache$1.call(ExpiringConcurrentCache.java:99)
	at java.util.concurrent.FutureTask.run(FutureTask.java:266)
	at com.sun.faces.util.ExpiringConcurrentCache.get(ExpiringConcurrentCache.java:114)
	at com.sun.faces.facelets.impl.DefaultFaceletCache.getFacelet(DefaultFaceletCache.java:124)
	at com.sun.faces.facelets.impl.DefaultFaceletCache.getFacelet(DefaultFaceletCache.java:63)
	at com.sun.faces.facelets.impl.DefaultFaceletFactory.getFacelet(DefaultFaceletFactory.java:295)
	at com.sun.faces.facelets.impl.DefaultFacelet.include(DefaultFacelet.java:370)
	at com.sun.faces.facelets.impl.DefaultFacelet.include(DefaultFacelet.java:350)
	at com.sun.faces.facelets.impl.DefaultFaceletContext.includeFacelet(DefaultFaceletContext.java:199)
	at com.sun.faces.facelets.tag.ui.IncludeHandler.apply(IncludeHandler.java:124)
	at com.sun.faces.facelets.tag.ui.InsertHandler.apply(InsertHandler.java:116)
	at javax.faces.view.facelets.CompositeFaceletHandler.apply(CompositeFaceletHandler.java:96)
	at com.sun.faces.facelets.compiler.NamespaceHandler.apply(NamespaceHandler.java:93)
	at com.sun.faces.facelets.compiler.EncodingHandler.apply(EncodingHandler.java:87)
	at com.sun.faces.facelets.impl.DefaultFacelet.include(DefaultFacelet.java:312)
	at com.sun.faces.facelets.impl.DefaultFacelet.include(DefaultFacelet.java:371)
	at com.sun.faces.facelets.impl.DefaultFacelet.include(DefaultFacelet.java:350)
	at com.sun.faces.facelets.impl.DefaultFaceletContext.includeFacelet(DefaultFaceletContext.java:199)
	at com.sun.faces.facelets.tag.ui.CompositionHandler.apply(CompositionHandler.java:174)
	at com.sun.faces.facelets.compiler.NamespaceHandler.apply(NamespaceHandler.java:93)
	at com.sun.faces.facelets.compiler.EncodingHandler.apply(EncodingHandler.java:87)
	at com.sun.faces.facelets.impl.DefaultFacelet.apply(DefaultFacelet.java:161)
	at com.sun.faces.application.view.FaceletViewHandlingStrategy.buildView(FaceletViewHandlingStrategy.java:1004)
	at com.sun.faces.lifecycle.RenderResponsePhase.execute(RenderResponsePhase.java:99)
	at com.sun.faces.lifecycle.Phase.doPhase(Phase.java:101)
	at com.sun.faces.lifecycle.LifecycleImpl.render(LifecycleImpl.java:219)
	at javax.faces.webapp.FacesServlet.service(FacesServlet.java:671)
	at org.apache.catalina.core.ApplicationFilterChain.internalDoFilter(ApplicationFilterChain.java:231)
	at org.apache.catalina.core.ApplicationFilterChain.doFilter(ApplicationFilterChain.java:166)
	at org.apache.tomcat.websocket.server.WsFilter.doFilter(WsFilter.java:53)
	at org.apache.catalina.core.ApplicationFilterChain.internalDoFilter(ApplicationFilterChain.java:193)
	at org.apache.catalina.core.ApplicationFilterChain.doFilter(ApplicationFilterChain.java:166)
	at org.apache.catalina.core.StandardWrapperValve.invoke(StandardWrapperValve.java:199)
	at org.apache.catalina.core.StandardContextValve.invoke(StandardContextValve.java:96)
	at org.apache.catalina.core.StandardHostValve.invoke(StandardHostValve.java:137)
	at org.apache.catalina.valves.ErrorReportValve.invoke(ErrorReportValve.java:81)
	at org.apache.catalina.valves.AbstractAccessLogValve.invoke(AbstractAccessLogValve.java:651)
	at org.apache.catalina.core.StandardEngineValve.invoke(StandardEngineValve.java:87)
	at org.apache.catalina.connector.CoyoteAdapter.service(CoyoteAdapter.java:342)
	at org.apache.coyote.http11.Http11Processor.service(Http11Processor.java:409)
	at org.apache.coyote.AbstractProcessorLight.process(AbstractProcessorLight.java:66)
	at org.apache.coyote.AbstractProtocol$ConnectionHandler.process(AbstractProtocol.java:754)
	at org.apache.tomcat.util.net.NioEndpoint$SocketProcessor.doRun(NioEndpoint.java:1376)
	at org.apache.tomcat.util.net.SocketProcessorBase.run(SocketProcessorBase.java:49)
	at java.util.concurrent.ThreadPoolExecutor.runWorker(ThreadPoolExecutor.java:1142)
	at java.util.concurrent.ThreadPoolExecutor$Worker.run(ThreadPoolExecutor.java:617)
	at org.apache.tomcat.util.threads.TaskThread$WrappingRunnable.run(TaskThread.java:61)
	at java.lang.Thread.run(Thread.java:748)

23-Apr-2018 14:33:50.572 GRAVE [http-nio-8080-exec-69] org.apache.catalina.core.StandardWrapperValve.invoke Servlet.service() for servlet [Faces Servlet] in context with path [/aula_jsf_1502] threw exception [Error Parsing /templates/top_temp.xhtml: Error Traced[line: 66] O tipo de elemento div" deve ser encerrado pela tag final correspondente "</div>".] with root cause
 javax.faces.view.facelets.FaceletException: Error Parsing /templates/top_temp.xhtml: Error Traced[line: 66] O tipo de elemento div" deve ser encerrado pela tag final correspondente "</div>".
	at com.sun.faces.facelets.compiler.SAXCompiler.doCompile(SAXCompiler.java:466)
	at com.sun.faces.facelets.compiler.SAXCompiler.doCompile(SAXCompiler.java:440)
	at com.sun.faces.facelets.compiler.Compiler.compile(Compiler.java:124)
	at com.sun.faces.facelets.impl.DefaultFaceletFactory.createFacelet(DefaultFaceletFactory.java:481)
	at com.sun.faces.facelets.impl.DefaultFaceletFactory.access$100(DefaultFaceletFactory.java:106)
	at com.sun.faces.facelets.impl.DefaultFaceletFactory$1.newInstance(DefaultFaceletFactory.java:199)
	at com.sun.faces.facelets.impl.DefaultFaceletFactory$1.newInstance(DefaultFaceletFactory.java:197)
	at com.sun.faces.facelets.impl.DefaultFaceletCache$1.newInstance(DefaultFaceletCache.java:86)
	at com.sun.faces.facelets.impl.DefaultFaceletCache$1.newInstance(DefaultFaceletCache.java:81)
	at com.sun.faces.util.ExpiringConcurrentCache$1.call(ExpiringConcurrentCache.java:99)
	at java.util.concurrent.FutureTask.run(FutureTask.java:266)
	at com.sun.faces.util.ExpiringConcurrentCache.get(ExpiringConcurrentCache.java:114)
	at com.sun.faces.facelets.impl.DefaultFaceletCache.getFacelet(DefaultFaceletCache.java:124)
	at com.sun.faces.facelets.impl.DefaultFaceletCache.getFacelet(DefaultFaceletCache.java:63)
	at com.sun.faces.facelets.impl.DefaultFaceletFactory.getFacelet(DefaultFaceletFactory.java:295)
	at com.sun.faces.facelets.impl.DefaultFacelet.include(DefaultFacelet.java:370)
	at com.sun.faces.facelets.impl.DefaultFacelet.include(DefaultFacelet.java:350)
	at com.sun.faces.facelets.impl.DefaultFaceletContext.includeFacelet(DefaultFaceletContext.java:199)
	at com.sun.faces.facelets.tag.ui.IncludeHandler.apply(IncludeHandler.java:124)
	at com.sun.faces.facelets.tag.ui.InsertHandler.apply(InsertHandler.java:116)
	at javax.faces.view.facelets.CompositeFaceletHandler.apply(CompositeFaceletHandler.java:96)
	at com.sun.faces.facelets.compiler.NamespaceHandler.apply(NamespaceHandler.java:93)
	at com.sun.faces.facelets.compiler.EncodingHandler.apply(EncodingHandler.java:87)
	at com.sun.faces.facelets.impl.DefaultFacelet.include(DefaultFacelet.java:312)
	at com.sun.faces.facelets.impl.DefaultFacelet.include(DefaultFacelet.java:371)
	at com.sun.faces.facelets.impl.DefaultFacelet.include(DefaultFacelet.java:350)
	at com.sun.faces.facelets.impl.DefaultFaceletContext.includeFacelet(DefaultFaceletContext.java:199)
	at com.sun.faces.facelets.tag.ui.CompositionHandler.apply(CompositionHandler.java:174)
	at com.sun.faces.facelets.compiler.NamespaceHandler.apply(NamespaceHandler.java:93)
	at com.sun.faces.facelets.compiler.EncodingHandler.apply(EncodingHandler.java:87)
	at com.sun.faces.facelets.impl.DefaultFacelet.apply(DefaultFacelet.java:161)
	at com.sun.faces.application.view.FaceletViewHandlingStrategy.buildView(FaceletViewHandlingStrategy.java:1004)
	at com.sun.faces.lifecycle.RenderResponsePhase.execute(RenderResponsePhase.java:99)
	at com.sun.faces.lifecycle.Phase.doPhase(Phase.java:101)
	at com.sun.faces.lifecycle.LifecycleImpl.render(LifecycleImpl.java:219)
	at javax.faces.webapp.FacesServlet.service(FacesServlet.java:671)
	at org.apache.catalina.core.ApplicationFilterChain.internalDoFilter(ApplicationFilterChain.java:231)
	at org.apache.catalina.core.ApplicationFilterChain.doFilter(ApplicationFilterChain.java:166)
	at org.apache.tomcat.websocket.server.WsFilter.doFilter(WsFilter.java:53)
	at org.apache.catalina.core.ApplicationFilterChain.internalDoFilter(ApplicationFilterChain.java:193)
	at org.apache.catalina.core.ApplicationFilterChain.doFilter(ApplicationFilterChain.java:166)
	at org.apache.catalina.core.StandardWrapperValve.invoke(StandardWrapperValve.java:199)
	at org.apache.catalina.core.StandardContextValve.invoke(StandardContextValve.java:96)
	at org.apache.catalina.core.StandardHostValve.invoke(StandardHostValve.java:137)
	at org.apache.catalina.valves.ErrorReportValve.invoke(ErrorReportValve.java:81)
	at org.apache.catalina.valves.AbstractAccessLogValve.invoke(AbstractAccessLogValve.java:651)
	at org.apache.catalina.core.StandardEngineValve.invoke(StandardEngineValve.java:87)
	at org.apache.catalina.connector.CoyoteAdapter.service(CoyoteAdapter.java:342)
	at org.apache.coyote.http11.Http11Processor.service(Http11Processor.java:409)
	at org.apache.coyote.AbstractProcessorLight.process(AbstractProcessorLight.java:66)
	at org.apache.coyote.AbstractProtocol$ConnectionHandler.process(AbstractProtocol.java:754)
	at org.apache.tomcat.util.net.NioEndpoint$SocketProcessor.doRun(NioEndpoint.java:1376)
	at org.apache.tomcat.util.net.SocketProcessorBase.run(SocketProcessorBase.java:49)
	at java.util.concurrent.ThreadPoolExecutor.runWorker(ThreadPoolExecutor.java:1142)
	at java.util.concurrent.ThreadPoolExecutor$Worker.run(ThreadPoolExecutor.java:617)
	at org.apache.tomcat.util.threads.TaskThread$WrappingRunnable.run(TaskThread.java:61)
	at java.lang.Thread.run(Thread.java:748)

23-Apr-2018 14:34:13.546 GRAVE [http-nio-8080-exec-70] org.apache.catalina.core.StandardWrapperValve.invoke Servlet.service() for servlet [Faces Servlet] in context with path [/aula_jsf_1502] threw exception [Error Parsing /templates/top_temp.xhtml: Error Traced[line: 71] O tipo de elemento br" deve ser encerrado pela tag final correspondente "</br>".] with root cause
 javax.faces.view.facelets.FaceletException: Error Parsing /templates/top_temp.xhtml: Error Traced[line: 71] O tipo de elemento br" deve ser encerrado pela tag final correspondente "</br>".
	at com.sun.faces.facelets.compiler.SAXCompiler.doCompile(SAXCompiler.java:466)
	at com.sun.faces.facelets.compiler.SAXCompiler.doCompile(SAXCompiler.java:440)
	at com.sun.faces.facelets.compiler.Compiler.compile(Compiler.java:124)
	at com.sun.faces.facelets.impl.DefaultFaceletFactory.createFacelet(DefaultFaceletFactory.java:481)
	at com.sun.faces.facelets.impl.DefaultFaceletFactory.access$100(DefaultFaceletFactory.java:106)
	at com.sun.faces.facelets.impl.DefaultFaceletFactory$1.newInstance(DefaultFaceletFactory.java:199)
	at com.sun.faces.facelets.impl.DefaultFaceletFactory$1.newInstance(DefaultFaceletFactory.java:197)
	at com.sun.faces.facelets.impl.DefaultFaceletCache$1.newInstance(DefaultFaceletCache.java:86)
	at com.sun.faces.facelets.impl.DefaultFaceletCache$1.newInstance(DefaultFaceletCache.java:81)
	at com.sun.faces.util.ExpiringConcurrentCache$1.call(ExpiringConcurrentCache.java:99)
	at java.util.concurrent.FutureTask.run(FutureTask.java:266)
	at com.sun.faces.util.ExpiringConcurrentCache.get(ExpiringConcurrentCache.java:114)
	at com.sun.faces.facelets.impl.DefaultFaceletCache.getFacelet(DefaultFaceletCache.java:124)
	at com.sun.faces.facelets.impl.DefaultFaceletCache.getFacelet(DefaultFaceletCache.java:63)
	at com.sun.faces.facelets.impl.DefaultFaceletFactory.getFacelet(DefaultFaceletFactory.java:295)
	at com.sun.faces.facelets.impl.DefaultFacelet.include(DefaultFacelet.java:370)
	at com.sun.faces.facelets.impl.DefaultFacelet.include(DefaultFacelet.java:350)
	at com.sun.faces.facelets.impl.DefaultFaceletContext.includeFacelet(DefaultFaceletContext.java:199)
	at com.sun.faces.facelets.tag.ui.IncludeHandler.apply(IncludeHandler.java:124)
	at com.sun.faces.facelets.tag.ui.InsertHandler.apply(InsertHandler.java:116)
	at javax.faces.view.facelets.CompositeFaceletHandler.apply(CompositeFaceletHandler.java:96)
	at com.sun.faces.facelets.compiler.NamespaceHandler.apply(NamespaceHandler.java:93)
	at com.sun.faces.facelets.compiler.EncodingHandler.apply(EncodingHandler.java:87)
	at com.sun.faces.facelets.impl.DefaultFacelet.include(DefaultFacelet.java:312)
	at com.sun.faces.facelets.impl.DefaultFacelet.include(DefaultFacelet.java:371)
	at com.sun.faces.facelets.impl.DefaultFacelet.include(DefaultFacelet.java:350)
	at com.sun.faces.facelets.impl.DefaultFaceletContext.includeFacelet(DefaultFaceletContext.java:199)
	at com.sun.faces.facelets.tag.ui.CompositionHandler.apply(CompositionHandler.java:174)
	at com.sun.faces.facelets.compiler.NamespaceHandler.apply(NamespaceHandler.java:93)
	at com.sun.faces.facelets.compiler.EncodingHandler.apply(EncodingHandler.java:87)
	at com.sun.faces.facelets.impl.DefaultFacelet.apply(DefaultFacelet.java:161)
	at com.sun.faces.application.view.FaceletViewHandlingStrategy.buildView(FaceletViewHandlingStrategy.java:1004)
	at com.sun.faces.lifecycle.RenderResponsePhase.execute(RenderResponsePhase.java:99)
	at com.sun.faces.lifecycle.Phase.doPhase(Phase.java:101)
	at com.sun.faces.lifecycle.LifecycleImpl.render(LifecycleImpl.java:219)
	at javax.faces.webapp.FacesServlet.service(FacesServlet.java:671)
	at org.apache.catalina.core.ApplicationFilterChain.internalDoFilter(ApplicationFilterChain.java:231)
	at org.apache.catalina.core.ApplicationFilterChain.doFilter(ApplicationFilterChain.java:166)
	at org.apache.tomcat.websocket.server.WsFilter.doFilter(WsFilter.java:53)
	at org.apache.catalina.core.ApplicationFilterChain.internalDoFilter(ApplicationFilterChain.java:193)
	at org.apache.catalina.core.ApplicationFilterChain.doFilter(ApplicationFilterChain.java:166)
	at org.apache.catalina.core.StandardWrapperValve.invoke(StandardWrapperValve.java:199)
	at org.apache.catalina.core.StandardContextValve.invoke(StandardContextValve.java:96)
	at org.apache.catalina.core.StandardHostValve.invoke(StandardHostValve.java:137)
	at org.apache.catalina.valves.ErrorReportValve.invoke(ErrorReportValve.java:81)
	at org.apache.catalina.valves.AbstractAccessLogValve.invoke(AbstractAccessLogValve.java:651)
	at org.apache.catalina.core.StandardEngineValve.invoke(StandardEngineValve.java:87)
	at org.apache.catalina.connector.CoyoteAdapter.service(CoyoteAdapter.java:342)
	at org.apache.coyote.http11.Http11Processor.service(Http11Processor.java:409)
	at org.apache.coyote.AbstractProcessorLight.process(AbstractProcessorLight.java:66)
	at org.apache.coyote.AbstractProtocol$ConnectionHandler.process(AbstractProtocol.java:754)
	at org.apache.tomcat.util.net.NioEndpoint$SocketProcessor.doRun(NioEndpoint.java:1376)
	at org.apache.tomcat.util.net.SocketProcessorBase.run(SocketProcessorBase.java:49)
	at java.util.concurrent.ThreadPoolExecutor.runWorker(ThreadPoolExecutor.java:1142)
	at java.util.concurrent.ThreadPoolExecutor$Worker.run(ThreadPoolExecutor.java:617)
	at org.apache.tomcat.util.threads.TaskThread$WrappingRunnable.run(TaskThread.java:61)
	at java.lang.Thread.run(Thread.java:748)

23-Apr-2018 14:34:14.658 GRAVE [http-nio-8080-exec-65] org.apache.catalina.core.StandardWrapperValve.invoke Servlet.service() for servlet [Faces Servlet] in context with path [/aula_jsf_1502] threw exception [Error Parsing /templates/top_temp.xhtml: Error Traced[line: 71] O tipo de elemento br" deve ser encerrado pela tag final correspondente "</br>".] with root cause
 javax.faces.view.facelets.FaceletException: Error Parsing /templates/top_temp.xhtml: Error Traced[line: 71] O tipo de elemento br" deve ser encerrado pela tag final correspondente "</br>".
	at com.sun.faces.facelets.compiler.SAXCompiler.doCompile(SAXCompiler.java:466)
	at com.sun.faces.facelets.compiler.SAXCompiler.doCompile(SAXCompiler.java:440)
	at com.sun.faces.facelets.compiler.Compiler.compile(Compiler.java:124)
	at com.sun.faces.facelets.impl.DefaultFaceletFactory.createFacelet(DefaultFaceletFactory.java:481)
	at com.sun.faces.facelets.impl.DefaultFaceletFactory.access$100(DefaultFaceletFactory.java:106)
	at com.sun.faces.facelets.impl.DefaultFaceletFactory$1.newInstance(DefaultFaceletFactory.java:199)
	at com.sun.faces.facelets.impl.DefaultFaceletFactory$1.newInstance(DefaultFaceletFactory.java:197)
	at com.sun.faces.facelets.impl.DefaultFaceletCache$1.newInstance(DefaultFaceletCache.java:86)
	at com.sun.faces.facelets.impl.DefaultFaceletCache$1.newInstance(DefaultFaceletCache.java:81)
	at com.sun.faces.util.ExpiringConcurrentCache$1.call(ExpiringConcurrentCache.java:99)
	at java.util.concurrent.FutureTask.run(FutureTask.java:266)
	at com.sun.faces.util.ExpiringConcurrentCache.get(ExpiringConcurrentCache.java:114)
	at com.sun.faces.facelets.impl.DefaultFaceletCache.getFacelet(DefaultFaceletCache.java:124)
	at com.sun.faces.facelets.impl.DefaultFaceletCache.getFacelet(DefaultFaceletCache.java:63)
	at com.sun.faces.facelets.impl.DefaultFaceletFactory.getFacelet(DefaultFaceletFactory.java:295)
	at com.sun.faces.facelets.impl.DefaultFacelet.include(DefaultFacelet.java:370)
	at com.sun.faces.facelets.impl.DefaultFacelet.include(DefaultFacelet.java:350)
	at com.sun.faces.facelets.impl.DefaultFaceletContext.includeFacelet(DefaultFaceletContext.java:199)
	at com.sun.faces.facelets.tag.ui.IncludeHandler.apply(IncludeHandler.java:124)
	at com.sun.faces.facelets.tag.ui.InsertHandler.apply(InsertHandler.java:116)
	at javax.faces.view.facelets.CompositeFaceletHandler.apply(CompositeFaceletHandler.java:96)
	at com.sun.faces.facelets.compiler.NamespaceHandler.apply(NamespaceHandler.java:93)
	at com.sun.faces.facelets.compiler.EncodingHandler.apply(EncodingHandler.java:87)
	at com.sun.faces.facelets.impl.DefaultFacelet.include(DefaultFacelet.java:312)
	at com.sun.faces.facelets.impl.DefaultFacelet.include(DefaultFacelet.java:371)
	at com.sun.faces.facelets.impl.DefaultFacelet.include(DefaultFacelet.java:350)
	at com.sun.faces.facelets.impl.DefaultFaceletContext.includeFacelet(DefaultFaceletContext.java:199)
	at com.sun.faces.facelets.tag.ui.CompositionHandler.apply(CompositionHandler.java:174)
	at com.sun.faces.facelets.compiler.NamespaceHandler.apply(NamespaceHandler.java:93)
	at com.sun.faces.facelets.compiler.EncodingHandler.apply(EncodingHandler.java:87)
	at com.sun.faces.facelets.impl.DefaultFacelet.apply(DefaultFacelet.java:161)
	at com.sun.faces.application.view.FaceletViewHandlingStrategy.buildView(FaceletViewHandlingStrategy.java:1004)
	at com.sun.faces.lifecycle.RenderResponsePhase.execute(RenderResponsePhase.java:99)
	at com.sun.faces.lifecycle.Phase.doPhase(Phase.java:101)
	at com.sun.faces.lifecycle.LifecycleImpl.render(LifecycleImpl.java:219)
	at javax.faces.webapp.FacesServlet.service(FacesServlet.java:671)
	at org.apache.catalina.core.ApplicationFilterChain.internalDoFilter(ApplicationFilterChain.java:231)
	at org.apache.catalina.core.ApplicationFilterChain.doFilter(ApplicationFilterChain.java:166)
	at org.apache.tomcat.websocket.server.WsFilter.doFilter(WsFilter.java:53)
	at org.apache.catalina.core.ApplicationFilterChain.internalDoFilter(ApplicationFilterChain.java:193)
	at org.apache.catalina.core.ApplicationFilterChain.doFilter(ApplicationFilterChain.java:166)
	at org.apache.catalina.core.StandardWrapperValve.invoke(StandardWrapperValve.java:199)
	at org.apache.catalina.core.StandardContextValve.invoke(StandardContextValve.java:96)
	at org.apache.catalina.core.StandardHostValve.invoke(StandardHostValve.java:137)
	at org.apache.catalina.valves.ErrorReportValve.invoke(ErrorReportValve.java:81)
	at org.apache.catalina.valves.AbstractAccessLogValve.invoke(AbstractAccessLogValve.java:651)
	at org.apache.catalina.core.StandardEngineValve.invoke(StandardEngineValve.java:87)
	at org.apache.catalina.connector.CoyoteAdapter.service(CoyoteAdapter.java:342)
	at org.apache.coyote.http11.Http11Processor.service(Http11Processor.java:409)
	at org.apache.coyote.AbstractProcessorLight.process(AbstractProcessorLight.java:66)
	at org.apache.coyote.AbstractProtocol$ConnectionHandler.process(AbstractProtocol.java:754)
	at org.apache.tomcat.util.net.NioEndpoint$SocketProcessor.doRun(NioEndpoint.java:1376)
	at org.apache.tomcat.util.net.SocketProcessorBase.run(SocketProcessorBase.java:49)
	at java.util.concurrent.ThreadPoolExecutor.runWorker(ThreadPoolExecutor.java:1142)
	at java.util.concurrent.ThreadPoolExecutor$Worker.run(ThreadPoolExecutor.java:617)
	at org.apache.tomcat.util.threads.TaskThread$WrappingRunnable.run(TaskThread.java:61)
	at java.lang.Thread.run(Thread.java:748)

23-Apr-2018 14:34:14.880 GRAVE [http-nio-8080-exec-69] org.apache.catalina.core.StandardWrapperValve.invoke Servlet.service() for servlet [Faces Servlet] in context with path [/aula_jsf_1502] threw exception [Error Parsing /templates/top_temp.xhtml: Error Traced[line: 71] O tipo de elemento br" deve ser encerrado pela tag final correspondente "</br>".] with root cause
 javax.faces.view.facelets.FaceletException: Error Parsing /templates/top_temp.xhtml: Error Traced[line: 71] O tipo de elemento br" deve ser encerrado pela tag final correspondente "</br>".
	at com.sun.faces.facelets.compiler.SAXCompiler.doCompile(SAXCompiler.java:466)
	at com.sun.faces.facelets.compiler.SAXCompiler.doCompile(SAXCompiler.java:440)
	at com.sun.faces.facelets.compiler.Compiler.compile(Compiler.java:124)
	at com.sun.faces.facelets.impl.DefaultFaceletFactory.createFacelet(DefaultFaceletFactory.java:481)
	at com.sun.faces.facelets.impl.DefaultFaceletFactory.access$100(DefaultFaceletFactory.java:106)
	at com.sun.faces.facelets.impl.DefaultFaceletFactory$1.newInstance(DefaultFaceletFactory.java:199)
	at com.sun.faces.facelets.impl.DefaultFaceletFactory$1.newInstance(DefaultFaceletFactory.java:197)
	at com.sun.faces.facelets.impl.DefaultFaceletCache$1.newInstance(DefaultFaceletCache.java:86)
	at com.sun.faces.facelets.impl.DefaultFaceletCache$1.newInstance(DefaultFaceletCache.java:81)
	at com.sun.faces.util.ExpiringConcurrentCache$1.call(ExpiringConcurrentCache.java:99)
	at java.util.concurrent.FutureTask.run(FutureTask.java:266)
	at com.sun.faces.util.ExpiringConcurrentCache.get(ExpiringConcurrentCache.java:114)
	at com.sun.faces.facelets.impl.DefaultFaceletCache.getFacelet(DefaultFaceletCache.java:124)
	at com.sun.faces.facelets.impl.DefaultFaceletCache.getFacelet(DefaultFaceletCache.java:63)
	at com.sun.faces.facelets.impl.DefaultFaceletFactory.getFacelet(DefaultFaceletFactory.java:295)
	at com.sun.faces.facelets.impl.DefaultFacelet.include(DefaultFacelet.java:370)
	at com.sun.faces.facelets.impl.DefaultFacelet.include(DefaultFacelet.java:350)
	at com.sun.faces.facelets.impl.DefaultFaceletContext.includeFacelet(DefaultFaceletContext.java:199)
	at com.sun.faces.facelets.tag.ui.IncludeHandler.apply(IncludeHandler.java:124)
	at com.sun.faces.facelets.tag.ui.InsertHandler.apply(InsertHandler.java:116)
	at javax.faces.view.facelets.CompositeFaceletHandler.apply(CompositeFaceletHandler.java:96)
	at com.sun.faces.facelets.compiler.NamespaceHandler.apply(NamespaceHandler.java:93)
	at com.sun.faces.facelets.compiler.EncodingHandler.apply(EncodingHandler.java:87)
	at com.sun.faces.facelets.impl.DefaultFacelet.include(DefaultFacelet.java:312)
	at com.sun.faces.facelets.impl.DefaultFacelet.include(DefaultFacelet.java:371)
	at com.sun.faces.facelets.impl.DefaultFacelet.include(DefaultFacelet.java:350)
	at com.sun.faces.facelets.impl.DefaultFaceletContext.includeFacelet(DefaultFaceletContext.java:199)
	at com.sun.faces.facelets.tag.ui.CompositionHandler.apply(CompositionHandler.java:174)
	at com.sun.faces.facelets.compiler.NamespaceHandler.apply(NamespaceHandler.java:93)
	at com.sun.faces.facelets.compiler.EncodingHandler.apply(EncodingHandler.java:87)
	at com.sun.faces.facelets.impl.DefaultFacelet.apply(DefaultFacelet.java:161)
	at com.sun.faces.application.view.FaceletViewHandlingStrategy.buildView(FaceletViewHandlingStrategy.java:1004)
	at com.sun.faces.lifecycle.RenderResponsePhase.execute(RenderResponsePhase.java:99)
	at com.sun.faces.lifecycle.Phase.doPhase(Phase.java:101)
	at com.sun.faces.lifecycle.LifecycleImpl.render(LifecycleImpl.java:219)
	at javax.faces.webapp.FacesServlet.service(FacesServlet.java:671)
	at org.apache.catalina.core.ApplicationFilterChain.internalDoFilter(ApplicationFilterChain.java:231)
	at org.apache.catalina.core.ApplicationFilterChain.doFilter(ApplicationFilterChain.java:166)
	at org.apache.tomcat.websocket.server.WsFilter.doFilter(WsFilter.java:53)
	at org.apache.catalina.core.ApplicationFilterChain.internalDoFilter(ApplicationFilterChain.java:193)
	at org.apache.catalina.core.ApplicationFilterChain.doFilter(ApplicationFilterChain.java:166)
	at org.apache.catalina.core.StandardWrapperValve.invoke(StandardWrapperValve.java:199)
	at org.apache.catalina.core.StandardContextValve.invoke(StandardContextValve.java:96)
	at org.apache.catalina.core.StandardHostValve.invoke(StandardHostValve.java:137)
	at org.apache.catalina.valves.ErrorReportValve.invoke(ErrorReportValve.java:81)
	at org.apache.catalina.valves.AbstractAccessLogValve.invoke(AbstractAccessLogValve.java:651)
	at org.apache.catalina.core.StandardEngineValve.invoke(StandardEngineValve.java:87)
	at org.apache.catalina.connector.CoyoteAdapter.service(CoyoteAdapter.java:342)
	at org.apache.coyote.http11.Http11Processor.service(Http11Processor.java:409)
	at org.apache.coyote.AbstractProcessorLight.process(AbstractProcessorLight.java:66)
	at org.apache.coyote.AbstractProtocol$ConnectionHandler.process(AbstractProtocol.java:754)
	at org.apache.tomcat.util.net.NioEndpoint$SocketProcessor.doRun(NioEndpoint.java:1376)
	at org.apache.tomcat.util.net.SocketProcessorBase.run(SocketProcessorBase.java:49)
	at java.util.concurrent.ThreadPoolExecutor.runWorker(ThreadPoolExecutor.java:1142)
	at java.util.concurrent.ThreadPoolExecutor$Worker.run(ThreadPoolExecutor.java:617)
	at org.apache.tomcat.util.threads.TaskThread$WrappingRunnable.run(TaskThread.java:61)
	at java.lang.Thread.run(Thread.java:748)

23-Apr-2018 14:34:15.022 GRAVE [http-nio-8080-exec-67] org.apache.catalina.core.StandardWrapperValve.invoke Servlet.service() for servlet [Faces Servlet] in context with path [/aula_jsf_1502] threw exception [Error Parsing /templates/top_temp.xhtml: Error Traced[line: 71] O tipo de elemento br" deve ser encerrado pela tag final correspondente "</br>".] with root cause
 javax.faces.view.facelets.FaceletException: Error Parsing /templates/top_temp.xhtml: Error Traced[line: 71] O tipo de elemento br" deve ser encerrado pela tag final correspondente "</br>".
	at com.sun.faces.facelets.compiler.SAXCompiler.doCompile(SAXCompiler.java:466)
	at com.sun.faces.facelets.compiler.SAXCompiler.doCompile(SAXCompiler.java:440)
	at com.sun.faces.facelets.compiler.Compiler.compile(Compiler.java:124)
	at com.sun.faces.facelets.impl.DefaultFaceletFactory.createFacelet(DefaultFaceletFactory.java:481)
	at com.sun.faces.facelets.impl.DefaultFaceletFactory.access$100(DefaultFaceletFactory.java:106)
	at com.sun.faces.facelets.impl.DefaultFaceletFactory$1.newInstance(DefaultFaceletFactory.java:199)
	at com.sun.faces.facelets.impl.DefaultFaceletFactory$1.newInstance(DefaultFaceletFactory.java:197)
	at com.sun.faces.facelets.impl.DefaultFaceletCache$1.newInstance(DefaultFaceletCache.java:86)
	at com.sun.faces.facelets.impl.DefaultFaceletCache$1.newInstance(DefaultFaceletCache.java:81)
	at com.sun.faces.util.ExpiringConcurrentCache$1.call(ExpiringConcurrentCache.java:99)
	at java.util.concurrent.FutureTask.run(FutureTask.java:266)
	at com.sun.faces.util.ExpiringConcurrentCache.get(ExpiringConcurrentCache.java:114)
	at com.sun.faces.facelets.impl.DefaultFaceletCache.getFacelet(DefaultFaceletCache.java:124)
	at com.sun.faces.facelets.impl.DefaultFaceletCache.getFacelet(DefaultFaceletCache.java:63)
	at com.sun.faces.facelets.impl.DefaultFaceletFactory.getFacelet(DefaultFaceletFactory.java:295)
	at com.sun.faces.facelets.impl.DefaultFacelet.include(DefaultFacelet.java:370)
	at com.sun.faces.facelets.impl.DefaultFacelet.include(DefaultFacelet.java:350)
	at com.sun.faces.facelets.impl.DefaultFaceletContext.includeFacelet(DefaultFaceletContext.java:199)
	at com.sun.faces.facelets.tag.ui.IncludeHandler.apply(IncludeHandler.java:124)
	at com.sun.faces.facelets.tag.ui.InsertHandler.apply(InsertHandler.java:116)
	at javax.faces.view.facelets.CompositeFaceletHandler.apply(CompositeFaceletHandler.java:96)
	at com.sun.faces.facelets.compiler.NamespaceHandler.apply(NamespaceHandler.java:93)
	at com.sun.faces.facelets.compiler.EncodingHandler.apply(EncodingHandler.java:87)
	at com.sun.faces.facelets.impl.DefaultFacelet.include(DefaultFacelet.java:312)
	at com.sun.faces.facelets.impl.DefaultFacelet.include(DefaultFacelet.java:371)
	at com.sun.faces.facelets.impl.DefaultFacelet.include(DefaultFacelet.java:350)
	at com.sun.faces.facelets.impl.DefaultFaceletContext.includeFacelet(DefaultFaceletContext.java:199)
	at com.sun.faces.facelets.tag.ui.CompositionHandler.apply(CompositionHandler.java:174)
	at com.sun.faces.facelets.compiler.NamespaceHandler.apply(NamespaceHandler.java:93)
	at com.sun.faces.facelets.compiler.EncodingHandler.apply(EncodingHandler.java:87)
	at com.sun.faces.facelets.impl.DefaultFacelet.apply(DefaultFacelet.java:161)
	at com.sun.faces.application.view.FaceletViewHandlingStrategy.buildView(FaceletViewHandlingStrategy.java:1004)
	at com.sun.faces.lifecycle.RenderResponsePhase.execute(RenderResponsePhase.java:99)
	at com.sun.faces.lifecycle.Phase.doPhase(Phase.java:101)
	at com.sun.faces.lifecycle.LifecycleImpl.render(LifecycleImpl.java:219)
	at javax.faces.webapp.FacesServlet.service(FacesServlet.java:671)
	at org.apache.catalina.core.ApplicationFilterChain.internalDoFilter(ApplicationFilterChain.java:231)
	at org.apache.catalina.core.ApplicationFilterChain.doFilter(ApplicationFilterChain.java:166)
	at org.apache.tomcat.websocket.server.WsFilter.doFilter(WsFilter.java:53)
	at org.apache.catalina.core.ApplicationFilterChain.internalDoFilter(ApplicationFilterChain.java:193)
	at org.apache.catalina.core.ApplicationFilterChain.doFilter(ApplicationFilterChain.java:166)
	at org.apache.catalina.core.StandardWrapperValve.invoke(StandardWrapperValve.java:199)
	at org.apache.catalina.core.StandardContextValve.invoke(StandardContextValve.java:96)
	at org.apache.catalina.core.StandardHostValve.invoke(StandardHostValve.java:137)
	at org.apache.catalina.valves.ErrorReportValve.invoke(ErrorReportValve.java:81)
	at org.apache.catalina.valves.AbstractAccessLogValve.invoke(AbstractAccessLogValve.java:651)
	at org.apache.catalina.core.StandardEngineValve.invoke(StandardEngineValve.java:87)
	at org.apache.catalina.connector.CoyoteAdapter.service(CoyoteAdapter.java:342)
	at org.apache.coyote.http11.Http11Processor.service(Http11Processor.java:409)
	at org.apache.coyote.AbstractProcessorLight.process(AbstractProcessorLight.java:66)
	at org.apache.coyote.AbstractProtocol$ConnectionHandler.process(AbstractProtocol.java:754)
	at org.apache.tomcat.util.net.NioEndpoint$SocketProcessor.doRun(NioEndpoint.java:1376)
	at org.apache.tomcat.util.net.SocketProcessorBase.run(SocketProcessorBase.java:49)
	at java.util.concurrent.ThreadPoolExecutor.runWorker(ThreadPoolExecutor.java:1142)
	at java.util.concurrent.ThreadPoolExecutor$Worker.run(ThreadPoolExecutor.java:617)
	at org.apache.tomcat.util.threads.TaskThread$WrappingRunnable.run(TaskThread.java:61)
	at java.lang.Thread.run(Thread.java:748)

23-Apr-2018 14:34:15.163 GRAVE [http-nio-8080-exec-72] org.apache.catalina.core.StandardWrapperValve.invoke Servlet.service() for servlet [Faces Servlet] in context with path [/aula_jsf_1502] threw exception [Error Parsing /templates/top_temp.xhtml: Error Traced[line: 71] O tipo de elemento br" deve ser encerrado pela tag final correspondente "</br>".] with root cause
 javax.faces.view.facelets.FaceletException: Error Parsing /templates/top_temp.xhtml: Error Traced[line: 71] O tipo de elemento br" deve ser encerrado pela tag final correspondente "</br>".
	at com.sun.faces.facelets.compiler.SAXCompiler.doCompile(SAXCompiler.java:466)
	at com.sun.faces.facelets.compiler.SAXCompiler.doCompile(SAXCompiler.java:440)
	at com.sun.faces.facelets.compiler.Compiler.compile(Compiler.java:124)
	at com.sun.faces.facelets.impl.DefaultFaceletFactory.createFacelet(DefaultFaceletFactory.java:481)
	at com.sun.faces.facelets.impl.DefaultFaceletFactory.access$100(DefaultFaceletFactory.java:106)
	at com.sun.faces.facelets.impl.DefaultFaceletFactory$1.newInstance(DefaultFaceletFactory.java:199)
	at com.sun.faces.facelets.impl.DefaultFaceletFactory$1.newInstance(DefaultFaceletFactory.java:197)
	at com.sun.faces.facelets.impl.DefaultFaceletCache$1.newInstance(DefaultFaceletCache.java:86)
	at com.sun.faces.facelets.impl.DefaultFaceletCache$1.newInstance(DefaultFaceletCache.java:81)
	at com.sun.faces.util.ExpiringConcurrentCache$1.call(ExpiringConcurrentCache.java:99)
	at java.util.concurrent.FutureTask.run(FutureTask.java:266)
	at com.sun.faces.util.ExpiringConcurrentCache.get(ExpiringConcurrentCache.java:114)
	at com.sun.faces.facelets.impl.DefaultFaceletCache.getFacelet(DefaultFaceletCache.java:124)
	at com.sun.faces.facelets.impl.DefaultFaceletCache.getFacelet(DefaultFaceletCache.java:63)
	at com.sun.faces.facelets.impl.DefaultFaceletFactory.getFacelet(DefaultFaceletFactory.java:295)
	at com.sun.faces.facelets.impl.DefaultFacelet.include(DefaultFacelet.java:370)
	at com.sun.faces.facelets.impl.DefaultFacelet.include(DefaultFacelet.java:350)
	at com.sun.faces.facelets.impl.DefaultFaceletContext.includeFacelet(DefaultFaceletContext.java:199)
	at com.sun.faces.facelets.tag.ui.IncludeHandler.apply(IncludeHandler.java:124)
	at com.sun.faces.facelets.tag.ui.InsertHandler.apply(InsertHandler.java:116)
	at javax.faces.view.facelets.CompositeFaceletHandler.apply(CompositeFaceletHandler.java:96)
	at com.sun.faces.facelets.compiler.NamespaceHandler.apply(NamespaceHandler.java:93)
	at com.sun.faces.facelets.compiler.EncodingHandler.apply(EncodingHandler.java:87)
	at com.sun.faces.facelets.impl.DefaultFacelet.include(DefaultFacelet.java:312)
	at com.sun.faces.facelets.impl.DefaultFacelet.include(DefaultFacelet.java:371)
	at com.sun.faces.facelets.impl.DefaultFacelet.include(DefaultFacelet.java:350)
	at com.sun.faces.facelets.impl.DefaultFaceletContext.includeFacelet(DefaultFaceletContext.java:199)
	at com.sun.faces.facelets.tag.ui.CompositionHandler.apply(CompositionHandler.java:174)
	at com.sun.faces.facelets.compiler.NamespaceHandler.apply(NamespaceHandler.java:93)
	at com.sun.faces.facelets.compiler.EncodingHandler.apply(EncodingHandler.java:87)
	at com.sun.faces.facelets.impl.DefaultFacelet.apply(DefaultFacelet.java:161)
	at com.sun.faces.application.view.FaceletViewHandlingStrategy.buildView(FaceletViewHandlingStrategy.java:1004)
	at com.sun.faces.lifecycle.RenderResponsePhase.execute(RenderResponsePhase.java:99)
	at com.sun.faces.lifecycle.Phase.doPhase(Phase.java:101)
	at com.sun.faces.lifecycle.LifecycleImpl.render(LifecycleImpl.java:219)
	at javax.faces.webapp.FacesServlet.service(FacesServlet.java:671)
	at org.apache.catalina.core.ApplicationFilterChain.internalDoFilter(ApplicationFilterChain.java:231)
	at org.apache.catalina.core.ApplicationFilterChain.doFilter(ApplicationFilterChain.java:166)
	at org.apache.tomcat.websocket.server.WsFilter.doFilter(WsFilter.java:53)
	at org.apache.catalina.core.ApplicationFilterChain.internalDoFilter(ApplicationFilterChain.java:193)
	at org.apache.catalina.core.ApplicationFilterChain.doFilter(ApplicationFilterChain.java:166)
	at org.apache.catalina.core.StandardWrapperValve.invoke(StandardWrapperValve.java:199)
	at org.apache.catalina.core.StandardContextValve.invoke(StandardContextValve.java:96)
	at org.apache.catalina.core.StandardHostValve.invoke(StandardHostValve.java:137)
	at org.apache.catalina.valves.ErrorReportValve.invoke(ErrorReportValve.java:81)
	at org.apache.catalina.valves.AbstractAccessLogValve.invoke(AbstractAccessLogValve.java:651)
	at org.apache.catalina.core.StandardEngineValve.invoke(StandardEngineValve.java:87)
	at org.apache.catalina.connector.CoyoteAdapter.service(CoyoteAdapter.java:342)
	at org.apache.coyote.http11.Http11Processor.service(Http11Processor.java:409)
	at org.apache.coyote.AbstractProcessorLight.process(AbstractProcessorLight.java:66)
	at org.apache.coyote.AbstractProtocol$ConnectionHandler.process(AbstractProtocol.java:754)
	at org.apache.tomcat.util.net.NioEndpoint$SocketProcessor.doRun(NioEndpoint.java:1376)
	at org.apache.tomcat.util.net.SocketProcessorBase.run(SocketProcessorBase.java:49)
	at java.util.concurrent.ThreadPoolExecutor.runWorker(ThreadPoolExecutor.java:1142)
	at java.util.concurrent.ThreadPoolExecutor$Worker.run(ThreadPoolExecutor.java:617)
	at org.apache.tomcat.util.threads.TaskThread$WrappingRunnable.run(TaskThread.java:61)
	at java.lang.Thread.run(Thread.java:748)

23-Apr-2018 14:34:15.310 GRAVE [http-nio-8080-exec-66] org.apache.catalina.core.StandardWrapperValve.invoke Servlet.service() for servlet [Faces Servlet] in context with path [/aula_jsf_1502] threw exception [Error Parsing /templates/top_temp.xhtml: Error Traced[line: 71] O tipo de elemento br" deve ser encerrado pela tag final correspondente "</br>".] with root cause
 javax.faces.view.facelets.FaceletException: Error Parsing /templates/top_temp.xhtml: Error Traced[line: 71] O tipo de elemento br" deve ser encerrado pela tag final correspondente "</br>".
	at com.sun.faces.facelets.compiler.SAXCompiler.doCompile(SAXCompiler.java:466)
	at com.sun.faces.facelets.compiler.SAXCompiler.doCompile(SAXCompiler.java:440)
	at com.sun.faces.facelets.compiler.Compiler.compile(Compiler.java:124)
	at com.sun.faces.facelets.impl.DefaultFaceletFactory.createFacelet(DefaultFaceletFactory.java:481)
	at com.sun.faces.facelets.impl.DefaultFaceletFactory.access$100(DefaultFaceletFactory.java:106)
	at com.sun.faces.facelets.impl.DefaultFaceletFactory$1.newInstance(DefaultFaceletFactory.java:199)
	at com.sun.faces.facelets.impl.DefaultFaceletFactory$1.newInstance(DefaultFaceletFactory.java:197)
	at com.sun.faces.facelets.impl.DefaultFaceletCache$1.newInstance(DefaultFaceletCache.java:86)
	at com.sun.faces.facelets.impl.DefaultFaceletCache$1.newInstance(DefaultFaceletCache.java:81)
	at com.sun.faces.util.ExpiringConcurrentCache$1.call(ExpiringConcurrentCache.java:99)
	at java.util.concurrent.FutureTask.run(FutureTask.java:266)
	at com.sun.faces.util.ExpiringConcurrentCache.get(ExpiringConcurrentCache.java:114)
	at com.sun.faces.facelets.impl.DefaultFaceletCache.getFacelet(DefaultFaceletCache.java:124)
	at com.sun.faces.facelets.impl.DefaultFaceletCache.getFacelet(DefaultFaceletCache.java:63)
	at com.sun.faces.facelets.impl.DefaultFaceletFactory.getFacelet(DefaultFaceletFactory.java:295)
	at com.sun.faces.facelets.impl.DefaultFacelet.include(DefaultFacelet.java:370)
	at com.sun.faces.facelets.impl.DefaultFacelet.include(DefaultFacelet.java:350)
	at com.sun.faces.facelets.impl.DefaultFaceletContext.includeFacelet(DefaultFaceletContext.java:199)
	at com.sun.faces.facelets.tag.ui.IncludeHandler.apply(IncludeHandler.java:124)
	at com.sun.faces.facelets.tag.ui.InsertHandler.apply(InsertHandler.java:116)
	at javax.faces.view.facelets.CompositeFaceletHandler.apply(CompositeFaceletHandler.java:96)
	at com.sun.faces.facelets.compiler.NamespaceHandler.apply(NamespaceHandler.java:93)
	at com.sun.faces.facelets.compiler.EncodingHandler.apply(EncodingHandler.java:87)
	at com.sun.faces.facelets.impl.DefaultFacelet.include(DefaultFacelet.java:312)
	at com.sun.faces.facelets.impl.DefaultFacelet.include(DefaultFacelet.java:371)
	at com.sun.faces.facelets.impl.DefaultFacelet.include(DefaultFacelet.java:350)
	at com.sun.faces.facelets.impl.DefaultFaceletContext.includeFacelet(DefaultFaceletContext.java:199)
	at com.sun.faces.facelets.tag.ui.CompositionHandler.apply(CompositionHandler.java:174)
	at com.sun.faces.facelets.compiler.NamespaceHandler.apply(NamespaceHandler.java:93)
	at com.sun.faces.facelets.compiler.EncodingHandler.apply(EncodingHandler.java:87)
	at com.sun.faces.facelets.impl.DefaultFacelet.apply(DefaultFacelet.java:161)
	at com.sun.faces.application.view.FaceletViewHandlingStrategy.buildView(FaceletViewHandlingStrategy.java:1004)
	at com.sun.faces.lifecycle.RenderResponsePhase.execute(RenderResponsePhase.java:99)
	at com.sun.faces.lifecycle.Phase.doPhase(Phase.java:101)
	at com.sun.faces.lifecycle.LifecycleImpl.render(LifecycleImpl.java:219)
	at javax.faces.webapp.FacesServlet.service(FacesServlet.java:671)
	at org.apache.catalina.core.ApplicationFilterChain.internalDoFilter(ApplicationFilterChain.java:231)
	at org.apache.catalina.core.ApplicationFilterChain.doFilter(ApplicationFilterChain.java:166)
	at org.apache.tomcat.websocket.server.WsFilter.doFilter(WsFilter.java:53)
	at org.apache.catalina.core.ApplicationFilterChain.internalDoFilter(ApplicationFilterChain.java:193)
	at org.apache.catalina.core.ApplicationFilterChain.doFilter(ApplicationFilterChain.java:166)
	at org.apache.catalina.core.StandardWrapperValve.invoke(StandardWrapperValve.java:199)
	at org.apache.catalina.core.StandardContextValve.invoke(StandardContextValve.java:96)
	at org.apache.catalina.core.StandardHostValve.invoke(StandardHostValve.java:137)
	at org.apache.catalina.valves.ErrorReportValve.invoke(ErrorReportValve.java:81)
	at org.apache.catalina.valves.AbstractAccessLogValve.invoke(AbstractAccessLogValve.java:651)
	at org.apache.catalina.core.StandardEngineValve.invoke(StandardEngineValve.java:87)
	at org.apache.catalina.connector.CoyoteAdapter.service(CoyoteAdapter.java:342)
	at org.apache.coyote.http11.Http11Processor.service(Http11Processor.java:409)
	at org.apache.coyote.AbstractProcessorLight.process(AbstractProcessorLight.java:66)
	at org.apache.coyote.AbstractProtocol$ConnectionHandler.process(AbstractProtocol.java:754)
	at org.apache.tomcat.util.net.NioEndpoint$SocketProcessor.doRun(NioEndpoint.java:1376)
	at org.apache.tomcat.util.net.SocketProcessorBase.run(SocketProcessorBase.java:49)
	at java.util.concurrent.ThreadPoolExecutor.runWorker(ThreadPoolExecutor.java:1142)
	at java.util.concurrent.ThreadPoolExecutor$Worker.run(ThreadPoolExecutor.java:617)
	at org.apache.tomcat.util.threads.TaskThread$WrappingRunnable.run(TaskThread.java:61)
	at java.lang.Thread.run(Thread.java:748)

23-Apr-2018 14:34:15.463 GRAVE [http-nio-8080-exec-71] org.apache.catalina.core.StandardWrapperValve.invoke Servlet.service() for servlet [Faces Servlet] in context with path [/aula_jsf_1502] threw exception [Error Parsing /templates/top_temp.xhtml: Error Traced[line: 71] O tipo de elemento br" deve ser encerrado pela tag final correspondente "</br>".] with root cause
 javax.faces.view.facelets.FaceletException: Error Parsing /templates/top_temp.xhtml: Error Traced[line: 71] O tipo de elemento br" deve ser encerrado pela tag final correspondente "</br>".
	at com.sun.faces.facelets.compiler.SAXCompiler.doCompile(SAXCompiler.java:466)
	at com.sun.faces.facelets.compiler.SAXCompiler.doCompile(SAXCompiler.java:440)
	at com.sun.faces.facelets.compiler.Compiler.compile(Compiler.java:124)
	at com.sun.faces.facelets.impl.DefaultFaceletFactory.createFacelet(DefaultFaceletFactory.java:481)
	at com.sun.faces.facelets.impl.DefaultFaceletFactory.access$100(DefaultFaceletFactory.java:106)
	at com.sun.faces.facelets.impl.DefaultFaceletFactory$1.newInstance(DefaultFaceletFactory.java:199)
	at com.sun.faces.facelets.impl.DefaultFaceletFactory$1.newInstance(DefaultFaceletFactory.java:197)
	at com.sun.faces.facelets.impl.DefaultFaceletCache$1.newInstance(DefaultFaceletCache.java:86)
	at com.sun.faces.facelets.impl.DefaultFaceletCache$1.newInstance(DefaultFaceletCache.java:81)
	at com.sun.faces.util.ExpiringConcurrentCache$1.call(ExpiringConcurrentCache.java:99)
	at java.util.concurrent.FutureTask.run(FutureTask.java:266)
	at com.sun.faces.util.ExpiringConcurrentCache.get(ExpiringConcurrentCache.java:114)
	at com.sun.faces.facelets.impl.DefaultFaceletCache.getFacelet(DefaultFaceletCache.java:124)
	at com.sun.faces.facelets.impl.DefaultFaceletCache.getFacelet(DefaultFaceletCache.java:63)
	at com.sun.faces.facelets.impl.DefaultFaceletFactory.getFacelet(DefaultFaceletFactory.java:295)
	at com.sun.faces.facelets.impl.DefaultFacelet.include(DefaultFacelet.java:370)
	at com.sun.faces.facelets.impl.DefaultFacelet.include(DefaultFacelet.java:350)
	at com.sun.faces.facelets.impl.DefaultFaceletContext.includeFacelet(DefaultFaceletContext.java:199)
	at com.sun.faces.facelets.tag.ui.IncludeHandler.apply(IncludeHandler.java:124)
	at com.sun.faces.facelets.tag.ui.InsertHandler.apply(InsertHandler.java:116)
	at javax.faces.view.facelets.CompositeFaceletHandler.apply(CompositeFaceletHandler.java:96)
	at com.sun.faces.facelets.compiler.NamespaceHandler.apply(NamespaceHandler.java:93)
	at com.sun.faces.facelets.compiler.EncodingHandler.apply(EncodingHandler.java:87)
	at com.sun.faces.facelets.impl.DefaultFacelet.include(DefaultFacelet.java:312)
	at com.sun.faces.facelets.impl.DefaultFacelet.include(DefaultFacelet.java:371)
	at com.sun.faces.facelets.impl.DefaultFacelet.include(DefaultFacelet.java:350)
	at com.sun.faces.facelets.impl.DefaultFaceletContext.includeFacelet(DefaultFaceletContext.java:199)
	at com.sun.faces.facelets.tag.ui.CompositionHandler.apply(CompositionHandler.java:174)
	at com.sun.faces.facelets.compiler.NamespaceHandler.apply(NamespaceHandler.java:93)
	at com.sun.faces.facelets.compiler.EncodingHandler.apply(EncodingHandler.java:87)
	at com.sun.faces.facelets.impl.DefaultFacelet.apply(DefaultFacelet.java:161)
	at com.sun.faces.application.view.FaceletViewHandlingStrategy.buildView(FaceletViewHandlingStrategy.java:1004)
	at com.sun.faces.lifecycle.RenderResponsePhase.execute(RenderResponsePhase.java:99)
	at com.sun.faces.lifecycle.Phase.doPhase(Phase.java:101)
	at com.sun.faces.lifecycle.LifecycleImpl.render(LifecycleImpl.java:219)
	at javax.faces.webapp.FacesServlet.service(FacesServlet.java:671)
	at org.apache.catalina.core.ApplicationFilterChain.internalDoFilter(ApplicationFilterChain.java:231)
	at org.apache.catalina.core.ApplicationFilterChain.doFilter(ApplicationFilterChain.java:166)
	at org.apache.tomcat.websocket.server.WsFilter.doFilter(WsFilter.java:53)
	at org.apache.catalina.core.ApplicationFilterChain.internalDoFilter(ApplicationFilterChain.java:193)
	at org.apache.catalina.core.ApplicationFilterChain.doFilter(ApplicationFilterChain.java:166)
	at org.apache.catalina.core.StandardWrapperValve.invoke(StandardWrapperValve.java:199)
	at org.apache.catalina.core.StandardContextValve.invoke(StandardContextValve.java:96)
	at org.apache.catalina.core.StandardHostValve.invoke(StandardHostValve.java:137)
	at org.apache.catalina.valves.ErrorReportValve.invoke(ErrorReportValve.java:81)
	at org.apache.catalina.valves.AbstractAccessLogValve.invoke(AbstractAccessLogValve.java:651)
	at org.apache.catalina.core.StandardEngineValve.invoke(StandardEngineValve.java:87)
	at org.apache.catalina.connector.CoyoteAdapter.service(CoyoteAdapter.java:342)
	at org.apache.coyote.http11.Http11Processor.service(Http11Processor.java:409)
	at org.apache.coyote.AbstractProcessorLight.process(AbstractProcessorLight.java:66)
	at org.apache.coyote.AbstractProtocol$ConnectionHandler.process(AbstractProtocol.java:754)
	at org.apache.tomcat.util.net.NioEndpoint$SocketProcessor.doRun(NioEndpoint.java:1376)
	at org.apache.tomcat.util.net.SocketProcessorBase.run(SocketProcessorBase.java:49)
	at java.util.concurrent.ThreadPoolExecutor.runWorker(ThreadPoolExecutor.java:1142)
	at java.util.concurrent.ThreadPoolExecutor$Worker.run(ThreadPoolExecutor.java:617)
	at org.apache.tomcat.util.threads.TaskThread$WrappingRunnable.run(TaskThread.java:61)
	at java.lang.Thread.run(Thread.java:748)

23-Apr-2018 14:34:15.588 GRAVE [http-nio-8080-exec-68] org.apache.catalina.core.StandardWrapperValve.invoke Servlet.service() for servlet [Faces Servlet] in context with path [/aula_jsf_1502] threw exception [Error Parsing /templates/top_temp.xhtml: Error Traced[line: 71] O tipo de elemento br" deve ser encerrado pela tag final correspondente "</br>".] with root cause
 javax.faces.view.facelets.FaceletException: Error Parsing /templates/top_temp.xhtml: Error Traced[line: 71] O tipo de elemento br" deve ser encerrado pela tag final correspondente "</br>".
	at com.sun.faces.facelets.compiler.SAXCompiler.doCompile(SAXCompiler.java:466)
	at com.sun.faces.facelets.compiler.SAXCompiler.doCompile(SAXCompiler.java:440)
	at com.sun.faces.facelets.compiler.Compiler.compile(Compiler.java:124)
	at com.sun.faces.facelets.impl.DefaultFaceletFactory.createFacelet(DefaultFaceletFactory.java:481)
	at com.sun.faces.facelets.impl.DefaultFaceletFactory.access$100(DefaultFaceletFactory.java:106)
	at com.sun.faces.facelets.impl.DefaultFaceletFactory$1.newInstance(DefaultFaceletFactory.java:199)
	at com.sun.faces.facelets.impl.DefaultFaceletFactory$1.newInstance(DefaultFaceletFactory.java:197)
	at com.sun.faces.facelets.impl.DefaultFaceletCache$1.newInstance(DefaultFaceletCache.java:86)
	at com.sun.faces.facelets.impl.DefaultFaceletCache$1.newInstance(DefaultFaceletCache.java:81)
	at com.sun.faces.util.ExpiringConcurrentCache$1.call(ExpiringConcurrentCache.java:99)
	at java.util.concurrent.FutureTask.run(FutureTask.java:266)
	at com.sun.faces.util.ExpiringConcurrentCache.get(ExpiringConcurrentCache.java:114)
	at com.sun.faces.facelets.impl.DefaultFaceletCache.getFacelet(DefaultFaceletCache.java:124)
	at com.sun.faces.facelets.impl.DefaultFaceletCache.getFacelet(DefaultFaceletCache.java:63)
	at com.sun.faces.facelets.impl.DefaultFaceletFactory.getFacelet(DefaultFaceletFactory.java:295)
	at com.sun.faces.facelets.impl.DefaultFacelet.include(DefaultFacelet.java:370)
	at com.sun.faces.facelets.impl.DefaultFacelet.include(DefaultFacelet.java:350)
	at com.sun.faces.facelets.impl.DefaultFaceletContext.includeFacelet(DefaultFaceletContext.java:199)
	at com.sun.faces.facelets.tag.ui.IncludeHandler.apply(IncludeHandler.java:124)
	at com.sun.faces.facelets.tag.ui.InsertHandler.apply(InsertHandler.java:116)
	at javax.faces.view.facelets.CompositeFaceletHandler.apply(CompositeFaceletHandler.java:96)
	at com.sun.faces.facelets.compiler.NamespaceHandler.apply(NamespaceHandler.java:93)
	at com.sun.faces.facelets.compiler.EncodingHandler.apply(EncodingHandler.java:87)
	at com.sun.faces.facelets.impl.DefaultFacelet.include(DefaultFacelet.java:312)
	at com.sun.faces.facelets.impl.DefaultFacelet.include(DefaultFacelet.java:371)
	at com.sun.faces.facelets.impl.DefaultFacelet.include(DefaultFacelet.java:350)
	at com.sun.faces.facelets.impl.DefaultFaceletContext.includeFacelet(DefaultFaceletContext.java:199)
	at com.sun.faces.facelets.tag.ui.CompositionHandler.apply(CompositionHandler.java:174)
	at com.sun.faces.facelets.compiler.NamespaceHandler.apply(NamespaceHandler.java:93)
	at com.sun.faces.facelets.compiler.EncodingHandler.apply(EncodingHandler.java:87)
	at com.sun.faces.facelets.impl.DefaultFacelet.apply(DefaultFacelet.java:161)
	at com.sun.faces.application.view.FaceletViewHandlingStrategy.buildView(FaceletViewHandlingStrategy.java:1004)
	at com.sun.faces.lifecycle.RenderResponsePhase.execute(RenderResponsePhase.java:99)
	at com.sun.faces.lifecycle.Phase.doPhase(Phase.java:101)
	at com.sun.faces.lifecycle.LifecycleImpl.render(LifecycleImpl.java:219)
	at javax.faces.webapp.FacesServlet.service(FacesServlet.java:671)
	at org.apache.catalina.core.ApplicationFilterChain.internalDoFilter(ApplicationFilterChain.java:231)
	at org.apache.catalina.core.ApplicationFilterChain.doFilter(ApplicationFilterChain.java:166)
	at org.apache.tomcat.websocket.server.WsFilter.doFilter(WsFilter.java:53)
	at org.apache.catalina.core.ApplicationFilterChain.internalDoFilter(ApplicationFilterChain.java:193)
	at org.apache.catalina.core.ApplicationFilterChain.doFilter(ApplicationFilterChain.java:166)
	at org.apache.catalina.core.StandardWrapperValve.invoke(StandardWrapperValve.java:199)
	at org.apache.catalina.core.StandardContextValve.invoke(StandardContextValve.java:96)
	at org.apache.catalina.core.StandardHostValve.invoke(StandardHostValve.java:137)
	at org.apache.catalina.valves.ErrorReportValve.invoke(ErrorReportValve.java:81)
	at org.apache.catalina.valves.AbstractAccessLogValve.invoke(AbstractAccessLogValve.java:651)
	at org.apache.catalina.core.StandardEngineValve.invoke(StandardEngineValve.java:87)
	at org.apache.catalina.connector.CoyoteAdapter.service(CoyoteAdapter.java:342)
	at org.apache.coyote.http11.Http11Processor.service(Http11Processor.java:409)
	at org.apache.coyote.AbstractProcessorLight.process(AbstractProcessorLight.java:66)
	at org.apache.coyote.AbstractProtocol$ConnectionHandler.process(AbstractProtocol.java:754)
	at org.apache.tomcat.util.net.NioEndpoint$SocketProcessor.doRun(NioEndpoint.java:1376)
	at org.apache.tomcat.util.net.SocketProcessorBase.run(SocketProcessorBase.java:49)
	at java.util.concurrent.ThreadPoolExecutor.runWorker(ThreadPoolExecutor.java:1142)
	at java.util.concurrent.ThreadPoolExecutor$Worker.run(ThreadPoolExecutor.java:617)
	at org.apache.tomcat.util.threads.TaskThread$WrappingRunnable.run(TaskThread.java:61)
	at java.lang.Thread.run(Thread.java:748)

23-Apr-2018 14:34:15.733 GRAVE [http-nio-8080-exec-64] org.apache.catalina.core.StandardWrapperValve.invoke Servlet.service() for servlet [Faces Servlet] in context with path [/aula_jsf_1502] threw exception [Error Parsing /templates/top_temp.xhtml: Error Traced[line: 71] O tipo de elemento br" deve ser encerrado pela tag final correspondente "</br>".] with root cause
 javax.faces.view.facelets.FaceletException: Error Parsing /templates/top_temp.xhtml: Error Traced[line: 71] O tipo de elemento br" deve ser encerrado pela tag final correspondente "</br>".
	at com.sun.faces.facelets.compiler.SAXCompiler.doCompile(SAXCompiler.java:466)
	at com.sun.faces.facelets.compiler.SAXCompiler.doCompile(SAXCompiler.java:440)
	at com.sun.faces.facelets.compiler.Compiler.compile(Compiler.java:124)
	at com.sun.faces.facelets.impl.DefaultFaceletFactory.createFacelet(DefaultFaceletFactory.java:481)
	at com.sun.faces.facelets.impl.DefaultFaceletFactory.access$100(DefaultFaceletFactory.java:106)
	at com.sun.faces.facelets.impl.DefaultFaceletFactory$1.newInstance(DefaultFaceletFactory.java:199)
	at com.sun.faces.facelets.impl.DefaultFaceletFactory$1.newInstance(DefaultFaceletFactory.java:197)
	at com.sun.faces.facelets.impl.DefaultFaceletCache$1.newInstance(DefaultFaceletCache.java:86)
	at com.sun.faces.facelets.impl.DefaultFaceletCache$1.newInstance(DefaultFaceletCache.java:81)
	at com.sun.faces.util.ExpiringConcurrentCache$1.call(ExpiringConcurrentCache.java:99)
	at java.util.concurrent.FutureTask.run(FutureTask.java:266)
	at com.sun.faces.util.ExpiringConcurrentCache.get(ExpiringConcurrentCache.java:114)
	at com.sun.faces.facelets.impl.DefaultFaceletCache.getFacelet(DefaultFaceletCache.java:124)
	at com.sun.faces.facelets.impl.DefaultFaceletCache.getFacelet(DefaultFaceletCache.java:63)
	at com.sun.faces.facelets.impl.DefaultFaceletFactory.getFacelet(DefaultFaceletFactory.java:295)
	at com.sun.faces.facelets.impl.DefaultFacelet.include(DefaultFacelet.java:370)
	at com.sun.faces.facelets.impl.DefaultFacelet.include(DefaultFacelet.java:350)
	at com.sun.faces.facelets.impl.DefaultFaceletContext.includeFacelet(DefaultFaceletContext.java:199)
	at com.sun.faces.facelets.tag.ui.IncludeHandler.apply(IncludeHandler.java:124)
	at com.sun.faces.facelets.tag.ui.InsertHandler.apply(InsertHandler.java:116)
	at javax.faces.view.facelets.CompositeFaceletHandler.apply(CompositeFaceletHandler.java:96)
	at com.sun.faces.facelets.compiler.NamespaceHandler.apply(NamespaceHandler.java:93)
	at com.sun.faces.facelets.compiler.EncodingHandler.apply(EncodingHandler.java:87)
	at com.sun.faces.facelets.impl.DefaultFacelet.include(DefaultFacelet.java:312)
	at com.sun.faces.facelets.impl.DefaultFacelet.include(DefaultFacelet.java:371)
	at com.sun.faces.facelets.impl.DefaultFacelet.include(DefaultFacelet.java:350)
	at com.sun.faces.facelets.impl.DefaultFaceletContext.includeFacelet(DefaultFaceletContext.java:199)
	at com.sun.faces.facelets.tag.ui.CompositionHandler.apply(CompositionHandler.java:174)
	at com.sun.faces.facelets.compiler.NamespaceHandler.apply(NamespaceHandler.java:93)
	at com.sun.faces.facelets.compiler.EncodingHandler.apply(EncodingHandler.java:87)
	at com.sun.faces.facelets.impl.DefaultFacelet.apply(DefaultFacelet.java:161)
	at com.sun.faces.application.view.FaceletViewHandlingStrategy.buildView(FaceletViewHandlingStrategy.java:1004)
	at com.sun.faces.lifecycle.RenderResponsePhase.execute(RenderResponsePhase.java:99)
	at com.sun.faces.lifecycle.Phase.doPhase(Phase.java:101)
	at com.sun.faces.lifecycle.LifecycleImpl.render(LifecycleImpl.java:219)
	at javax.faces.webapp.FacesServlet.service(FacesServlet.java:671)
	at org.apache.catalina.core.ApplicationFilterChain.internalDoFilter(ApplicationFilterChain.java:231)
	at org.apache.catalina.core.ApplicationFilterChain.doFilter(ApplicationFilterChain.java:166)
	at org.apache.tomcat.websocket.server.WsFilter.doFilter(WsFilter.java:53)
	at org.apache.catalina.core.ApplicationFilterChain.internalDoFilter(ApplicationFilterChain.java:193)
	at org.apache.catalina.core.ApplicationFilterChain.doFilter(ApplicationFilterChain.java:166)
	at org.apache.catalina.core.StandardWrapperValve.invoke(StandardWrapperValve.java:199)
	at org.apache.catalina.core.StandardContextValve.invoke(StandardContextValve.java:96)
	at org.apache.catalina.core.StandardHostValve.invoke(StandardHostValve.java:137)
	at org.apache.catalina.valves.ErrorReportValve.invoke(ErrorReportValve.java:81)
	at org.apache.catalina.valves.AbstractAccessLogValve.invoke(AbstractAccessLogValve.java:651)
	at org.apache.catalina.core.StandardEngineValve.invoke(StandardEngineValve.java:87)
	at org.apache.catalina.connector.CoyoteAdapter.service(CoyoteAdapter.java:342)
	at org.apache.coyote.http11.Http11Processor.service(Http11Processor.java:409)
	at org.apache.coyote.AbstractProcessorLight.process(AbstractProcessorLight.java:66)
	at org.apache.coyote.AbstractProtocol$ConnectionHandler.process(AbstractProtocol.java:754)
	at org.apache.tomcat.util.net.NioEndpoint$SocketProcessor.doRun(NioEndpoint.java:1376)
	at org.apache.tomcat.util.net.SocketProcessorBase.run(SocketProcessorBase.java:49)
	at java.util.concurrent.ThreadPoolExecutor.runWorker(ThreadPoolExecutor.java:1142)
	at java.util.concurrent.ThreadPoolExecutor$Worker.run(ThreadPoolExecutor.java:617)
	at org.apache.tomcat.util.threads.TaskThread$WrappingRunnable.run(TaskThread.java:61)
	at java.lang.Thread.run(Thread.java:748)

23-Apr-2018 15:40:25.972 GRAVE [http-nio-8080-exec-84] org.apache.catalina.core.StandardWrapperValve.invoke Servlet.service() for servlet [Faces Servlet] in context with path [/aula_jsf_1502] threw exception [Error Parsing /index.xhtml: Error Traced[line: 11] O tipo de elemento link" deve ser encerrado pela tag final correspondente "</link>".] with root cause
 javax.faces.view.facelets.FaceletException: Error Parsing /index.xhtml: Error Traced[line: 11] O tipo de elemento link" deve ser encerrado pela tag final correspondente "</link>".
	at com.sun.faces.facelets.compiler.SAXCompiler.doCompile(SAXCompiler.java:466)
	at com.sun.faces.facelets.compiler.SAXCompiler.doMetadataCompile(SAXCompiler.java:449)
	at com.sun.faces.facelets.compiler.Compiler.metadataCompile(Compiler.java:130)
	at com.sun.faces.facelets.impl.DefaultFaceletFactory.createMetadataFacelet(DefaultFaceletFactory.java:503)
	at com.sun.faces.facelets.impl.DefaultFaceletFactory.access$200(DefaultFaceletFactory.java:106)
	at com.sun.faces.facelets.impl.DefaultFaceletFactory$2.newInstance(DefaultFaceletFactory.java:205)
	at com.sun.faces.facelets.impl.DefaultFaceletFactory$2.newInstance(DefaultFaceletFactory.java:203)
	at com.sun.faces.facelets.impl.DefaultFaceletCache$2.newInstance(DefaultFaceletCache.java:97)
	at com.sun.faces.facelets.impl.DefaultFaceletCache$2.newInstance(DefaultFaceletCache.java:92)
	at com.sun.faces.util.ExpiringConcurrentCache$1.call(ExpiringConcurrentCache.java:99)
	at java.util.concurrent.FutureTask.run(FutureTask.java:266)
	at com.sun.faces.util.ExpiringConcurrentCache.get(ExpiringConcurrentCache.java:114)
	at com.sun.faces.facelets.impl.DefaultFaceletCache.getViewMetadataFacelet(DefaultFaceletCache.java:146)
	at com.sun.faces.facelets.impl.DefaultFaceletCache.getViewMetadataFacelet(DefaultFaceletCache.java:63)
	at com.sun.faces.facelets.impl.DefaultFaceletFactory.getMetadataFacelet(DefaultFaceletFactory.java:316)
	at com.sun.faces.facelets.impl.DefaultFaceletFactory.getMetadataFacelet(DefaultFaceletFactory.java:246)
	at com.sun.faces.application.view.ViewMetadataImpl.createMetadataView(ViewMetadataImpl.java:138)
	at com.sun.faces.lifecycle.RestoreViewPhase.execute(RestoreViewPhase.java:243)
	at com.sun.faces.lifecycle.Phase.doPhase(Phase.java:101)
	at com.sun.faces.lifecycle.RestoreViewPhase.doPhase(RestoreViewPhase.java:123)
	at com.sun.faces.lifecycle.LifecycleImpl.execute(LifecycleImpl.java:198)
	at javax.faces.webapp.FacesServlet.service(FacesServlet.java:670)
	at org.apache.catalina.core.ApplicationFilterChain.internalDoFilter(ApplicationFilterChain.java:231)
	at org.apache.catalina.core.ApplicationFilterChain.doFilter(ApplicationFilterChain.java:166)
	at org.apache.tomcat.websocket.server.WsFilter.doFilter(WsFilter.java:53)
	at org.apache.catalina.core.ApplicationFilterChain.internalDoFilter(ApplicationFilterChain.java:193)
	at org.apache.catalina.core.ApplicationFilterChain.doFilter(ApplicationFilterChain.java:166)
	at org.apache.catalina.core.StandardWrapperValve.invoke(StandardWrapperValve.java:199)
	at org.apache.catalina.core.StandardContextValve.invoke(StandardContextValve.java:96)
	at org.apache.catalina.core.StandardHostValve.invoke(StandardHostValve.java:137)
	at org.apache.catalina.valves.ErrorReportValve.invoke(ErrorReportValve.java:81)
	at org.apache.catalina.valves.AbstractAccessLogValve.invoke(AbstractAccessLogValve.java:651)
	at org.apache.catalina.core.StandardEngineValve.invoke(StandardEngineValve.java:87)
	at org.apache.catalina.connector.CoyoteAdapter.service(CoyoteAdapter.java:342)
	at org.apache.coyote.http11.Http11Processor.service(Http11Processor.java:409)
	at org.apache.coyote.AbstractProcessorLight.process(AbstractProcessorLight.java:66)
	at org.apache.coyote.AbstractProtocol$ConnectionHandler.process(AbstractProtocol.java:754)
	at org.apache.tomcat.util.net.NioEndpoint$SocketProcessor.doRun(NioEndpoint.java:1376)
	at org.apache.tomcat.util.net.SocketProcessorBase.run(SocketProcessorBase.java:49)
	at java.util.concurrent.ThreadPoolExecutor.runWorker(ThreadPoolExecutor.java:1142)
	at java.util.concurrent.ThreadPoolExecutor$Worker.run(ThreadPoolExecutor.java:617)
	at org.apache.tomcat.util.threads.TaskThread$WrappingRunnable.run(TaskThread.java:61)
	at java.lang.Thread.run(Thread.java:748)

23-Apr-2018 16:51:31.799 GRAVE [http-nio-8080-exec-109] org.apache.catalina.core.StandardWrapperValve.invoke Servlet.service() for servlet [Faces Servlet] in context with path [/aula_jsf_1502] threw exception [Error Parsing /index.xhtml: Error Traced[line: 13] O tipo de elemento link" deve ser encerrado pela tag final correspondente "</link>".] with root cause
 javax.faces.view.facelets.FaceletException: Error Parsing /index.xhtml: Error Traced[line: 13] O tipo de elemento link" deve ser encerrado pela tag final correspondente "</link>".
	at com.sun.faces.facelets.compiler.SAXCompiler.doCompile(SAXCompiler.java:466)
	at com.sun.faces.facelets.compiler.SAXCompiler.doMetadataCompile(SAXCompiler.java:449)
	at com.sun.faces.facelets.compiler.Compiler.metadataCompile(Compiler.java:130)
	at com.sun.faces.facelets.impl.DefaultFaceletFactory.createMetadataFacelet(DefaultFaceletFactory.java:503)
	at com.sun.faces.facelets.impl.DefaultFaceletFactory.access$200(DefaultFaceletFactory.java:106)
	at com.sun.faces.facelets.impl.DefaultFaceletFactory$2.newInstance(DefaultFaceletFactory.java:205)
	at com.sun.faces.facelets.impl.DefaultFaceletFactory$2.newInstance(DefaultFaceletFactory.java:203)
	at com.sun.faces.facelets.impl.DefaultFaceletCache$2.newInstance(DefaultFaceletCache.java:97)
	at com.sun.faces.facelets.impl.DefaultFaceletCache$2.newInstance(DefaultFaceletCache.java:92)
	at com.sun.faces.util.ExpiringConcurrentCache$1.call(ExpiringConcurrentCache.java:99)
	at java.util.concurrent.FutureTask.run(FutureTask.java:266)
	at com.sun.faces.util.ExpiringConcurrentCache.get(ExpiringConcurrentCache.java:114)
	at com.sun.faces.facelets.impl.DefaultFaceletCache.getViewMetadataFacelet(DefaultFaceletCache.java:146)
	at com.sun.faces.facelets.impl.DefaultFaceletCache.getViewMetadataFacelet(DefaultFaceletCache.java:63)
	at com.sun.faces.facelets.impl.DefaultFaceletFactory.getMetadataFacelet(DefaultFaceletFactory.java:316)
	at com.sun.faces.facelets.impl.DefaultFaceletFactory.getMetadataFacelet(DefaultFaceletFactory.java:246)
	at com.sun.faces.application.view.ViewMetadataImpl.createMetadataView(ViewMetadataImpl.java:138)
	at com.sun.faces.lifecycle.RestoreViewPhase.execute(RestoreViewPhase.java:243)
	at com.sun.faces.lifecycle.Phase.doPhase(Phase.java:101)
	at com.sun.faces.lifecycle.RestoreViewPhase.doPhase(RestoreViewPhase.java:123)
	at com.sun.faces.lifecycle.LifecycleImpl.execute(LifecycleImpl.java:198)
	at javax.faces.webapp.FacesServlet.service(FacesServlet.java:670)
	at org.apache.catalina.core.ApplicationFilterChain.internalDoFilter(ApplicationFilterChain.java:231)
	at org.apache.catalina.core.ApplicationFilterChain.doFilter(ApplicationFilterChain.java:166)
	at org.apache.tomcat.websocket.server.WsFilter.doFilter(WsFilter.java:53)
	at org.apache.catalina.core.ApplicationFilterChain.internalDoFilter(ApplicationFilterChain.java:193)
	at org.apache.catalina.core.ApplicationFilterChain.doFilter(ApplicationFilterChain.java:166)
	at org.apache.catalina.core.StandardWrapperValve.invoke(StandardWrapperValve.java:199)
	at org.apache.catalina.core.StandardContextValve.invoke(StandardContextValve.java:96)
	at org.apache.catalina.core.StandardHostValve.invoke(StandardHostValve.java:137)
	at org.apache.catalina.valves.ErrorReportValve.invoke(ErrorReportValve.java:81)
	at org.apache.catalina.valves.AbstractAccessLogValve.invoke(AbstractAccessLogValve.java:651)
	at org.apache.catalina.core.StandardEngineValve.invoke(StandardEngineValve.java:87)
	at org.apache.catalina.connector.CoyoteAdapter.service(CoyoteAdapter.java:342)
	at org.apache.coyote.http11.Http11Processor.service(Http11Processor.java:409)
	at org.apache.coyote.AbstractProcessorLight.process(AbstractProcessorLight.java:66)
	at org.apache.coyote.AbstractProtocol$ConnectionHandler.process(AbstractProtocol.java:754)
	at org.apache.tomcat.util.net.NioEndpoint$SocketProcessor.doRun(NioEndpoint.java:1376)
	at org.apache.tomcat.util.net.SocketProcessorBase.run(SocketProcessorBase.java:49)
	at java.util.concurrent.ThreadPoolExecutor.runWorker(ThreadPoolExecutor.java:1142)
	at java.util.concurrent.ThreadPoolExecutor$Worker.run(ThreadPoolExecutor.java:617)
	at org.apache.tomcat.util.threads.TaskThread$WrappingRunnable.run(TaskThread.java:61)
	at java.lang.Thread.run(Thread.java:748)

23-Apr-2018 17:20:11.404 GRAVE [http-nio-8080-exec-115] org.apache.catalina.core.StandardWrapperValve.invoke Servlet.service() for servlet [Faces Servlet] in context with path [/aula_jsf_1502] threw exception [/index.xhtml: Method not found: class controller.Usuario.teste()] with root cause
 javax.el.ELException: /index.xhtml: Method not found: class controller.Usuario.teste()
	at com.sun.faces.facelets.compiler.AttributeInstruction.write(AttributeInstruction.java:94)
	at com.sun.faces.facelets.compiler.UIInstructions.encodeBegin(UIInstructions.java:82)
	at com.sun.faces.facelets.compiler.UILeaf.encodeAll(UILeaf.java:183)
	at javax.faces.component.UIComponent.encodeAll(UIComponent.java:1908)
	at com.sun.faces.application.view.FaceletViewHandlingStrategy.renderView(FaceletViewHandlingStrategy.java:456)
	at com.sun.faces.application.view.MultiViewHandler.renderView(MultiViewHandler.java:134)
	at com.sun.faces.lifecycle.RenderResponsePhase.execute(RenderResponsePhase.java:120)
	at com.sun.faces.lifecycle.Phase.doPhase(Phase.java:101)
	at com.sun.faces.lifecycle.LifecycleImpl.render(LifecycleImpl.java:219)
	at javax.faces.webapp.FacesServlet.service(FacesServlet.java:671)
	at org.apache.catalina.core.ApplicationFilterChain.internalDoFilter(ApplicationFilterChain.java:231)
	at org.apache.catalina.core.ApplicationFilterChain.doFilter(ApplicationFilterChain.java:166)
	at org.apache.tomcat.websocket.server.WsFilter.doFilter(WsFilter.java:53)
	at org.apache.catalina.core.ApplicationFilterChain.internalDoFilter(ApplicationFilterChain.java:193)
	at org.apache.catalina.core.ApplicationFilterChain.doFilter(ApplicationFilterChain.java:166)
	at org.apache.catalina.core.StandardWrapperValve.invoke(StandardWrapperValve.java:199)
	at org.apache.catalina.core.StandardContextValve.invoke(StandardContextValve.java:96)
	at org.apache.catalina.core.StandardHostValve.invoke(StandardHostValve.java:137)
	at org.apache.catalina.valves.ErrorReportValve.invoke(ErrorReportValve.java:81)
	at org.apache.catalina.valves.AbstractAccessLogValve.invoke(AbstractAccessLogValve.java:651)
	at org.apache.catalina.core.StandardEngineValve.invoke(StandardEngineValve.java:87)
	at org.apache.catalina.connector.CoyoteAdapter.service(CoyoteAdapter.java:342)
	at org.apache.coyote.http11.Http11Processor.service(Http11Processor.java:409)
	at org.apache.coyote.AbstractProcessorLight.process(AbstractProcessorLight.java:66)
	at org.apache.coyote.AbstractProtocol$ConnectionHandler.process(AbstractProtocol.java:754)
	at org.apache.tomcat.util.net.NioEndpoint$SocketProcessor.doRun(NioEndpoint.java:1376)
	at org.apache.tomcat.util.net.SocketProcessorBase.run(SocketProcessorBase.java:49)
	at java.util.concurrent.ThreadPoolExecutor.runWorker(ThreadPoolExecutor.java:1142)
	at java.util.concurrent.ThreadPoolExecutor$Worker.run(ThreadPoolExecutor.java:617)
	at org.apache.tomcat.util.threads.TaskThread$WrappingRunnable.run(TaskThread.java:61)
	at java.lang.Thread.run(Thread.java:748)

23-Apr-2018 17:21:17.219 GRAVE [http-nio-8080-exec-115] org.apache.catalina.core.StandardWrapperValve.invoke Servlet.service() for servlet [Faces Servlet] in context with path [/aula_jsf_1502] threw exception [/index.xhtml: Property [teste] not found on type [controller.Usuario]] with root cause
 javax.el.ELException: /index.xhtml: Property [teste] not found on type [controller.Usuario]
	at com.sun.faces.facelets.compiler.AttributeInstruction.write(AttributeInstruction.java:94)
	at com.sun.faces.facelets.compiler.UIInstructions.encodeBegin(UIInstructions.java:82)
	at com.sun.faces.facelets.compiler.UILeaf.encodeAll(UILeaf.java:183)
	at javax.faces.component.UIComponent.encodeAll(UIComponent.java:1908)
	at com.sun.faces.application.view.FaceletViewHandlingStrategy.renderView(FaceletViewHandlingStrategy.java:456)
	at com.sun.faces.application.view.MultiViewHandler.renderView(MultiViewHandler.java:134)
	at com.sun.faces.lifecycle.RenderResponsePhase.execute(RenderResponsePhase.java:120)
	at com.sun.faces.lifecycle.Phase.doPhase(Phase.java:101)
	at com.sun.faces.lifecycle.LifecycleImpl.render(LifecycleImpl.java:219)
	at javax.faces.webapp.FacesServlet.service(FacesServlet.java:671)
	at org.apache.catalina.core.ApplicationFilterChain.internalDoFilter(ApplicationFilterChain.java:231)
	at org.apache.catalina.core.ApplicationFilterChain.doFilter(ApplicationFilterChain.java:166)
	at org.apache.tomcat.websocket.server.WsFilter.doFilter(WsFilter.java:53)
	at org.apache.catalina.core.ApplicationFilterChain.internalDoFilter(ApplicationFilterChain.java:193)
	at org.apache.catalina.core.ApplicationFilterChain.doFilter(ApplicationFilterChain.java:166)
	at org.apache.catalina.core.StandardWrapperValve.invoke(StandardWrapperValve.java:199)
	at org.apache.catalina.core.StandardContextValve.invoke(StandardContextValve.java:96)
	at org.apache.catalina.core.StandardHostValve.invoke(StandardHostValve.java:137)
	at org.apache.catalina.valves.ErrorReportValve.invoke(ErrorReportValve.java:81)
	at org.apache.catalina.valves.AbstractAccessLogValve.invoke(AbstractAccessLogValve.java:651)
	at org.apache.catalina.core.StandardEngineValve.invoke(StandardEngineValve.java:87)
	at org.apache.catalina.connector.CoyoteAdapter.service(CoyoteAdapter.java:342)
	at org.apache.coyote.http11.Http11Processor.service(Http11Processor.java:409)
	at org.apache.coyote.AbstractProcessorLight.process(AbstractProcessorLight.java:66)
	at org.apache.coyote.AbstractProtocol$ConnectionHandler.process(AbstractProtocol.java:754)
	at org.apache.tomcat.util.net.NioEndpoint$SocketProcessor.doRun(NioEndpoint.java:1376)
	at org.apache.tomcat.util.net.SocketProcessorBase.run(SocketProcessorBase.java:49)
	at java.util.concurrent.ThreadPoolExecutor.runWorker(ThreadPoolExecutor.java:1142)
	at java.util.concurrent.ThreadPoolExecutor$Worker.run(ThreadPoolExecutor.java:617)
	at org.apache.tomcat.util.threads.TaskThread$WrappingRunnable.run(TaskThread.java:61)
	at java.lang.Thread.run(Thread.java:748)

23-Apr-2018 17:57:09.014 INFORMAÇÕES [main] org.apache.catalina.core.ApplicationContext.log SessionListener: contextDestroyed()
23-Apr-2018 17:57:09.014 INFORMAÇÕES [main] org.apache.catalina.core.ApplicationContext.log ContextListener: contextDestroyed()
