05-Apr-2018 14:47:14.275 INFORMA합ES [http-nio-8080-exec-6] org.apache.catalina.core.ApplicationContext.log Manager: init: Associated with Deployer 'Catalina:type=Deployer,host=localhost'
05-Apr-2018 14:47:14.275 INFORMA합ES [http-nio-8080-exec-6] org.apache.catalina.core.ApplicationContext.log Manager: init: Global resources are available
05-Apr-2018 14:47:14.338 INFORMA합ES [http-nio-8080-exec-1] org.apache.catalina.core.ApplicationContext.log Manager: list: Listing contexts for virtual host 'localhost'
05-Apr-2018 14:47:14.338 INFORMA합ES [http-nio-8080-exec-2] org.apache.catalina.core.ApplicationContext.log Manager: list: Listing contexts for virtual host 'localhost'
05-Apr-2018 14:47:14.369 INFORMA합ES [http-nio-8080-exec-3] org.apache.catalina.core.ApplicationContext.log Manager: undeploy: Undeploying web application at '/aula_jsf_1502'
05-Apr-2018 14:47:14.900 INFORMA합ES [http-nio-8080-exec-5] org.apache.catalina.core.ApplicationContext.log Manager: install: Installing context configuration at 'file:/C:/Users/047837~1/AppData/Local/Temp/context4299134378130328658.xml'
05-Apr-2018 14:47:16.010 INFORMA합ES [http-nio-8080-exec-4] org.apache.catalina.core.ApplicationContext.log Manager: start: Starting web application '/aula_jsf_1502'
05-Apr-2018 14:48:01.104 INFORMA합ES [http-nio-8080-exec-13] org.apache.catalina.core.ApplicationContext.log Manager: list: Listing contexts for virtual host 'localhost'
05-Apr-2018 14:48:01.135 INFORMA합ES [http-nio-8080-exec-7] org.apache.catalina.core.ApplicationContext.log Manager: restart: Reloading web application '/aula_jsf_1502'
05-Apr-2018 14:48:48.708 INFORMA합ES [http-nio-8080-exec-6] org.apache.catalina.core.ApplicationContext.log Manager: list: Listing contexts for virtual host 'localhost'
05-Apr-2018 14:48:48.755 INFORMA합ES [http-nio-8080-exec-17] org.apache.catalina.core.ApplicationContext.log Manager: restart: Reloading web application '/aula_jsf_1502'
05-Apr-2018 14:50:09.702 INFORMA합ES [http-nio-8080-exec-19] org.apache.catalina.core.ApplicationContext.log Manager: list: Listing contexts for virtual host 'localhost'
05-Apr-2018 14:50:09.718 INFORMA합ES [http-nio-8080-exec-13] org.apache.catalina.core.ApplicationContext.log Manager: restart: Reloading web application '/aula_jsf_1502'
05-Apr-2018 14:50:29.986 INFORMA합ES [http-nio-8080-exec-16] org.apache.catalina.core.ApplicationContext.log Manager: list: Listing contexts for virtual host 'localhost'
05-Apr-2018 14:50:30.001 INFORMA합ES [http-nio-8080-exec-1] org.apache.catalina.core.ApplicationContext.log Manager: restart: Reloading web application '/aula_jsf_1502'
05-Apr-2018 14:52:17.450 INFORMA합ES [http-nio-8080-exec-20] org.apache.catalina.core.ApplicationContext.log Manager: list: Listing contexts for virtual host 'localhost'
05-Apr-2018 14:52:17.466 INFORMA합ES [http-nio-8080-exec-16] org.apache.catalina.core.ApplicationContext.log Manager: restart: Reloading web application '/aula_jsf_1502'
05-Apr-2018 14:52:58.188 INFORMA합ES [http-nio-8080-exec-13] org.apache.catalina.core.ApplicationContext.log Manager: list: Listing contexts for virtual host 'localhost'
05-Apr-2018 14:53:00.267 INFORMA합ES [http-nio-8080-exec-28] org.apache.catalina.core.ApplicationContext.log Manager: list: Listing contexts for virtual host 'localhost'
05-Apr-2018 14:53:00.267 INFORMA합ES [http-nio-8080-exec-27] org.apache.catalina.core.ApplicationContext.log Manager: list: Listing contexts for virtual host 'localhost'
05-Apr-2018 14:53:00.282 INFORMA합ES [http-nio-8080-exec-23] org.apache.catalina.core.ApplicationContext.log Manager: undeploy: Undeploying web application at '/aula_jsf_1502'
05-Apr-2018 14:53:00.798 INFORMA합ES [http-nio-8080-exec-27] org.apache.catalina.core.ApplicationContext.log Manager: install: Installing context configuration at 'file:/C:/Users/047837~1/AppData/Local/Temp/context7270392292478174808.xml'
05-Apr-2018 14:53:01.611 INFORMA합ES [http-nio-8080-exec-16] org.apache.catalina.core.ApplicationContext.log Manager: start: Starting web application '/aula_jsf_1502'
05-Apr-2018 14:53:58.195 INFORMA합ES [http-nio-8080-exec-35] org.apache.catalina.core.ApplicationContext.log Manager: list: Listing contexts for virtual host 'localhost'
05-Apr-2018 14:54:55.446 INFORMA합ES [http-nio-8080-exec-29] org.apache.catalina.core.ApplicationContext.log Manager: list: Listing contexts for virtual host 'localhost'
05-Apr-2018 14:55:45.034 INFORMA합ES [http-nio-8080-exec-36] org.apache.catalina.core.ApplicationContext.log Manager: list: Listing contexts for virtual host 'localhost'
05-Apr-2018 14:55:45.050 INFORMA합ES [http-nio-8080-exec-37] org.apache.catalina.core.ApplicationContext.log Manager: stop: Stopping web application '/aula_jsf_1502'
05-Apr-2018 14:55:45.066 INFORMA합ES [http-nio-8080-exec-32] org.apache.catalina.core.ApplicationContext.log Manager: start: Starting web application '/aula_jsf_1502'
05-Apr-2018 14:56:19.913 INFORMA합ES [http-nio-8080-exec-39] org.apache.catalina.core.ApplicationContext.log Manager: list: Listing contexts for virtual host 'localhost'
05-Apr-2018 14:56:19.929 INFORMA합ES [http-nio-8080-exec-45] org.apache.catalina.core.ApplicationContext.log Manager: list: Listing contexts for virtual host 'localhost'
05-Apr-2018 14:56:19.944 INFORMA합ES [http-nio-8080-exec-40] org.apache.catalina.core.ApplicationContext.log Manager: undeploy: Undeploying web application at '/aula_jsf_1502'
05-Apr-2018 14:56:20.460 INFORMA합ES [http-nio-8080-exec-30] org.apache.catalina.core.ApplicationContext.log Manager: install: Installing context configuration at 'file:/C:/Users/047837~1/AppData/Local/Temp/context5925159880155460242.xml'
05-Apr-2018 14:56:21.273 INFORMA합ES [http-nio-8080-exec-42] org.apache.catalina.core.ApplicationContext.log Manager: start: Starting web application '/aula_jsf_1502'
05-Apr-2018 14:57:27.544 INFORMA합ES [http-nio-8080-exec-50] org.apache.catalina.core.ApplicationContext.log Manager: list: Listing contexts for virtual host 'localhost'
05-Apr-2018 14:57:31.107 INFORMA합ES [http-nio-8080-exec-53] org.apache.catalina.core.ApplicationContext.log Manager: list: Listing contexts for virtual host 'localhost'
05-Apr-2018 14:57:32.045 INFORMA합ES [http-nio-8080-exec-54] org.apache.catalina.core.ApplicationContext.log Manager: list: Listing contexts for virtual host 'localhost'
05-Apr-2018 14:57:32.045 INFORMA합ES [http-nio-8080-exec-48] org.apache.catalina.core.ApplicationContext.log Manager: list: Listing contexts for virtual host 'localhost'
05-Apr-2018 14:57:32.060 INFORMA합ES [http-nio-8080-exec-50] org.apache.catalina.core.ApplicationContext.log Manager: undeploy: Undeploying web application at '/aula_jsf_1502'
05-Apr-2018 14:57:32.576 INFORMA합ES [http-nio-8080-exec-51] org.apache.catalina.core.ApplicationContext.log Manager: install: Installing context configuration at 'file:/C:/Users/047837~1/AppData/Local/Temp/context6370362641088769076.xml'
05-Apr-2018 14:57:33.389 INFORMA합ES [http-nio-8080-exec-47] org.apache.catalina.core.ApplicationContext.log Manager: start: Starting web application '/aula_jsf_1502'
05-Apr-2018 14:58:01.797 INFORMA합ES [http-nio-8080-exec-48] org.apache.catalina.core.ApplicationContext.log Manager: list: Listing contexts for virtual host 'localhost'
05-Apr-2018 15:03:07.853 INFORMA합ES [http-nio-8080-exec-58] org.apache.catalina.core.ApplicationContext.log Manager: list: Listing contexts for virtual host 'localhost'
05-Apr-2018 15:03:09.885 INFORMA합ES [http-nio-8080-exec-63] org.apache.catalina.core.ApplicationContext.log Manager: list: Listing contexts for virtual host 'localhost'
05-Apr-2018 15:03:09.900 INFORMA합ES [http-nio-8080-exec-61] org.apache.catalina.core.ApplicationContext.log Manager: list: Listing contexts for virtual host 'localhost'
05-Apr-2018 15:03:09.900 INFORMA합ES [http-nio-8080-exec-57] org.apache.catalina.core.ApplicationContext.log Manager: undeploy: Undeploying web application at '/aula_jsf_1502'
05-Apr-2018 15:03:10.432 INFORMA합ES [http-nio-8080-exec-63] org.apache.catalina.core.ApplicationContext.log Manager: install: Installing context configuration at 'file:/C:/Users/047837~1/AppData/Local/Temp/context7327742628317048964.xml'
05-Apr-2018 15:03:11.305 INFORMA합ES [http-nio-8080-exec-56] org.apache.catalina.core.ApplicationContext.log Manager: start: Starting web application '/aula_jsf_1502'
05-Apr-2018 15:04:47.815 INFORMA합ES [http-nio-8080-exec-67] org.apache.catalina.core.ApplicationContext.log Manager: list: Listing contexts for virtual host 'localhost'
05-Apr-2018 15:04:47.831 INFORMA합ES [http-nio-8080-exec-68] org.apache.catalina.core.ApplicationContext.log Manager: stop: Stopping web application '/aula_jsf_1502'
05-Apr-2018 15:04:47.831 INFORMA합ES [http-nio-8080-exec-69] org.apache.catalina.core.ApplicationContext.log Manager: start: Starting web application '/aula_jsf_1502'
05-Apr-2018 15:04:52.988 INFORMA합ES [http-nio-8080-exec-75] org.apache.catalina.core.ApplicationContext.log Manager: list: Listing contexts for virtual host 'localhost'
05-Apr-2018 15:04:53.003 INFORMA합ES [http-nio-8080-exec-67] org.apache.catalina.core.ApplicationContext.log Manager: list: Listing contexts for virtual host 'localhost'
05-Apr-2018 15:04:53.019 INFORMA합ES [http-nio-8080-exec-72] org.apache.catalina.core.ApplicationContext.log Manager: undeploy: Undeploying web application at '/aula_jsf_1502'
05-Apr-2018 15:04:53.534 INFORMA합ES [http-nio-8080-exec-58] org.apache.catalina.core.ApplicationContext.log Manager: install: Installing context configuration at 'file:/C:/Users/047837~1/AppData/Local/Temp/context320749305650531887.xml'
05-Apr-2018 15:04:54.331 INFORMA합ES [http-nio-8080-exec-73] org.apache.catalina.core.ApplicationContext.log Manager: start: Starting web application '/aula_jsf_1502'
05-Apr-2018 15:07:01.984 INFORMA합ES [http-nio-8080-exec-78] org.apache.catalina.core.ApplicationContext.log Manager: list: Listing contexts for virtual host 'localhost'
05-Apr-2018 15:07:02.000 INFORMA합ES [http-nio-8080-exec-79] org.apache.catalina.core.ApplicationContext.log Manager: restart: Reloading web application '/aula_jsf_1502'
05-Apr-2018 15:07:06.485 INFORMA합ES [http-nio-8080-exec-85] org.apache.catalina.core.ApplicationContext.log Manager: list: Listing contexts for virtual host 'localhost'
05-Apr-2018 15:07:06.500 INFORMA합ES [http-nio-8080-exec-80] org.apache.catalina.core.ApplicationContext.log Manager: list: Listing contexts for virtual host 'localhost'
05-Apr-2018 15:07:06.516 INFORMA합ES [http-nio-8080-exec-84] org.apache.catalina.core.ApplicationContext.log Manager: undeploy: Undeploying web application at '/aula_jsf_1502'
05-Apr-2018 15:07:07.032 INFORMA합ES [http-nio-8080-exec-77] org.apache.catalina.core.ApplicationContext.log Manager: install: Installing context configuration at 'file:/C:/Users/047837~1/AppData/Local/Temp/context2798308823053878021.xml'
05-Apr-2018 15:07:07.860 INFORMA합ES [http-nio-8080-exec-85] org.apache.catalina.core.ApplicationContext.log Manager: start: Starting web application '/aula_jsf_1502'
05-Apr-2018 15:08:59.632 INFORMA합ES [http-nio-8080-exec-89] org.apache.catalina.core.ApplicationContext.log Manager: list: Listing contexts for virtual host 'localhost'
05-Apr-2018 15:08:59.632 INFORMA합ES [http-nio-8080-exec-88] org.apache.catalina.core.ApplicationContext.log Manager: stop: Stopping web application '/aula_jsf_1502'
05-Apr-2018 15:08:59.648 INFORMA합ES [http-nio-8080-exec-92] org.apache.catalina.core.ApplicationContext.log Manager: start: Starting web application '/aula_jsf_1502'
05-Apr-2018 15:09:02.805 INFORMA합ES [http-nio-8080-exec-90] org.apache.catalina.core.ApplicationContext.log Manager: list: Listing contexts for virtual host 'localhost'
05-Apr-2018 15:09:02.805 INFORMA합ES [http-nio-8080-exec-87] org.apache.catalina.core.ApplicationContext.log Manager: stop: Stopping web application '/aula_jsf_1502'
05-Apr-2018 15:09:02.820 INFORMA합ES [http-nio-8080-exec-92] org.apache.catalina.core.ApplicationContext.log Manager: start: Starting web application '/aula_jsf_1502'
05-Apr-2018 15:09:17.158 INFORMA합ES [http-nio-8080-exec-90] org.apache.catalina.core.ApplicationContext.log Manager: list: Listing contexts for virtual host 'localhost'
05-Apr-2018 15:09:17.158 INFORMA합ES [http-nio-8080-exec-88] org.apache.catalina.core.ApplicationContext.log Manager: stop: Stopping web application '/aula_jsf_1502'
05-Apr-2018 15:09:17.174 INFORMA합ES [http-nio-8080-exec-89] org.apache.catalina.core.ApplicationContext.log Manager: start: Starting web application '/aula_jsf_1502'
05-Apr-2018 15:09:19.846 INFORMA합ES [http-nio-8080-exec-95] org.apache.catalina.core.ApplicationContext.log Manager: list: Listing contexts for virtual host 'localhost'
05-Apr-2018 15:09:19.862 INFORMA합ES [http-nio-8080-exec-74] org.apache.catalina.core.ApplicationContext.log Manager: list: Listing contexts for virtual host 'localhost'
05-Apr-2018 15:09:19.862 INFORMA합ES [http-nio-8080-exec-92] org.apache.catalina.core.ApplicationContext.log Manager: undeploy: Undeploying web application at '/aula_jsf_1502'
05-Apr-2018 15:09:20.393 INFORMA합ES [http-nio-8080-exec-94] org.apache.catalina.core.ApplicationContext.log Manager: install: Installing context configuration at 'file:/C:/Users/047837~1/AppData/Local/Temp/context5643514561406434057.xml'
05-Apr-2018 15:09:21.190 INFORMA합ES [http-nio-8080-exec-87] org.apache.catalina.core.ApplicationContext.log Manager: start: Starting web application '/aula_jsf_1502'
05-Apr-2018 15:10:02.198 INFORMA합ES [http-nio-8080-exec-97] org.apache.catalina.core.ApplicationContext.log Manager: list: Listing contexts for virtual host 'localhost'
05-Apr-2018 15:10:02.198 INFORMA합ES [http-nio-8080-exec-95] org.apache.catalina.core.ApplicationContext.log Manager: stop: Stopping web application '/aula_jsf_1502'
05-Apr-2018 15:10:02.213 INFORMA합ES [http-nio-8080-exec-98] org.apache.catalina.core.ApplicationContext.log Manager: start: Starting web application '/aula_jsf_1502'
05-Apr-2018 15:12:59.322 INFORMA합ES [http-nio-8080-exec-2] org.apache.catalina.core.ApplicationContext.log Manager: init: Associated with Deployer 'Catalina:type=Deployer,host=localhost'
05-Apr-2018 15:12:59.322 INFORMA합ES [http-nio-8080-exec-2] org.apache.catalina.core.ApplicationContext.log Manager: init: Global resources are available
05-Apr-2018 15:12:59.338 INFORMA합ES [http-nio-8080-exec-1] org.apache.catalina.core.ApplicationContext.log Manager: list: Listing contexts for virtual host 'localhost'
05-Apr-2018 15:12:59.353 INFORMA합ES [http-nio-8080-exec-5] org.apache.catalina.core.ApplicationContext.log Manager: list: Listing contexts for virtual host 'localhost'
05-Apr-2018 15:12:59.369 INFORMA합ES [http-nio-8080-exec-7] org.apache.catalina.core.ApplicationContext.log Manager: undeploy: Undeploying web application at '/aula_jsf_1502'
05-Apr-2018 15:12:59.900 INFORMA합ES [http-nio-8080-exec-1] org.apache.catalina.core.ApplicationContext.log Manager: install: Installing context configuration at 'file:/C:/Users/047837~1/AppData/Local/Temp/context7743188864788360376.xml'
05-Apr-2018 15:13:00.900 INFORMA합ES [http-nio-8080-exec-9] org.apache.catalina.core.ApplicationContext.log Manager: start: Starting web application '/aula_jsf_1502'
05-Apr-2018 15:14:37.852 INFORMA합ES [http-nio-8080-exec-4] org.apache.catalina.core.ApplicationContext.log Manager: init: Associated with Deployer 'Catalina:type=Deployer,host=localhost'
05-Apr-2018 15:14:37.852 INFORMA합ES [http-nio-8080-exec-4] org.apache.catalina.core.ApplicationContext.log Manager: init: Global resources are available
05-Apr-2018 15:14:37.883 INFORMA합ES [http-nio-8080-exec-7] org.apache.catalina.core.ApplicationContext.log Manager: list: Listing contexts for virtual host 'localhost'
05-Apr-2018 15:14:37.899 INFORMA합ES [http-nio-8080-exec-8] org.apache.catalina.core.ApplicationContext.log Manager: list: Listing contexts for virtual host 'localhost'
05-Apr-2018 15:14:37.914 INFORMA합ES [http-nio-8080-exec-1] org.apache.catalina.core.ApplicationContext.log Manager: undeploy: Undeploying web application at '/aula_jsf_1502'
05-Apr-2018 15:14:38.446 INFORMA합ES [http-nio-8080-exec-8] org.apache.catalina.core.ApplicationContext.log Manager: install: Installing context configuration at 'file:/C:/Users/047837~1/AppData/Local/Temp/context5317276963917118447.xml'
05-Apr-2018 15:14:39.493 INFORMA합ES [http-nio-8080-exec-10] org.apache.catalina.core.ApplicationContext.log Manager: start: Starting web application '/aula_jsf_1502'
05-Apr-2018 15:14:57.354 INFORMA합ES [http-nio-8080-exec-7] org.apache.catalina.core.ApplicationContext.log Manager: list: Listing contexts for virtual host 'localhost'
05-Apr-2018 15:18:16.242 INFORMA합ES [http-nio-8080-exec-11] org.apache.catalina.core.ApplicationContext.log Manager: list: Listing contexts for virtual host 'localhost'
05-Apr-2018 15:18:16.257 INFORMA합ES [http-nio-8080-exec-16] org.apache.catalina.core.ApplicationContext.log Manager: stop: Stopping web application '/aula_jsf_1502'
05-Apr-2018 15:18:16.273 INFORMA합ES [http-nio-8080-exec-17] org.apache.catalina.core.ApplicationContext.log Manager: start: Starting web application '/aula_jsf_1502'
05-Apr-2018 15:18:19.054 INFORMA합ES [http-nio-8080-exec-21] org.apache.catalina.core.ApplicationContext.log Manager: list: Listing contexts for virtual host 'localhost'
05-Apr-2018 15:18:19.054 INFORMA합ES [http-nio-8080-exec-20] org.apache.catalina.core.ApplicationContext.log Manager: list: Listing contexts for virtual host 'localhost'
05-Apr-2018 15:18:19.070 INFORMA합ES [http-nio-8080-exec-19] org.apache.catalina.core.ApplicationContext.log Manager: undeploy: Undeploying web application at '/aula_jsf_1502'
05-Apr-2018 15:18:19.586 INFORMA합ES [http-nio-8080-exec-15] org.apache.catalina.core.ApplicationContext.log Manager: install: Installing context configuration at 'file:/C:/Users/047837~1/AppData/Local/Temp/context5630652427485601052.xml'
05-Apr-2018 15:18:31.037 INFORMA합ES [http-nio-8080-exec-21] org.apache.catalina.core.ApplicationContext.log Manager: list: Listing contexts for virtual host 'localhost'
05-Apr-2018 15:18:31.052 INFORMA합ES [http-nio-8080-exec-20] org.apache.catalina.core.ApplicationContext.log Manager: list: Listing contexts for virtual host 'localhost'
05-Apr-2018 15:18:31.068 INFORMA합ES [http-nio-8080-exec-11] org.apache.catalina.core.ApplicationContext.log Manager: undeploy: Undeploying web application at '/aula_jsf_1502'
05-Apr-2018 15:18:31.584 INFORMA합ES [http-nio-8080-exec-22] org.apache.catalina.core.ApplicationContext.log Manager: install: Installing context configuration at 'file:/C:/Users/047837~1/AppData/Local/Temp/context2168522552065612975.xml'
05-Apr-2018 15:18:49.830 INFORMA합ES [http-nio-8080-exec-21] org.apache.catalina.core.ApplicationContext.log Manager: list: Listing contexts for virtual host 'localhost'
05-Apr-2018 15:18:49.846 INFORMA합ES [http-nio-8080-exec-20] org.apache.catalina.core.ApplicationContext.log Manager: list: Listing contexts for virtual host 'localhost'
05-Apr-2018 15:18:49.846 INFORMA합ES [http-nio-8080-exec-22] org.apache.catalina.core.ApplicationContext.log Manager: undeploy: Undeploying web application at '/aula_jsf_1502'
05-Apr-2018 15:18:50.362 INFORMA합ES [http-nio-8080-exec-23] org.apache.catalina.core.ApplicationContext.log Manager: install: Installing context configuration at 'file:/C:/Users/047837~1/AppData/Local/Temp/context7520467872081319960.xml'
05-Apr-2018 15:18:50.565 INFORMA합ES [http-nio-8080-exec-25] org.apache.catalina.core.ApplicationContext.log Manager: list: Listing contexts for virtual host 'localhost'
05-Apr-2018 15:18:50.565 INFORMA합ES [http-nio-8080-exec-20] org.apache.catalina.core.ApplicationContext.log Manager: list: Listing contexts for virtual host 'localhost'
05-Apr-2018 15:18:51.030 INFORMA합ES [http-nio-8080-exec-21] org.apache.catalina.core.ApplicationContext.log Manager: undeploy: Undeploying web application at '/aula_jsf_1502'
05-Apr-2018 15:18:51.545 INFORMA합ES [http-nio-8080-exec-25] org.apache.catalina.core.ApplicationContext.log Manager: install: Installing context configuration at 'file:/C:/Users/047837~1/AppData/Local/Temp/context7211341922648733413.xml'
05-Apr-2018 15:18:56.008 INFORMA합ES [http-nio-8080-exec-24] org.apache.catalina.core.ApplicationContext.log Manager: list: Listing contexts for virtual host 'localhost'
05-Apr-2018 15:18:56.008 INFORMA합ES [http-nio-8080-exec-19] org.apache.catalina.core.ApplicationContext.log Manager: list: Listing contexts for virtual host 'localhost'
05-Apr-2018 15:18:56.023 INFORMA합ES [http-nio-8080-exec-23] org.apache.catalina.core.ApplicationContext.log Manager: undeploy: Undeploying web application at '/aula_jsf_1502'
05-Apr-2018 15:18:56.539 INFORMA합ES [http-nio-8080-exec-21] org.apache.catalina.core.ApplicationContext.log Manager: install: Installing context configuration at 'file:/C:/Users/047837~1/AppData/Local/Temp/context8405386939226218882.xml'
05-Apr-2018 15:19:00.618 INFORMA합ES [http-nio-8080-exec-21] org.apache.catalina.core.ApplicationContext.log Manager: list: Listing contexts for virtual host 'localhost'
05-Apr-2018 15:19:00.618 INFORMA합ES [http-nio-8080-exec-12] org.apache.catalina.core.ApplicationContext.log Manager: list: Listing contexts for virtual host 'localhost'
05-Apr-2018 15:19:00.633 INFORMA합ES [http-nio-8080-exec-23] org.apache.catalina.core.ApplicationContext.log Manager: undeploy: Undeploying web application at '/aula_jsf_1502'
05-Apr-2018 15:19:01.149 INFORMA합ES [http-nio-8080-exec-25] org.apache.catalina.core.ApplicationContext.log Manager: install: Installing context configuration at 'file:/C:/Users/047837~1/AppData/Local/Temp/context6462851082134110864.xml'
05-Apr-2018 15:19:22.232 INFORMA합ES [http-nio-8080-exec-21] org.apache.catalina.core.ApplicationContext.log Manager: list: Listing contexts for virtual host 'localhost'
05-Apr-2018 15:19:22.248 INFORMA합ES [http-nio-8080-exec-28] org.apache.catalina.core.ApplicationContext.log Manager: list: Listing contexts for virtual host 'localhost'
05-Apr-2018 15:19:22.248 INFORMA합ES [http-nio-8080-exec-25] org.apache.catalina.core.ApplicationContext.log Manager: undeploy: Undeploying web application at '/aula_jsf_1502'
05-Apr-2018 15:19:22.748 INFORMA합ES [http-nio-8080-exec-26] org.apache.catalina.core.ApplicationContext.log Manager: install: Installing context configuration at 'file:/C:/Users/047837~1/AppData/Local/Temp/context8441501154661452766.xml'
05-Apr-2018 15:19:49.144 INFORMA합ES [http-nio-8080-exec-27] org.apache.catalina.core.ApplicationContext.log Manager: list: Listing contexts for virtual host 'localhost'
05-Apr-2018 15:19:49.144 INFORMA합ES [http-nio-8080-exec-29] org.apache.catalina.core.ApplicationContext.log Manager: list: Listing contexts for virtual host 'localhost'
05-Apr-2018 15:19:49.159 INFORMA합ES [http-nio-8080-exec-26] org.apache.catalina.core.ApplicationContext.log Manager: undeploy: Undeploying web application at '/aula_jsf_1502'
05-Apr-2018 15:19:49.675 INFORMA합ES [http-nio-8080-exec-27] org.apache.catalina.core.ApplicationContext.log Manager: install: Installing context configuration at 'file:/C:/Users/047837~1/AppData/Local/Temp/context1503403314674338440.xml'
05-Apr-2018 15:19:50.566 INFORMA합ES [http-nio-8080-exec-21] org.apache.catalina.core.ApplicationContext.log Manager: start: Starting web application '/aula_jsf_1502'
05-Apr-2018 15:19:53.347 INFORMA합ES [http-nio-8080-exec-30] org.apache.catalina.core.ApplicationContext.log Manager: list: Listing contexts for virtual host 'localhost'
05-Apr-2018 15:19:53.363 INFORMA합ES [http-nio-8080-exec-25] org.apache.catalina.core.ApplicationContext.log Manager: list: Listing contexts for virtual host 'localhost'
05-Apr-2018 15:19:53.363 INFORMA합ES [http-nio-8080-exec-24] org.apache.catalina.core.ApplicationContext.log Manager: undeploy: Undeploying web application at '/aula_jsf_1502'
05-Apr-2018 15:19:53.894 INFORMA합ES [http-nio-8080-exec-30] org.apache.catalina.core.ApplicationContext.log Manager: install: Installing context configuration at 'file:/C:/Users/047837~1/AppData/Local/Temp/context7431203482302242096.xml'
05-Apr-2018 15:19:54.707 INFORMA합ES [http-nio-8080-exec-21] org.apache.catalina.core.ApplicationContext.log Manager: start: Starting web application '/aula_jsf_1502'
05-Apr-2018 15:20:14.950 INFORMA합ES [http-nio-8080-exec-23] org.apache.catalina.core.ApplicationContext.log Manager: list: Listing contexts for virtual host 'localhost'
05-Apr-2018 15:20:14.966 INFORMA합ES [http-nio-8080-exec-29] org.apache.catalina.core.ApplicationContext.log Manager: stop: Stopping web application '/aula_jsf_1502'
05-Apr-2018 15:20:14.981 INFORMA합ES [http-nio-8080-exec-33] org.apache.catalina.core.ApplicationContext.log Manager: start: Starting web application '/aula_jsf_1502'
05-Apr-2018 15:20:17.903 INFORMA합ES [http-nio-8080-exec-28] org.apache.catalina.core.ApplicationContext.log Manager: list: Listing contexts for virtual host 'localhost'
05-Apr-2018 15:20:17.903 INFORMA합ES [http-nio-8080-exec-33] org.apache.catalina.core.ApplicationContext.log Manager: list: Listing contexts for virtual host 'localhost'
05-Apr-2018 15:20:17.919 INFORMA합ES [http-nio-8080-exec-31] org.apache.catalina.core.ApplicationContext.log Manager: undeploy: Undeploying web application at '/aula_jsf_1502'
05-Apr-2018 15:20:18.435 INFORMA합ES [http-nio-8080-exec-29] org.apache.catalina.core.ApplicationContext.log Manager: install: Installing context configuration at 'file:/C:/Users/047837~1/AppData/Local/Temp/context8143757174385810342.xml'
05-Apr-2018 15:20:19.341 INFORMA합ES [http-nio-8080-exec-28] org.apache.catalina.core.ApplicationContext.log Manager: start: Starting web application '/aula_jsf_1502'
05-Apr-2018 15:20:55.845 INFORMA합ES [http-nio-8080-exec-35] org.apache.catalina.core.ApplicationContext.log Manager: list: Listing contexts for virtual host 'localhost'
05-Apr-2018 15:20:55.861 INFORMA합ES [http-nio-8080-exec-26] org.apache.catalina.core.ApplicationContext.log Manager: stop: Stopping web application '/aula_jsf_1502'
05-Apr-2018 15:20:55.861 INFORMA합ES [http-nio-8080-exec-39] org.apache.catalina.core.ApplicationContext.log Manager: start: Starting web application '/aula_jsf_1502'
05-Apr-2018 15:20:56.954 INFORMA합ES [http-nio-8080-exec-43] org.apache.catalina.core.ApplicationContext.log Manager: list: Listing contexts for virtual host 'localhost'
05-Apr-2018 15:20:56.970 INFORMA합ES [http-nio-8080-exec-36] org.apache.catalina.core.ApplicationContext.log Manager: list: Listing contexts for virtual host 'localhost'
05-Apr-2018 15:20:56.970 INFORMA합ES [http-nio-8080-exec-40] org.apache.catalina.core.ApplicationContext.log Manager: undeploy: Undeploying web application at '/aula_jsf_1502'
05-Apr-2018 15:20:57.501 INFORMA합ES [http-nio-8080-exec-36] org.apache.catalina.core.ApplicationContext.log Manager: install: Installing context configuration at 'file:/C:/Users/047837~1/AppData/Local/Temp/context1045218131275125484.xml'
05-Apr-2018 15:20:58.330 INFORMA합ES [http-nio-8080-exec-38] org.apache.catalina.core.ApplicationContext.log Manager: start: Starting web application '/aula_jsf_1502'
05-Apr-2018 15:21:16.737 INFORMA합ES [http-nio-8080-exec-26] org.apache.catalina.core.ApplicationContext.log Manager: list: Listing contexts for virtual host 'localhost'
05-Apr-2018 15:21:21.473 INFORMA합ES [http-nio-8080-exec-48] org.apache.catalina.core.ApplicationContext.log Manager: list: Listing contexts for virtual host 'localhost'
05-Apr-2018 15:21:21.488 INFORMA합ES [http-nio-8080-exec-47] org.apache.catalina.core.ApplicationContext.log Manager: list: Listing contexts for virtual host 'localhost'
05-Apr-2018 15:21:21.488 INFORMA합ES [http-nio-8080-exec-46] org.apache.catalina.core.ApplicationContext.log Manager: undeploy: Undeploying web application at '/aula_jsf_1502'
05-Apr-2018 15:21:22.019 INFORMA합ES [http-nio-8080-exec-47] org.apache.catalina.core.ApplicationContext.log Manager: install: Installing context configuration at 'file:/C:/Users/047837~1/AppData/Local/Temp/context3979463127669161565.xml'
05-Apr-2018 15:21:22.801 INFORMA합ES [http-nio-8080-exec-45] org.apache.catalina.core.ApplicationContext.log Manager: start: Starting web application '/aula_jsf_1502'
05-Apr-2018 15:22:25.780 INFORMA합ES [http-nio-8080-exec-49] org.apache.catalina.core.ApplicationContext.log Manager: list: Listing contexts for virtual host 'localhost'
05-Apr-2018 15:22:26.874 INFORMA합ES [http-nio-8080-exec-55] org.apache.catalina.core.ApplicationContext.log Manager: list: Listing contexts for virtual host 'localhost'
05-Apr-2018 15:22:26.874 INFORMA합ES [http-nio-8080-exec-50] org.apache.catalina.core.ApplicationContext.log Manager: list: Listing contexts for virtual host 'localhost'
05-Apr-2018 15:22:26.890 INFORMA합ES [http-nio-8080-exec-54] org.apache.catalina.core.ApplicationContext.log Manager: undeploy: Undeploying web application at '/aula_jsf_1502'
05-Apr-2018 15:22:27.421 INFORMA합ES [http-nio-8080-exec-50] org.apache.catalina.core.ApplicationContext.log Manager: install: Installing context configuration at 'file:/C:/Users/047837~1/AppData/Local/Temp/context5348656425991147673.xml'
05-Apr-2018 15:22:28.229 INFORMA합ES [http-nio-8080-exec-55] org.apache.catalina.core.ApplicationContext.log Manager: start: Starting web application '/aula_jsf_1502'
05-Apr-2018 15:23:42.541 INFORMA합ES [http-nio-8080-exec-61] org.apache.catalina.core.ApplicationContext.log Manager: list: Listing contexts for virtual host 'localhost'
05-Apr-2018 15:23:48.880 INFORMA합ES [http-nio-8080-exec-59] org.apache.catalina.core.ApplicationContext.log Manager: list: Listing contexts for virtual host 'localhost'
05-Apr-2018 15:23:49.521 INFORMA합ES [http-nio-8080-exec-65] org.apache.catalina.core.ApplicationContext.log Manager: list: Listing contexts for virtual host 'localhost'
05-Apr-2018 15:23:49.521 INFORMA합ES [http-nio-8080-exec-32] org.apache.catalina.core.ApplicationContext.log Manager: list: Listing contexts for virtual host 'localhost'
05-Apr-2018 15:23:49.537 INFORMA합ES [http-nio-8080-exec-61] org.apache.catalina.core.ApplicationContext.log Manager: undeploy: Undeploying web application at '/aula_jsf_1502'
05-Apr-2018 15:23:50.052 INFORMA합ES [http-nio-8080-exec-60] org.apache.catalina.core.ApplicationContext.log Manager: install: Installing context configuration at 'file:/C:/Users/047837~1/AppData/Local/Temp/context8936352573276954200.xml'
05-Apr-2018 15:23:50.834 INFORMA합ES [http-nio-8080-exec-63] org.apache.catalina.core.ApplicationContext.log Manager: start: Starting web application '/aula_jsf_1502'
05-Apr-2018 15:24:09.086 INFORMA합ES [http-nio-8080-exec-65] org.apache.catalina.core.ApplicationContext.log Manager: list: Listing contexts for virtual host 'localhost'
05-Apr-2018 15:24:14.774 INFORMA합ES [http-nio-8080-exec-68] org.apache.catalina.core.ApplicationContext.log Manager: list: Listing contexts for virtual host 'localhost'
05-Apr-2018 15:24:17.158 INFORMA합ES [http-nio-8080-exec-75] org.apache.catalina.core.ApplicationContext.log Manager: list: Listing contexts for virtual host 'localhost'
05-Apr-2018 15:24:17.158 INFORMA합ES [http-nio-8080-exec-73] org.apache.catalina.core.ApplicationContext.log Manager: list: Listing contexts for virtual host 'localhost'
05-Apr-2018 15:24:17.174 INFORMA합ES [http-nio-8080-exec-69] org.apache.catalina.core.ApplicationContext.log Manager: undeploy: Undeploying web application at '/aula_jsf_1502'
05-Apr-2018 15:24:17.697 INFORMA합ES [http-nio-8080-exec-73] org.apache.catalina.core.ApplicationContext.log Manager: install: Installing context configuration at 'file:/C:/Users/047837~1/AppData/Local/Temp/context7974347895889932374.xml'
05-Apr-2018 15:24:18.525 INFORMA합ES [http-nio-8080-exec-72] org.apache.catalina.core.ApplicationContext.log Manager: start: Starting web application '/aula_jsf_1502'
05-Apr-2018 15:24:44.693 INFORMA합ES [http-nio-8080-exec-77] org.apache.catalina.core.ApplicationContext.log Manager: list: Listing contexts for virtual host 'localhost'
05-Apr-2018 15:25:47.747 INFORMA합ES [http-nio-8080-exec-77] org.apache.catalina.core.ApplicationContext.log Manager: list: Listing contexts for virtual host 'localhost'
05-Apr-2018 15:25:50.809 INFORMA합ES [http-nio-8080-exec-83] org.apache.catalina.core.ApplicationContext.log Manager: list: Listing contexts for virtual host 'localhost'
05-Apr-2018 15:25:50.809 INFORMA합ES [http-nio-8080-exec-79] org.apache.catalina.core.ApplicationContext.log Manager: list: Listing contexts for virtual host 'localhost'
05-Apr-2018 15:25:50.825 INFORMA합ES [http-nio-8080-exec-81] org.apache.catalina.core.ApplicationContext.log Manager: undeploy: Undeploying web application at '/aula_jsf_1502'
05-Apr-2018 15:25:51.340 INFORMA합ES [http-nio-8080-exec-77] org.apache.catalina.core.ApplicationContext.log Manager: install: Installing context configuration at 'file:/C:/Users/047837~1/AppData/Local/Temp/context1477368490924778509.xml'
05-Apr-2018 15:25:52.200 INFORMA합ES [http-nio-8080-exec-83] org.apache.catalina.core.ApplicationContext.log Manager: start: Starting web application '/aula_jsf_1502'
05-Apr-2018 15:28:56.444 INFORMA합ES [http-nio-8080-exec-84] org.apache.catalina.core.ApplicationContext.log Manager: list: Listing contexts for virtual host 'localhost'
05-Apr-2018 15:28:57.428 INFORMA합ES [http-nio-8080-exec-90] org.apache.catalina.core.ApplicationContext.log Manager: list: Listing contexts for virtual host 'localhost'
05-Apr-2018 15:28:57.444 INFORMA합ES [http-nio-8080-exec-84] org.apache.catalina.core.ApplicationContext.log Manager: list: Listing contexts for virtual host 'localhost'
05-Apr-2018 15:28:57.444 INFORMA합ES [http-nio-8080-exec-89] org.apache.catalina.core.ApplicationContext.log Manager: undeploy: Undeploying web application at '/aula_jsf_1502'
05-Apr-2018 15:28:57.960 INFORMA합ES [http-nio-8080-exec-86] org.apache.catalina.core.ApplicationContext.log Manager: install: Installing context configuration at 'file:/C:/Users/047837~1/AppData/Local/Temp/context3789134340979074809.xml'
05-Apr-2018 15:28:58.913 INFORMA합ES [http-nio-8080-exec-91] org.apache.catalina.core.ApplicationContext.log Manager: start: Starting web application '/aula_jsf_1502'
05-Apr-2018 15:30:38.441 INFORMA합ES [http-nio-8080-exec-97] org.apache.catalina.core.ApplicationContext.log Manager: list: Listing contexts for virtual host 'localhost'
05-Apr-2018 15:31:22.583 INFORMA합ES [http-nio-8080-exec-96] org.apache.catalina.core.ApplicationContext.log Manager: list: Listing contexts for virtual host 'localhost'
05-Apr-2018 15:31:25.161 INFORMA합ES [http-nio-8080-exec-100] org.apache.catalina.core.ApplicationContext.log Manager: list: Listing contexts for virtual host 'localhost'
05-Apr-2018 15:31:25.161 INFORMA합ES [http-nio-8080-exec-95] org.apache.catalina.core.ApplicationContext.log Manager: list: Listing contexts for virtual host 'localhost'
05-Apr-2018 15:31:25.177 INFORMA합ES [http-nio-8080-exec-98] org.apache.catalina.core.ApplicationContext.log Manager: undeploy: Undeploying web application at '/aula_jsf_1502'
05-Apr-2018 15:31:25.708 INFORMA합ES [http-nio-8080-exec-101] org.apache.catalina.core.ApplicationContext.log Manager: install: Installing context configuration at 'file:/C:/Users/047837~1/AppData/Local/Temp/context4472776559146760094.xml'
05-Apr-2018 15:31:26.489 INFORMA합ES [http-nio-8080-exec-100] org.apache.catalina.core.ApplicationContext.log Manager: start: Starting web application '/aula_jsf_1502'
05-Apr-2018 15:31:46.918 INFORMA합ES [http-nio-8080-exec-108] org.apache.catalina.core.ApplicationContext.log Manager: list: Listing contexts for virtual host 'localhost'
05-Apr-2018 15:32:14.140 INFORMA합ES [http-nio-8080-exec-109] org.apache.catalina.core.ApplicationContext.log Manager: list: Listing contexts for virtual host 'localhost'
05-Apr-2018 15:32:28.538 INFORMA합ES [http-nio-8080-exec-111] org.apache.catalina.core.ApplicationContext.log Manager: list: Listing contexts for virtual host 'localhost'
05-Apr-2018 15:32:56.676 INFORMA합ES [http-nio-8080-exec-110] org.apache.catalina.core.ApplicationContext.log Manager: list: Listing contexts for virtual host 'localhost'
05-Apr-2018 15:34:50.579 INFORMA합ES [http-nio-8080-exec-107] org.apache.catalina.core.ApplicationContext.log Manager: list: Listing contexts for virtual host 'localhost'
05-Apr-2018 15:35:03.908 INFORMA합ES [http-nio-8080-exec-104] org.apache.catalina.core.ApplicationContext.log Manager: list: Listing contexts for virtual host 'localhost'
05-Apr-2018 15:35:09.003 INFORMA합ES [http-nio-8080-exec-109] org.apache.catalina.core.ApplicationContext.log Manager: list: Listing contexts for virtual host 'localhost'
05-Apr-2018 15:36:29.269 INFORMA합ES [http-nio-8080-exec-109] org.apache.catalina.core.ApplicationContext.log Manager: list: Listing contexts for virtual host 'localhost'
05-Apr-2018 15:36:56.392 INFORMA합ES [http-nio-8080-exec-110] org.apache.catalina.core.ApplicationContext.log Manager: list: Listing contexts for virtual host 'localhost'
05-Apr-2018 15:37:59.555 INFORMA합ES [http-nio-8080-exec-104] org.apache.catalina.core.ApplicationContext.log Manager: list: Listing contexts for virtual host 'localhost'
05-Apr-2018 15:39:00.147 INFORMA합ES [http-nio-8080-exec-105] org.apache.catalina.core.ApplicationContext.log Manager: list: Listing contexts for virtual host 'localhost'
05-Apr-2018 15:39:10.164 INFORMA합ES [http-nio-8080-exec-111] org.apache.catalina.core.ApplicationContext.log Manager: list: Listing contexts for virtual host 'localhost'
05-Apr-2018 15:43:07.591 INFORMA합ES [http-nio-8080-exec-106] org.apache.catalina.core.ApplicationContext.log Manager: list: Listing contexts for virtual host 'localhost'
05-Apr-2018 15:43:17.014 INFORMA합ES [http-nio-8080-exec-107] org.apache.catalina.core.ApplicationContext.log Manager: list: Listing contexts for virtual host 'localhost'
05-Apr-2018 16:02:33.538 INFORMA합ES [http-nio-8080-exec-104] org.apache.catalina.core.ApplicationContext.log Manager: list: Listing contexts for virtual host 'localhost'
05-Apr-2018 16:02:33.585 INFORMA합ES [http-nio-8080-exec-109] org.apache.catalina.core.ApplicationContext.log Manager: restart: Reloading web application '/aula_jsf_1502'
05-Apr-2018 16:02:56.634 INFORMA합ES [http-nio-8080-exec-113] org.apache.catalina.core.ApplicationContext.log Manager: list: Listing contexts for virtual host 'localhost'
05-Apr-2018 16:02:56.665 INFORMA합ES [http-nio-8080-exec-105] org.apache.catalina.core.ApplicationContext.log Manager: restart: Reloading web application '/aula_jsf_1502'
05-Apr-2018 16:56:39.549 INFORMA합ES [http-nio-8080-exec-120] org.apache.catalina.core.ApplicationContext.log Manager: list: Listing contexts for virtual host 'localhost'
05-Apr-2018 16:56:39.971 INFORMA합ES [http-nio-8080-exec-122] org.apache.catalina.core.ApplicationContext.log Manager: list: Listing contexts for virtual host 'localhost'
05-Apr-2018 16:56:40.003 INFORMA합ES [http-nio-8080-exec-123] org.apache.catalina.core.ApplicationContext.log Manager: restart: Reloading web application '/aula_jsf_1502'
05-Apr-2018 16:56:56.179 INFORMA합ES [http-nio-8080-exec-118] org.apache.catalina.core.ApplicationContext.log Manager: list: Listing contexts for virtual host 'localhost'
05-Apr-2018 16:56:56.210 INFORMA합ES [http-nio-8080-exec-122] org.apache.catalina.core.ApplicationContext.log Manager: restart: Reloading web application '/aula_jsf_1502'
05-Apr-2018 17:07:59.116 INFORMA합ES [http-nio-8080-exec-130] org.apache.catalina.core.ApplicationContext.log Manager: list: Listing contexts for virtual host 'localhost'
05-Apr-2018 17:07:59.131 INFORMA합ES [http-nio-8080-exec-131] org.apache.catalina.core.ApplicationContext.log Manager: restart: Reloading web application '/aula_jsf_1502'
05-Apr-2018 17:09:08.375 INFORMA합ES [http-nio-8080-exec-132] org.apache.catalina.core.ApplicationContext.log Manager: list: Listing contexts for virtual host 'localhost'
05-Apr-2018 17:09:08.391 INFORMA합ES [http-nio-8080-exec-137] org.apache.catalina.core.ApplicationContext.log Manager: restart: Reloading web application '/aula_jsf_1502'
05-Apr-2018 17:10:46.886 INFORMA합ES [http-nio-8080-exec-136] org.apache.catalina.core.ApplicationContext.log Manager: list: Listing contexts for virtual host 'localhost'
05-Apr-2018 17:10:46.901 INFORMA합ES [http-nio-8080-exec-128] org.apache.catalina.core.ApplicationContext.log Manager: stop: Stopping web application '/aula_jsf_1502'
05-Apr-2018 17:10:46.917 INFORMA합ES [http-nio-8080-exec-142] org.apache.catalina.core.ApplicationContext.log Manager: start: Starting web application '/aula_jsf_1502'
05-Apr-2018 17:11:16.509 INFORMA합ES [http-nio-8080-exec-132] org.apache.catalina.core.ApplicationContext.log Manager: list: Listing contexts for virtual host 'localhost'
05-Apr-2018 17:12:32.762 INFORMA합ES [http-nio-8080-exec-136] org.apache.catalina.core.ApplicationContext.log Manager: list: Listing contexts for virtual host 'localhost'
05-Apr-2018 17:12:32.777 INFORMA합ES [http-nio-8080-exec-141] org.apache.catalina.core.ApplicationContext.log Manager: restart: Reloading web application '/aula_jsf_1502'
05-Apr-2018 17:14:27.911 INFORMA합ES [http-nio-8080-exec-142] org.apache.catalina.core.ApplicationContext.log Manager: list: Listing contexts for virtual host 'localhost'
05-Apr-2018 17:14:27.927 INFORMA합ES [http-nio-8080-exec-143] org.apache.catalina.core.ApplicationContext.log Manager: restart: Reloading web application '/aula_jsf_1502'
05-Apr-2018 17:17:14.628 INFORMA합ES [http-nio-8080-exec-147] org.apache.catalina.core.ApplicationContext.log Manager: list: Listing contexts for virtual host 'localhost'
05-Apr-2018 17:17:14.644 INFORMA합ES [http-nio-8080-exec-149] org.apache.catalina.core.ApplicationContext.log Manager: restart: Reloading web application '/aula_jsf_1502'
05-Apr-2018 17:17:56.311 INFORMA합ES [http-nio-8080-exec-142] org.apache.catalina.core.ApplicationContext.log Manager: list: Listing contexts for virtual host 'localhost'
05-Apr-2018 17:17:56.327 INFORMA합ES [http-nio-8080-exec-151] org.apache.catalina.core.ApplicationContext.log Manager: restart: Reloading web application '/aula_jsf_1502'
05-Apr-2018 17:19:19.166 INFORMA합ES [http-nio-8080-exec-143] org.apache.catalina.core.ApplicationContext.log Manager: list: Listing contexts for virtual host 'localhost'
05-Apr-2018 17:19:29.355 INFORMA합ES [http-nio-8080-exec-142] org.apache.catalina.core.ApplicationContext.log Manager: list: Listing contexts for virtual host 'localhost'
05-Apr-2018 17:19:29.371 INFORMA합ES [http-nio-8080-exec-138] org.apache.catalina.core.ApplicationContext.log Manager: list: Listing contexts for virtual host 'localhost'
05-Apr-2018 17:19:29.371 INFORMA합ES [http-nio-8080-exec-150] org.apache.catalina.core.ApplicationContext.log Manager: undeploy: Undeploying web application at '/aula_jsf_1502'
05-Apr-2018 17:19:29.902 INFORMA합ES [http-nio-8080-exec-142] org.apache.catalina.core.ApplicationContext.log Manager: install: Installing context configuration at 'file:/C:/Users/047837~1/AppData/Local/Temp/context8543611403017563421.xml'
05-Apr-2018 17:19:30.699 INFORMA합ES [http-nio-8080-exec-146] org.apache.catalina.core.ApplicationContext.log Manager: start: Starting web application '/aula_jsf_1502'
05-Apr-2018 17:22:55.169 INFORMA합ES [http-nio-8080-exec-160] org.apache.catalina.core.ApplicationContext.log Manager: list: Listing contexts for virtual host 'localhost'
05-Apr-2018 17:22:55.185 INFORMA합ES [http-nio-8080-exec-162] org.apache.catalina.core.ApplicationContext.log Manager: list: Listing contexts for virtual host 'localhost'
05-Apr-2018 17:22:55.185 INFORMA합ES [http-nio-8080-exec-158] org.apache.catalina.core.ApplicationContext.log Manager: undeploy: Undeploying web application at '/aula_jsf_1502'
05-Apr-2018 17:22:55.716 INFORMA합ES [http-nio-8080-exec-166] org.apache.catalina.core.ApplicationContext.log Manager: install: Installing context configuration at 'file:/C:/Users/047837~1/AppData/Local/Temp/context1455826665435908779.xml'
05-Apr-2018 17:22:56.685 INFORMA합ES [http-nio-8080-exec-160] org.apache.catalina.core.ApplicationContext.log Manager: start: Starting web application '/aula_jsf_1502'
05-Apr-2018 17:25:20.881 INFORMA합ES [http-nio-8080-exec-170] org.apache.catalina.core.ApplicationContext.log Manager: list: Listing contexts for virtual host 'localhost'
05-Apr-2018 17:25:20.881 INFORMA합ES [http-nio-8080-exec-169] org.apache.catalina.core.ApplicationContext.log Manager: stop: Stopping web application '/aula_jsf_1502'
05-Apr-2018 17:25:20.897 INFORMA합ES [http-nio-8080-exec-168] org.apache.catalina.core.ApplicationContext.log Manager: start: Starting web application '/aula_jsf_1502'
05-Apr-2018 17:25:21.584 INFORMA합ES [http-nio-8080-exec-173] org.apache.catalina.core.ApplicationContext.log Manager: list: Listing contexts for virtual host 'localhost'
05-Apr-2018 17:25:21.584 INFORMA합ES [http-nio-8080-exec-165] org.apache.catalina.core.ApplicationContext.log Manager: list: Listing contexts for virtual host 'localhost'
05-Apr-2018 17:25:21.913 INFORMA합ES [http-nio-8080-exec-173] org.apache.catalina.core.ApplicationContext.log Manager: undeploy: Undeploying web application at '/aula_jsf_1502'
05-Apr-2018 17:25:22.413 INFORMA합ES [http-nio-8080-exec-175] org.apache.catalina.core.ApplicationContext.log Manager: install: Installing context configuration at 'file:/C:/Users/047837~1/AppData/Local/Temp/context3336752104753743658.xml'
05-Apr-2018 17:25:23.225 INFORMA합ES [http-nio-8080-exec-170] org.apache.catalina.core.ApplicationContext.log Manager: start: Starting web application '/aula_jsf_1502'
05-Apr-2018 17:25:31.445 INFORMA합ES [http-nio-8080-exec-167] org.apache.catalina.core.ApplicationContext.log Manager: list: Listing contexts for virtual host 'localhost'
05-Apr-2018 17:25:31.460 INFORMA합ES [http-nio-8080-exec-176] org.apache.catalina.core.ApplicationContext.log Manager: stop: Stopping web application '/aula_jsf_1502'
05-Apr-2018 17:25:31.476 INFORMA합ES [http-nio-8080-exec-179] org.apache.catalina.core.ApplicationContext.log Manager: start: Starting web application '/aula_jsf_1502'
05-Apr-2018 17:26:36.836 INFORMA합ES [http-nio-8080-exec-4] org.apache.catalina.core.ApplicationContext.log Manager: init: Associated with Deployer 'Catalina:type=Deployer,host=localhost'
05-Apr-2018 17:26:36.836 INFORMA합ES [http-nio-8080-exec-4] org.apache.catalina.core.ApplicationContext.log Manager: init: Global resources are available
05-Apr-2018 17:26:36.867 INFORMA합ES [http-nio-8080-exec-6] org.apache.catalina.core.ApplicationContext.log Manager: list: Listing contexts for virtual host 'localhost'
05-Apr-2018 17:26:36.883 INFORMA합ES [http-nio-8080-exec-9] org.apache.catalina.core.ApplicationContext.log Manager: list: Listing contexts for virtual host 'localhost'
05-Apr-2018 17:26:36.899 INFORMA합ES [http-nio-8080-exec-1] org.apache.catalina.core.ApplicationContext.log Manager: undeploy: Undeploying web application at '/aula_jsf_1502'
05-Apr-2018 17:26:37.430 INFORMA합ES [http-nio-8080-exec-10] org.apache.catalina.core.ApplicationContext.log Manager: install: Installing context configuration at 'file:/C:/Users/047837~1/AppData/Local/Temp/context7990774913393070957.xml'
05-Apr-2018 17:26:38.414 INFORMA합ES [http-nio-8080-exec-7] org.apache.catalina.core.ApplicationContext.log Manager: start: Starting web application '/aula_jsf_1502'
05-Apr-2018 17:28:11.774 INFORMA합ES [http-nio-8080-exec-14] org.apache.catalina.core.ApplicationContext.log Manager: list: Listing contexts for virtual host 'localhost'
05-Apr-2018 17:28:11.806 INFORMA합ES [http-nio-8080-exec-11] org.apache.catalina.core.ApplicationContext.log Manager: restart: Reloading web application '/aula_jsf_1502'
05-Apr-2018 17:28:16.775 INFORMA합ES [http-nio-8080-exec-19] org.apache.catalina.core.ApplicationContext.log Manager: list: Listing contexts for virtual host 'localhost'
05-Apr-2018 17:28:16.775 INFORMA합ES [http-nio-8080-exec-15] org.apache.catalina.core.ApplicationContext.log Manager: list: Listing contexts for virtual host 'localhost'
05-Apr-2018 17:28:16.791 INFORMA합ES [http-nio-8080-exec-12] org.apache.catalina.core.ApplicationContext.log Manager: undeploy: Undeploying web application at '/aula_jsf_1502'
05-Apr-2018 17:28:17.322 INFORMA합ES [http-nio-8080-exec-3] org.apache.catalina.core.ApplicationContext.log Manager: install: Installing context configuration at 'file:/C:/Users/047837~1/AppData/Local/Temp/context7700045820923213016.xml'
05-Apr-2018 17:28:18.181 INFORMA합ES [http-nio-8080-exec-17] org.apache.catalina.core.ApplicationContext.log Manager: start: Starting web application '/aula_jsf_1502'
05-Apr-2018 17:30:26.933 INFORMA합ES [http-nio-8080-exec-23] org.apache.catalina.core.ApplicationContext.log Manager: list: Listing contexts for virtual host 'localhost'
05-Apr-2018 17:30:26.964 INFORMA합ES [http-nio-8080-exec-20] org.apache.catalina.core.ApplicationContext.log Manager: stop: Stopping web application '/aula_jsf_1502'
05-Apr-2018 17:30:26.979 INFORMA합ES [http-nio-8080-exec-27] org.apache.catalina.core.ApplicationContext.log Manager: start: Starting web application '/aula_jsf_1502'
05-Apr-2018 17:31:36.491 INFORMA합ES [http-nio-8080-exec-30] org.apache.catalina.core.ApplicationContext.log Manager: list: Listing contexts for virtual host 'localhost'
05-Apr-2018 17:31:36.507 INFORMA합ES [http-nio-8080-exec-29] org.apache.catalina.core.ApplicationContext.log Manager: list: Listing contexts for virtual host 'localhost'
05-Apr-2018 17:31:36.507 INFORMA합ES [http-nio-8080-exec-24] org.apache.catalina.core.ApplicationContext.log Manager: undeploy: Undeploying web application at '/aula_jsf_1502'
05-Apr-2018 17:31:37.038 INFORMA합ES [http-nio-8080-exec-23] org.apache.catalina.core.ApplicationContext.log Manager: install: Installing context configuration at 'file:/C:/Users/047837~1/AppData/Local/Temp/context3335252127968950624.xml'
05-Apr-2018 17:31:37.882 INFORMA합ES [http-nio-8080-exec-28] org.apache.catalina.core.ApplicationContext.log Manager: start: Starting web application '/aula_jsf_1502'
05-Apr-2018 17:32:47.031 INFORMA합ES [http-nio-8080-exec-36] org.apache.catalina.core.ApplicationContext.log Manager: list: Listing contexts for virtual host 'localhost'
05-Apr-2018 17:34:23.306 INFORMA합ES [http-nio-8080-exec-35] org.apache.catalina.core.ApplicationContext.log Manager: list: Listing contexts for virtual host 'localhost'
05-Apr-2018 17:34:23.322 INFORMA합ES [http-nio-8080-exec-41] org.apache.catalina.core.ApplicationContext.log Manager: restart: Reloading web application '/aula_jsf_1502'
05-Apr-2018 17:34:39.152 INFORMA합ES [http-nio-8080-exec-38] org.apache.catalina.core.ApplicationContext.log Manager: list: Listing contexts for virtual host 'localhost'
05-Apr-2018 17:34:47.392 INFORMA합ES [http-nio-8080-exec-42] org.apache.catalina.core.ApplicationContext.log Manager: list: Listing contexts for virtual host 'localhost'
05-Apr-2018 17:34:51.688 INFORMA합ES [http-nio-8080-exec-43] org.apache.catalina.core.ApplicationContext.log Manager: list: Listing contexts for virtual host 'localhost'
05-Apr-2018 17:34:59.673 INFORMA합ES [http-nio-8080-exec-47] org.apache.catalina.core.ApplicationContext.log Manager: list: Listing contexts for virtual host 'localhost'
05-Apr-2018 17:34:59.673 INFORMA합ES [http-nio-8080-exec-43] org.apache.catalina.core.ApplicationContext.log Manager: list: Listing contexts for virtual host 'localhost'
05-Apr-2018 17:34:59.689 INFORMA합ES [http-nio-8080-exec-45] org.apache.catalina.core.ApplicationContext.log Manager: undeploy: Undeploying web application at '/aula_jsf_1502'
05-Apr-2018 17:35:00.205 INFORMA합ES [http-nio-8080-exec-35] org.apache.catalina.core.ApplicationContext.log Manager: install: Installing context configuration at 'file:/C:/Users/047837~1/AppData/Local/Temp/context7476727196884667467.xml'
05-Apr-2018 17:35:01.017 INFORMA합ES [http-nio-8080-exec-36] org.apache.catalina.core.ApplicationContext.log Manager: start: Starting web application '/aula_jsf_1502'
05-Apr-2018 17:35:47.360 INFORMA합ES [http-nio-8080-exec-52] org.apache.catalina.core.ApplicationContext.log Manager: list: Listing contexts for virtual host 'localhost'
05-Apr-2018 17:35:47.360 INFORMA합ES [http-nio-8080-exec-48] org.apache.catalina.core.ApplicationContext.log Manager: stop: Stopping web application '/aula_jsf_1502'
05-Apr-2018 17:35:47.376 INFORMA합ES [http-nio-8080-exec-50] org.apache.catalina.core.ApplicationContext.log Manager: start: Starting web application '/aula_jsf_1502'
05-Apr-2018 17:35:55.283 INFORMA합ES [http-nio-8080-exec-56] org.apache.catalina.core.ApplicationContext.log Manager: list: Listing contexts for virtual host 'localhost'
05-Apr-2018 17:35:55.299 INFORMA합ES [http-nio-8080-exec-48] org.apache.catalina.core.ApplicationContext.log Manager: list: Listing contexts for virtual host 'localhost'
05-Apr-2018 17:35:55.299 INFORMA합ES [http-nio-8080-exec-51] org.apache.catalina.core.ApplicationContext.log Manager: undeploy: Undeploying web application at '/aula_jsf_1502'
05-Apr-2018 17:35:55.830 INFORMA합ES [http-nio-8080-exec-55] org.apache.catalina.core.ApplicationContext.log Manager: install: Installing context configuration at 'file:/C:/Users/047837~1/AppData/Local/Temp/context8043060759536406917.xml'
05-Apr-2018 17:35:56.642 INFORMA합ES [http-nio-8080-exec-33] org.apache.catalina.core.ApplicationContext.log Manager: start: Starting web application '/aula_jsf_1502'
