04-Apr-2018 16:11:03.209 INFORMA합ES [http-nio-8080-exec-3] org.apache.catalina.core.ApplicationContext.log Manager: init: Associated with Deployer 'Catalina:type=Deployer,host=localhost'
04-Apr-2018 16:11:03.209 INFORMA합ES [http-nio-8080-exec-3] org.apache.catalina.core.ApplicationContext.log Manager: init: Global resources are available
04-Apr-2018 16:11:03.251 INFORMA합ES [http-nio-8080-exec-1] org.apache.catalina.core.ApplicationContext.log Manager: list: Listing contexts for virtual host 'localhost'
04-Apr-2018 16:11:03.260 INFORMA합ES [http-nio-8080-exec-10] org.apache.catalina.core.ApplicationContext.log Manager: list: Listing contexts for virtual host 'localhost'
04-Apr-2018 16:11:03.278 INFORMA합ES [http-nio-8080-exec-2] org.apache.catalina.core.ApplicationContext.log Manager: undeploy: Undeploying web application at '/aula_jsf_1502'
04-Apr-2018 16:11:03.824 INFORMA합ES [http-nio-8080-exec-9] org.apache.catalina.core.ApplicationContext.log Manager: install: Installing context configuration at 'file:/C:/Users/047837~1/AppData/Local/Temp/context3565529477948127324.xml'
04-Apr-2018 16:11:04.891 INFORMA합ES [http-nio-8080-exec-3] org.apache.catalina.core.ApplicationContext.log Manager: start: Starting web application '/aula_jsf_1502'
04-Apr-2018 16:12:54.431 INFORMA합ES [http-nio-8080-exec-13] org.apache.catalina.core.ApplicationContext.log Manager: list: Listing contexts for virtual host 'localhost'
04-Apr-2018 16:12:54.471 INFORMA합ES [http-nio-8080-exec-12] org.apache.catalina.core.ApplicationContext.log Manager: restart: Reloading web application '/aula_jsf_1502'
04-Apr-2018 16:13:12.531 INFORMA합ES [http-nio-8080-exec-16] org.apache.catalina.core.ApplicationContext.log Manager: list: Listing contexts for virtual host 'localhost'
04-Apr-2018 16:13:12.556 INFORMA합ES [http-nio-8080-exec-13] org.apache.catalina.core.ApplicationContext.log Manager: restart: Reloading web application '/aula_jsf_1502'
04-Apr-2018 16:13:14.977 INFORMA합ES [http-nio-8080-exec-22] org.apache.catalina.core.ApplicationContext.log Manager: list: Listing contexts for virtual host 'localhost'
04-Apr-2018 16:13:14.983 INFORMA합ES [http-nio-8080-exec-5] org.apache.catalina.core.ApplicationContext.log Manager: list: Listing contexts for virtual host 'localhost'
04-Apr-2018 16:13:14.996 INFORMA합ES [http-nio-8080-exec-20] org.apache.catalina.core.ApplicationContext.log Manager: undeploy: Undeploying web application at '/aula_jsf_1502'
04-Apr-2018 16:13:15.526 INFORMA합ES [http-nio-8080-exec-19] org.apache.catalina.core.ApplicationContext.log Manager: install: Installing context configuration at 'file:/C:/Users/047837~1/AppData/Local/Temp/context6592415173897685089.xml'
04-Apr-2018 16:13:16.446 INFORMA합ES [http-nio-8080-exec-14] org.apache.catalina.core.ApplicationContext.log Manager: start: Starting web application '/aula_jsf_1502'
04-Apr-2018 16:13:56.763 INFORMA합ES [http-nio-8080-exec-24] org.apache.catalina.core.ApplicationContext.log Manager: list: Listing contexts for virtual host 'localhost'
04-Apr-2018 16:13:59.073 INFORMA합ES [http-nio-8080-exec-23] org.apache.catalina.core.ApplicationContext.log Manager: list: Listing contexts for virtual host 'localhost'
04-Apr-2018 16:13:59.079 INFORMA합ES [http-nio-8080-exec-28] org.apache.catalina.core.ApplicationContext.log Manager: list: Listing contexts for virtual host 'localhost'
04-Apr-2018 16:13:59.090 INFORMA합ES [http-nio-8080-exec-25] org.apache.catalina.core.ApplicationContext.log Manager: undeploy: Undeploying web application at '/aula_jsf_1502'
04-Apr-2018 16:13:59.618 INFORMA합ES [http-nio-8080-exec-22] org.apache.catalina.core.ApplicationContext.log Manager: install: Installing context configuration at 'file:/C:/Users/047837~1/AppData/Local/Temp/context9216108684778137661.xml'
04-Apr-2018 16:14:00.556 INFORMA합ES [http-nio-8080-exec-21] org.apache.catalina.core.ApplicationContext.log Manager: start: Starting web application '/aula_jsf_1502'
04-Apr-2018 16:14:44.244 INFORMA합ES [http-nio-8080-exec-30] org.apache.catalina.core.ApplicationContext.log Manager: list: Listing contexts for virtual host 'localhost'
04-Apr-2018 16:14:44.267 INFORMA합ES [http-nio-8080-exec-21] org.apache.catalina.core.ApplicationContext.log Manager: restart: Reloading web application '/aula_jsf_1502'
04-Apr-2018 16:14:58.194 INFORMA합ES [http-nio-8080-exec-35] org.apache.catalina.core.ApplicationContext.log Manager: list: Listing contexts for virtual host 'localhost'
04-Apr-2018 16:15:51.231 INFORMA합ES [http-nio-8080-exec-16] org.apache.catalina.core.ApplicationContext.log Manager: list: Listing contexts for virtual host 'localhost'
04-Apr-2018 16:15:51.255 INFORMA합ES [http-nio-8080-exec-27] org.apache.catalina.core.ApplicationContext.log Manager: restart: Reloading web application '/aula_jsf_1502'
04-Apr-2018 16:18:25.035 INFORMA합ES [http-nio-8080-exec-38] org.apache.catalina.core.ApplicationContext.log Manager: list: Listing contexts for virtual host 'localhost'
04-Apr-2018 16:18:25.063 INFORMA합ES [http-nio-8080-exec-42] org.apache.catalina.core.ApplicationContext.log Manager: stop: Stopping web application '/aula_jsf_1502'
04-Apr-2018 16:18:25.073 INFORMA합ES [http-nio-8080-exec-36] org.apache.catalina.core.ApplicationContext.log Manager: start: Starting web application '/aula_jsf_1502'
04-Apr-2018 16:20:12.681 INFORMA합ES [http-nio-8080-exec-41] org.apache.catalina.core.ApplicationContext.log Manager: list: Listing contexts for virtual host 'localhost'
04-Apr-2018 16:20:12.704 INFORMA합ES [http-nio-8080-exec-35] org.apache.catalina.core.ApplicationContext.log Manager: restart: Reloading web application '/aula_jsf_1502'
04-Apr-2018 16:31:36.172 INFORMA합ES [http-nio-8080-exec-50] org.apache.catalina.core.ApplicationContext.log Manager: list: Listing contexts for virtual host 'localhost'
04-Apr-2018 16:31:36.196 INFORMA합ES [http-nio-8080-exec-49] org.apache.catalina.core.ApplicationContext.log Manager: restart: Reloading web application '/aula_jsf_1502'
04-Apr-2018 16:32:09.220 INFORMA합ES [http-nio-8080-exec-54] org.apache.catalina.core.ApplicationContext.log Manager: list: Listing contexts for virtual host 'localhost'
04-Apr-2018 16:32:09.244 INFORMA합ES [http-nio-8080-exec-56] org.apache.catalina.core.ApplicationContext.log Manager: restart: Reloading web application '/aula_jsf_1502'
04-Apr-2018 16:32:30.878 INFORMA합ES [http-nio-8080-exec-51] org.apache.catalina.core.ApplicationContext.log Manager: list: Listing contexts for virtual host 'localhost'
04-Apr-2018 16:34:38.308 INFORMA합ES [http-nio-8080-exec-61] org.apache.catalina.core.ApplicationContext.log Manager: list: Listing contexts for virtual host 'localhost'
04-Apr-2018 16:34:38.314 INFORMA합ES [http-nio-8080-exec-53] org.apache.catalina.core.ApplicationContext.log Manager: list: Listing contexts for virtual host 'localhost'
04-Apr-2018 16:34:38.325 INFORMA합ES [http-nio-8080-exec-63] org.apache.catalina.core.ApplicationContext.log Manager: undeploy: Undeploying web application at '/aula_jsf_1502'
04-Apr-2018 16:34:38.850 INFORMA합ES [http-nio-8080-exec-64] org.apache.catalina.core.ApplicationContext.log Manager: install: Installing context configuration at 'file:/C:/Users/047837~1/AppData/Local/Temp/context1686197083381287149.xml'
04-Apr-2018 16:34:39.710 INFORMA합ES [http-nio-8080-exec-59] org.apache.catalina.core.ApplicationContext.log Manager: start: Starting web application '/aula_jsf_1502'
04-Apr-2018 16:36:47.328 INFORMA합ES [http-nio-8080-exec-72] org.apache.catalina.core.ApplicationContext.log Manager: list: Listing contexts for virtual host 'localhost'
04-Apr-2018 16:36:47.335 INFORMA합ES [http-nio-8080-exec-69] org.apache.catalina.core.ApplicationContext.log Manager: list: Listing contexts for virtual host 'localhost'
04-Apr-2018 16:36:47.344 INFORMA합ES [http-nio-8080-exec-66] org.apache.catalina.core.ApplicationContext.log Manager: undeploy: Undeploying web application at '/aula_jsf_1502'
04-Apr-2018 16:36:47.867 INFORMA합ES [http-nio-8080-exec-68] org.apache.catalina.core.ApplicationContext.log Manager: install: Installing context configuration at 'file:/C:/Users/047837~1/AppData/Local/Temp/context6339466305005795600.xml'
04-Apr-2018 16:36:48.770 INFORMA합ES [http-nio-8080-exec-69] org.apache.catalina.core.ApplicationContext.log Manager: start: Starting web application '/aula_jsf_1502'
04-Apr-2018 16:37:25.824 INFORMA합ES [http-nio-8080-exec-74] org.apache.catalina.core.ApplicationContext.log Manager: list: Listing contexts for virtual host 'localhost'
04-Apr-2018 16:37:25.845 INFORMA합ES [http-nio-8080-exec-78] org.apache.catalina.core.ApplicationContext.log Manager: restart: Reloading web application '/aula_jsf_1502'
04-Apr-2018 16:37:30.156 INFORMA합ES [http-nio-8080-exec-68] org.apache.catalina.core.ApplicationContext.log Manager: list: Listing contexts for virtual host 'localhost'
04-Apr-2018 16:37:30.178 INFORMA합ES [http-nio-8080-exec-74] org.apache.catalina.core.ApplicationContext.log Manager: restart: Reloading web application '/aula_jsf_1502'
04-Apr-2018 16:37:31.456 INFORMA합ES [http-nio-8080-exec-76] org.apache.catalina.core.ApplicationContext.log Manager: list: Listing contexts for virtual host 'localhost'
04-Apr-2018 16:37:31.463 INFORMA합ES [http-nio-8080-exec-81] org.apache.catalina.core.ApplicationContext.log Manager: list: Listing contexts for virtual host 'localhost'
04-Apr-2018 16:37:31.475 INFORMA합ES [http-nio-8080-exec-69] org.apache.catalina.core.ApplicationContext.log Manager: undeploy: Undeploying web application at '/aula_jsf_1502'
04-Apr-2018 16:37:31.999 INFORMA합ES [http-nio-8080-exec-79] org.apache.catalina.core.ApplicationContext.log Manager: install: Installing context configuration at 'file:/C:/Users/047837~1/AppData/Local/Temp/context9165266783988924601.xml'
04-Apr-2018 16:37:32.975 INFORMA합ES [http-nio-8080-exec-82] org.apache.catalina.core.ApplicationContext.log Manager: start: Starting web application '/aula_jsf_1502'
04-Apr-2018 16:37:55.193 INFORMA합ES [http-nio-8080-exec-84] org.apache.catalina.core.ApplicationContext.log Manager: list: Listing contexts for virtual host 'localhost'
04-Apr-2018 16:37:55.219 INFORMA합ES [http-nio-8080-exec-76] org.apache.catalina.core.ApplicationContext.log Manager: restart: Reloading web application '/aula_jsf_1502'
04-Apr-2018 16:38:18.063 INFORMA합ES [http-nio-8080-exec-83] org.apache.catalina.core.ApplicationContext.log Manager: list: Listing contexts for virtual host 'localhost'
04-Apr-2018 16:38:18.090 INFORMA합ES [http-nio-8080-exec-75] org.apache.catalina.core.ApplicationContext.log Manager: restart: Reloading web application '/aula_jsf_1502'
04-Apr-2018 16:38:27.509 INFORMA합ES [http-nio-8080-exec-74] org.apache.catalina.core.ApplicationContext.log Manager: list: Listing contexts for virtual host 'localhost'
04-Apr-2018 16:39:13.027 INFORMA합ES [http-nio-8080-exec-86] org.apache.catalina.core.ApplicationContext.log Manager: list: Listing contexts for virtual host 'localhost'
04-Apr-2018 16:39:13.050 INFORMA합ES [http-nio-8080-exec-89] org.apache.catalina.core.ApplicationContext.log Manager: restart: Reloading web application '/aula_jsf_1502'
04-Apr-2018 16:39:34.599 INFORMA합ES [http-nio-8080-exec-91] org.apache.catalina.core.ApplicationContext.log Manager: list: Listing contexts for virtual host 'localhost'
04-Apr-2018 16:39:34.606 INFORMA합ES [http-nio-8080-exec-90] org.apache.catalina.core.ApplicationContext.log Manager: list: Listing contexts for virtual host 'localhost'
04-Apr-2018 16:39:34.615 INFORMA합ES [http-nio-8080-exec-80] org.apache.catalina.core.ApplicationContext.log Manager: undeploy: Undeploying web application at '/aula_jsf_1502'
04-Apr-2018 16:39:35.141 INFORMA합ES [http-nio-8080-exec-89] org.apache.catalina.core.ApplicationContext.log Manager: install: Installing context configuration at 'file:/C:/Users/047837~1/AppData/Local/Temp/context7643521516419270928.xml'
04-Apr-2018 16:39:35.979 INFORMA합ES [http-nio-8080-exec-87] org.apache.catalina.core.ApplicationContext.log Manager: start: Starting web application '/aula_jsf_1502'
04-Apr-2018 16:40:39.595 INFORMA합ES [http-nio-8080-exec-96] org.apache.catalina.core.ApplicationContext.log Manager: list: Listing contexts for virtual host 'localhost'
04-Apr-2018 16:40:39.601 INFORMA합ES [http-nio-8080-exec-94] org.apache.catalina.core.ApplicationContext.log Manager: list: Listing contexts for virtual host 'localhost'
04-Apr-2018 16:40:39.612 INFORMA합ES [http-nio-8080-exec-92] org.apache.catalina.core.ApplicationContext.log Manager: undeploy: Undeploying web application at '/aula_jsf_1502'
04-Apr-2018 16:40:40.138 INFORMA합ES [http-nio-8080-exec-94] org.apache.catalina.core.ApplicationContext.log Manager: install: Installing context configuration at 'file:/C:/Users/047837~1/AppData/Local/Temp/context2170233734879172536.xml'
04-Apr-2018 16:40:41.014 INFORMA합ES [http-nio-8080-exec-95] org.apache.catalina.core.ApplicationContext.log Manager: start: Starting web application '/aula_jsf_1502'
04-Apr-2018 16:41:30.504 INFORMA합ES [http-nio-8080-exec-103] org.apache.catalina.core.ApplicationContext.log Manager: list: Listing contexts for virtual host 'localhost'
04-Apr-2018 16:41:30.518 INFORMA합ES [http-nio-8080-exec-101] org.apache.catalina.core.ApplicationContext.log Manager: stop: Stopping web application '/aula_jsf_1502'
04-Apr-2018 16:41:30.530 INFORMA합ES [http-nio-8080-exec-99] org.apache.catalina.core.ApplicationContext.log Manager: start: Starting web application '/aula_jsf_1502'
04-Apr-2018 16:41:57.898 INFORMA합ES [http-nio-8080-exec-96] org.apache.catalina.core.ApplicationContext.log Manager: list: Listing contexts for virtual host 'localhost'
04-Apr-2018 16:41:57.920 INFORMA합ES [http-nio-8080-exec-92] org.apache.catalina.core.ApplicationContext.log Manager: restart: Reloading web application '/aula_jsf_1502'
04-Apr-2018 16:42:18.092 INFORMA합ES [http-nio-8080-exec-96] org.apache.catalina.core.ApplicationContext.log Manager: list: Listing contexts for virtual host 'localhost'
04-Apr-2018 16:42:18.114 INFORMA합ES [http-nio-8080-exec-99] org.apache.catalina.core.ApplicationContext.log Manager: restart: Reloading web application '/aula_jsf_1502'
04-Apr-2018 16:42:21.610 INFORMA합ES [http-nio-8080-exec-110] org.apache.catalina.core.ApplicationContext.log Manager: list: Listing contexts for virtual host 'localhost'
04-Apr-2018 16:42:21.616 INFORMA합ES [http-nio-8080-exec-103] org.apache.catalina.core.ApplicationContext.log Manager: list: Listing contexts for virtual host 'localhost'
04-Apr-2018 16:42:21.626 INFORMA합ES [http-nio-8080-exec-108] org.apache.catalina.core.ApplicationContext.log Manager: undeploy: Undeploying web application at '/aula_jsf_1502'
04-Apr-2018 16:42:22.153 INFORMA합ES [http-nio-8080-exec-103] org.apache.catalina.core.ApplicationContext.log Manager: install: Installing context configuration at 'file:/C:/Users/047837~1/AppData/Local/Temp/context5231193503778914597.xml'
04-Apr-2018 16:42:23.002 INFORMA합ES [http-nio-8080-exec-107] org.apache.catalina.core.ApplicationContext.log Manager: start: Starting web application '/aula_jsf_1502'
04-Apr-2018 16:44:12.287 INFORMA합ES [http-nio-8080-exec-115] org.apache.catalina.core.ApplicationContext.log Manager: list: Listing contexts for virtual host 'localhost'
04-Apr-2018 16:44:12.300 INFORMA합ES [http-nio-8080-exec-113] org.apache.catalina.core.ApplicationContext.log Manager: stop: Stopping web application '/aula_jsf_1502'
04-Apr-2018 16:44:12.315 INFORMA합ES [http-nio-8080-exec-112] org.apache.catalina.core.ApplicationContext.log Manager: start: Starting web application '/aula_jsf_1502'
04-Apr-2018 16:44:17.551 INFORMA합ES [http-nio-8080-exec-119] org.apache.catalina.core.ApplicationContext.log Manager: list: Listing contexts for virtual host 'localhost'
04-Apr-2018 16:44:17.557 INFORMA합ES [http-nio-8080-exec-99] org.apache.catalina.core.ApplicationContext.log Manager: list: Listing contexts for virtual host 'localhost'
04-Apr-2018 16:44:17.582 INFORMA합ES [http-nio-8080-exec-115] org.apache.catalina.core.ApplicationContext.log Manager: undeploy: Undeploying web application at '/aula_jsf_1502'
04-Apr-2018 16:44:18.116 INFORMA합ES [http-nio-8080-exec-99] org.apache.catalina.core.ApplicationContext.log Manager: install: Installing context configuration at 'file:/C:/Users/047837~1/AppData/Local/Temp/context7742508523331281526.xml'
04-Apr-2018 16:44:18.961 INFORMA합ES [http-nio-8080-exec-111] org.apache.catalina.core.ApplicationContext.log Manager: start: Starting web application '/aula_jsf_1502'
04-Apr-2018 16:44:36.957 INFORMA합ES [http-nio-8080-exec-123] org.apache.catalina.core.ApplicationContext.log Manager: list: Listing contexts for virtual host 'localhost'
04-Apr-2018 16:44:36.969 INFORMA합ES [http-nio-8080-exec-114] org.apache.catalina.core.ApplicationContext.log Manager: stop: Stopping web application '/aula_jsf_1502'
04-Apr-2018 16:44:36.980 INFORMA합ES [http-nio-8080-exec-124] org.apache.catalina.core.ApplicationContext.log Manager: start: Starting web application '/aula_jsf_1502'
04-Apr-2018 16:44:37.466 INFORMA합ES [http-nio-8080-exec-123] org.apache.catalina.core.ApplicationContext.log Manager: list: Listing contexts for virtual host 'localhost'
04-Apr-2018 16:44:37.472 INFORMA합ES [http-nio-8080-exec-115] org.apache.catalina.core.ApplicationContext.log Manager: list: Listing contexts for virtual host 'localhost'
04-Apr-2018 16:44:37.916 INFORMA합ES [http-nio-8080-exec-125] org.apache.catalina.core.ApplicationContext.log Manager: undeploy: Undeploying web application at '/aula_jsf_1502'
04-Apr-2018 16:44:38.438 INFORMA합ES [http-nio-8080-exec-120] org.apache.catalina.core.ApplicationContext.log Manager: install: Installing context configuration at 'file:/C:/Users/047837~1/AppData/Local/Temp/context6050850948161449913.xml'
04-Apr-2018 16:44:39.384 INFORMA합ES [http-nio-8080-exec-122] org.apache.catalina.core.ApplicationContext.log Manager: start: Starting web application '/aula_jsf_1502'
04-Apr-2018 16:44:55.108 INFORMA합ES [http-nio-8080-exec-120] org.apache.catalina.core.ApplicationContext.log Manager: list: Listing contexts for virtual host 'localhost'
04-Apr-2018 16:44:55.119 INFORMA합ES [http-nio-8080-exec-122] org.apache.catalina.core.ApplicationContext.log Manager: stop: Stopping web application '/aula_jsf_1502'
04-Apr-2018 16:44:55.128 INFORMA합ES [http-nio-8080-exec-127] org.apache.catalina.core.ApplicationContext.log Manager: start: Starting web application '/aula_jsf_1502'
04-Apr-2018 16:44:55.959 INFORMA합ES [http-nio-8080-exec-115] org.apache.catalina.core.ApplicationContext.log Manager: list: Listing contexts for virtual host 'localhost'
04-Apr-2018 16:44:55.964 INFORMA합ES [http-nio-8080-exec-131] org.apache.catalina.core.ApplicationContext.log Manager: list: Listing contexts for virtual host 'localhost'
04-Apr-2018 16:44:56.000 INFORMA합ES [http-nio-8080-exec-115] org.apache.catalina.core.ApplicationContext.log Manager: undeploy: Undeploying web application at '/aula_jsf_1502'
04-Apr-2018 16:44:56.521 INFORMA합ES [http-nio-8080-exec-114] org.apache.catalina.core.ApplicationContext.log Manager: install: Installing context configuration at 'file:/C:/Users/047837~1/AppData/Local/Temp/context3369576708562481060.xml'
04-Apr-2018 16:44:57.354 INFORMA합ES [http-nio-8080-exec-130] org.apache.catalina.core.ApplicationContext.log Manager: start: Starting web application '/aula_jsf_1502'
04-Apr-2018 16:45:03.788 INFORMA합ES [http-nio-8080-exec-130] org.apache.catalina.core.ApplicationContext.log Manager: list: Listing contexts for virtual host 'localhost'
04-Apr-2018 16:45:03.804 INFORMA합ES [http-nio-8080-exec-114] org.apache.catalina.core.ApplicationContext.log Manager: stop: Stopping web application '/aula_jsf_1502'
04-Apr-2018 16:45:03.813 INFORMA합ES [http-nio-8080-exec-112] org.apache.catalina.core.ApplicationContext.log Manager: start: Starting web application '/aula_jsf_1502'
04-Apr-2018 16:46:09.705 INFORMA합ES [http-nio-8080-exec-136] org.apache.catalina.core.ApplicationContext.log Manager: list: Listing contexts for virtual host 'localhost'
04-Apr-2018 16:46:09.727 INFORMA합ES [http-nio-8080-exec-127] org.apache.catalina.core.ApplicationContext.log Manager: restart: Reloading web application '/aula_jsf_1502'
04-Apr-2018 16:46:10.484 INFORMA합ES [http-nio-8080-exec-135] org.apache.catalina.core.ApplicationContext.log Manager: list: Listing contexts for virtual host 'localhost'
04-Apr-2018 16:46:10.490 INFORMA합ES [http-nio-8080-exec-137] org.apache.catalina.core.ApplicationContext.log Manager: list: Listing contexts for virtual host 'localhost'
04-Apr-2018 16:46:10.672 INFORMA합ES [http-nio-8080-exec-133] org.apache.catalina.core.ApplicationContext.log Manager: undeploy: Undeploying web application at '/aula_jsf_1502'
04-Apr-2018 16:46:11.196 INFORMA합ES [http-nio-8080-exec-134] org.apache.catalina.core.ApplicationContext.log Manager: install: Installing context configuration at 'file:/C:/Users/047837~1/AppData/Local/Temp/context5635204268298400764.xml'
04-Apr-2018 16:46:12.033 INFORMA합ES [http-nio-8080-exec-128] org.apache.catalina.core.ApplicationContext.log Manager: start: Starting web application '/aula_jsf_1502'
04-Apr-2018 16:46:52.880 INFORMA합ES [http-nio-8080-exec-136] org.apache.catalina.core.ApplicationContext.log Manager: list: Listing contexts for virtual host 'localhost'
04-Apr-2018 16:46:52.902 INFORMA합ES [http-nio-8080-exec-137] org.apache.catalina.core.ApplicationContext.log Manager: restart: Reloading web application '/aula_jsf_1502'
04-Apr-2018 16:46:53.914 INFORMA합ES [http-nio-8080-exec-141] org.apache.catalina.core.ApplicationContext.log Manager: list: Listing contexts for virtual host 'localhost'
04-Apr-2018 16:46:53.929 INFORMA합ES [http-nio-8080-exec-138] org.apache.catalina.core.ApplicationContext.log Manager: stop: Stopping web application '/aula_jsf_1502'
04-Apr-2018 16:46:53.937 INFORMA합ES [http-nio-8080-exec-143] org.apache.catalina.core.ApplicationContext.log Manager: start: Starting web application '/aula_jsf_1502'
04-Apr-2018 16:46:54.860 INFORMA합ES [http-nio-8080-exec-144] org.apache.catalina.core.ApplicationContext.log Manager: list: Listing contexts for virtual host 'localhost'
04-Apr-2018 16:46:54.866 INFORMA합ES [http-nio-8080-exec-138] org.apache.catalina.core.ApplicationContext.log Manager: list: Listing contexts for virtual host 'localhost'
04-Apr-2018 16:46:54.876 INFORMA합ES [http-nio-8080-exec-136] org.apache.catalina.core.ApplicationContext.log Manager: undeploy: Undeploying web application at '/aula_jsf_1502'
04-Apr-2018 16:46:55.397 INFORMA합ES [http-nio-8080-exec-143] org.apache.catalina.core.ApplicationContext.log Manager: install: Installing context configuration at 'file:/C:/Users/047837~1/AppData/Local/Temp/context2611243980970148417.xml'
04-Apr-2018 16:46:56.280 INFORMA합ES [http-nio-8080-exec-128] org.apache.catalina.core.ApplicationContext.log Manager: start: Starting web application '/aula_jsf_1502'
04-Apr-2018 16:47:12.700 INFORMA합ES [http-nio-8080-exec-128] org.apache.catalina.core.ApplicationContext.log Manager: list: Listing contexts for virtual host 'localhost'
04-Apr-2018 16:47:12.735 INFORMA합ES [http-nio-8080-exec-146] org.apache.catalina.core.ApplicationContext.log Manager: restart: Reloading web application '/aula_jsf_1502'
04-Apr-2018 16:47:32.753 INFORMA합ES [http-nio-8080-exec-146] org.apache.catalina.core.ApplicationContext.log Manager: list: Listing contexts for virtual host 'localhost'
04-Apr-2018 16:47:32.778 INFORMA합ES [http-nio-8080-exec-145] org.apache.catalina.core.ApplicationContext.log Manager: restart: Reloading web application '/aula_jsf_1502'
04-Apr-2018 16:47:50.299 INFORMA합ES [http-nio-8080-exec-146] org.apache.catalina.core.ApplicationContext.log Manager: list: Listing contexts for virtual host 'localhost'
04-Apr-2018 16:47:50.321 INFORMA합ES [http-nio-8080-exec-140] org.apache.catalina.core.ApplicationContext.log Manager: restart: Reloading web application '/aula_jsf_1502'
04-Apr-2018 16:47:55.215 INFORMA합ES [http-nio-8080-exec-151] org.apache.catalina.core.ApplicationContext.log Manager: list: Listing contexts for virtual host 'localhost'
04-Apr-2018 16:47:55.242 INFORMA합ES [http-nio-8080-exec-150] org.apache.catalina.core.ApplicationContext.log Manager: restart: Reloading web application '/aula_jsf_1502'
04-Apr-2018 16:48:34.544 INFORMA합ES [http-nio-8080-exec-153] org.apache.catalina.core.ApplicationContext.log Manager: list: Listing contexts for virtual host 'localhost'
04-Apr-2018 16:48:35.610 INFORMA합ES [http-nio-8080-exec-150] org.apache.catalina.core.ApplicationContext.log Manager: list: Listing contexts for virtual host 'localhost'
04-Apr-2018 16:48:35.632 INFORMA합ES [http-nio-8080-exec-149] org.apache.catalina.core.ApplicationContext.log Manager: restart: Reloading web application '/aula_jsf_1502'
04-Apr-2018 16:49:28.628 INFORMA합ES [http-nio-8080-exec-157] org.apache.catalina.core.ApplicationContext.log Manager: list: Listing contexts for virtual host 'localhost'
04-Apr-2018 16:49:28.635 INFORMA합ES [http-nio-8080-exec-149] org.apache.catalina.core.ApplicationContext.log Manager: list: Listing contexts for virtual host 'localhost'
04-Apr-2018 16:49:28.645 INFORMA합ES [http-nio-8080-exec-155] org.apache.catalina.core.ApplicationContext.log Manager: undeploy: Undeploying web application at '/aula_jsf_1502'
04-Apr-2018 16:49:29.166 INFORMA합ES [http-nio-8080-exec-157] org.apache.catalina.core.ApplicationContext.log Manager: install: Installing context configuration at 'file:/C:/Users/047837~1/AppData/Local/Temp/context6601203992927323932.xml'
04-Apr-2018 16:49:30.189 INFORMA합ES [http-nio-8080-exec-150] org.apache.catalina.core.ApplicationContext.log Manager: start: Starting web application '/aula_jsf_1502'
04-Apr-2018 16:49:49.858 INFORMA합ES [http-nio-8080-exec-144] org.apache.catalina.core.ApplicationContext.log Manager: list: Listing contexts for virtual host 'localhost'
04-Apr-2018 16:49:49.869 INFORMA합ES [http-nio-8080-exec-159] org.apache.catalina.core.ApplicationContext.log Manager: stop: Stopping web application '/aula_jsf_1502'
04-Apr-2018 16:49:49.878 INFORMA합ES [http-nio-8080-exec-163] org.apache.catalina.core.ApplicationContext.log Manager: start: Starting web application '/aula_jsf_1502'
04-Apr-2018 16:49:52.906 INFORMA합ES [http-nio-8080-exec-156] org.apache.catalina.core.ApplicationContext.log Manager: list: Listing contexts for virtual host 'localhost'
04-Apr-2018 16:49:52.918 INFORMA합ES [http-nio-8080-exec-160] org.apache.catalina.core.ApplicationContext.log Manager: stop: Stopping web application '/aula_jsf_1502'
04-Apr-2018 16:49:52.926 INFORMA합ES [http-nio-8080-exec-156] org.apache.catalina.core.ApplicationContext.log Manager: start: Starting web application '/aula_jsf_1502'
04-Apr-2018 16:49:53.884 INFORMA합ES [http-nio-8080-exec-165] org.apache.catalina.core.ApplicationContext.log Manager: list: Listing contexts for virtual host 'localhost'
04-Apr-2018 16:49:53.890 INFORMA합ES [http-nio-8080-exec-161] org.apache.catalina.core.ApplicationContext.log Manager: list: Listing contexts for virtual host 'localhost'
04-Apr-2018 16:49:53.901 INFORMA합ES [http-nio-8080-exec-158] org.apache.catalina.core.ApplicationContext.log Manager: undeploy: Undeploying web application at '/aula_jsf_1502'
04-Apr-2018 16:49:54.424 INFORMA합ES [http-nio-8080-exec-166] org.apache.catalina.core.ApplicationContext.log Manager: install: Installing context configuration at 'file:/C:/Users/047837~1/AppData/Local/Temp/context6658761794862157898.xml'
04-Apr-2018 16:49:55.311 INFORMA합ES [http-nio-8080-exec-165] org.apache.catalina.core.ApplicationContext.log Manager: start: Starting web application '/aula_jsf_1502'
04-Apr-2018 16:50:29.467 INFORMA합ES [http-nio-8080-exec-167] org.apache.catalina.core.ApplicationContext.log Manager: list: Listing contexts for virtual host 'localhost'
04-Apr-2018 16:51:17.836 INFORMA합ES [http-nio-8080-exec-4] org.apache.catalina.core.ApplicationContext.log Manager: init: Associated with Deployer 'Catalina:type=Deployer,host=localhost'
04-Apr-2018 16:51:17.837 INFORMA합ES [http-nio-8080-exec-4] org.apache.catalina.core.ApplicationContext.log Manager: init: Global resources are available
04-Apr-2018 16:51:17.876 INFORMA합ES [http-nio-8080-exec-6] org.apache.catalina.core.ApplicationContext.log Manager: list: Listing contexts for virtual host 'localhost'
04-Apr-2018 16:51:17.893 INFORMA합ES [http-nio-8080-exec-9] org.apache.catalina.core.ApplicationContext.log Manager: list: Listing contexts for virtual host 'localhost'
04-Apr-2018 16:51:17.906 INFORMA합ES [http-nio-8080-exec-1] org.apache.catalina.core.ApplicationContext.log Manager: undeploy: Undeploying web application at '/aula_jsf_1502'
04-Apr-2018 16:51:18.448 INFORMA합ES [http-nio-8080-exec-4] org.apache.catalina.core.ApplicationContext.log Manager: install: Installing context configuration at 'file:/C:/Users/047837~1/AppData/Local/Temp/context5119967547609315949.xml'
04-Apr-2018 16:51:19.594 INFORMA합ES [http-nio-8080-exec-3] org.apache.catalina.core.ApplicationContext.log Manager: start: Starting web application '/aula_jsf_1502'
04-Apr-2018 16:52:11.119 INFORMA합ES [http-nio-8080-exec-10] org.apache.catalina.core.ApplicationContext.log Manager: list: Listing contexts for virtual host 'localhost'
04-Apr-2018 16:52:26.518 INFORMA합ES [http-nio-8080-exec-19] org.apache.catalina.core.ApplicationContext.log Manager: list: Listing contexts for virtual host 'localhost'
04-Apr-2018 16:52:26.525 INFORMA합ES [http-nio-8080-exec-10] org.apache.catalina.core.ApplicationContext.log Manager: list: Listing contexts for virtual host 'localhost'
04-Apr-2018 16:52:26.536 INFORMA합ES [http-nio-8080-exec-12] org.apache.catalina.core.ApplicationContext.log Manager: undeploy: Undeploying web application at '/aula_jsf_1502'
04-Apr-2018 16:52:27.078 INFORMA합ES [http-nio-8080-exec-13] org.apache.catalina.core.ApplicationContext.log Manager: install: Installing context configuration at 'file:/C:/Users/047837~1/AppData/Local/Temp/context5850071345974909771.xml'
04-Apr-2018 16:52:28.126 INFORMA합ES [http-nio-8080-exec-14] org.apache.catalina.core.ApplicationContext.log Manager: start: Starting web application '/aula_jsf_1502'
04-Apr-2018 16:55:12.369 INFORMA합ES [http-nio-8080-exec-23] org.apache.catalina.core.ApplicationContext.log Manager: list: Listing contexts for virtual host 'localhost'
04-Apr-2018 16:55:12.383 INFORMA합ES [http-nio-8080-exec-24] org.apache.catalina.core.ApplicationContext.log Manager: stop: Stopping web application '/aula_jsf_1502'
04-Apr-2018 16:55:12.399 INFORMA합ES [http-nio-8080-exec-20] org.apache.catalina.core.ApplicationContext.log Manager: start: Starting web application '/aula_jsf_1502'
04-Apr-2018 16:55:26.265 INFORMA합ES [http-nio-8080-exec-28] org.apache.catalina.core.ApplicationContext.log Manager: list: Listing contexts for virtual host 'localhost'
04-Apr-2018 16:55:26.288 INFORMA합ES [http-nio-8080-exec-27] org.apache.catalina.core.ApplicationContext.log Manager: restart: Reloading web application '/aula_jsf_1502'
04-Apr-2018 16:55:26.971 INFORMA합ES [http-nio-8080-exec-30] org.apache.catalina.core.ApplicationContext.log Manager: list: Listing contexts for virtual host 'localhost'
04-Apr-2018 16:55:26.980 INFORMA합ES [http-nio-8080-exec-28] org.apache.catalina.core.ApplicationContext.log Manager: list: Listing contexts for virtual host 'localhost'
04-Apr-2018 16:55:27.337 INFORMA합ES [http-nio-8080-exec-25] org.apache.catalina.core.ApplicationContext.log Manager: undeploy: Undeploying web application at '/aula_jsf_1502'
04-Apr-2018 16:55:27.866 INFORMA합ES [http-nio-8080-exec-22] org.apache.catalina.core.ApplicationContext.log Manager: install: Installing context configuration at 'file:/C:/Users/047837~1/AppData/Local/Temp/context4832877819747614668.xml'
04-Apr-2018 16:55:28.744 INFORMA합ES [http-nio-8080-exec-29] org.apache.catalina.core.ApplicationContext.log Manager: start: Starting web application '/aula_jsf_1502'
04-Apr-2018 16:56:13.208 INFORMA합ES [http-nio-8080-exec-37] org.apache.catalina.core.ApplicationContext.log Manager: list: Listing contexts for virtual host 'localhost'
04-Apr-2018 16:56:13.214 INFORMA합ES [http-nio-8080-exec-30] org.apache.catalina.core.ApplicationContext.log Manager: list: Listing contexts for virtual host 'localhost'
04-Apr-2018 16:56:13.223 INFORMA합ES [http-nio-8080-exec-36] org.apache.catalina.core.ApplicationContext.log Manager: undeploy: Undeploying web application at '/aula_jsf_1502'
04-Apr-2018 16:56:13.754 INFORMA합ES [http-nio-8080-exec-32] org.apache.catalina.core.ApplicationContext.log Manager: install: Installing context configuration at 'file:/C:/Users/047837~1/AppData/Local/Temp/context5039163196199960971.xml'
04-Apr-2018 16:56:14.660 INFORMA합ES [http-nio-8080-exec-37] org.apache.catalina.core.ApplicationContext.log Manager: start: Starting web application '/aula_jsf_1502'
04-Apr-2018 16:57:37.393 INFORMA합ES [http-nio-8080-exec-42] org.apache.catalina.core.ApplicationContext.log Manager: list: Listing contexts for virtual host 'localhost'
04-Apr-2018 16:57:37.418 INFORMA합ES [http-nio-8080-exec-41] org.apache.catalina.core.ApplicationContext.log Manager: restart: Reloading web application '/aula_jsf_1502'
04-Apr-2018 16:57:38.423 INFORMA합ES [http-nio-8080-exec-40] org.apache.catalina.core.ApplicationContext.log Manager: list: Listing contexts for virtual host 'localhost'
04-Apr-2018 16:57:38.432 INFORMA합ES [http-nio-8080-exec-38] org.apache.catalina.core.ApplicationContext.log Manager: list: Listing contexts for virtual host 'localhost'
04-Apr-2018 16:57:38.552 INFORMA합ES [http-nio-8080-exec-40] org.apache.catalina.core.ApplicationContext.log Manager: undeploy: Undeploying web application at '/aula_jsf_1502'
04-Apr-2018 16:57:39.079 INFORMA합ES [http-nio-8080-exec-38] org.apache.catalina.core.ApplicationContext.log Manager: install: Installing context configuration at 'file:/C:/Users/047837~1/AppData/Local/Temp/context6493935896212287772.xml'
04-Apr-2018 16:57:40.112 INFORMA합ES [http-nio-8080-exec-33] org.apache.catalina.core.ApplicationContext.log Manager: start: Starting web application '/aula_jsf_1502'
04-Apr-2018 16:59:00.811 INFORMA합ES [http-nio-8080-exec-50] org.apache.catalina.core.ApplicationContext.log Manager: list: Listing contexts for virtual host 'localhost'
04-Apr-2018 16:59:00.833 INFORMA합ES [http-nio-8080-exec-49] org.apache.catalina.core.ApplicationContext.log Manager: stop: Stopping web application '/aula_jsf_1502'
04-Apr-2018 16:59:00.845 INFORMA합ES [http-nio-8080-exec-51] org.apache.catalina.core.ApplicationContext.log Manager: start: Starting web application '/aula_jsf_1502'
04-Apr-2018 16:59:14.709 INFORMA합ES [http-nio-8080-exec-50] org.apache.catalina.core.ApplicationContext.log Manager: list: Listing contexts for virtual host 'localhost'
04-Apr-2018 16:59:15.650 INFORMA합ES [http-nio-8080-exec-47] org.apache.catalina.core.ApplicationContext.log Manager: list: Listing contexts for virtual host 'localhost'
04-Apr-2018 16:59:15.656 INFORMA합ES [http-nio-8080-exec-41] org.apache.catalina.core.ApplicationContext.log Manager: list: Listing contexts for virtual host 'localhost'
04-Apr-2018 16:59:15.667 INFORMA합ES [http-nio-8080-exec-49] org.apache.catalina.core.ApplicationContext.log Manager: undeploy: Undeploying web application at '/aula_jsf_1502'
04-Apr-2018 16:59:16.196 INFORMA합ES [http-nio-8080-exec-51] org.apache.catalina.core.ApplicationContext.log Manager: install: Installing context configuration at 'file:/C:/Users/047837~1/AppData/Local/Temp/context7278673706976416799.xml'
04-Apr-2018 16:59:17.088 INFORMA합ES [http-nio-8080-exec-46] org.apache.catalina.core.ApplicationContext.log Manager: start: Starting web application '/aula_jsf_1502'
04-Apr-2018 16:59:41.933 INFORMA합ES [http-nio-8080-exec-58] org.apache.catalina.core.ApplicationContext.log Manager: list: Listing contexts for virtual host 'localhost'
04-Apr-2018 16:59:45.928 INFORMA합ES [http-nio-8080-exec-62] org.apache.catalina.core.ApplicationContext.log Manager: list: Listing contexts for virtual host 'localhost'
04-Apr-2018 16:59:45.935 INFORMA합ES [http-nio-8080-exec-59] org.apache.catalina.core.ApplicationContext.log Manager: list: Listing contexts for virtual host 'localhost'
04-Apr-2018 16:59:45.946 INFORMA합ES [http-nio-8080-exec-56] org.apache.catalina.core.ApplicationContext.log Manager: undeploy: Undeploying web application at '/aula_jsf_1502'
04-Apr-2018 16:59:46.475 INFORMA합ES [http-nio-8080-exec-64] org.apache.catalina.core.ApplicationContext.log Manager: install: Installing context configuration at 'file:/C:/Users/047837~1/AppData/Local/Temp/context791240013315650707.xml'
04-Apr-2018 16:59:47.330 INFORMA합ES [http-nio-8080-exec-60] org.apache.catalina.core.ApplicationContext.log Manager: start: Starting web application '/aula_jsf_1502'
04-Apr-2018 16:59:57.253 INFORMA합ES [http-nio-8080-exec-55] org.apache.catalina.core.ApplicationContext.log Manager: list: Listing contexts for virtual host 'localhost'
04-Apr-2018 16:59:58.099 INFORMA합ES [http-nio-8080-exec-58] org.apache.catalina.core.ApplicationContext.log Manager: list: Listing contexts for virtual host 'localhost'
04-Apr-2018 16:59:58.105 INFORMA합ES [http-nio-8080-exec-64] org.apache.catalina.core.ApplicationContext.log Manager: list: Listing contexts for virtual host 'localhost'
04-Apr-2018 16:59:58.115 INFORMA합ES [http-nio-8080-exec-60] org.apache.catalina.core.ApplicationContext.log Manager: undeploy: Undeploying web application at '/aula_jsf_1502'
04-Apr-2018 16:59:58.643 INFORMA합ES [http-nio-8080-exec-68] org.apache.catalina.core.ApplicationContext.log Manager: install: Installing context configuration at 'file:/C:/Users/047837~1/AppData/Local/Temp/context2192091686321277588.xml'
04-Apr-2018 16:59:59.527 INFORMA합ES [http-nio-8080-exec-64] org.apache.catalina.core.ApplicationContext.log Manager: start: Starting web application '/aula_jsf_1502'
04-Apr-2018 17:00:17.215 INFORMA합ES [http-nio-8080-exec-71] org.apache.catalina.core.ApplicationContext.log Manager: list: Listing contexts for virtual host 'localhost'
04-Apr-2018 17:00:17.222 INFORMA합ES [http-nio-8080-exec-69] org.apache.catalina.core.ApplicationContext.log Manager: list: Listing contexts for virtual host 'localhost'
04-Apr-2018 17:00:17.231 INFORMA합ES [http-nio-8080-exec-65] org.apache.catalina.core.ApplicationContext.log Manager: undeploy: Undeploying web application at '/aula_jsf_1502'
04-Apr-2018 17:00:17.760 INFORMA합ES [http-nio-8080-exec-66] org.apache.catalina.core.ApplicationContext.log Manager: install: Installing context configuration at 'file:/C:/Users/047837~1/AppData/Local/Temp/context2632279758876448988.xml'
04-Apr-2018 17:00:18.657 INFORMA합ES [http-nio-8080-exec-72] org.apache.catalina.core.ApplicationContext.log Manager: start: Starting web application '/aula_jsf_1502'
04-Apr-2018 17:00:43.117 INFORMA합ES [http-nio-8080-exec-71] org.apache.catalina.core.ApplicationContext.log Manager: list: Listing contexts for virtual host 'localhost'
04-Apr-2018 17:01:38.498 INFORMA합ES [http-nio-8080-exec-77] org.apache.catalina.core.ApplicationContext.log Manager: list: Listing contexts for virtual host 'localhost'
04-Apr-2018 17:01:38.521 INFORMA합ES [http-nio-8080-exec-80] org.apache.catalina.core.ApplicationContext.log Manager: restart: Reloading web application '/aula_jsf_1502'
04-Apr-2018 17:01:41.071 INFORMA합ES [http-nio-8080-exec-86] org.apache.catalina.core.ApplicationContext.log Manager: list: Listing contexts for virtual host 'localhost'
04-Apr-2018 17:01:41.077 INFORMA합ES [http-nio-8080-exec-81] org.apache.catalina.core.ApplicationContext.log Manager: list: Listing contexts for virtual host 'localhost'
04-Apr-2018 17:01:41.088 INFORMA합ES [http-nio-8080-exec-82] org.apache.catalina.core.ApplicationContext.log Manager: undeploy: Undeploying web application at '/aula_jsf_1502'
04-Apr-2018 17:01:41.610 INFORMA합ES [http-nio-8080-exec-84] org.apache.catalina.core.ApplicationContext.log Manager: install: Installing context configuration at 'file:/C:/Users/047837~1/AppData/Local/Temp/context1638244757359863533.xml'
04-Apr-2018 17:01:42.526 INFORMA합ES [http-nio-8080-exec-86] org.apache.catalina.core.ApplicationContext.log Manager: start: Starting web application '/aula_jsf_1502'
04-Apr-2018 17:02:48.211 INFORMA합ES [http-nio-8080-exec-91] org.apache.catalina.core.ApplicationContext.log Manager: list: Listing contexts for virtual host 'localhost'
04-Apr-2018 17:02:48.232 INFORMA합ES [http-nio-8080-exec-87] org.apache.catalina.core.ApplicationContext.log Manager: restart: Reloading web application '/aula_jsf_1502'
04-Apr-2018 17:03:01.007 INFORMA합ES [http-nio-8080-exec-90] org.apache.catalina.core.ApplicationContext.log Manager: list: Listing contexts for virtual host 'localhost'
04-Apr-2018 17:03:01.022 INFORMA합ES [http-nio-8080-exec-93] org.apache.catalina.core.ApplicationContext.log Manager: stop: Stopping web application '/aula_jsf_1502'
04-Apr-2018 17:03:01.030 INFORMA합ES [http-nio-8080-exec-97] org.apache.catalina.core.ApplicationContext.log Manager: start: Starting web application '/aula_jsf_1502'
04-Apr-2018 17:03:34.956 INFORMA합ES [http-nio-8080-exec-98] org.apache.catalina.core.ApplicationContext.log Manager: list: Listing contexts for virtual host 'localhost'
04-Apr-2018 17:03:34.963 INFORMA합ES [http-nio-8080-exec-93] org.apache.catalina.core.ApplicationContext.log Manager: list: Listing contexts for virtual host 'localhost'
04-Apr-2018 17:03:34.972 INFORMA합ES [http-nio-8080-exec-88] org.apache.catalina.core.ApplicationContext.log Manager: undeploy: Undeploying web application at '/aula_jsf_1502'
04-Apr-2018 17:03:35.495 INFORMA합ES [http-nio-8080-exec-77] org.apache.catalina.core.ApplicationContext.log Manager: install: Installing context configuration at 'file:/C:/Users/047837~1/AppData/Local/Temp/context8424051994125590078.xml'
04-Apr-2018 17:03:36.430 INFORMA합ES [http-nio-8080-exec-93] org.apache.catalina.core.ApplicationContext.log Manager: start: Starting web application '/aula_jsf_1502'
04-Apr-2018 17:04:40.555 INFORMA합ES [http-nio-8080-exec-100] org.apache.catalina.core.ApplicationContext.log Manager: list: Listing contexts for virtual host 'localhost'
04-Apr-2018 17:05:19.384 INFORMA합ES [http-nio-8080-exec-106] org.apache.catalina.core.ApplicationContext.log Manager: list: Listing contexts for virtual host 'localhost'
04-Apr-2018 17:05:19.408 INFORMA합ES [http-nio-8080-exec-104] org.apache.catalina.core.ApplicationContext.log Manager: restart: Reloading web application '/aula_jsf_1502'
04-Apr-2018 17:12:52.381 INFORMA합ES [http-nio-8080-exec-111] org.apache.catalina.core.ApplicationContext.log Manager: list: Listing contexts for virtual host 'localhost'
04-Apr-2018 17:12:52.405 INFORMA합ES [http-nio-8080-exec-112] org.apache.catalina.core.ApplicationContext.log Manager: restart: Reloading web application '/aula_jsf_1502'
04-Apr-2018 17:13:37.526 INFORMA합ES [http-nio-8080-exec-114] org.apache.catalina.core.ApplicationContext.log Manager: list: Listing contexts for virtual host 'localhost'
04-Apr-2018 17:13:37.548 INFORMA합ES [http-nio-8080-exec-113] org.apache.catalina.core.ApplicationContext.log Manager: restart: Reloading web application '/aula_jsf_1502'
04-Apr-2018 17:13:38.878 INFORMA합ES [http-nio-8080-exec-109] org.apache.catalina.core.ApplicationContext.log Manager: list: Listing contexts for virtual host 'localhost'
04-Apr-2018 17:13:38.893 INFORMA합ES [http-nio-8080-exec-114] org.apache.catalina.core.ApplicationContext.log Manager: stop: Stopping web application '/aula_jsf_1502'
04-Apr-2018 17:13:38.901 INFORMA합ES [http-nio-8080-exec-116] org.apache.catalina.core.ApplicationContext.log Manager: start: Starting web application '/aula_jsf_1502'
04-Apr-2018 17:13:40.860 INFORMA합ES [http-nio-8080-exec-121] org.apache.catalina.core.ApplicationContext.log Manager: list: Listing contexts for virtual host 'localhost'
04-Apr-2018 17:13:40.867 INFORMA합ES [http-nio-8080-exec-118] org.apache.catalina.core.ApplicationContext.log Manager: list: Listing contexts for virtual host 'localhost'
04-Apr-2018 17:13:40.877 INFORMA합ES [http-nio-8080-exec-117] org.apache.catalina.core.ApplicationContext.log Manager: undeploy: Undeploying web application at '/aula_jsf_1502'
04-Apr-2018 17:13:41.401 INFORMA합ES [http-nio-8080-exec-114] org.apache.catalina.core.ApplicationContext.log Manager: install: Installing context configuration at 'file:/C:/Users/047837~1/AppData/Local/Temp/context3750655331460926370.xml'
04-Apr-2018 17:13:42.271 INFORMA합ES [http-nio-8080-exec-116] org.apache.catalina.core.ApplicationContext.log Manager: start: Starting web application '/aula_jsf_1502'
04-Apr-2018 17:14:42.524 INFORMA합ES [http-nio-8080-exec-127] org.apache.catalina.core.ApplicationContext.log Manager: list: Listing contexts for virtual host 'localhost'
04-Apr-2018 17:14:42.544 INFORMA합ES [http-nio-8080-exec-128] org.apache.catalina.core.ApplicationContext.log Manager: restart: Reloading web application '/aula_jsf_1502'
04-Apr-2018 17:14:49.840 INFORMA합ES [http-nio-8080-exec-123] org.apache.catalina.core.ApplicationContext.log Manager: list: Listing contexts for virtual host 'localhost'
04-Apr-2018 17:14:49.861 INFORMA합ES [http-nio-8080-exec-128] org.apache.catalina.core.ApplicationContext.log Manager: restart: Reloading web application '/aula_jsf_1502'
04-Apr-2018 17:15:16.481 INFORMA합ES [http-nio-8080-exec-127] org.apache.catalina.core.ApplicationContext.log Manager: list: Listing contexts for virtual host 'localhost'
04-Apr-2018 17:15:16.503 INFORMA합ES [http-nio-8080-exec-125] org.apache.catalina.core.ApplicationContext.log Manager: restart: Reloading web application '/aula_jsf_1502'
04-Apr-2018 17:15:17.188 INFORMA합ES [http-nio-8080-exec-132] org.apache.catalina.core.ApplicationContext.log Manager: list: Listing contexts for virtual host 'localhost'
04-Apr-2018 17:15:17.194 INFORMA합ES [http-nio-8080-exec-130] org.apache.catalina.core.ApplicationContext.log Manager: list: Listing contexts for virtual host 'localhost'
04-Apr-2018 17:15:17.473 INFORMA합ES [http-nio-8080-exec-129] org.apache.catalina.core.ApplicationContext.log Manager: undeploy: Undeploying web application at '/aula_jsf_1502'
04-Apr-2018 17:15:17.994 INFORMA합ES [http-nio-8080-exec-135] org.apache.catalina.core.ApplicationContext.log Manager: install: Installing context configuration at 'file:/C:/Users/047837~1/AppData/Local/Temp/context579892644310435545.xml'
04-Apr-2018 17:15:18.937 INFORMA합ES [http-nio-8080-exec-128] org.apache.catalina.core.ApplicationContext.log Manager: start: Starting web application '/aula_jsf_1502'
04-Apr-2018 17:15:58.925 INFORMA합ES [http-nio-8080-exec-138] org.apache.catalina.core.ApplicationContext.log Manager: list: Listing contexts for virtual host 'localhost'
04-Apr-2018 17:16:00.667 INFORMA합ES [http-nio-8080-exec-140] org.apache.catalina.core.ApplicationContext.log Manager: list: Listing contexts for virtual host 'localhost'
04-Apr-2018 17:16:00.672 INFORMA합ES [http-nio-8080-exec-137] org.apache.catalina.core.ApplicationContext.log Manager: list: Listing contexts for virtual host 'localhost'
04-Apr-2018 17:16:00.684 INFORMA합ES [http-nio-8080-exec-139] org.apache.catalina.core.ApplicationContext.log Manager: undeploy: Undeploying web application at '/aula_jsf_1502'
04-Apr-2018 17:16:01.210 INFORMA합ES [http-nio-8080-exec-131] org.apache.catalina.core.ApplicationContext.log Manager: install: Installing context configuration at 'file:/C:/Users/047837~1/AppData/Local/Temp/context5158673488950814532.xml'
04-Apr-2018 17:16:02.074 INFORMA합ES [http-nio-8080-exec-138] org.apache.catalina.core.ApplicationContext.log Manager: start: Starting web application '/aula_jsf_1502'
04-Apr-2018 17:17:51.045 INFORMA합ES [http-nio-8080-exec-151] org.apache.catalina.core.ApplicationContext.log Manager: list: Listing contexts for virtual host 'localhost'
04-Apr-2018 17:17:51.069 INFORMA합ES [http-nio-8080-exec-145] org.apache.catalina.core.ApplicationContext.log Manager: restart: Reloading web application '/aula_jsf_1502'
04-Apr-2018 17:18:04.067 INFORMA합ES [http-nio-8080-exec-153] org.apache.catalina.core.ApplicationContext.log Manager: list: Listing contexts for virtual host 'localhost'
04-Apr-2018 17:18:04.091 INFORMA합ES [http-nio-8080-exec-148] org.apache.catalina.core.ApplicationContext.log Manager: restart: Reloading web application '/aula_jsf_1502'
04-Apr-2018 17:18:05.108 INFORMA합ES [http-nio-8080-exec-156] org.apache.catalina.core.ApplicationContext.log Manager: list: Listing contexts for virtual host 'localhost'
04-Apr-2018 17:18:05.115 INFORMA합ES [http-nio-8080-exec-153] org.apache.catalina.core.ApplicationContext.log Manager: list: Listing contexts for virtual host 'localhost'
04-Apr-2018 17:18:05.124 INFORMA합ES [http-nio-8080-exec-151] org.apache.catalina.core.ApplicationContext.log Manager: undeploy: Undeploying web application at '/aula_jsf_1502'
04-Apr-2018 17:18:05.649 INFORMA합ES [http-nio-8080-exec-153] org.apache.catalina.core.ApplicationContext.log Manager: install: Installing context configuration at 'file:/C:/Users/047837~1/AppData/Local/Temp/context1048444239045315232.xml'
04-Apr-2018 17:18:06.604 INFORMA합ES [http-nio-8080-exec-149] org.apache.catalina.core.ApplicationContext.log Manager: start: Starting web application '/aula_jsf_1502'
04-Apr-2018 17:19:23.763 INFORMA합ES [http-nio-8080-exec-160] org.apache.catalina.core.ApplicationContext.log Manager: list: Listing contexts for virtual host 'localhost'
04-Apr-2018 17:19:28.543 INFORMA합ES [http-nio-8080-exec-161] org.apache.catalina.core.ApplicationContext.log Manager: list: Listing contexts for virtual host 'localhost'
04-Apr-2018 17:19:28.549 INFORMA합ES [http-nio-8080-exec-162] org.apache.catalina.core.ApplicationContext.log Manager: list: Listing contexts for virtual host 'localhost'
04-Apr-2018 17:19:28.559 INFORMA합ES [http-nio-8080-exec-158] org.apache.catalina.core.ApplicationContext.log Manager: undeploy: Undeploying web application at '/aula_jsf_1502'
04-Apr-2018 17:19:29.082 INFORMA합ES [http-nio-8080-exec-160] org.apache.catalina.core.ApplicationContext.log Manager: install: Installing context configuration at 'file:/C:/Users/047837~1/AppData/Local/Temp/context7373879707841251807.xml'
04-Apr-2018 17:19:29.934 INFORMA합ES [http-nio-8080-exec-163] org.apache.catalina.core.ApplicationContext.log Manager: start: Starting web application '/aula_jsf_1502'
04-Apr-2018 17:20:06.354 INFORMA합ES [http-nio-8080-exec-164] org.apache.catalina.core.ApplicationContext.log Manager: list: Listing contexts for virtual host 'localhost'
04-Apr-2018 17:20:06.376 INFORMA합ES [http-nio-8080-exec-171] org.apache.catalina.core.ApplicationContext.log Manager: restart: Reloading web application '/aula_jsf_1502'
04-Apr-2018 17:20:14.419 INFORMA합ES [http-nio-8080-exec-175] org.apache.catalina.core.ApplicationContext.log Manager: list: Listing contexts for virtual host 'localhost'
04-Apr-2018 17:20:14.425 INFORMA합ES [http-nio-8080-exec-173] org.apache.catalina.core.ApplicationContext.log Manager: list: Listing contexts for virtual host 'localhost'
04-Apr-2018 17:20:14.437 INFORMA합ES [http-nio-8080-exec-169] org.apache.catalina.core.ApplicationContext.log Manager: undeploy: Undeploying web application at '/aula_jsf_1502'
04-Apr-2018 17:20:14.785 INFORMA합ES [http-nio-8080-exec-171] org.apache.catalina.core.ApplicationContext.log Manager: list: Listing contexts for virtual host 'localhost'
04-Apr-2018 17:20:14.955 INFORMA합ES [http-nio-8080-exec-174] org.apache.catalina.core.ApplicationContext.log Manager: restart: Reloading web application '/aula_jsf_1502'
04-Apr-2018 17:20:14.965 INFORMA합ES [http-nio-8080-exec-173] org.apache.catalina.core.ApplicationContext.log Manager: install: Installing context configuration at 'file:/C:/Users/047837~1/AppData/Local/Temp/context317687566172623243.xml'
04-Apr-2018 17:20:15.842 INFORMA합ES [http-nio-8080-exec-168] org.apache.catalina.core.ApplicationContext.log Manager: start: Starting web application '/aula_jsf_1502'
04-Apr-2018 17:21:43.665 INFORMA합ES [http-nio-8080-exec-181] org.apache.catalina.core.ApplicationContext.log Manager: list: Listing contexts for virtual host 'localhost'
04-Apr-2018 17:21:43.671 INFORMA합ES [http-nio-8080-exec-178] org.apache.catalina.core.ApplicationContext.log Manager: list: Listing contexts for virtual host 'localhost'
04-Apr-2018 17:21:43.680 INFORMA합ES [http-nio-8080-exec-177] org.apache.catalina.core.ApplicationContext.log Manager: undeploy: Undeploying web application at '/aula_jsf_1502'
04-Apr-2018 17:21:44.202 INFORMA합ES [http-nio-8080-exec-182] org.apache.catalina.core.ApplicationContext.log Manager: install: Installing context configuration at 'file:/C:/Users/047837~1/AppData/Local/Temp/context6038384845430729422.xml'
04-Apr-2018 17:21:45.086 INFORMA합ES [http-nio-8080-exec-185] org.apache.catalina.core.ApplicationContext.log Manager: start: Starting web application '/aula_jsf_1502'
04-Apr-2018 17:22:09.795 INFORMA합ES [http-nio-8080-exec-186] org.apache.catalina.core.ApplicationContext.log Manager: list: Listing contexts for virtual host 'localhost'
04-Apr-2018 17:22:09.816 INFORMA합ES [http-nio-8080-exec-183] org.apache.catalina.core.ApplicationContext.log Manager: restart: Reloading web application '/aula_jsf_1502'
04-Apr-2018 17:22:11.102 INFORMA합ES [http-nio-8080-exec-188] org.apache.catalina.core.ApplicationContext.log Manager: list: Listing contexts for virtual host 'localhost'
04-Apr-2018 17:22:11.110 INFORMA합ES [http-nio-8080-exec-186] org.apache.catalina.core.ApplicationContext.log Manager: list: Listing contexts for virtual host 'localhost'
04-Apr-2018 17:22:11.123 INFORMA합ES [http-nio-8080-exec-184] org.apache.catalina.core.ApplicationContext.log Manager: undeploy: Undeploying web application at '/aula_jsf_1502'
04-Apr-2018 17:22:11.642 INFORMA합ES [http-nio-8080-exec-183] org.apache.catalina.core.ApplicationContext.log Manager: install: Installing context configuration at 'file:/C:/Users/047837~1/AppData/Local/Temp/context1309452768440424437.xml'
04-Apr-2018 17:22:12.593 INFORMA합ES [http-nio-8080-exec-185] org.apache.catalina.core.ApplicationContext.log Manager: start: Starting web application '/aula_jsf_1502'
04-Apr-2018 17:24:08.846 INFORMA합ES [http-nio-8080-exec-193] org.apache.catalina.core.ApplicationContext.log Manager: list: Listing contexts for virtual host 'localhost'
04-Apr-2018 17:24:08.870 INFORMA합ES [http-nio-8080-exec-196] org.apache.catalina.core.ApplicationContext.log Manager: restart: Reloading web application '/aula_jsf_1502'
04-Apr-2018 17:24:56.984 INFORMA합ES [http-nio-8080-exec-190] org.apache.catalina.core.ApplicationContext.log Manager: list: Listing contexts for virtual host 'localhost'
04-Apr-2018 17:24:57.007 INFORMA합ES [http-nio-8080-exec-202] org.apache.catalina.core.ApplicationContext.log Manager: restart: Reloading web application '/aula_jsf_1502'
04-Apr-2018 17:25:22.184 INFORMA합ES [http-nio-8080-exec-200] org.apache.catalina.core.ApplicationContext.log Manager: list: Listing contexts for virtual host 'localhost'
04-Apr-2018 17:25:22.205 INFORMA합ES [http-nio-8080-exec-205] org.apache.catalina.core.ApplicationContext.log Manager: restart: Reloading web application '/aula_jsf_1502'
04-Apr-2018 17:25:23.223 INFORMA합ES [http-nio-8080-exec-206] org.apache.catalina.core.ApplicationContext.log Manager: list: Listing contexts for virtual host 'localhost'
04-Apr-2018 17:25:23.228 INFORMA합ES [http-nio-8080-exec-190] org.apache.catalina.core.ApplicationContext.log Manager: list: Listing contexts for virtual host 'localhost'
04-Apr-2018 17:25:23.237 INFORMA합ES [http-nio-8080-exec-200] org.apache.catalina.core.ApplicationContext.log Manager: undeploy: Undeploying web application at '/aula_jsf_1502'
04-Apr-2018 17:25:23.761 INFORMA합ES [http-nio-8080-exec-190] org.apache.catalina.core.ApplicationContext.log Manager: install: Installing context configuration at 'file:/C:/Users/047837~1/AppData/Local/Temp/context6112194911642183128.xml'
04-Apr-2018 17:25:24.720 INFORMA합ES [http-nio-8080-exec-193] org.apache.catalina.core.ApplicationContext.log Manager: start: Starting web application '/aula_jsf_1502'
04-Apr-2018 17:27:19.484 INFORMA합ES [http-nio-8080-exec-214] org.apache.catalina.core.ApplicationContext.log Manager: list: Listing contexts for virtual host 'localhost'
04-Apr-2018 17:27:19.504 INFORMA합ES [http-nio-8080-exec-211] org.apache.catalina.core.ApplicationContext.log Manager: restart: Reloading web application '/aula_jsf_1502'
04-Apr-2018 17:27:21.941 INFORMA합ES [http-nio-8080-exec-221] org.apache.catalina.core.ApplicationContext.log Manager: list: Listing contexts for virtual host 'localhost'
04-Apr-2018 17:27:21.946 INFORMA합ES [http-nio-8080-exec-210] org.apache.catalina.core.ApplicationContext.log Manager: list: Listing contexts for virtual host 'localhost'
04-Apr-2018 17:27:21.956 INFORMA합ES [http-nio-8080-exec-219] org.apache.catalina.core.ApplicationContext.log Manager: undeploy: Undeploying web application at '/aula_jsf_1502'
04-Apr-2018 17:27:22.481 INFORMA합ES [http-nio-8080-exec-210] org.apache.catalina.core.ApplicationContext.log Manager: install: Installing context configuration at 'file:/C:/Users/047837~1/AppData/Local/Temp/context891955989250457356.xml'
04-Apr-2018 17:27:23.368 INFORMA합ES [http-nio-8080-exec-218] org.apache.catalina.core.ApplicationContext.log Manager: start: Starting web application '/aula_jsf_1502'
04-Apr-2018 17:27:57.183 INFORMA합ES [http-nio-8080-exec-212] org.apache.catalina.core.ApplicationContext.log Manager: list: Listing contexts for virtual host 'localhost'
04-Apr-2018 17:27:57.216 INFORMA합ES [http-nio-8080-exec-224] org.apache.catalina.core.ApplicationContext.log Manager: restart: Reloading web application '/aula_jsf_1502'
04-Apr-2018 17:27:58.620 INFORMA합ES [http-nio-8080-exec-228] org.apache.catalina.core.ApplicationContext.log Manager: list: Listing contexts for virtual host 'localhost'
04-Apr-2018 17:27:58.626 INFORMA합ES [http-nio-8080-exec-216] org.apache.catalina.core.ApplicationContext.log Manager: list: Listing contexts for virtual host 'localhost'
04-Apr-2018 17:27:58.636 INFORMA합ES [http-nio-8080-exec-222] org.apache.catalina.core.ApplicationContext.log Manager: undeploy: Undeploying web application at '/aula_jsf_1502'
04-Apr-2018 17:27:59.159 INFORMA합ES [http-nio-8080-exec-223] org.apache.catalina.core.ApplicationContext.log Manager: install: Installing context configuration at 'file:/C:/Users/047837~1/AppData/Local/Temp/context4698432338382916383.xml'
04-Apr-2018 17:28:00.080 INFORMA합ES [http-nio-8080-exec-228] org.apache.catalina.core.ApplicationContext.log Manager: start: Starting web application '/aula_jsf_1502'
04-Apr-2018 17:29:12.013 INFORMA합ES [http-nio-8080-exec-233] org.apache.catalina.core.ApplicationContext.log Manager: list: Listing contexts for virtual host 'localhost'
04-Apr-2018 17:29:12.034 INFORMA합ES [http-nio-8080-exec-235] org.apache.catalina.core.ApplicationContext.log Manager: restart: Reloading web application '/aula_jsf_1502'
04-Apr-2018 17:29:13.719 INFORMA합ES [http-nio-8080-exec-239] org.apache.catalina.core.ApplicationContext.log Manager: list: Listing contexts for virtual host 'localhost'
04-Apr-2018 17:29:13.725 INFORMA합ES [http-nio-8080-exec-233] org.apache.catalina.core.ApplicationContext.log Manager: list: Listing contexts for virtual host 'localhost'
04-Apr-2018 17:29:13.735 INFORMA합ES [http-nio-8080-exec-230] org.apache.catalina.core.ApplicationContext.log Manager: undeploy: Undeploying web application at '/aula_jsf_1502'
04-Apr-2018 17:29:14.259 INFORMA합ES [http-nio-8080-exec-231] org.apache.catalina.core.ApplicationContext.log Manager: install: Installing context configuration at 'file:/C:/Users/047837~1/AppData/Local/Temp/context6502232387519567694.xml'
04-Apr-2018 17:29:15.130 INFORMA합ES [http-nio-8080-exec-239] org.apache.catalina.core.ApplicationContext.log Manager: start: Starting web application '/aula_jsf_1502'
04-Apr-2018 17:33:17.889 INFORMA합ES [http-nio-8080-exec-240] org.apache.catalina.core.ApplicationContext.log Manager: list: Listing contexts for virtual host 'localhost'
04-Apr-2018 17:33:17.911 INFORMA합ES [http-nio-8080-exec-244] org.apache.catalina.core.ApplicationContext.log Manager: restart: Reloading web application '/aula_jsf_1502'
04-Apr-2018 17:33:29.739 INFORMA합ES [http-nio-8080-exec-243] org.apache.catalina.core.ApplicationContext.log Manager: list: Listing contexts for virtual host 'localhost'
04-Apr-2018 17:33:29.767 INFORMA합ES [http-nio-8080-exec-241] org.apache.catalina.core.ApplicationContext.log Manager: restart: Reloading web application '/aula_jsf_1502'
