26-Apr-2018 12:55:35.214 INFORMA합ES [http-nio-8080-exec-5] org.apache.catalina.core.ApplicationContext.log Manager: init: Associated with Deployer 'Catalina:type=Deployer,host=localhost'
26-Apr-2018 12:55:35.214 INFORMA합ES [http-nio-8080-exec-5] org.apache.catalina.core.ApplicationContext.log Manager: init: Global resources are available
26-Apr-2018 12:55:35.551 INFORMA합ES [http-nio-8080-exec-10] org.apache.catalina.core.ApplicationContext.log Manager: list: Listing contexts for virtual host 'localhost'
26-Apr-2018 12:55:35.606 INFORMA합ES [http-nio-8080-exec-1] org.apache.catalina.core.ApplicationContext.log Manager: undeploy: Undeploying web application at '/truco'
26-Apr-2018 12:55:36.146 INFORMA합ES [http-nio-8080-exec-10] org.apache.catalina.core.ApplicationContext.log Manager: install: Installing context configuration at 'file:/C:/Users/047837~1/AppData/Local/Temp/context1206269774867693009.xml'
26-Apr-2018 12:55:37.583 INFORMA합ES [http-nio-8080-exec-6] org.apache.catalina.core.ApplicationContext.log Manager: start: Starting web application '/truco'
26-Apr-2018 12:55:51.791 INFORMA합ES [http-nio-8080-exec-3] org.apache.catalina.core.ApplicationContext.log Manager: list: Listing contexts for virtual host 'localhost'
26-Apr-2018 12:55:51.797 INFORMA합ES [http-nio-8080-exec-2] org.apache.catalina.core.ApplicationContext.log Manager: list: Listing contexts for virtual host 'localhost'
26-Apr-2018 12:55:51.813 INFORMA합ES [http-nio-8080-exec-13] org.apache.catalina.core.ApplicationContext.log Manager: undeploy: Undeploying web application at '/truco'
26-Apr-2018 12:55:52.348 INFORMA합ES [http-nio-8080-exec-5] org.apache.catalina.core.ApplicationContext.log Manager: install: Installing context configuration at 'file:/C:/Users/047837~1/AppData/Local/Temp/context6422937067241488115.xml'
26-Apr-2018 12:55:53.782 INFORMA합ES [http-nio-8080-exec-14] org.apache.catalina.core.ApplicationContext.log Manager: start: Starting web application '/truco'
26-Apr-2018 12:58:00.286 INFORMA합ES [http-nio-8080-exec-18] org.apache.catalina.core.ApplicationContext.log Manager: list: Listing contexts for virtual host 'localhost'
26-Apr-2018 12:58:00.305 INFORMA합ES [http-nio-8080-exec-19] org.apache.catalina.core.ApplicationContext.log Manager: restart: Reloading web application '/truco'
26-Apr-2018 12:59:40.699 INFORMA합ES [http-nio-8080-exec-18] org.apache.catalina.core.ApplicationContext.log Manager: list: Listing contexts for virtual host 'localhost'
26-Apr-2018 12:59:40.710 INFORMA합ES [http-nio-8080-exec-24] org.apache.catalina.core.ApplicationContext.log Manager: restart: Reloading web application '/truco'
26-Apr-2018 12:59:48.234 INFORMA합ES [http-nio-8080-exec-25] org.apache.catalina.core.ApplicationContext.log Manager: list: Listing contexts for virtual host 'localhost'
26-Apr-2018 12:59:48.240 INFORMA합ES [http-nio-8080-exec-18] org.apache.catalina.core.ApplicationContext.log Manager: list: Listing contexts for virtual host 'localhost'
26-Apr-2018 12:59:48.253 INFORMA합ES [http-nio-8080-exec-20] org.apache.catalina.core.ApplicationContext.log Manager: undeploy: Undeploying web application at '/truco'
26-Apr-2018 12:59:48.788 INFORMA합ES [http-nio-8080-exec-18] org.apache.catalina.core.ApplicationContext.log Manager: install: Installing context configuration at 'file:/C:/Users/047837~1/AppData/Local/Temp/context133657183261262399.xml'
26-Apr-2018 12:59:49.996 INFORMA합ES [http-nio-8080-exec-29] org.apache.catalina.core.ApplicationContext.log Manager: start: Starting web application '/truco'
26-Apr-2018 13:00:56.411 INFORMA합ES [http-nio-8080-exec-33] org.apache.catalina.core.ApplicationContext.log Manager: list: Listing contexts for virtual host 'localhost'
26-Apr-2018 13:00:56.420 INFORMA합ES [http-nio-8080-exec-34] org.apache.catalina.core.ApplicationContext.log Manager: restart: Reloading web application '/truco'
26-Apr-2018 13:00:58.432 INFORMA합ES [http-nio-8080-exec-33] org.apache.catalina.core.ApplicationContext.log Manager: list: Listing contexts for virtual host 'localhost'
26-Apr-2018 13:00:58.438 INFORMA합ES [http-nio-8080-exec-32] org.apache.catalina.core.ApplicationContext.log Manager: list: Listing contexts for virtual host 'localhost'
26-Apr-2018 13:00:58.450 INFORMA합ES [http-nio-8080-exec-36] org.apache.catalina.core.ApplicationContext.log Manager: undeploy: Undeploying web application at '/truco'
26-Apr-2018 13:00:58.980 INFORMA합ES [http-nio-8080-exec-30] org.apache.catalina.core.ApplicationContext.log Manager: install: Installing context configuration at 'file:/C:/Users/047837~1/AppData/Local/Temp/context3917151022719682058.xml'
26-Apr-2018 13:01:00.173 INFORMA합ES [http-nio-8080-exec-33] org.apache.catalina.core.ApplicationContext.log Manager: start: Starting web application '/truco'
26-Apr-2018 13:01:27.217 INFORMA합ES [http-nio-8080-exec-9] org.apache.catalina.core.ApplicationContext.log Manager: list: Listing contexts for virtual host 'localhost'
26-Apr-2018 13:01:27.226 INFORMA합ES [http-nio-8080-exec-43] org.apache.catalina.core.ApplicationContext.log Manager: restart: Reloading web application '/truco'
26-Apr-2018 13:01:37.180 INFORMA합ES [http-nio-8080-exec-39] org.apache.catalina.core.ApplicationContext.log Manager: list: Listing contexts for virtual host 'localhost'
26-Apr-2018 13:01:37.189 INFORMA합ES [http-nio-8080-exec-41] org.apache.catalina.core.ApplicationContext.log Manager: restart: Reloading web application '/truco'
26-Apr-2018 13:01:37.977 INFORMA합ES [http-nio-8080-exec-38] org.apache.catalina.core.ApplicationContext.log Manager: list: Listing contexts for virtual host 'localhost'
26-Apr-2018 13:01:37.982 INFORMA합ES [http-nio-8080-exec-45] org.apache.catalina.core.ApplicationContext.log Manager: list: Listing contexts for virtual host 'localhost'
26-Apr-2018 13:01:38.517 INFORMA합ES [http-nio-8080-exec-23] org.apache.catalina.core.ApplicationContext.log Manager: undeploy: Undeploying web application at '/truco'
26-Apr-2018 13:01:39.045 INFORMA합ES [http-nio-8080-exec-37] org.apache.catalina.core.ApplicationContext.log Manager: install: Installing context configuration at 'file:/C:/Users/047837~1/AppData/Local/Temp/context2123211488855317275.xml'
26-Apr-2018 13:01:40.250 INFORMA합ES [http-nio-8080-exec-45] org.apache.catalina.core.ApplicationContext.log Manager: start: Starting web application '/truco'
26-Apr-2018 13:04:04.692 INFORMA합ES [http-nio-8080-exec-50] org.apache.catalina.core.ApplicationContext.log Manager: list: Listing contexts for virtual host 'localhost'
26-Apr-2018 13:04:04.713 INFORMA합ES [http-nio-8080-exec-49] org.apache.catalina.core.ApplicationContext.log Manager: restart: Reloading web application '/truco'
26-Apr-2018 13:04:13.726 INFORMA합ES [http-nio-8080-exec-39] org.apache.catalina.core.ApplicationContext.log Manager: list: Listing contexts for virtual host 'localhost'
26-Apr-2018 13:04:13.726 INFORMA합ES [http-nio-8080-exec-48] org.apache.catalina.core.ApplicationContext.log Manager: list: Listing contexts for virtual host 'localhost'
26-Apr-2018 13:04:13.742 INFORMA합ES [http-nio-8080-exec-52] org.apache.catalina.core.ApplicationContext.log Manager: undeploy: Undeploying web application at '/truco'
26-Apr-2018 13:04:14.273 INFORMA합ES [http-nio-8080-exec-50] org.apache.catalina.core.ApplicationContext.log Manager: install: Installing context configuration at 'file:/C:/Users/047837~1/AppData/Local/Temp/context8086733522634136262.xml'
26-Apr-2018 13:04:15.528 INFORMA합ES [http-nio-8080-exec-48] org.apache.catalina.core.ApplicationContext.log Manager: start: Starting web application '/truco'
26-Apr-2018 13:06:46.521 INFORMA합ES [http-nio-8080-exec-61] org.apache.catalina.core.ApplicationContext.log Manager: list: Listing contexts for virtual host 'localhost'
26-Apr-2018 13:06:46.527 INFORMA합ES [http-nio-8080-exec-60] org.apache.catalina.core.ApplicationContext.log Manager: restart: Reloading web application '/truco'
26-Apr-2018 13:07:32.360 INFORMA합ES [http-nio-8080-exec-58] org.apache.catalina.core.ApplicationContext.log Manager: list: Listing contexts for virtual host 'localhost'
26-Apr-2018 13:07:32.360 INFORMA합ES [http-nio-8080-exec-63] org.apache.catalina.core.ApplicationContext.log Manager: list: Listing contexts for virtual host 'localhost'
26-Apr-2018 13:07:32.376 INFORMA합ES [http-nio-8080-exec-47] org.apache.catalina.core.ApplicationContext.log Manager: undeploy: Undeploying web application at '/truco'
26-Apr-2018 13:07:32.914 INFORMA합ES [http-nio-8080-exec-58] org.apache.catalina.core.ApplicationContext.log Manager: install: Installing context configuration at 'file:/C:/Users/047837~1/AppData/Local/Temp/context7509893825571867129.xml'
26-Apr-2018 13:07:34.129 INFORMA합ES [http-nio-8080-exec-66] org.apache.catalina.core.ApplicationContext.log Manager: start: Starting web application '/truco'
26-Apr-2018 13:12:56.747 INFORMA합ES [http-nio-8080-exec-70] org.apache.catalina.core.ApplicationContext.log Manager: list: Listing contexts for virtual host 'localhost'
26-Apr-2018 13:12:56.747 INFORMA합ES [http-nio-8080-exec-67] org.apache.catalina.core.ApplicationContext.log Manager: restart: Reloading web application '/truco'
26-Apr-2018 13:12:58.664 INFORMA합ES [http-nio-8080-exec-73] org.apache.catalina.core.ApplicationContext.log Manager: list: Listing contexts for virtual host 'localhost'
26-Apr-2018 13:12:58.664 INFORMA합ES [http-nio-8080-exec-70] org.apache.catalina.core.ApplicationContext.log Manager: list: Listing contexts for virtual host 'localhost'
26-Apr-2018 13:12:58.683 INFORMA합ES [http-nio-8080-exec-76] org.apache.catalina.core.ApplicationContext.log Manager: undeploy: Undeploying web application at '/truco'
26-Apr-2018 13:12:59.202 INFORMA합ES [http-nio-8080-exec-72] org.apache.catalina.core.ApplicationContext.log Manager: install: Installing context configuration at 'file:/C:/Users/047837~1/AppData/Local/Temp/context1726864016177931497.xml'
26-Apr-2018 13:13:00.488 INFORMA합ES [http-nio-8080-exec-68] org.apache.catalina.core.ApplicationContext.log Manager: start: Starting web application '/truco'
26-Apr-2018 13:13:40.679 INFORMA합ES [http-nio-8080-exec-74] org.apache.catalina.core.ApplicationContext.log Manager: list: Listing contexts for virtual host 'localhost'
26-Apr-2018 13:13:40.679 INFORMA합ES [http-nio-8080-exec-83] org.apache.catalina.core.ApplicationContext.log Manager: restart: Reloading web application '/truco'
26-Apr-2018 13:14:33.520 INFORMA합ES [http-nio-8080-exec-80] org.apache.catalina.core.ApplicationContext.log Manager: list: Listing contexts for virtual host 'localhost'
26-Apr-2018 13:14:33.520 INFORMA합ES [http-nio-8080-exec-71] org.apache.catalina.core.ApplicationContext.log Manager: restart: Reloading web application '/truco'
26-Apr-2018 13:14:38.322 INFORMA합ES [http-nio-8080-exec-81] org.apache.catalina.core.ApplicationContext.log Manager: list: Listing contexts for virtual host 'localhost'
26-Apr-2018 13:14:38.322 INFORMA합ES [http-nio-8080-exec-74] org.apache.catalina.core.ApplicationContext.log Manager: list: Listing contexts for virtual host 'localhost'
26-Apr-2018 13:14:38.338 INFORMA합ES [http-nio-8080-exec-75] org.apache.catalina.core.ApplicationContext.log Manager: undeploy: Undeploying web application at '/truco'
26-Apr-2018 13:14:38.869 INFORMA합ES [http-nio-8080-exec-81] org.apache.catalina.core.ApplicationContext.log Manager: install: Installing context configuration at 'file:/C:/Users/047837~1/AppData/Local/Temp/context6936001273867855609.xml'
26-Apr-2018 13:14:40.053 INFORMA합ES [http-nio-8080-exec-87] org.apache.catalina.core.ApplicationContext.log Manager: start: Starting web application '/truco'
26-Apr-2018 13:16:19.346 INFORMA합ES [http-nio-8080-exec-90] org.apache.catalina.core.ApplicationContext.log Manager: list: Listing contexts for virtual host 'localhost'
26-Apr-2018 13:16:19.348 INFORMA합ES [http-nio-8080-exec-91] org.apache.catalina.core.ApplicationContext.log Manager: restart: Reloading web application '/truco'
26-Apr-2018 13:16:28.939 INFORMA합ES [http-nio-8080-exec-86] org.apache.catalina.core.ApplicationContext.log Manager: list: Listing contexts for virtual host 'localhost'
26-Apr-2018 13:16:28.939 INFORMA합ES [http-nio-8080-exec-94] org.apache.catalina.core.ApplicationContext.log Manager: restart: Reloading web application '/truco'
26-Apr-2018 13:17:05.694 INFORMA합ES [http-nio-8080-exec-86] org.apache.catalina.core.ApplicationContext.log Manager: list: Listing contexts for virtual host 'localhost'
26-Apr-2018 13:17:05.694 INFORMA합ES [http-nio-8080-exec-93] org.apache.catalina.core.ApplicationContext.log Manager: restart: Reloading web application '/truco'
26-Apr-2018 13:17:07.513 INFORMA합ES [http-nio-8080-exec-90] org.apache.catalina.core.ApplicationContext.log Manager: list: Listing contexts for virtual host 'localhost'
26-Apr-2018 13:17:07.513 INFORMA합ES [http-nio-8080-exec-88] org.apache.catalina.core.ApplicationContext.log Manager: list: Listing contexts for virtual host 'localhost'
26-Apr-2018 13:17:07.528 INFORMA합ES [http-nio-8080-exec-96] org.apache.catalina.core.ApplicationContext.log Manager: undeploy: Undeploying web application at '/truco'
26-Apr-2018 13:17:08.029 INFORMA합ES [http-nio-8080-exec-97] org.apache.catalina.core.ApplicationContext.log Manager: install: Installing context configuration at 'file:/C:/Users/047837~1/AppData/Local/Temp/context2630712638678156893.xml'
26-Apr-2018 13:17:09.161 INFORMA합ES [http-nio-8080-exec-88] org.apache.catalina.core.ApplicationContext.log Manager: start: Starting web application '/truco'
26-Apr-2018 13:37:11.104 INFORMA합ES [http-nio-8080-exec-103] org.apache.catalina.core.ApplicationContext.log Manager: list: Listing contexts for virtual host 'localhost'
26-Apr-2018 13:37:11.104 INFORMA합ES [http-nio-8080-exec-100] org.apache.catalina.core.ApplicationContext.log Manager: restart: Reloading web application '/truco'
26-Apr-2018 13:52:55.098 INFORMA합ES [http-nio-8080-exec-116] org.apache.catalina.core.ApplicationContext.log Manager: list: Listing contexts for virtual host 'localhost'
26-Apr-2018 13:52:55.116 INFORMA합ES [http-nio-8080-exec-117] org.apache.catalina.core.ApplicationContext.log Manager: list: Listing contexts for virtual host 'localhost'
26-Apr-2018 13:52:55.120 INFORMA합ES [http-nio-8080-exec-118] org.apache.catalina.core.ApplicationContext.log Manager: undeploy: Undeploying web application at '/truco'
26-Apr-2018 13:52:55.652 INFORMA합ES [http-nio-8080-exec-110] org.apache.catalina.core.ApplicationContext.log Manager: install: Installing context configuration at 'file:/C:/Users/047837~1/AppData/Local/Temp/context1195853459795298615.xml'
26-Apr-2018 13:52:56.970 INFORMA합ES [http-nio-8080-exec-112] org.apache.catalina.core.ApplicationContext.log Manager: start: Starting web application '/truco'
26-Apr-2018 13:59:56.416 INFORMA합ES [http-nio-8080-exec-122] org.apache.catalina.core.ApplicationContext.log Manager: list: Listing contexts for virtual host 'localhost'
26-Apr-2018 13:59:56.416 INFORMA합ES [http-nio-8080-exec-123] org.apache.catalina.core.ApplicationContext.log Manager: restart: Reloading web application '/truco'
26-Apr-2018 14:00:33.180 INFORMA합ES [http-nio-8080-exec-120] org.apache.catalina.core.ApplicationContext.log Manager: list: Listing contexts for virtual host 'localhost'
26-Apr-2018 14:00:33.201 INFORMA합ES [http-nio-8080-exec-129] org.apache.catalina.core.ApplicationContext.log Manager: restart: Reloading web application '/truco'
26-Apr-2018 14:00:38.983 INFORMA합ES [http-nio-8080-exec-121] org.apache.catalina.core.ApplicationContext.log Manager: list: Listing contexts for virtual host 'localhost'
26-Apr-2018 14:00:38.983 INFORMA합ES [http-nio-8080-exec-120] org.apache.catalina.core.ApplicationContext.log Manager: list: Listing contexts for virtual host 'localhost'
26-Apr-2018 14:00:39.005 INFORMA합ES [http-nio-8080-exec-130] org.apache.catalina.core.ApplicationContext.log Manager: undeploy: Undeploying web application at '/truco'
26-Apr-2018 14:00:39.512 INFORMA합ES [http-nio-8080-exec-132] org.apache.catalina.core.ApplicationContext.log Manager: install: Installing context configuration at 'file:/C:/Users/047837~1/AppData/Local/Temp/context2895306573757270730.xml'
26-Apr-2018 14:00:40.660 INFORMA합ES [http-nio-8080-exec-131] org.apache.catalina.core.ApplicationContext.log Manager: start: Starting web application '/truco'
26-Apr-2018 14:01:15.230 INFORMA합ES [http-nio-8080-exec-131] org.apache.catalina.core.ApplicationContext.log Manager: list: Listing contexts for virtual host 'localhost'
26-Apr-2018 14:01:15.246 INFORMA합ES [http-nio-8080-exec-121] org.apache.catalina.core.ApplicationContext.log Manager: restart: Reloading web application '/truco'
26-Apr-2018 14:01:16.344 INFORMA합ES [http-nio-8080-exec-138] org.apache.catalina.core.ApplicationContext.log Manager: list: Listing contexts for virtual host 'localhost'
26-Apr-2018 14:01:16.350 INFORMA합ES [http-nio-8080-exec-131] org.apache.catalina.core.ApplicationContext.log Manager: list: Listing contexts for virtual host 'localhost'
26-Apr-2018 14:01:16.593 INFORMA합ES [http-nio-8080-exec-137] org.apache.catalina.core.ApplicationContext.log Manager: undeploy: Undeploying web application at '/truco'
26-Apr-2018 14:01:17.115 INFORMA합ES [http-nio-8080-exec-131] org.apache.catalina.core.ApplicationContext.log Manager: install: Installing context configuration at 'file:/C:/Users/047837~1/AppData/Local/Temp/context8882489871760615602.xml'
26-Apr-2018 14:01:18.453 INFORMA합ES [http-nio-8080-exec-121] org.apache.catalina.core.ApplicationContext.log Manager: start: Starting web application '/truco'
26-Apr-2018 14:02:26.614 INFORMA합ES [http-nio-8080-exec-143] org.apache.catalina.core.ApplicationContext.log Manager: list: Listing contexts for virtual host 'localhost'
26-Apr-2018 14:02:26.629 INFORMA합ES [http-nio-8080-exec-142] org.apache.catalina.core.ApplicationContext.log Manager: restart: Reloading web application '/truco'
26-Apr-2018 14:02:28.099 INFORMA합ES [http-nio-8080-exec-146] org.apache.catalina.core.ApplicationContext.log Manager: list: Listing contexts for virtual host 'localhost'
26-Apr-2018 14:02:28.115 INFORMA합ES [http-nio-8080-exec-144] org.apache.catalina.core.ApplicationContext.log Manager: list: Listing contexts for virtual host 'localhost'
26-Apr-2018 14:02:28.131 INFORMA합ES [http-nio-8080-exec-139] org.apache.catalina.core.ApplicationContext.log Manager: undeploy: Undeploying web application at '/truco'
26-Apr-2018 14:02:28.632 INFORMA합ES [http-nio-8080-exec-120] org.apache.catalina.core.ApplicationContext.log Manager: install: Installing context configuration at 'file:/C:/Users/047837~1/AppData/Local/Temp/context2289577394635406139.xml'
26-Apr-2018 14:02:29.832 INFORMA합ES [http-nio-8080-exec-140] org.apache.catalina.core.ApplicationContext.log Manager: start: Starting web application '/truco'
26-Apr-2018 14:03:03.036 INFORMA합ES [http-nio-8080-exec-142] org.apache.catalina.core.ApplicationContext.log Manager: list: Listing contexts for virtual host 'localhost'
26-Apr-2018 14:03:03.052 INFORMA합ES [http-nio-8080-exec-140] org.apache.catalina.core.ApplicationContext.log Manager: restart: Reloading web application '/truco'
26-Apr-2018 14:03:04.185 INFORMA합ES [http-nio-8080-exec-150] org.apache.catalina.core.ApplicationContext.log Manager: list: Listing contexts for virtual host 'localhost'
26-Apr-2018 14:03:04.185 INFORMA합ES [http-nio-8080-exec-142] org.apache.catalina.core.ApplicationContext.log Manager: list: Listing contexts for virtual host 'localhost'
26-Apr-2018 14:03:04.355 INFORMA합ES [http-nio-8080-exec-148] org.apache.catalina.core.ApplicationContext.log Manager: undeploy: Undeploying web application at '/truco'
26-Apr-2018 14:03:04.871 INFORMA합ES [http-nio-8080-exec-149] org.apache.catalina.core.ApplicationContext.log Manager: install: Installing context configuration at 'file:/C:/Users/047837~1/AppData/Local/Temp/context4390001035021168086.xml'
26-Apr-2018 14:03:06.056 INFORMA합ES [http-nio-8080-exec-142] org.apache.catalina.core.ApplicationContext.log Manager: start: Starting web application '/truco'
26-Apr-2018 14:04:07.809 INFORMA합ES [http-nio-8080-exec-156] org.apache.catalina.core.ApplicationContext.log Manager: list: Listing contexts for virtual host 'localhost'
26-Apr-2018 14:04:07.825 INFORMA합ES [http-nio-8080-exec-159] org.apache.catalina.core.ApplicationContext.log Manager: restart: Reloading web application '/truco'
26-Apr-2018 14:04:26.127 INFORMA합ES [http-nio-8080-exec-157] org.apache.catalina.core.ApplicationContext.log Manager: list: Listing contexts for virtual host 'localhost'
26-Apr-2018 14:04:26.143 INFORMA합ES [http-nio-8080-exec-155] org.apache.catalina.core.ApplicationContext.log Manager: restart: Reloading web application '/truco'
26-Apr-2018 14:04:27.244 INFORMA합ES [http-nio-8080-exec-154] org.apache.catalina.core.ApplicationContext.log Manager: list: Listing contexts for virtual host 'localhost'
26-Apr-2018 14:04:27.260 INFORMA합ES [http-nio-8080-exec-144] org.apache.catalina.core.ApplicationContext.log Manager: list: Listing contexts for virtual host 'localhost'
26-Apr-2018 14:04:27.460 INFORMA합ES [http-nio-8080-exec-141] org.apache.catalina.core.ApplicationContext.log Manager: undeploy: Undeploying web application at '/truco'
26-Apr-2018 14:04:27.961 INFORMA합ES [http-nio-8080-exec-147] org.apache.catalina.core.ApplicationContext.log Manager: install: Installing context configuration at 'file:/C:/Users/047837~1/AppData/Local/Temp/context7601770581174846479.xml'
26-Apr-2018 14:04:29.244 INFORMA합ES [http-nio-8080-exec-160] org.apache.catalina.core.ApplicationContext.log Manager: start: Starting web application '/truco'
26-Apr-2018 14:04:39.436 INFORMA합ES [http-nio-8080-exec-158] org.apache.catalina.core.ApplicationContext.log Manager: list: Listing contexts for virtual host 'localhost'
26-Apr-2018 14:04:39.452 INFORMA합ES [http-nio-8080-exec-141] org.apache.catalina.core.ApplicationContext.log Manager: restart: Reloading web application '/truco'
26-Apr-2018 14:05:45.026 INFORMA합ES [http-nio-8080-exec-161] org.apache.catalina.core.ApplicationContext.log Manager: list: Listing contexts for virtual host 'localhost'
26-Apr-2018 14:05:45.026 INFORMA합ES [http-nio-8080-exec-158] org.apache.catalina.core.ApplicationContext.log Manager: restart: Reloading web application '/truco'
26-Apr-2018 14:06:13.174 INFORMA합ES [http-nio-8080-exec-161] org.apache.catalina.core.ApplicationContext.log Manager: list: Listing contexts for virtual host 'localhost'
26-Apr-2018 14:06:13.174 INFORMA합ES [http-nio-8080-exec-164] org.apache.catalina.core.ApplicationContext.log Manager: restart: Reloading web application '/truco'
26-Apr-2018 14:06:14.497 INFORMA합ES [http-nio-8080-exec-165] org.apache.catalina.core.ApplicationContext.log Manager: list: Listing contexts for virtual host 'localhost'
26-Apr-2018 14:06:14.497 INFORMA합ES [http-nio-8080-exec-172] org.apache.catalina.core.ApplicationContext.log Manager: list: Listing contexts for virtual host 'localhost'
26-Apr-2018 14:06:14.513 INFORMA합ES [http-nio-8080-exec-170] org.apache.catalina.core.ApplicationContext.log Manager: undeploy: Undeploying web application at '/truco'
26-Apr-2018 14:06:15.029 INFORMA합ES [http-nio-8080-exec-172] org.apache.catalina.core.ApplicationContext.log Manager: install: Installing context configuration at 'file:/C:/Users/047837~1/AppData/Local/Temp/context7112653199026866053.xml'
26-Apr-2018 14:06:16.161 INFORMA합ES [http-nio-8080-exec-173] org.apache.catalina.core.ApplicationContext.log Manager: start: Starting web application '/truco'
26-Apr-2018 14:06:33.922 INFORMA합ES [http-nio-8080-exec-174] org.apache.catalina.core.ApplicationContext.log Manager: list: Listing contexts for virtual host 'localhost'
26-Apr-2018 14:06:33.923 INFORMA합ES [http-nio-8080-exec-170] org.apache.catalina.core.ApplicationContext.log Manager: restart: Reloading web application '/truco'
26-Apr-2018 14:06:42.482 INFORMA합ES [http-nio-8080-exec-173] org.apache.catalina.core.ApplicationContext.log Manager: list: Listing contexts for virtual host 'localhost'
26-Apr-2018 14:06:42.498 INFORMA합ES [http-nio-8080-exec-163] org.apache.catalina.core.ApplicationContext.log Manager: restart: Reloading web application '/truco'
26-Apr-2018 14:06:43.584 INFORMA합ES [http-nio-8080-exec-174] org.apache.catalina.core.ApplicationContext.log Manager: list: Listing contexts for virtual host 'localhost'
26-Apr-2018 14:06:43.584 INFORMA합ES [http-nio-8080-exec-176] org.apache.catalina.core.ApplicationContext.log Manager: list: Listing contexts for virtual host 'localhost'
26-Apr-2018 14:06:43.736 INFORMA합ES [http-nio-8080-exec-173] org.apache.catalina.core.ApplicationContext.log Manager: undeploy: Undeploying web application at '/truco'
26-Apr-2018 14:06:44.252 INFORMA합ES [http-nio-8080-exec-177] org.apache.catalina.core.ApplicationContext.log Manager: install: Installing context configuration at 'file:/C:/Users/047837~1/AppData/Local/Temp/context4999422135115299490.xml'
26-Apr-2018 14:06:45.415 INFORMA합ES [http-nio-8080-exec-175] org.apache.catalina.core.ApplicationContext.log Manager: start: Starting web application '/truco'
26-Apr-2018 14:07:54.050 INFORMA합ES [http-nio-8080-exec-182] org.apache.catalina.core.ApplicationContext.log Manager: list: Listing contexts for virtual host 'localhost'
26-Apr-2018 14:07:54.050 INFORMA합ES [http-nio-8080-exec-185] org.apache.catalina.core.ApplicationContext.log Manager: restart: Reloading web application '/truco'
26-Apr-2018 14:08:03.728 INFORMA합ES [http-nio-8080-exec-169] org.apache.catalina.core.ApplicationContext.log Manager: list: Listing contexts for virtual host 'localhost'
26-Apr-2018 14:08:03.743 INFORMA합ES [http-nio-8080-exec-182] org.apache.catalina.core.ApplicationContext.log Manager: restart: Reloading web application '/truco'
26-Apr-2018 14:08:05.230 INFORMA합ES [http-nio-8080-exec-184] org.apache.catalina.core.ApplicationContext.log Manager: list: Listing contexts for virtual host 'localhost'
26-Apr-2018 14:08:05.245 INFORMA합ES [http-nio-8080-exec-176] org.apache.catalina.core.ApplicationContext.log Manager: list: Listing contexts for virtual host 'localhost'
26-Apr-2018 14:08:05.245 INFORMA합ES [http-nio-8080-exec-187] org.apache.catalina.core.ApplicationContext.log Manager: undeploy: Undeploying web application at '/truco'
26-Apr-2018 14:08:05.777 INFORMA합ES [http-nio-8080-exec-173] org.apache.catalina.core.ApplicationContext.log Manager: install: Installing context configuration at 'file:/C:/Users/047837~1/AppData/Local/Temp/context1859797595895898024.xml'
26-Apr-2018 14:08:06.963 INFORMA합ES [http-nio-8080-exec-181] org.apache.catalina.core.ApplicationContext.log Manager: start: Starting web application '/truco'
26-Apr-2018 14:08:34.837 INFORMA합ES [http-nio-8080-exec-181] org.apache.catalina.core.ApplicationContext.log Manager: list: Listing contexts for virtual host 'localhost'
26-Apr-2018 14:08:34.837 INFORMA합ES [http-nio-8080-exec-189] org.apache.catalina.core.ApplicationContext.log Manager: restart: Reloading web application '/truco'
26-Apr-2018 14:08:36.039 INFORMA합ES [http-nio-8080-exec-191] org.apache.catalina.core.ApplicationContext.log Manager: list: Listing contexts for virtual host 'localhost'
26-Apr-2018 14:08:36.044 INFORMA합ES [http-nio-8080-exec-180] org.apache.catalina.core.ApplicationContext.log Manager: list: Listing contexts for virtual host 'localhost'
26-Apr-2018 14:08:36.171 INFORMA합ES [http-nio-8080-exec-181] org.apache.catalina.core.ApplicationContext.log Manager: undeploy: Undeploying web application at '/truco'
26-Apr-2018 14:08:36.688 INFORMA합ES [http-nio-8080-exec-180] org.apache.catalina.core.ApplicationContext.log Manager: install: Installing context configuration at 'file:/C:/Users/047837~1/AppData/Local/Temp/context4353238888131161200.xml'
26-Apr-2018 14:08:37.834 INFORMA합ES [http-nio-8080-exec-192] org.apache.catalina.core.ApplicationContext.log Manager: start: Starting web application '/truco'
26-Apr-2018 14:09:06.276 INFORMA합ES [http-nio-8080-exec-189] org.apache.catalina.core.ApplicationContext.log Manager: list: Listing contexts for virtual host 'localhost'
26-Apr-2018 14:09:06.276 INFORMA합ES [http-nio-8080-exec-181] org.apache.catalina.core.ApplicationContext.log Manager: restart: Reloading web application '/truco'
26-Apr-2018 14:09:07.832 INFORMA합ES [http-nio-8080-exec-196] org.apache.catalina.core.ApplicationContext.log Manager: list: Listing contexts for virtual host 'localhost'
26-Apr-2018 14:09:07.832 INFORMA합ES [http-nio-8080-exec-194] org.apache.catalina.core.ApplicationContext.log Manager: list: Listing contexts for virtual host 'localhost'
26-Apr-2018 14:09:07.848 INFORMA합ES [http-nio-8080-exec-183] org.apache.catalina.core.ApplicationContext.log Manager: undeploy: Undeploying web application at '/truco'
26-Apr-2018 14:09:08.364 INFORMA합ES [http-nio-8080-exec-195] org.apache.catalina.core.ApplicationContext.log Manager: install: Installing context configuration at 'file:/C:/Users/047837~1/AppData/Local/Temp/context8745577604939466077.xml'
26-Apr-2018 14:09:09.579 INFORMA합ES [http-nio-8080-exec-196] org.apache.catalina.core.ApplicationContext.log Manager: start: Starting web application '/truco'
26-Apr-2018 14:10:04.248 INFORMA합ES [http-nio-8080-exec-183] org.apache.catalina.core.ApplicationContext.log Manager: list: Listing contexts for virtual host 'localhost'
26-Apr-2018 14:10:04.248 INFORMA합ES [http-nio-8080-exec-190] org.apache.catalina.core.ApplicationContext.log Manager: restart: Reloading web application '/truco'
26-Apr-2018 14:10:24.877 INFORMA합ES [http-nio-8080-exec-200] org.apache.catalina.core.ApplicationContext.log Manager: list: Listing contexts for virtual host 'localhost'
26-Apr-2018 14:10:24.877 INFORMA합ES [http-nio-8080-exec-198] org.apache.catalina.core.ApplicationContext.log Manager: list: Listing contexts for virtual host 'localhost'
26-Apr-2018 14:10:24.898 INFORMA합ES [http-nio-8080-exec-202] org.apache.catalina.core.ApplicationContext.log Manager: undeploy: Undeploying web application at '/truco'
26-Apr-2018 14:10:25.415 INFORMA합ES [http-nio-8080-exec-183] org.apache.catalina.core.ApplicationContext.log Manager: install: Installing context configuration at 'file:/C:/Users/047837~1/AppData/Local/Temp/context4465170399539179868.xml'
26-Apr-2018 14:10:26.562 INFORMA합ES [http-nio-8080-exec-196] org.apache.catalina.core.ApplicationContext.log Manager: start: Starting web application '/truco'
26-Apr-2018 14:10:42.115 INFORMA합ES [http-nio-8080-exec-205] org.apache.catalina.core.ApplicationContext.log Manager: list: Listing contexts for virtual host 'localhost'
26-Apr-2018 14:10:42.115 INFORMA합ES [http-nio-8080-exec-202] org.apache.catalina.core.ApplicationContext.log Manager: restart: Reloading web application '/truco'
26-Apr-2018 14:10:46.379 INFORMA합ES [http-nio-8080-exec-204] org.apache.catalina.core.ApplicationContext.log Manager: list: Listing contexts for virtual host 'localhost'
26-Apr-2018 14:10:46.394 INFORMA합ES [http-nio-8080-exec-207] org.apache.catalina.core.ApplicationContext.log Manager: restart: Reloading web application '/truco'
26-Apr-2018 14:10:47.934 INFORMA합ES [http-nio-8080-exec-206] org.apache.catalina.core.ApplicationContext.log Manager: list: Listing contexts for virtual host 'localhost'
26-Apr-2018 14:10:47.934 INFORMA합ES [http-nio-8080-exec-209] org.apache.catalina.core.ApplicationContext.log Manager: list: Listing contexts for virtual host 'localhost'
26-Apr-2018 14:10:47.934 INFORMA합ES [http-nio-8080-exec-204] org.apache.catalina.core.ApplicationContext.log Manager: undeploy: Undeploying web application at '/truco'
26-Apr-2018 14:10:48.451 INFORMA합ES [http-nio-8080-exec-208] org.apache.catalina.core.ApplicationContext.log Manager: install: Installing context configuration at 'file:/C:/Users/047837~1/AppData/Local/Temp/context4005728392346799064.xml'
26-Apr-2018 14:10:49.598 INFORMA합ES [http-nio-8080-exec-206] org.apache.catalina.core.ApplicationContext.log Manager: start: Starting web application '/truco'
26-Apr-2018 14:17:25.360 INFORMA합ES [http-nio-8080-exec-219] org.apache.catalina.core.ApplicationContext.log Manager: list: Listing contexts for virtual host 'localhost'
26-Apr-2018 14:17:25.365 INFORMA합ES [http-nio-8080-exec-218] org.apache.catalina.core.ApplicationContext.log Manager: list: Listing contexts for virtual host 'localhost'
26-Apr-2018 14:17:25.368 INFORMA합ES [http-nio-8080-exec-220] org.apache.catalina.core.ApplicationContext.log Manager: undeploy: Undeploying web application at '/truco'
26-Apr-2018 14:17:25.884 INFORMA합ES [http-nio-8080-exec-219] org.apache.catalina.core.ApplicationContext.log Manager: install: Installing context configuration at 'file:/C:/Users/047837~1/AppData/Local/Temp/context423851777640971332.xml'
26-Apr-2018 14:17:27.030 INFORMA합ES [http-nio-8080-exec-213] org.apache.catalina.core.ApplicationContext.log Manager: start: Starting web application '/truco'
26-Apr-2018 14:22:53.038 INFORMA합ES [http-nio-8080-exec-225] org.apache.catalina.core.ApplicationContext.log Manager: list: Listing contexts for virtual host 'localhost'
26-Apr-2018 14:22:53.038 INFORMA합ES [http-nio-8080-exec-224] org.apache.catalina.core.ApplicationContext.log Manager: restart: Reloading web application '/truco'
26-Apr-2018 14:22:56.342 INFORMA합ES [http-nio-8080-exec-227] org.apache.catalina.core.ApplicationContext.log Manager: list: Listing contexts for virtual host 'localhost'
26-Apr-2018 14:22:56.358 INFORMA합ES [http-nio-8080-exec-230] org.apache.catalina.core.ApplicationContext.log Manager: list: Listing contexts for virtual host 'localhost'
26-Apr-2018 14:22:56.358 INFORMA합ES [http-nio-8080-exec-231] org.apache.catalina.core.ApplicationContext.log Manager: undeploy: Undeploying web application at '/truco'
26-Apr-2018 14:22:56.874 INFORMA합ES [http-nio-8080-exec-226] org.apache.catalina.core.ApplicationContext.log Manager: install: Installing context configuration at 'file:/C:/Users/047837~1/AppData/Local/Temp/context4970313440748743763.xml'
26-Apr-2018 14:22:58.043 INFORMA합ES [http-nio-8080-exec-227] org.apache.catalina.core.ApplicationContext.log Manager: start: Starting web application '/truco'
26-Apr-2018 14:23:15.163 INFORMA합ES [http-nio-8080-exec-234] org.apache.catalina.core.ApplicationContext.log Manager: list: Listing contexts for virtual host 'localhost'
26-Apr-2018 14:23:15.179 INFORMA합ES [http-nio-8080-exec-227] org.apache.catalina.core.ApplicationContext.log Manager: restart: Reloading web application '/truco'
26-Apr-2018 14:23:15.548 INFORMA합ES [http-nio-8080-exec-233] org.apache.catalina.core.ApplicationContext.log Manager: list: Listing contexts for virtual host 'localhost'
26-Apr-2018 14:23:15.548 INFORMA합ES [http-nio-8080-exec-223] org.apache.catalina.core.ApplicationContext.log Manager: list: Listing contexts for virtual host 'localhost'
26-Apr-2018 14:23:16.450 INFORMA합ES [http-nio-8080-exec-236] org.apache.catalina.core.ApplicationContext.log Manager: undeploy: Undeploying web application at '/truco'
26-Apr-2018 14:23:16.967 INFORMA합ES [http-nio-8080-exec-235] org.apache.catalina.core.ApplicationContext.log Manager: install: Installing context configuration at 'file:/C:/Users/047837~1/AppData/Local/Temp/context5662560401603280731.xml'
26-Apr-2018 14:23:18.222 INFORMA합ES [http-nio-8080-exec-223] org.apache.catalina.core.ApplicationContext.log Manager: start: Starting web application '/truco'
26-Apr-2018 14:23:57.524 INFORMA합ES [http-nio-8080-exec-232] org.apache.catalina.core.ApplicationContext.log Manager: list: Listing contexts for virtual host 'localhost'
26-Apr-2018 14:23:57.524 INFORMA합ES [http-nio-8080-exec-236] org.apache.catalina.core.ApplicationContext.log Manager: restart: Reloading web application '/truco'
26-Apr-2018 14:24:00.712 INFORMA합ES [http-nio-8080-exec-231] org.apache.catalina.core.ApplicationContext.log Manager: list: Listing contexts for virtual host 'localhost'
26-Apr-2018 14:24:00.712 INFORMA합ES [http-nio-8080-exec-239] org.apache.catalina.core.ApplicationContext.log Manager: restart: Reloading web application '/truco'
26-Apr-2018 14:24:05.132 INFORMA합ES [http-nio-8080-exec-232] org.apache.catalina.core.ApplicationContext.log Manager: list: Listing contexts for virtual host 'localhost'
26-Apr-2018 14:24:05.148 INFORMA합ES [http-nio-8080-exec-238] org.apache.catalina.core.ApplicationContext.log Manager: list: Listing contexts for virtual host 'localhost'
26-Apr-2018 14:24:05.148 INFORMA합ES [http-nio-8080-exec-231] org.apache.catalina.core.ApplicationContext.log Manager: undeploy: Undeploying web application at '/truco'
26-Apr-2018 14:24:05.685 INFORMA합ES [http-nio-8080-exec-238] org.apache.catalina.core.ApplicationContext.log Manager: install: Installing context configuration at 'file:/C:/Users/047837~1/AppData/Local/Temp/context6293751009863173606.xml'
26-Apr-2018 14:24:06.865 INFORMA합ES [http-nio-8080-exec-234] org.apache.catalina.core.ApplicationContext.log Manager: start: Starting web application '/truco'
26-Apr-2018 14:25:01.603 INFORMA합ES [http-nio-8080-exec-243] org.apache.catalina.core.ApplicationContext.log Manager: list: Listing contexts for virtual host 'localhost'
26-Apr-2018 14:25:01.603 INFORMA합ES [http-nio-8080-exec-245] org.apache.catalina.core.ApplicationContext.log Manager: list: Listing contexts for virtual host 'localhost'
26-Apr-2018 14:25:01.618 INFORMA합ES [http-nio-8080-exec-247] org.apache.catalina.core.ApplicationContext.log Manager: undeploy: Undeploying web application at '/truco'
26-Apr-2018 14:25:02.119 INFORMA합ES [http-nio-8080-exec-234] org.apache.catalina.core.ApplicationContext.log Manager: install: Installing context configuration at 'file:/C:/Users/047837~1/AppData/Local/Temp/context7354575801346369201.xml'
26-Apr-2018 14:25:03.388 INFORMA합ES [http-nio-8080-exec-244] org.apache.catalina.core.ApplicationContext.log Manager: start: Starting web application '/truco'
26-Apr-2018 14:26:29.955 INFORMA합ES [http-nio-8080-exec-240] org.apache.catalina.core.ApplicationContext.log Manager: list: Listing contexts for virtual host 'localhost'
26-Apr-2018 14:26:29.971 INFORMA합ES [http-nio-8080-exec-255] org.apache.catalina.core.ApplicationContext.log Manager: restart: Reloading web application '/truco'
26-Apr-2018 14:26:35.238 INFORMA합ES [http-nio-8080-exec-254] org.apache.catalina.core.ApplicationContext.log Manager: list: Listing contexts for virtual host 'localhost'
26-Apr-2018 14:26:35.258 INFORMA합ES [http-nio-8080-exec-251] org.apache.catalina.core.ApplicationContext.log Manager: list: Listing contexts for virtual host 'localhost'
26-Apr-2018 14:26:35.260 INFORMA합ES [http-nio-8080-exec-246] org.apache.catalina.core.ApplicationContext.log Manager: undeploy: Undeploying web application at '/truco'
26-Apr-2018 14:26:35.777 INFORMA합ES [http-nio-8080-exec-231] org.apache.catalina.core.ApplicationContext.log Manager: install: Installing context configuration at 'file:/C:/Users/047837~1/AppData/Local/Temp/context8218294293892199862.xml'
26-Apr-2018 14:26:36.963 INFORMA합ES [http-nio-8080-exec-251] org.apache.catalina.core.ApplicationContext.log Manager: start: Starting web application '/truco'
26-Apr-2018 14:27:07.801 INFORMA합ES [http-nio-8080-exec-253] org.apache.catalina.core.ApplicationContext.log Manager: list: Listing contexts for virtual host 'localhost'
26-Apr-2018 14:27:07.816 INFORMA합ES [http-nio-8080-exec-251] org.apache.catalina.core.ApplicationContext.log Manager: restart: Reloading web application '/truco'
26-Apr-2018 14:27:20.874 INFORMA합ES [http-nio-8080-exec-259] org.apache.catalina.core.ApplicationContext.log Manager: list: Listing contexts for virtual host 'localhost'
26-Apr-2018 14:27:20.879 INFORMA합ES [http-nio-8080-exec-257] org.apache.catalina.core.ApplicationContext.log Manager: restart: Reloading web application '/truco'
26-Apr-2018 14:27:36.451 INFORMA합ES [http-nio-8080-exec-260] org.apache.catalina.core.ApplicationContext.log Manager: list: Listing contexts for virtual host 'localhost'
26-Apr-2018 14:27:36.451 INFORMA합ES [http-nio-8080-exec-264] org.apache.catalina.core.ApplicationContext.log Manager: restart: Reloading web application '/truco'
26-Apr-2018 14:27:48.080 INFORMA합ES [http-nio-8080-exec-250] org.apache.catalina.core.ApplicationContext.log Manager: list: Listing contexts for virtual host 'localhost'
26-Apr-2018 14:27:48.096 INFORMA합ES [http-nio-8080-exec-260] org.apache.catalina.core.ApplicationContext.log Manager: restart: Reloading web application '/truco'
26-Apr-2018 14:28:09.632 INFORMA합ES [http-nio-8080-exec-263] org.apache.catalina.core.ApplicationContext.log Manager: list: Listing contexts for virtual host 'localhost'
26-Apr-2018 14:28:09.648 INFORMA합ES [http-nio-8080-exec-258] org.apache.catalina.core.ApplicationContext.log Manager: restart: Reloading web application '/truco'
26-Apr-2018 14:28:27.759 INFORMA합ES [http-nio-8080-exec-267] org.apache.catalina.core.ApplicationContext.log Manager: list: Listing contexts for virtual host 'localhost'
26-Apr-2018 14:28:27.775 INFORMA합ES [http-nio-8080-exec-266] org.apache.catalina.core.ApplicationContext.log Manager: restart: Reloading web application '/truco'
26-Apr-2018 14:28:53.910 INFORMA합ES [http-nio-8080-exec-253] org.apache.catalina.core.ApplicationContext.log Manager: list: Listing contexts for virtual host 'localhost'
26-Apr-2018 14:28:53.925 INFORMA합ES [http-nio-8080-exec-268] org.apache.catalina.core.ApplicationContext.log Manager: restart: Reloading web application '/truco'
26-Apr-2018 14:29:20.975 INFORMA합ES [http-nio-8080-exec-271] org.apache.catalina.core.ApplicationContext.log Manager: list: Listing contexts for virtual host 'localhost'
26-Apr-2018 14:29:20.990 INFORMA합ES [http-nio-8080-exec-263] org.apache.catalina.core.ApplicationContext.log Manager: restart: Reloading web application '/truco'
26-Apr-2018 14:29:30.416 INFORMA합ES [http-nio-8080-exec-276] org.apache.catalina.core.ApplicationContext.log Manager: list: Listing contexts for virtual host 'localhost'
26-Apr-2018 14:29:30.432 INFORMA합ES [http-nio-8080-exec-253] org.apache.catalina.core.ApplicationContext.log Manager: restart: Reloading web application '/truco'
26-Apr-2018 14:29:41.916 INFORMA합ES [http-nio-8080-exec-278] org.apache.catalina.core.ApplicationContext.log Manager: list: Listing contexts for virtual host 'localhost'
26-Apr-2018 14:29:41.916 INFORMA합ES [http-nio-8080-exec-272] org.apache.catalina.core.ApplicationContext.log Manager: restart: Reloading web application '/truco'
26-Apr-2018 14:29:42.833 INFORMA합ES [http-nio-8080-exec-269] org.apache.catalina.core.ApplicationContext.log Manager: list: Listing contexts for virtual host 'localhost'
26-Apr-2018 14:29:42.849 INFORMA합ES [http-nio-8080-exec-267] org.apache.catalina.core.ApplicationContext.log Manager: list: Listing contexts for virtual host 'localhost'
26-Apr-2018 14:29:43.203 INFORMA합ES [http-nio-8080-exec-280] org.apache.catalina.core.ApplicationContext.log Manager: undeploy: Undeploying web application at '/truco'
26-Apr-2018 14:29:43.719 INFORMA합ES [http-nio-8080-exec-275] org.apache.catalina.core.ApplicationContext.log Manager: install: Installing context configuration at 'file:/C:/Users/047837~1/AppData/Local/Temp/context6221556628019443565.xml'
26-Apr-2018 14:29:44.941 INFORMA합ES [http-nio-8080-exec-269] org.apache.catalina.core.ApplicationContext.log Manager: start: Starting web application '/truco'
26-Apr-2018 14:29:54.815 INFORMA합ES [http-nio-8080-exec-280] org.apache.catalina.core.ApplicationContext.log Manager: list: Listing contexts for virtual host 'localhost'
26-Apr-2018 14:29:54.830 INFORMA합ES [http-nio-8080-exec-278] org.apache.catalina.core.ApplicationContext.log Manager: restart: Reloading web application '/truco'
26-Apr-2018 14:29:57.948 INFORMA합ES [http-nio-8080-exec-267] org.apache.catalina.core.ApplicationContext.log Manager: list: Listing contexts for virtual host 'localhost'
26-Apr-2018 14:29:57.963 INFORMA합ES [http-nio-8080-exec-284] org.apache.catalina.core.ApplicationContext.log Manager: list: Listing contexts for virtual host 'localhost'
26-Apr-2018 14:29:57.963 INFORMA합ES [http-nio-8080-exec-279] org.apache.catalina.core.ApplicationContext.log Manager: undeploy: Undeploying web application at '/truco'
26-Apr-2018 14:29:58.501 INFORMA합ES [http-nio-8080-exec-267] org.apache.catalina.core.ApplicationContext.log Manager: install: Installing context configuration at 'file:/C:/Users/047837~1/AppData/Local/Temp/context7685284796710011539.xml'
26-Apr-2018 14:29:59.731 INFORMA합ES [http-nio-8080-exec-280] org.apache.catalina.core.ApplicationContext.log Manager: start: Starting web application '/truco'
26-Apr-2018 14:30:09.454 INFORMA합ES [http-nio-8080-exec-269] org.apache.catalina.core.ApplicationContext.log Manager: list: Listing contexts for virtual host 'localhost'
26-Apr-2018 14:30:09.470 INFORMA합ES [http-nio-8080-exec-279] org.apache.catalina.core.ApplicationContext.log Manager: restart: Reloading web application '/truco'
26-Apr-2018 14:30:10.472 INFORMA합ES [http-nio-8080-exec-269] org.apache.catalina.core.ApplicationContext.log Manager: list: Listing contexts for virtual host 'localhost'
26-Apr-2018 14:30:10.472 INFORMA합ES [http-nio-8080-exec-288] org.apache.catalina.core.ApplicationContext.log Manager: list: Listing contexts for virtual host 'localhost'
26-Apr-2018 14:30:10.757 INFORMA합ES [http-nio-8080-exec-291] org.apache.catalina.core.ApplicationContext.log Manager: undeploy: Undeploying web application at '/truco'
26-Apr-2018 14:30:11.258 INFORMA합ES [http-nio-8080-exec-290] org.apache.catalina.core.ApplicationContext.log Manager: install: Installing context configuration at 'file:/C:/Users/047837~1/AppData/Local/Temp/context6739789953716584298.xml'
26-Apr-2018 14:30:12.457 INFORMA합ES [http-nio-8080-exec-280] org.apache.catalina.core.ApplicationContext.log Manager: start: Starting web application '/truco'
26-Apr-2018 14:30:30.847 INFORMA합ES [http-nio-8080-exec-289] org.apache.catalina.core.ApplicationContext.log Manager: list: Listing contexts for virtual host 'localhost'
26-Apr-2018 14:30:30.847 INFORMA합ES [http-nio-8080-exec-291] org.apache.catalina.core.ApplicationContext.log Manager: restart: Reloading web application '/truco'
26-Apr-2018 14:30:31.949 INFORMA합ES [http-nio-8080-exec-288] org.apache.catalina.core.ApplicationContext.log Manager: list: Listing contexts for virtual host 'localhost'
26-Apr-2018 14:30:31.949 INFORMA합ES [http-nio-8080-exec-289] org.apache.catalina.core.ApplicationContext.log Manager: list: Listing contexts for virtual host 'localhost'
26-Apr-2018 14:30:32.128 INFORMA합ES [http-nio-8080-exec-280] org.apache.catalina.core.ApplicationContext.log Manager: undeploy: Undeploying web application at '/truco'
26-Apr-2018 14:30:32.667 INFORMA합ES [http-nio-8080-exec-291] org.apache.catalina.core.ApplicationContext.log Manager: install: Installing context configuration at 'file:/C:/Users/047837~1/AppData/Local/Temp/context7040521094151812486.xml'
26-Apr-2018 14:30:33.829 INFORMA합ES [http-nio-8080-exec-286] org.apache.catalina.core.ApplicationContext.log Manager: start: Starting web application '/truco'
26-Apr-2018 14:30:48.438 INFORMA합ES [http-nio-8080-exec-280] org.apache.catalina.core.ApplicationContext.log Manager: list: Listing contexts for virtual host 'localhost'
26-Apr-2018 14:30:48.438 INFORMA합ES [http-nio-8080-exec-285] org.apache.catalina.core.ApplicationContext.log Manager: restart: Reloading web application '/truco'
26-Apr-2018 14:31:28.275 INFORMA합ES [http-nio-8080-exec-301] org.apache.catalina.core.ApplicationContext.log Manager: list: Listing contexts for virtual host 'localhost'
26-Apr-2018 14:31:28.275 INFORMA합ES [http-nio-8080-exec-289] org.apache.catalina.core.ApplicationContext.log Manager: list: Listing contexts for virtual host 'localhost'
26-Apr-2018 14:31:28.290 INFORMA합ES [http-nio-8080-exec-286] org.apache.catalina.core.ApplicationContext.log Manager: undeploy: Undeploying web application at '/truco'
26-Apr-2018 14:31:28.828 INFORMA합ES [http-nio-8080-exec-280] org.apache.catalina.core.ApplicationContext.log Manager: install: Installing context configuration at 'file:/C:/Users/047837~1/AppData/Local/Temp/context6186802161728606052.xml'
26-Apr-2018 14:31:30.112 INFORMA합ES [http-nio-8080-exec-299] org.apache.catalina.core.ApplicationContext.log Manager: start: Starting web application '/truco'
26-Apr-2018 14:34:55.704 INFORMA합ES [http-nio-8080-exec-312] org.apache.catalina.core.ApplicationContext.log Manager: list: Listing contexts for virtual host 'localhost'
26-Apr-2018 14:34:55.719 INFORMA합ES [http-nio-8080-exec-305] org.apache.catalina.core.ApplicationContext.log Manager: restart: Reloading web application '/truco'
26-Apr-2018 14:35:11.031 INFORMA합ES [http-nio-8080-exec-308] org.apache.catalina.core.ApplicationContext.log Manager: list: Listing contexts for virtual host 'localhost'
26-Apr-2018 14:35:11.031 INFORMA합ES [http-nio-8080-exec-309] org.apache.catalina.core.ApplicationContext.log Manager: restart: Reloading web application '/truco'
26-Apr-2018 14:36:41.980 INFORMA합ES [http-nio-8080-exec-312] org.apache.catalina.core.ApplicationContext.log Manager: list: Listing contexts for virtual host 'localhost'
26-Apr-2018 14:36:41.980 INFORMA합ES [http-nio-8080-exec-311] org.apache.catalina.core.ApplicationContext.log Manager: restart: Reloading web application '/truco'
26-Apr-2018 14:38:08.252 INFORMA합ES [http-nio-8080-exec-307] org.apache.catalina.core.ApplicationContext.log Manager: list: Listing contexts for virtual host 'localhost'
26-Apr-2018 14:38:08.252 INFORMA합ES [http-nio-8080-exec-312] org.apache.catalina.core.ApplicationContext.log Manager: restart: Reloading web application '/truco'
26-Apr-2018 14:38:20.682 INFORMA합ES [http-nio-8080-exec-317] org.apache.catalina.core.ApplicationContext.log Manager: list: Listing contexts for virtual host 'localhost'
26-Apr-2018 14:38:20.682 INFORMA합ES [http-nio-8080-exec-315] org.apache.catalina.core.ApplicationContext.log Manager: restart: Reloading web application '/truco'
26-Apr-2018 14:40:08.318 INFORMA합ES [http-nio-8080-exec-322] org.apache.catalina.core.ApplicationContext.log Manager: list: Listing contexts for virtual host 'localhost'
26-Apr-2018 14:40:08.318 INFORMA합ES [http-nio-8080-exec-317] org.apache.catalina.core.ApplicationContext.log Manager: restart: Reloading web application '/truco'
26-Apr-2018 14:41:08.887 INFORMA합ES [http-nio-8080-exec-325] org.apache.catalina.core.ApplicationContext.log Manager: list: Listing contexts for virtual host 'localhost'
26-Apr-2018 14:41:08.909 INFORMA합ES [http-nio-8080-exec-326] org.apache.catalina.core.ApplicationContext.log Manager: restart: Reloading web application '/truco'
26-Apr-2018 14:41:24.234 INFORMA합ES [http-nio-8080-exec-325] org.apache.catalina.core.ApplicationContext.log Manager: list: Listing contexts for virtual host 'localhost'
26-Apr-2018 14:41:24.234 INFORMA합ES [http-nio-8080-exec-327] org.apache.catalina.core.ApplicationContext.log Manager: restart: Reloading web application '/truco'
26-Apr-2018 14:41:52.164 INFORMA합ES [http-nio-8080-exec-329] org.apache.catalina.core.ApplicationContext.log Manager: list: Listing contexts for virtual host 'localhost'
26-Apr-2018 14:41:52.164 INFORMA합ES [http-nio-8080-exec-322] org.apache.catalina.core.ApplicationContext.log Manager: restart: Reloading web application '/truco'
26-Apr-2018 14:42:33.508 INFORMA합ES [http-nio-8080-exec-329] org.apache.catalina.core.ApplicationContext.log Manager: list: Listing contexts for virtual host 'localhost'
26-Apr-2018 14:42:33.523 INFORMA합ES [http-nio-8080-exec-333] org.apache.catalina.core.ApplicationContext.log Manager: restart: Reloading web application '/truco'
26-Apr-2018 14:42:51.979 INFORMA합ES [http-nio-8080-exec-338] org.apache.catalina.core.ApplicationContext.log Manager: list: Listing contexts for virtual host 'localhost'
26-Apr-2018 14:42:51.979 INFORMA합ES [http-nio-8080-exec-325] org.apache.catalina.core.ApplicationContext.log Manager: restart: Reloading web application '/truco'
26-Apr-2018 14:43:04.975 INFORMA합ES [http-nio-8080-exec-329] org.apache.catalina.core.ApplicationContext.log Manager: list: Listing contexts for virtual host 'localhost'
26-Apr-2018 14:43:04.975 INFORMA합ES [http-nio-8080-exec-337] org.apache.catalina.core.ApplicationContext.log Manager: restart: Reloading web application '/truco'
26-Apr-2018 14:43:39.362 INFORMA합ES [http-nio-8080-exec-329] org.apache.catalina.core.ApplicationContext.log Manager: list: Listing contexts for virtual host 'localhost'
26-Apr-2018 14:43:39.377 INFORMA합ES [http-nio-8080-exec-340] org.apache.catalina.core.ApplicationContext.log Manager: restart: Reloading web application '/truco'
26-Apr-2018 14:44:02.569 INFORMA합ES [http-nio-8080-exec-343] org.apache.catalina.core.ApplicationContext.log Manager: list: Listing contexts for virtual host 'localhost'
26-Apr-2018 14:44:02.569 INFORMA합ES [http-nio-8080-exec-338] org.apache.catalina.core.ApplicationContext.log Manager: restart: Reloading web application '/truco'
26-Apr-2018 14:44:07.876 INFORMA합ES [http-nio-8080-exec-344] org.apache.catalina.core.ApplicationContext.log Manager: list: Listing contexts for virtual host 'localhost'
26-Apr-2018 14:44:07.879 INFORMA합ES [http-nio-8080-exec-341] org.apache.catalina.core.ApplicationContext.log Manager: list: Listing contexts for virtual host 'localhost'
26-Apr-2018 14:44:07.879 INFORMA합ES [http-nio-8080-exec-339] org.apache.catalina.core.ApplicationContext.log Manager: undeploy: Undeploying web application at '/truco'
26-Apr-2018 14:44:08.395 INFORMA합ES [http-nio-8080-exec-329] org.apache.catalina.core.ApplicationContext.log Manager: install: Installing context configuration at 'file:/C:/Users/047837~1/AppData/Local/Temp/context6763057700479747112.xml'
26-Apr-2018 14:44:09.596 INFORMA합ES [http-nio-8080-exec-343] org.apache.catalina.core.ApplicationContext.log Manager: start: Starting web application '/truco'
26-Apr-2018 14:44:27.650 INFORMA합ES [http-nio-8080-exec-348] org.apache.catalina.core.ApplicationContext.log Manager: list: Listing contexts for virtual host 'localhost'
26-Apr-2018 14:44:59.801 INFORMA합ES [http-nio-8080-exec-345] org.apache.catalina.core.ApplicationContext.log Manager: list: Listing contexts for virtual host 'localhost'
26-Apr-2018 14:44:59.801 INFORMA합ES [http-nio-8080-exec-339] org.apache.catalina.core.ApplicationContext.log Manager: list: Listing contexts for virtual host 'localhost'
26-Apr-2018 14:44:59.816 INFORMA합ES [http-nio-8080-exec-349] org.apache.catalina.core.ApplicationContext.log Manager: undeploy: Undeploying web application at '/truco'
26-Apr-2018 14:45:00.317 INFORMA합ES [http-nio-8080-exec-341] org.apache.catalina.core.ApplicationContext.log Manager: install: Installing context configuration at 'file:/C:/Users/047837~1/AppData/Local/Temp/context1604874042215737787.xml'
26-Apr-2018 14:45:01.517 INFORMA합ES [http-nio-8080-exec-339] org.apache.catalina.core.ApplicationContext.log Manager: start: Starting web application '/truco'
26-Apr-2018 17:10:35.072 INFORMA합ES [http-nio-8080-exec-353] org.apache.catalina.core.ApplicationContext.log Manager: list: Listing contexts for virtual host 'localhost'
26-Apr-2018 17:10:35.088 INFORMA합ES [http-nio-8080-exec-356] org.apache.catalina.core.ApplicationContext.log Manager: restart: Reloading web application '/truco'
26-Apr-2018 17:10:54.860 INFORMA합ES [http-nio-8080-exec-361] org.apache.catalina.core.ApplicationContext.log Manager: list: Listing contexts for virtual host 'localhost'
26-Apr-2018 17:10:54.860 INFORMA합ES [http-nio-8080-exec-354] org.apache.catalina.core.ApplicationContext.log Manager: restart: Reloading web application '/truco'
26-Apr-2018 17:12:01.676 INFORMA합ES [http-nio-8080-exec-353] org.apache.catalina.core.ApplicationContext.log Manager: list: Listing contexts for virtual host 'localhost'
26-Apr-2018 17:13:41.843 INFORMA합ES [http-nio-8080-exec-366] org.apache.catalina.core.ApplicationContext.log Manager: list: Listing contexts for virtual host 'localhost'
26-Apr-2018 17:13:41.859 INFORMA합ES [http-nio-8080-exec-365] org.apache.catalina.core.ApplicationContext.log Manager: restart: Reloading web application '/truco'
26-Apr-2018 17:14:06.878 INFORMA합ES [http-nio-8080-exec-357] org.apache.catalina.core.ApplicationContext.log Manager: list: Listing contexts for virtual host 'localhost'
26-Apr-2018 17:14:06.893 INFORMA합ES [http-nio-8080-exec-370] org.apache.catalina.core.ApplicationContext.log Manager: restart: Reloading web application '/truco'
26-Apr-2018 17:14:51.003 INFORMA합ES [http-nio-8080-exec-368] org.apache.catalina.core.ApplicationContext.log Manager: list: Listing contexts for virtual host 'localhost'
26-Apr-2018 17:14:51.019 INFORMA합ES [http-nio-8080-exec-372] org.apache.catalina.core.ApplicationContext.log Manager: restart: Reloading web application '/truco'
26-Apr-2018 17:14:55.676 INFORMA합ES [http-nio-8080-exec-361] org.apache.catalina.core.ApplicationContext.log Manager: list: Listing contexts for virtual host 'localhost'
26-Apr-2018 17:14:55.691 INFORMA합ES [http-nio-8080-exec-368] org.apache.catalina.core.ApplicationContext.log Manager: list: Listing contexts for virtual host 'localhost'
26-Apr-2018 17:14:55.691 INFORMA합ES [http-nio-8080-exec-374] org.apache.catalina.core.ApplicationContext.log Manager: undeploy: Undeploying web application at '/truco'
26-Apr-2018 17:14:56.207 INFORMA합ES [http-nio-8080-exec-373] org.apache.catalina.core.ApplicationContext.log Manager: install: Installing context configuration at 'file:/C:/Users/047837~1/AppData/Local/Temp/context950798948548972956.xml'
26-Apr-2018 17:14:57.410 INFORMA합ES [http-nio-8080-exec-361] org.apache.catalina.core.ApplicationContext.log Manager: start: Starting web application '/truco'
26-Apr-2018 17:15:08.977 INFORMA합ES [http-nio-8080-exec-374] org.apache.catalina.core.ApplicationContext.log Manager: list: Listing contexts for virtual host 'localhost'
26-Apr-2018 17:15:12.978 INFORMA합ES [http-nio-8080-exec-361] org.apache.catalina.core.ApplicationContext.log Manager: list: Listing contexts for virtual host 'localhost'
26-Apr-2018 17:15:12.994 INFORMA합ES [http-nio-8080-exec-377] org.apache.catalina.core.ApplicationContext.log Manager: list: Listing contexts for virtual host 'localhost'
26-Apr-2018 17:15:13.009 INFORMA합ES [http-nio-8080-exec-362] org.apache.catalina.core.ApplicationContext.log Manager: undeploy: Undeploying web application at '/truco'
26-Apr-2018 17:15:13.509 INFORMA합ES [http-nio-8080-exec-361] org.apache.catalina.core.ApplicationContext.log Manager: install: Installing context configuration at 'file:/C:/Users/047837~1/AppData/Local/Temp/context3079764668787013571.xml'
26-Apr-2018 17:15:14.712 INFORMA합ES [http-nio-8080-exec-376] org.apache.catalina.core.ApplicationContext.log Manager: start: Starting web application '/truco'
26-Apr-2018 17:16:16.868 INFORMA합ES [http-nio-8080-exec-385] org.apache.catalina.core.ApplicationContext.log Manager: list: Listing contexts for virtual host 'localhost'
26-Apr-2018 17:16:19.822 INFORMA합ES [http-nio-8080-exec-384] org.apache.catalina.core.ApplicationContext.log Manager: list: Listing contexts for virtual host 'localhost'
26-Apr-2018 17:16:19.822 INFORMA합ES [http-nio-8080-exec-381] org.apache.catalina.core.ApplicationContext.log Manager: list: Listing contexts for virtual host 'localhost'
26-Apr-2018 17:16:19.838 INFORMA합ES [http-nio-8080-exec-386] org.apache.catalina.core.ApplicationContext.log Manager: undeploy: Undeploying web application at '/truco'
26-Apr-2018 17:16:20.338 INFORMA합ES [http-nio-8080-exec-383] org.apache.catalina.core.ApplicationContext.log Manager: install: Installing context configuration at 'file:/C:/Users/047837~1/AppData/Local/Temp/context1494356992449806225.xml'
26-Apr-2018 17:16:21.557 INFORMA합ES [http-nio-8080-exec-382] org.apache.catalina.core.ApplicationContext.log Manager: start: Starting web application '/truco'
26-Apr-2018 17:17:13.818 INFORMA합ES [http-nio-8080-exec-386] org.apache.catalina.core.ApplicationContext.log Manager: list: Listing contexts for virtual host 'localhost'
26-Apr-2018 17:17:17.318 INFORMA합ES [http-nio-8080-exec-389] org.apache.catalina.core.ApplicationContext.log Manager: list: Listing contexts for virtual host 'localhost'
26-Apr-2018 17:17:17.334 INFORMA합ES [http-nio-8080-exec-382] org.apache.catalina.core.ApplicationContext.log Manager: list: Listing contexts for virtual host 'localhost'
26-Apr-2018 17:17:17.334 INFORMA합ES [http-nio-8080-exec-387] org.apache.catalina.core.ApplicationContext.log Manager: undeploy: Undeploying web application at '/truco'
26-Apr-2018 17:17:17.849 INFORMA합ES [http-nio-8080-exec-391] org.apache.catalina.core.ApplicationContext.log Manager: install: Installing context configuration at 'file:/C:/Users/047837~1/AppData/Local/Temp/context3794238785813023545.xml'
26-Apr-2018 17:17:19.084 INFORMA합ES [http-nio-8080-exec-394] org.apache.catalina.core.ApplicationContext.log Manager: start: Starting web application '/truco'
26-Apr-2018 17:17:31.804 INFORMA합ES [http-nio-8080-exec-395] org.apache.catalina.core.ApplicationContext.log Manager: list: Listing contexts for virtual host 'localhost'
26-Apr-2018 17:17:42.024 INFORMA합ES [http-nio-8080-exec-395] org.apache.catalina.core.ApplicationContext.log Manager: list: Listing contexts for virtual host 'localhost'
26-Apr-2018 17:17:49.384 INFORMA합ES [http-nio-8080-exec-395] org.apache.catalina.core.ApplicationContext.log Manager: list: Listing contexts for virtual host 'localhost'
26-Apr-2018 17:17:56.023 INFORMA합ES [http-nio-8080-exec-395] org.apache.catalina.core.ApplicationContext.log Manager: list: Listing contexts for virtual host 'localhost'
26-Apr-2018 17:18:02.930 INFORMA합ES [http-nio-8080-exec-402] org.apache.catalina.core.ApplicationContext.log Manager: list: Listing contexts for virtual host 'localhost'
26-Apr-2018 17:18:08.774 INFORMA합ES [http-nio-8080-exec-402] org.apache.catalina.core.ApplicationContext.log Manager: list: Listing contexts for virtual host 'localhost'
26-Apr-2018 17:18:40.139 INFORMA합ES [http-nio-8080-exec-400] org.apache.catalina.core.ApplicationContext.log Manager: list: Listing contexts for virtual host 'localhost'
26-Apr-2018 17:18:45.690 INFORMA합ES [http-nio-8080-exec-400] org.apache.catalina.core.ApplicationContext.log Manager: list: Listing contexts for virtual host 'localhost'
26-Apr-2018 17:22:07.834 INFORMA합ES [http-nio-8080-exec-404] org.apache.catalina.core.ApplicationContext.log Manager: list: Listing contexts for virtual host 'localhost'
26-Apr-2018 17:22:07.836 INFORMA합ES [http-nio-8080-exec-396] org.apache.catalina.core.ApplicationContext.log Manager: list: Listing contexts for virtual host 'localhost'
26-Apr-2018 17:22:07.851 INFORMA합ES [http-nio-8080-exec-403] org.apache.catalina.core.ApplicationContext.log Manager: undeploy: Undeploying web application at '/truco'
26-Apr-2018 17:22:08.352 INFORMA합ES [http-nio-8080-exec-402] org.apache.catalina.core.ApplicationContext.log Manager: install: Installing context configuration at 'file:/C:/Users/047837~1/AppData/Local/Temp/context7765570816561376029.xml'
26-Apr-2018 17:22:09.854 INFORMA합ES [http-nio-8080-exec-398] org.apache.catalina.core.ApplicationContext.log Manager: start: Starting web application '/truco'
26-Apr-2018 17:22:55.178 INFORMA합ES [http-nio-8080-exec-406] org.apache.catalina.core.ApplicationContext.log Manager: list: Listing contexts for virtual host 'localhost'
26-Apr-2018 17:23:28.184 INFORMA합ES [http-nio-8080-exec-407] org.apache.catalina.core.ApplicationContext.log Manager: list: Listing contexts for virtual host 'localhost'
26-Apr-2018 17:23:38.196 INFORMA합ES [http-nio-8080-exec-412] org.apache.catalina.core.ApplicationContext.log Manager: list: Listing contexts for virtual host 'localhost'
26-Apr-2018 17:23:38.212 INFORMA합ES [http-nio-8080-exec-410] org.apache.catalina.core.ApplicationContext.log Manager: list: Listing contexts for virtual host 'localhost'
26-Apr-2018 17:23:38.212 INFORMA합ES [http-nio-8080-exec-399] org.apache.catalina.core.ApplicationContext.log Manager: undeploy: Undeploying web application at '/truco'
26-Apr-2018 17:23:38.728 INFORMA합ES [http-nio-8080-exec-406] org.apache.catalina.core.ApplicationContext.log Manager: install: Installing context configuration at 'file:/C:/Users/047837~1/AppData/Local/Temp/context7027882011287646719.xml'
26-Apr-2018 17:23:39.966 INFORMA합ES [http-nio-8080-exec-411] org.apache.catalina.core.ApplicationContext.log Manager: start: Starting web application '/truco'
26-Apr-2018 17:24:32.361 INFORMA합ES [http-nio-8080-exec-414] org.apache.catalina.core.ApplicationContext.log Manager: list: Listing contexts for virtual host 'localhost'
26-Apr-2018 17:24:39.806 INFORMA합ES [http-nio-8080-exec-415] org.apache.catalina.core.ApplicationContext.log Manager: list: Listing contexts for virtual host 'localhost'
26-Apr-2018 17:24:39.806 INFORMA합ES [http-nio-8080-exec-411] org.apache.catalina.core.ApplicationContext.log Manager: list: Listing contexts for virtual host 'localhost'
26-Apr-2018 17:24:39.827 INFORMA합ES [http-nio-8080-exec-408] org.apache.catalina.core.ApplicationContext.log Manager: undeploy: Undeploying web application at '/truco'
26-Apr-2018 17:24:40.344 INFORMA합ES [http-nio-8080-exec-417] org.apache.catalina.core.ApplicationContext.log Manager: install: Installing context configuration at 'file:/C:/Users/047837~1/AppData/Local/Temp/context1043786857026942085.xml'
26-Apr-2018 17:24:41.608 INFORMA합ES [http-nio-8080-exec-416] org.apache.catalina.core.ApplicationContext.log Manager: start: Starting web application '/truco'
26-Apr-2018 17:26:49.511 INFORMA합ES [http-nio-8080-exec-424] org.apache.catalina.core.ApplicationContext.log Manager: list: Listing contexts for virtual host 'localhost'
26-Apr-2018 17:26:54.163 INFORMA합ES [http-nio-8080-exec-425] org.apache.catalina.core.ApplicationContext.log Manager: list: Listing contexts for virtual host 'localhost'
26-Apr-2018 17:26:54.182 INFORMA합ES [http-nio-8080-exec-423] org.apache.catalina.core.ApplicationContext.log Manager: list: Listing contexts for virtual host 'localhost'
26-Apr-2018 17:26:54.185 INFORMA합ES [http-nio-8080-exec-426] org.apache.catalina.core.ApplicationContext.log Manager: undeploy: Undeploying web application at '/truco'
26-Apr-2018 17:26:54.701 INFORMA합ES [http-nio-8080-exec-428] org.apache.catalina.core.ApplicationContext.log Manager: install: Installing context configuration at 'file:/C:/Users/047837~1/AppData/Local/Temp/context3229234656787297771.xml'
26-Apr-2018 17:26:56.003 INFORMA합ES [http-nio-8080-exec-419] org.apache.catalina.core.ApplicationContext.log Manager: start: Starting web application '/truco'
26-Apr-2018 17:27:37.562 INFORMA합ES [http-nio-8080-exec-430] org.apache.catalina.core.ApplicationContext.log Manager: list: Listing contexts for virtual host 'localhost'
26-Apr-2018 17:27:43.878 INFORMA합ES [http-nio-8080-exec-432] org.apache.catalina.core.ApplicationContext.log Manager: list: Listing contexts for virtual host 'localhost'
26-Apr-2018 17:27:43.878 INFORMA합ES [http-nio-8080-exec-433] org.apache.catalina.core.ApplicationContext.log Manager: list: Listing contexts for virtual host 'localhost'
26-Apr-2018 17:27:43.894 INFORMA합ES [http-nio-8080-exec-436] org.apache.catalina.core.ApplicationContext.log Manager: undeploy: Undeploying web application at '/truco'
26-Apr-2018 17:27:44.395 INFORMA합ES [http-nio-8080-exec-419] org.apache.catalina.core.ApplicationContext.log Manager: install: Installing context configuration at 'file:/C:/Users/047837~1/AppData/Local/Temp/context3890144419787724258.xml'
26-Apr-2018 17:27:45.677 INFORMA합ES [http-nio-8080-exec-425] org.apache.catalina.core.ApplicationContext.log Manager: start: Starting web application '/truco'
26-Apr-2018 17:28:31.808 INFORMA합ES [http-nio-8080-exec-439] org.apache.catalina.core.ApplicationContext.log Manager: list: Listing contexts for virtual host 'localhost'
26-Apr-2018 17:29:47.119 INFORMA합ES [http-nio-8080-exec-442] org.apache.catalina.core.ApplicationContext.log Manager: list: Listing contexts for virtual host 'localhost'
26-Apr-2018 17:33:37.255 INFORMA합ES [http-nio-8080-exec-440] org.apache.catalina.core.ApplicationContext.log Manager: list: Listing contexts for virtual host 'localhost'
26-Apr-2018 17:33:38.994 INFORMA합ES [http-nio-8080-exec-443] org.apache.catalina.core.ApplicationContext.log Manager: list: Listing contexts for virtual host 'localhost'
26-Apr-2018 17:33:38.994 INFORMA합ES [http-nio-8080-exec-442] org.apache.catalina.core.ApplicationContext.log Manager: list: Listing contexts for virtual host 'localhost'
26-Apr-2018 17:33:39.010 INFORMA합ES [http-nio-8080-exec-439] org.apache.catalina.core.ApplicationContext.log Manager: undeploy: Undeploying web application at '/truco'
26-Apr-2018 17:33:39.511 INFORMA합ES [http-nio-8080-exec-446] org.apache.catalina.core.ApplicationContext.log Manager: install: Installing context configuration at 'file:/C:/Users/047837~1/AppData/Local/Temp/context2928322192807269721.xml'
26-Apr-2018 17:33:40.797 INFORMA합ES [http-nio-8080-exec-447] org.apache.catalina.core.ApplicationContext.log Manager: start: Starting web application '/truco'
26-Apr-2018 17:34:51.059 INFORMA합ES [http-nio-8080-exec-451] org.apache.catalina.core.ApplicationContext.log Manager: list: Listing contexts for virtual host 'localhost'
26-Apr-2018 17:36:26.208 INFORMA합ES [http-nio-8080-exec-451] org.apache.catalina.core.ApplicationContext.log Manager: list: Listing contexts for virtual host 'localhost'
26-Apr-2018 17:37:00.636 INFORMA합ES [http-nio-8080-exec-455] org.apache.catalina.core.ApplicationContext.log Manager: list: Listing contexts for virtual host 'localhost'
26-Apr-2018 17:37:30.015 INFORMA합ES [http-nio-8080-exec-456] org.apache.catalina.core.ApplicationContext.log Manager: list: Listing contexts for virtual host 'localhost'
26-Apr-2018 17:37:32.362 INFORMA합ES [http-nio-8080-exec-452] org.apache.catalina.core.ApplicationContext.log Manager: list: Listing contexts for virtual host 'localhost'
26-Apr-2018 17:37:32.378 INFORMA합ES [http-nio-8080-exec-457] org.apache.catalina.core.ApplicationContext.log Manager: list: Listing contexts for virtual host 'localhost'
26-Apr-2018 17:37:32.378 INFORMA합ES [http-nio-8080-exec-455] org.apache.catalina.core.ApplicationContext.log Manager: undeploy: Undeploying web application at '/truco'
26-Apr-2018 17:37:32.916 INFORMA합ES [http-nio-8080-exec-450] org.apache.catalina.core.ApplicationContext.log Manager: install: Installing context configuration at 'file:/C:/Users/047837~1/AppData/Local/Temp/context7770238285862515079.xml'
26-Apr-2018 17:37:34.148 INFORMA합ES [http-nio-8080-exec-453] org.apache.catalina.core.ApplicationContext.log Manager: start: Starting web application '/truco'
26-Apr-2018 17:37:49.545 INFORMA합ES [http-nio-8080-exec-459] org.apache.catalina.core.ApplicationContext.log Manager: list: Listing contexts for virtual host 'localhost'
26-Apr-2018 17:37:54.565 INFORMA합ES [http-nio-8080-exec-449] org.apache.catalina.core.ApplicationContext.log Manager: list: Listing contexts for virtual host 'localhost'
26-Apr-2018 17:39:47.079 INFORMA합ES [http-nio-8080-exec-461] org.apache.catalina.core.ApplicationContext.log Manager: list: Listing contexts for virtual host 'localhost'
26-Apr-2018 17:39:47.100 INFORMA합ES [http-nio-8080-exec-459] org.apache.catalina.core.ApplicationContext.log Manager: restart: Reloading web application '/truco'
26-Apr-2018 17:39:57.633 INFORMA합ES [http-nio-8080-exec-454] org.apache.catalina.core.ApplicationContext.log Manager: list: Listing contexts for virtual host 'localhost'
26-Apr-2018 17:39:57.649 INFORMA합ES [http-nio-8080-exec-453] org.apache.catalina.core.ApplicationContext.log Manager: list: Listing contexts for virtual host 'localhost'
26-Apr-2018 17:39:57.649 INFORMA합ES [http-nio-8080-exec-458] org.apache.catalina.core.ApplicationContext.log Manager: undeploy: Undeploying web application at '/truco'
26-Apr-2018 17:39:58.164 INFORMA합ES [http-nio-8080-exec-461] org.apache.catalina.core.ApplicationContext.log Manager: install: Installing context configuration at 'file:/C:/Users/047837~1/AppData/Local/Temp/context1115171349411554659.xml'
26-Apr-2018 17:39:59.435 INFORMA합ES [http-nio-8080-exec-466] org.apache.catalina.core.ApplicationContext.log Manager: start: Starting web application '/truco'
26-Apr-2018 17:40:38.283 INFORMA합ES [http-nio-8080-exec-467] org.apache.catalina.core.ApplicationContext.log Manager: list: Listing contexts for virtual host 'localhost'
26-Apr-2018 17:40:44.756 INFORMA합ES [http-nio-8080-exec-470] org.apache.catalina.core.ApplicationContext.log Manager: list: Listing contexts for virtual host 'localhost'
26-Apr-2018 17:40:44.756 INFORMA합ES [http-nio-8080-exec-471] org.apache.catalina.core.ApplicationContext.log Manager: restart: Reloading web application '/truco'
26-Apr-2018 17:40:45.990 INFORMA합ES [http-nio-8080-exec-469] org.apache.catalina.core.ApplicationContext.log Manager: list: Listing contexts for virtual host 'localhost'
26-Apr-2018 17:40:45.990 INFORMA합ES [http-nio-8080-exec-462] org.apache.catalina.core.ApplicationContext.log Manager: list: Listing contexts for virtual host 'localhost'
26-Apr-2018 17:40:46.175 INFORMA합ES [http-nio-8080-exec-465] org.apache.catalina.core.ApplicationContext.log Manager: undeploy: Undeploying web application at '/truco'
26-Apr-2018 17:40:46.675 INFORMA합ES [http-nio-8080-exec-470] org.apache.catalina.core.ApplicationContext.log Manager: install: Installing context configuration at 'file:/C:/Users/047837~1/AppData/Local/Temp/context251849717758171586.xml'
26-Apr-2018 17:40:47.908 INFORMA합ES [http-nio-8080-exec-473] org.apache.catalina.core.ApplicationContext.log Manager: start: Starting web application '/truco'
26-Apr-2018 17:41:33.066 INFORMA합ES [http-nio-8080-exec-467] org.apache.catalina.core.ApplicationContext.log Manager: list: Listing contexts for virtual host 'localhost'
26-Apr-2018 17:41:37.907 INFORMA합ES [http-nio-8080-exec-465] org.apache.catalina.core.ApplicationContext.log Manager: list: Listing contexts for virtual host 'localhost'
26-Apr-2018 17:41:37.907 INFORMA합ES [http-nio-8080-exec-474] org.apache.catalina.core.ApplicationContext.log Manager: list: Listing contexts for virtual host 'localhost'
26-Apr-2018 17:41:37.922 INFORMA합ES [http-nio-8080-exec-458] org.apache.catalina.core.ApplicationContext.log Manager: undeploy: Undeploying web application at '/truco'
26-Apr-2018 17:41:38.423 INFORMA합ES [http-nio-8080-exec-465] org.apache.catalina.core.ApplicationContext.log Manager: install: Installing context configuration at 'file:/C:/Users/047837~1/AppData/Local/Temp/context5136530652963447681.xml'
26-Apr-2018 17:41:39.672 INFORMA합ES [http-nio-8080-exec-474] org.apache.catalina.core.ApplicationContext.log Manager: start: Starting web application '/truco'
26-Apr-2018 17:41:57.553 INFORMA합ES [http-nio-8080-exec-475] org.apache.catalina.core.ApplicationContext.log Manager: list: Listing contexts for virtual host 'localhost'
26-Apr-2018 17:41:57.558 INFORMA합ES [http-nio-8080-exec-474] org.apache.catalina.core.ApplicationContext.log Manager: list: Listing contexts for virtual host 'localhost'
26-Apr-2018 17:41:57.569 INFORMA합ES [http-nio-8080-exec-478] org.apache.catalina.core.ApplicationContext.log Manager: undeploy: Undeploying web application at '/truco'
26-Apr-2018 17:41:58.095 INFORMA합ES [http-nio-8080-exec-475] org.apache.catalina.core.ApplicationContext.log Manager: install: Installing context configuration at 'file:/C:/Users/047837~1/AppData/Local/Temp/context3898494688966981612.xml'
26-Apr-2018 17:41:59.545 INFORMA합ES [http-nio-8080-exec-474] org.apache.catalina.core.ApplicationContext.log Manager: start: Starting web application '/truco'
26-Apr-2018 17:42:12.299 INFORMA합ES [http-nio-8080-exec-473] org.apache.catalina.core.ApplicationContext.log Manager: list: Listing contexts for virtual host 'localhost'
26-Apr-2018 17:42:17.453 INFORMA합ES [http-nio-8080-exec-477] org.apache.catalina.core.ApplicationContext.log Manager: list: Listing contexts for virtual host 'localhost'
26-Apr-2018 17:42:17.453 INFORMA합ES [http-nio-8080-exec-478] org.apache.catalina.core.ApplicationContext.log Manager: list: Listing contexts for virtual host 'localhost'
26-Apr-2018 17:42:17.469 INFORMA합ES [http-nio-8080-exec-483] org.apache.catalina.core.ApplicationContext.log Manager: undeploy: Undeploying web application at '/truco'
26-Apr-2018 17:42:17.984 INFORMA합ES [http-nio-8080-exec-478] org.apache.catalina.core.ApplicationContext.log Manager: install: Installing context configuration at 'file:/C:/Users/047837~1/AppData/Local/Temp/context524164111196491870.xml'
26-Apr-2018 17:42:19.200 INFORMA합ES [http-nio-8080-exec-476] org.apache.catalina.core.ApplicationContext.log Manager: start: Starting web application '/truco'
26-Apr-2018 17:42:28.363 INFORMA합ES [http-nio-8080-exec-485] org.apache.catalina.core.ApplicationContext.log Manager: list: Listing contexts for virtual host 'localhost'
26-Apr-2018 17:42:30.548 INFORMA합ES [http-nio-8080-exec-483] org.apache.catalina.core.ApplicationContext.log Manager: list: Listing contexts for virtual host 'localhost'
26-Apr-2018 17:42:30.564 INFORMA합ES [http-nio-8080-exec-487] org.apache.catalina.core.ApplicationContext.log Manager: list: Listing contexts for virtual host 'localhost'
26-Apr-2018 17:42:30.564 INFORMA합ES [http-nio-8080-exec-476] org.apache.catalina.core.ApplicationContext.log Manager: undeploy: Undeploying web application at '/truco'
26-Apr-2018 17:42:31.080 INFORMA합ES [http-nio-8080-exec-484] org.apache.catalina.core.ApplicationContext.log Manager: install: Installing context configuration at 'file:/C:/Users/047837~1/AppData/Local/Temp/context6371282548790651449.xml'
26-Apr-2018 17:42:32.334 INFORMA합ES [http-nio-8080-exec-485] org.apache.catalina.core.ApplicationContext.log Manager: start: Starting web application '/truco'
26-Apr-2018 17:42:47.029 INFORMA합ES [http-nio-8080-exec-476] org.apache.catalina.core.ApplicationContext.log Manager: list: Listing contexts for virtual host 'localhost'
26-Apr-2018 17:42:55.166 INFORMA합ES [http-nio-8080-exec-488] org.apache.catalina.core.ApplicationContext.log Manager: list: Listing contexts for virtual host 'localhost'
26-Apr-2018 17:42:58.704 INFORMA합ES [http-nio-8080-exec-476] org.apache.catalina.core.ApplicationContext.log Manager: list: Listing contexts for virtual host 'localhost'
26-Apr-2018 17:43:06.566 INFORMA합ES [http-nio-8080-exec-490] org.apache.catalina.core.ApplicationContext.log Manager: list: Listing contexts for virtual host 'localhost'
26-Apr-2018 17:44:43.982 INFORMA합ES [http-nio-8080-exec-493] org.apache.catalina.core.ApplicationContext.log Manager: list: Listing contexts for virtual host 'localhost'
26-Apr-2018 17:44:52.659 INFORMA합ES [http-nio-8080-exec-493] org.apache.catalina.core.ApplicationContext.log Manager: list: Listing contexts for virtual host 'localhost'
26-Apr-2018 17:45:18.135 INFORMA합ES [http-nio-8080-exec-492] org.apache.catalina.core.ApplicationContext.log Manager: list: Listing contexts for virtual host 'localhost'
26-Apr-2018 17:45:38.467 INFORMA합ES [http-nio-8080-exec-494] org.apache.catalina.core.ApplicationContext.log Manager: list: Listing contexts for virtual host 'localhost'
26-Apr-2018 17:45:50.437 INFORMA합ES [http-nio-8080-exec-494] org.apache.catalina.core.ApplicationContext.log Manager: list: Listing contexts for virtual host 'localhost'
26-Apr-2018 17:45:55.669 INFORMA합ES [http-nio-8080-exec-494] org.apache.catalina.core.ApplicationContext.log Manager: list: Listing contexts for virtual host 'localhost'
26-Apr-2018 17:46:48.351 INFORMA합ES [http-nio-8080-exec-499] org.apache.catalina.core.ApplicationContext.log Manager: list: Listing contexts for virtual host 'localhost'
26-Apr-2018 17:47:26.229 INFORMA합ES [http-nio-8080-exec-495] org.apache.catalina.core.ApplicationContext.log Manager: list: Listing contexts for virtual host 'localhost'
26-Apr-2018 17:47:32.572 INFORMA합ES [http-nio-8080-exec-493] org.apache.catalina.core.ApplicationContext.log Manager: list: Listing contexts for virtual host 'localhost'
26-Apr-2018 17:52:35.706 INFORMA합ES [http-nio-8080-exec-490] org.apache.catalina.core.ApplicationContext.log Manager: list: Listing contexts for virtual host 'localhost'
26-Apr-2018 17:52:35.706 INFORMA합ES [http-nio-8080-exec-499] org.apache.catalina.core.ApplicationContext.log Manager: restart: Reloading web application '/truco'
26-Apr-2018 17:54:03.878 INFORMA합ES [http-nio-8080-exec-496] org.apache.catalina.core.ApplicationContext.log Manager: list: Listing contexts for virtual host 'localhost'
26-Apr-2018 17:54:08.213 INFORMA합ES [http-nio-8080-exec-491] org.apache.catalina.core.ApplicationContext.log Manager: list: Listing contexts for virtual host 'localhost'
26-Apr-2018 17:54:08.213 INFORMA합ES [http-nio-8080-exec-492] org.apache.catalina.core.ApplicationContext.log Manager: list: Listing contexts for virtual host 'localhost'
26-Apr-2018 17:54:08.228 INFORMA합ES [http-nio-8080-exec-501] org.apache.catalina.core.ApplicationContext.log Manager: undeploy: Undeploying web application at '/truco'
26-Apr-2018 17:54:08.729 INFORMA합ES [http-nio-8080-exec-494] org.apache.catalina.core.ApplicationContext.log Manager: install: Installing context configuration at 'file:/C:/Users/047837~1/AppData/Local/Temp/context179343177299257858.xml'
26-Apr-2018 17:54:09.983 INFORMA합ES [http-nio-8080-exec-496] org.apache.catalina.core.ApplicationContext.log Manager: start: Starting web application '/truco'
26-Apr-2018 17:55:14.295 INFORMA합ES [http-nio-8080-exec-508] org.apache.catalina.core.ApplicationContext.log Manager: list: Listing contexts for virtual host 'localhost'
26-Apr-2018 17:55:14.310 INFORMA합ES [http-nio-8080-exec-507] org.apache.catalina.core.ApplicationContext.log Manager: restart: Reloading web application '/truco'
26-Apr-2018 17:55:15.707 INFORMA합ES [http-nio-8080-exec-508] org.apache.catalina.core.ApplicationContext.log Manager: list: Listing contexts for virtual host 'localhost'
26-Apr-2018 17:55:15.707 INFORMA합ES [http-nio-8080-exec-505] org.apache.catalina.core.ApplicationContext.log Manager: list: Listing contexts for virtual host 'localhost'
26-Apr-2018 17:55:15.738 INFORMA합ES [http-nio-8080-exec-513] org.apache.catalina.core.ApplicationContext.log Manager: undeploy: Undeploying web application at '/truco'
26-Apr-2018 17:55:16.276 INFORMA합ES [http-nio-8080-exec-506] org.apache.catalina.core.ApplicationContext.log Manager: install: Installing context configuration at 'file:/C:/Users/047837~1/AppData/Local/Temp/context7229053451392245573.xml'
26-Apr-2018 17:55:17.642 INFORMA합ES [http-nio-8080-exec-509] org.apache.catalina.core.ApplicationContext.log Manager: start: Starting web application '/truco'
