03-May-2018 13:21:52.179 INFORMA합ES [http-nio-8080-exec-5] org.apache.catalina.core.ApplicationContext.log Manager: init: Associated with Deployer 'Catalina:type=Deployer,host=localhost'
03-May-2018 13:21:52.179 INFORMA합ES [http-nio-8080-exec-5] org.apache.catalina.core.ApplicationContext.log Manager: init: Global resources are available
03-May-2018 13:21:52.945 INFORMA합ES [http-nio-8080-exec-2] org.apache.catalina.core.ApplicationContext.log Manager: list: Listing contexts for virtual host 'localhost'
03-May-2018 13:21:52.960 INFORMA합ES [http-nio-8080-exec-10] org.apache.catalina.core.ApplicationContext.log Manager: undeploy: Undeploying web application at '/truco'
03-May-2018 13:21:53.476 INFORMA합ES [http-nio-8080-exec-1] org.apache.catalina.core.ApplicationContext.log Manager: install: Installing context configuration at 'file:/C:/Users/047837~1/AppData/Local/Temp/context5619253420635062649.xml'
03-May-2018 13:21:54.804 INFORMA합ES [http-nio-8080-exec-3] org.apache.catalina.core.ApplicationContext.log Manager: start: Starting web application '/truco'
03-May-2018 13:24:07.347 INFORMA합ES [http-nio-8080-exec-6] org.apache.catalina.core.ApplicationContext.log Manager: list: Listing contexts for virtual host 'localhost'
03-May-2018 13:24:36.285 INFORMA합ES [http-nio-8080-exec-4] org.apache.catalina.core.ApplicationContext.log Manager: list: Listing contexts for virtual host 'localhost'
03-May-2018 13:32:59.220 INFORMA합ES [http-nio-8080-exec-1] org.apache.catalina.core.ApplicationContext.log Manager: list: Listing contexts for virtual host 'localhost'
03-May-2018 13:32:59.220 INFORMA합ES [http-nio-8080-exec-4] org.apache.catalina.core.ApplicationContext.log Manager: restart: Reloading web application '/truco'
03-May-2018 13:33:06.138 INFORMA합ES [http-nio-8080-exec-1] org.apache.catalina.core.ApplicationContext.log Manager: list: Listing contexts for virtual host 'localhost'
03-May-2018 13:33:06.154 INFORMA합ES [http-nio-8080-exec-2] org.apache.catalina.core.ApplicationContext.log Manager: restart: Reloading web application '/truco'
03-May-2018 13:33:15.202 INFORMA합ES [http-nio-8080-exec-3] org.apache.catalina.core.ApplicationContext.log Manager: list: Listing contexts for virtual host 'localhost'
03-May-2018 13:33:15.217 INFORMA합ES [http-nio-8080-exec-8] org.apache.catalina.core.ApplicationContext.log Manager: restart: Reloading web application '/truco'
03-May-2018 13:33:23.593 INFORMA합ES [http-nio-8080-exec-9] org.apache.catalina.core.ApplicationContext.log Manager: list: Listing contexts for virtual host 'localhost'
03-May-2018 13:33:23.609 INFORMA합ES [http-nio-8080-exec-13] org.apache.catalina.core.ApplicationContext.log Manager: list: Listing contexts for virtual host 'localhost'
03-May-2018 13:33:23.624 INFORMA합ES [http-nio-8080-exec-1] org.apache.catalina.core.ApplicationContext.log Manager: restart: Reloading web application '/truco'
03-May-2018 13:34:32.777 INFORMA합ES [http-nio-8080-exec-20] org.apache.catalina.core.ApplicationContext.log Manager: list: Listing contexts for virtual host 'localhost'
03-May-2018 13:34:46.037 INFORMA합ES [http-nio-8080-exec-21] org.apache.catalina.core.ApplicationContext.log Manager: list: Listing contexts for virtual host 'localhost'
03-May-2018 13:34:46.053 INFORMA합ES [http-nio-8080-exec-19] org.apache.catalina.core.ApplicationContext.log Manager: list: Listing contexts for virtual host 'localhost'
03-May-2018 13:36:19.586 INFORMA합ES [http-nio-8080-exec-18] org.apache.catalina.core.ApplicationContext.log Manager: list: Listing contexts for virtual host 'localhost'
03-May-2018 13:36:19.586 INFORMA합ES [http-nio-8080-exec-17] org.apache.catalina.core.ApplicationContext.log Manager: restart: Reloading web application '/truco'
03-May-2018 13:37:21.864 INFORMA합ES [http-nio-8080-exec-24] org.apache.catalina.core.ApplicationContext.log Manager: list: Listing contexts for virtual host 'localhost'
03-May-2018 13:37:21.864 INFORMA합ES [http-nio-8080-exec-18] org.apache.catalina.core.ApplicationContext.log Manager: list: Listing contexts for virtual host 'localhost'
03-May-2018 13:37:21.880 INFORMA합ES [http-nio-8080-exec-25] org.apache.catalina.core.ApplicationContext.log Manager: restart: Reloading web application '/truco'
03-May-2018 13:39:31.071 INFORMA합ES [http-nio-8080-exec-37] org.apache.catalina.core.ApplicationContext.log Manager: list: Listing contexts for virtual host 'localhost'
03-May-2018 13:39:57.664 INFORMA합ES [http-nio-8080-exec-36] org.apache.catalina.core.ApplicationContext.log Manager: list: Listing contexts for virtual host 'localhost'
03-May-2018 13:41:02.068 INFORMA합ES [http-nio-8080-exec-39] org.apache.catalina.core.ApplicationContext.log Manager: list: Listing contexts for virtual host 'localhost'
03-May-2018 13:42:36.322 INFORMA합ES [http-nio-8080-exec-35] org.apache.catalina.core.ApplicationContext.log Manager: list: Listing contexts for virtual host 'localhost'
03-May-2018 13:42:36.338 INFORMA합ES [http-nio-8080-exec-42] org.apache.catalina.core.ApplicationContext.log Manager: restart: Reloading web application '/truco'
03-May-2018 13:42:47.363 INFORMA합ES [http-nio-8080-exec-40] org.apache.catalina.core.ApplicationContext.log Manager: list: Listing contexts for virtual host 'localhost'
03-May-2018 13:42:47.379 INFORMA합ES [http-nio-8080-exec-36] org.apache.catalina.core.ApplicationContext.log Manager: restart: Reloading web application '/truco'
03-May-2018 13:43:43.733 INFORMA합ES [http-nio-8080-exec-40] org.apache.catalina.core.ApplicationContext.log Manager: list: Listing contexts for virtual host 'localhost'
03-May-2018 13:43:43.733 INFORMA합ES [http-nio-8080-exec-37] org.apache.catalina.core.ApplicationContext.log Manager: restart: Reloading web application '/truco'
03-May-2018 13:43:51.884 INFORMA합ES [http-nio-8080-exec-39] org.apache.catalina.core.ApplicationContext.log Manager: list: Listing contexts for virtual host 'localhost'
03-May-2018 13:43:51.884 INFORMA합ES [http-nio-8080-exec-44] org.apache.catalina.core.ApplicationContext.log Manager: restart: Reloading web application '/truco'
03-May-2018 13:44:04.385 INFORMA합ES [http-nio-8080-exec-35] org.apache.catalina.core.ApplicationContext.log Manager: list: Listing contexts for virtual host 'localhost'
03-May-2018 13:44:04.401 INFORMA합ES [http-nio-8080-exec-38] org.apache.catalina.core.ApplicationContext.log Manager: restart: Reloading web application '/truco'
03-May-2018 13:44:38.839 INFORMA합ES [http-nio-8080-exec-47] org.apache.catalina.core.ApplicationContext.log Manager: list: Listing contexts for virtual host 'localhost'
03-May-2018 13:44:38.855 INFORMA합ES [http-nio-8080-exec-48] org.apache.catalina.core.ApplicationContext.log Manager: restart: Reloading web application '/truco'
03-May-2018 13:44:59.839 INFORMA합ES [http-nio-8080-exec-50] org.apache.catalina.core.ApplicationContext.log Manager: list: Listing contexts for virtual host 'localhost'
03-May-2018 13:45:10.637 INFORMA합ES [http-nio-8080-exec-33] org.apache.catalina.core.ApplicationContext.log Manager: list: Listing contexts for virtual host 'localhost'
03-May-2018 13:45:30.411 INFORMA합ES [http-nio-8080-exec-52] org.apache.catalina.core.ApplicationContext.log Manager: list: Listing contexts for virtual host 'localhost'
03-May-2018 13:45:30.420 INFORMA합ES [http-nio-8080-exec-53] org.apache.catalina.core.ApplicationContext.log Manager: restart: Reloading web application '/truco'
03-May-2018 13:46:24.526 INFORMA합ES [http-nio-8080-exec-47] org.apache.catalina.core.ApplicationContext.log Manager: list: Listing contexts for virtual host 'localhost'
03-May-2018 13:46:24.534 INFORMA합ES [http-nio-8080-exec-51] org.apache.catalina.core.ApplicationContext.log Manager: restart: Reloading web application '/truco'
03-May-2018 13:46:35.583 INFORMA합ES [http-nio-8080-exec-58] org.apache.catalina.core.ApplicationContext.log Manager: list: Listing contexts for virtual host 'localhost'
03-May-2018 13:46:35.591 INFORMA합ES [http-nio-8080-exec-50] org.apache.catalina.core.ApplicationContext.log Manager: restart: Reloading web application '/truco'
03-May-2018 13:46:39.666 INFORMA합ES [http-nio-8080-exec-58] org.apache.catalina.core.ApplicationContext.log Manager: list: Listing contexts for virtual host 'localhost'
03-May-2018 13:46:39.682 INFORMA합ES [http-nio-8080-exec-59] org.apache.catalina.core.ApplicationContext.log Manager: restart: Reloading web application '/truco'
03-May-2018 13:46:45.050 INFORMA합ES [http-nio-8080-exec-54] org.apache.catalina.core.ApplicationContext.log Manager: list: Listing contexts for virtual host 'localhost'
03-May-2018 13:46:45.058 INFORMA합ES [http-nio-8080-exec-55] org.apache.catalina.core.ApplicationContext.log Manager: restart: Reloading web application '/truco'
03-May-2018 13:47:18.325 INFORMA합ES [http-nio-8080-exec-63] org.apache.catalina.core.ApplicationContext.log Manager: list: Listing contexts for virtual host 'localhost'
03-May-2018 13:47:18.332 INFORMA합ES [http-nio-8080-exec-58] org.apache.catalina.core.ApplicationContext.log Manager: restart: Reloading web application '/truco'
03-May-2018 13:48:15.233 INFORMA합ES [http-nio-8080-exec-63] org.apache.catalina.core.ApplicationContext.log Manager: list: Listing contexts for virtual host 'localhost'
03-May-2018 13:48:15.243 INFORMA합ES [http-nio-8080-exec-54] org.apache.catalina.core.ApplicationContext.log Manager: restart: Reloading web application '/truco'
03-May-2018 13:49:05.098 INFORMA합ES [http-nio-8080-exec-61] org.apache.catalina.core.ApplicationContext.log Manager: list: Listing contexts for virtual host 'localhost'
03-May-2018 13:49:05.109 INFORMA합ES [http-nio-8080-exec-65] org.apache.catalina.core.ApplicationContext.log Manager: restart: Reloading web application '/truco'
03-May-2018 13:50:51.434 INFORMA합ES [http-nio-8080-exec-69] org.apache.catalina.core.ApplicationContext.log Manager: list: Listing contexts for virtual host 'localhost'
03-May-2018 13:50:51.439 INFORMA합ES [http-nio-8080-exec-73] org.apache.catalina.core.ApplicationContext.log Manager: list: Listing contexts for virtual host 'localhost'
03-May-2018 13:50:51.452 INFORMA합ES [http-nio-8080-exec-60] org.apache.catalina.core.ApplicationContext.log Manager: restart: Reloading web application '/truco'
03-May-2018 13:51:59.463 INFORMA합ES [http-nio-8080-exec-75] org.apache.catalina.core.ApplicationContext.log Manager: list: Listing contexts for virtual host 'localhost'
03-May-2018 13:51:59.472 INFORMA합ES [http-nio-8080-exec-78] org.apache.catalina.core.ApplicationContext.log Manager: restart: Reloading web application '/truco'
03-May-2018 13:53:52.984 INFORMA합ES [http-nio-8080-exec-79] org.apache.catalina.core.ApplicationContext.log Manager: list: Listing contexts for virtual host 'localhost'
03-May-2018 13:53:52.994 INFORMA합ES [http-nio-8080-exec-76] org.apache.catalina.core.ApplicationContext.log Manager: restart: Reloading web application '/truco'
03-May-2018 13:54:05.174 INFORMA합ES [http-nio-8080-exec-88] org.apache.catalina.core.ApplicationContext.log Manager: list: Listing contexts for virtual host 'localhost'
03-May-2018 13:54:11.460 INFORMA합ES [http-nio-8080-exec-79] org.apache.catalina.core.ApplicationContext.log Manager: list: Listing contexts for virtual host 'localhost'
03-May-2018 13:54:11.466 INFORMA합ES [http-nio-8080-exec-75] org.apache.catalina.core.ApplicationContext.log Manager: list: Listing contexts for virtual host 'localhost'
03-May-2018 13:54:11.479 INFORMA합ES [http-nio-8080-exec-89] org.apache.catalina.core.ApplicationContext.log Manager: restart: Reloading web application '/truco'
03-May-2018 13:54:54.869 INFORMA합ES [http-nio-8080-exec-93] org.apache.catalina.core.ApplicationContext.log Manager: list: Listing contexts for virtual host 'localhost'
03-May-2018 13:55:00.826 INFORMA합ES [http-nio-8080-exec-98] org.apache.catalina.core.ApplicationContext.log Manager: list: Listing contexts for virtual host 'localhost'
03-May-2018 13:55:03.877 INFORMA합ES [http-nio-8080-exec-97] org.apache.catalina.core.ApplicationContext.log Manager: list: Listing contexts for virtual host 'localhost'
03-May-2018 13:55:24.895 INFORMA합ES [http-nio-8080-exec-96] org.apache.catalina.core.ApplicationContext.log Manager: list: Listing contexts for virtual host 'localhost'
03-May-2018 13:55:28.462 INFORMA합ES [http-nio-8080-exec-99] org.apache.catalina.core.ApplicationContext.log Manager: list: Listing contexts for virtual host 'localhost'
03-May-2018 13:56:55.091 INFORMA합ES [http-nio-8080-exec-97] org.apache.catalina.core.ApplicationContext.log Manager: list: Listing contexts for virtual host 'localhost'
03-May-2018 13:56:55.101 INFORMA합ES [http-nio-8080-exec-94] org.apache.catalina.core.ApplicationContext.log Manager: restart: Reloading web application '/truco'
03-May-2018 14:00:29.633 INFORMA합ES [http-nio-8080-exec-108] org.apache.catalina.core.ApplicationContext.log Manager: list: Listing contexts for virtual host 'localhost'
03-May-2018 14:00:29.639 INFORMA합ES [http-nio-8080-exec-110] org.apache.catalina.core.ApplicationContext.log Manager: list: Listing contexts for virtual host 'localhost'
03-May-2018 14:00:29.653 INFORMA합ES [http-nio-8080-exec-99] org.apache.catalina.core.ApplicationContext.log Manager: restart: Reloading web application '/truco'
03-May-2018 14:03:01.803 INFORMA합ES [http-nio-8080-exec-118] org.apache.catalina.core.ApplicationContext.log Manager: list: Listing contexts for virtual host 'localhost'
03-May-2018 14:03:01.812 INFORMA합ES [http-nio-8080-exec-112] org.apache.catalina.core.ApplicationContext.log Manager: restart: Reloading web application '/truco'
03-May-2018 14:03:13.872 INFORMA합ES [http-nio-8080-exec-113] org.apache.catalina.core.ApplicationContext.log Manager: list: Listing contexts for virtual host 'localhost'
03-May-2018 14:03:13.877 INFORMA합ES [http-nio-8080-exec-120] org.apache.catalina.core.ApplicationContext.log Manager: list: Listing contexts for virtual host 'localhost'
03-May-2018 14:03:13.890 INFORMA합ES [http-nio-8080-exec-118] org.apache.catalina.core.ApplicationContext.log Manager: restart: Reloading web application '/truco'
03-May-2018 14:04:10.676 INFORMA합ES [http-nio-8080-exec-113] org.apache.catalina.core.ApplicationContext.log Manager: list: Listing contexts for virtual host 'localhost'
03-May-2018 14:04:10.694 INFORMA합ES [http-nio-8080-exec-116] org.apache.catalina.core.ApplicationContext.log Manager: restart: Reloading web application '/truco'
03-May-2018 14:05:15.720 INFORMA합ES [http-nio-8080-exec-115] org.apache.catalina.core.ApplicationContext.log Manager: list: Listing contexts for virtual host 'localhost'
03-May-2018 14:05:15.729 INFORMA합ES [http-nio-8080-exec-125] org.apache.catalina.core.ApplicationContext.log Manager: restart: Reloading web application '/truco'
03-May-2018 14:07:57.980 INFORMA합ES [http-nio-8080-exec-135] org.apache.catalina.core.ApplicationContext.log Manager: list: Listing contexts for virtual host 'localhost'
03-May-2018 14:07:57.990 INFORMA합ES [http-nio-8080-exec-138] org.apache.catalina.core.ApplicationContext.log Manager: restart: Reloading web application '/truco'
03-May-2018 14:08:52.485 INFORMA합ES [http-nio-8080-exec-133] org.apache.catalina.core.ApplicationContext.log Manager: list: Listing contexts for virtual host 'localhost'
03-May-2018 14:08:52.501 INFORMA합ES [http-nio-8080-exec-124] org.apache.catalina.core.ApplicationContext.log Manager: restart: Reloading web application '/truco'
03-May-2018 14:08:59.492 INFORMA합ES [http-nio-8080-exec-134] org.apache.catalina.core.ApplicationContext.log Manager: list: Listing contexts for virtual host 'localhost'
03-May-2018 14:08:59.497 INFORMA합ES [http-nio-8080-exec-133] org.apache.catalina.core.ApplicationContext.log Manager: list: Listing contexts for virtual host 'localhost'
03-May-2018 14:08:59.512 INFORMA합ES [http-nio-8080-exec-117] org.apache.catalina.core.ApplicationContext.log Manager: restart: Reloading web application '/truco'
03-May-2018 14:11:17.239 INFORMA합ES [http-nio-8080-exec-148] org.apache.catalina.core.ApplicationContext.log Manager: list: Listing contexts for virtual host 'localhost'
03-May-2018 14:11:17.245 INFORMA합ES [http-nio-8080-exec-147] org.apache.catalina.core.ApplicationContext.log Manager: list: Listing contexts for virtual host 'localhost'
03-May-2018 14:11:54.282 INFORMA합ES [http-nio-8080-exec-152] org.apache.catalina.core.ApplicationContext.log Manager: list: Listing contexts for virtual host 'localhost'
03-May-2018 14:11:54.287 INFORMA합ES [http-nio-8080-exec-145] org.apache.catalina.core.ApplicationContext.log Manager: list: Listing contexts for virtual host 'localhost'
03-May-2018 14:13:35.314 INFORMA합ES [http-nio-8080-exec-149] org.apache.catalina.core.ApplicationContext.log Manager: list: Listing contexts for virtual host 'localhost'
03-May-2018 14:13:35.323 INFORMA합ES [http-nio-8080-exec-151] org.apache.catalina.core.ApplicationContext.log Manager: restart: Reloading web application '/truco'
03-May-2018 14:17:50.584 INFORMA합ES [http-nio-8080-exec-155] org.apache.catalina.core.ApplicationContext.log Manager: list: Listing contexts for virtual host 'localhost'
03-May-2018 14:17:50.593 INFORMA합ES [http-nio-8080-exec-156] org.apache.catalina.core.ApplicationContext.log Manager: restart: Reloading web application '/truco'
03-May-2018 14:17:52.762 INFORMA합ES [http-nio-8080-exec-155] org.apache.catalina.core.ApplicationContext.log Manager: list: Listing contexts for virtual host 'localhost'
03-May-2018 14:17:52.772 INFORMA합ES [http-nio-8080-exec-153] org.apache.catalina.core.ApplicationContext.log Manager: restart: Reloading web application '/truco'
03-May-2018 14:18:02.941 INFORMA합ES [http-nio-8080-exec-159] org.apache.catalina.core.ApplicationContext.log Manager: list: Listing contexts for virtual host 'localhost'
03-May-2018 14:18:02.951 INFORMA합ES [http-nio-8080-exec-157] org.apache.catalina.core.ApplicationContext.log Manager: restart: Reloading web application '/truco'
03-May-2018 14:18:30.278 INFORMA합ES [http-nio-8080-exec-164] org.apache.catalina.core.ApplicationContext.log Manager: list: Listing contexts for virtual host 'localhost'
03-May-2018 14:18:30.283 INFORMA합ES [http-nio-8080-exec-165] org.apache.catalina.core.ApplicationContext.log Manager: list: Listing contexts for virtual host 'localhost'
03-May-2018 14:18:30.298 INFORMA합ES [http-nio-8080-exec-162] org.apache.catalina.core.ApplicationContext.log Manager: restart: Reloading web application '/truco'
03-May-2018 14:18:54.351 INFORMA합ES [http-nio-8080-exec-171] org.apache.catalina.core.ApplicationContext.log Manager: list: Listing contexts for virtual host 'localhost'
03-May-2018 14:18:54.357 INFORMA합ES [http-nio-8080-exec-168] org.apache.catalina.core.ApplicationContext.log Manager: list: Listing contexts for virtual host 'localhost'
03-May-2018 14:22:10.877 INFORMA합ES [http-nio-8080-exec-169] org.apache.catalina.core.ApplicationContext.log Manager: list: Listing contexts for virtual host 'localhost'
03-May-2018 14:22:10.886 INFORMA합ES [http-nio-8080-exec-173] org.apache.catalina.core.ApplicationContext.log Manager: restart: Reloading web application '/truco'
03-May-2018 14:22:17.559 INFORMA합ES [http-nio-8080-exec-168] org.apache.catalina.core.ApplicationContext.log Manager: list: Listing contexts for virtual host 'localhost'
03-May-2018 14:22:17.565 INFORMA합ES [http-nio-8080-exec-171] org.apache.catalina.core.ApplicationContext.log Manager: list: Listing contexts for virtual host 'localhost'
03-May-2018 14:22:17.577 INFORMA합ES [http-nio-8080-exec-176] org.apache.catalina.core.ApplicationContext.log Manager: restart: Reloading web application '/truco'
03-May-2018 14:26:14.005 INFORMA합ES [http-nio-8080-exec-184] org.apache.catalina.core.ApplicationContext.log Manager: list: Listing contexts for virtual host 'localhost'
03-May-2018 14:26:14.015 INFORMA합ES [http-nio-8080-exec-185] org.apache.catalina.core.ApplicationContext.log Manager: restart: Reloading web application '/truco'
03-May-2018 14:26:39.368 INFORMA합ES [http-nio-8080-exec-187] org.apache.catalina.core.ApplicationContext.log Manager: list: Listing contexts for virtual host 'localhost'
03-May-2018 14:26:39.378 INFORMA합ES [http-nio-8080-exec-189] org.apache.catalina.core.ApplicationContext.log Manager: restart: Reloading web application '/truco'
03-May-2018 14:26:50.572 INFORMA합ES [http-nio-8080-exec-184] org.apache.catalina.core.ApplicationContext.log Manager: list: Listing contexts for virtual host 'localhost'
03-May-2018 14:26:50.577 INFORMA합ES [http-nio-8080-exec-182] org.apache.catalina.core.ApplicationContext.log Manager: list: Listing contexts for virtual host 'localhost'
03-May-2018 14:26:50.590 INFORMA합ES [http-nio-8080-exec-192] org.apache.catalina.core.ApplicationContext.log Manager: restart: Reloading web application '/truco'
03-May-2018 14:29:19.071 INFORMA합ES [http-nio-8080-exec-196] org.apache.catalina.core.ApplicationContext.log Manager: list: Listing contexts for virtual host 'localhost'
03-May-2018 14:29:21.298 INFORMA합ES [http-nio-8080-exec-201] org.apache.catalina.core.ApplicationContext.log Manager: list: Listing contexts for virtual host 'localhost'
03-May-2018 14:29:21.303 INFORMA합ES [http-nio-8080-exec-200] org.apache.catalina.core.ApplicationContext.log Manager: list: Listing contexts for virtual host 'localhost'
03-May-2018 14:33:19.624 INFORMA합ES [http-nio-8080-exec-195] org.apache.catalina.core.ApplicationContext.log Manager: list: Listing contexts for virtual host 'localhost'
03-May-2018 14:33:19.634 INFORMA합ES [http-nio-8080-exec-198] org.apache.catalina.core.ApplicationContext.log Manager: restart: Reloading web application '/truco'
03-May-2018 14:33:27.797 INFORMA합ES [http-nio-8080-exec-199] org.apache.catalina.core.ApplicationContext.log Manager: list: Listing contexts for virtual host 'localhost'
03-May-2018 14:33:27.806 INFORMA합ES [http-nio-8080-exec-202] org.apache.catalina.core.ApplicationContext.log Manager: restart: Reloading web application '/truco'
03-May-2018 14:33:38.815 INFORMA합ES [http-nio-8080-exec-199] org.apache.catalina.core.ApplicationContext.log Manager: list: Listing contexts for virtual host 'localhost'
03-May-2018 14:33:38.824 INFORMA합ES [http-nio-8080-exec-204] org.apache.catalina.core.ApplicationContext.log Manager: restart: Reloading web application '/truco'
03-May-2018 14:33:51.261 INFORMA합ES [http-nio-8080-exec-203] org.apache.catalina.core.ApplicationContext.log Manager: list: Listing contexts for virtual host 'localhost'
03-May-2018 14:33:51.266 INFORMA합ES [http-nio-8080-exec-199] org.apache.catalina.core.ApplicationContext.log Manager: list: Listing contexts for virtual host 'localhost'
03-May-2018 14:33:51.280 INFORMA합ES [http-nio-8080-exec-207] org.apache.catalina.core.ApplicationContext.log Manager: restart: Reloading web application '/truco'
03-May-2018 14:34:38.478 INFORMA합ES [http-nio-8080-exec-209] org.apache.catalina.core.ApplicationContext.log Manager: list: Listing contexts for virtual host 'localhost'
03-May-2018 14:34:38.487 INFORMA합ES [http-nio-8080-exec-210] org.apache.catalina.core.ApplicationContext.log Manager: restart: Reloading web application '/truco'
03-May-2018 14:34:51.333 INFORMA합ES [http-nio-8080-exec-213] org.apache.catalina.core.ApplicationContext.log Manager: list: Listing contexts for virtual host 'localhost'
03-May-2018 14:34:51.338 INFORMA합ES [http-nio-8080-exec-199] org.apache.catalina.core.ApplicationContext.log Manager: list: Listing contexts for virtual host 'localhost'
03-May-2018 14:34:51.351 INFORMA합ES [http-nio-8080-exec-215] org.apache.catalina.core.ApplicationContext.log Manager: restart: Reloading web application '/truco'
03-May-2018 14:35:27.855 INFORMA합ES [http-nio-8080-exec-219] org.apache.catalina.core.ApplicationContext.log Manager: list: Listing contexts for virtual host 'localhost'
03-May-2018 14:35:27.861 INFORMA합ES [http-nio-8080-exec-220] org.apache.catalina.core.ApplicationContext.log Manager: list: Listing contexts for virtual host 'localhost'
03-May-2018 14:35:53.824 INFORMA합ES [http-nio-8080-exec-220] org.apache.catalina.core.ApplicationContext.log Manager: list: Listing contexts for virtual host 'localhost'
03-May-2018 14:35:53.834 INFORMA합ES [http-nio-8080-exec-216] org.apache.catalina.core.ApplicationContext.log Manager: restart: Reloading web application '/truco'
03-May-2018 14:36:23.293 INFORMA합ES [http-nio-8080-exec-224] org.apache.catalina.core.ApplicationContext.log Manager: list: Listing contexts for virtual host 'localhost'
03-May-2018 14:36:23.301 INFORMA합ES [http-nio-8080-exec-222] org.apache.catalina.core.ApplicationContext.log Manager: restart: Reloading web application '/truco'
03-May-2018 14:36:25.793 INFORMA합ES [http-nio-8080-exec-223] org.apache.catalina.core.ApplicationContext.log Manager: list: Listing contexts for virtual host 'localhost'
03-May-2018 14:36:25.802 INFORMA합ES [http-nio-8080-exec-228] org.apache.catalina.core.ApplicationContext.log Manager: restart: Reloading web application '/truco'
03-May-2018 14:36:32.332 INFORMA합ES [http-nio-8080-exec-226] org.apache.catalina.core.ApplicationContext.log Manager: list: Listing contexts for virtual host 'localhost'
03-May-2018 14:36:32.340 INFORMA합ES [http-nio-8080-exec-229] org.apache.catalina.core.ApplicationContext.log Manager: restart: Reloading web application '/truco'
03-May-2018 14:36:40.197 INFORMA합ES [http-nio-8080-exec-217] org.apache.catalina.core.ApplicationContext.log Manager: list: Listing contexts for virtual host 'localhost'
03-May-2018 14:36:40.202 INFORMA합ES [http-nio-8080-exec-206] org.apache.catalina.core.ApplicationContext.log Manager: list: Listing contexts for virtual host 'localhost'
03-May-2018 14:36:40.214 INFORMA합ES [http-nio-8080-exec-232] org.apache.catalina.core.ApplicationContext.log Manager: restart: Reloading web application '/truco'
03-May-2018 15:25:53.935 INFORMA합ES [http-nio-8080-exec-236] org.apache.catalina.core.ApplicationContext.log Manager: list: Listing contexts for virtual host 'localhost'
03-May-2018 15:25:53.945 INFORMA합ES [http-nio-8080-exec-237] org.apache.catalina.core.ApplicationContext.log Manager: restart: Reloading web application '/truco'
03-May-2018 15:26:25.711 INFORMA합ES [http-nio-8080-exec-241] org.apache.catalina.core.ApplicationContext.log Manager: list: Listing contexts for virtual host 'localhost'
03-May-2018 15:26:25.721 INFORMA합ES [http-nio-8080-exec-242] org.apache.catalina.core.ApplicationContext.log Manager: restart: Reloading web application '/truco'
03-May-2018 15:30:53.491 INFORMA합ES [http-nio-8080-exec-247] org.apache.catalina.core.ApplicationContext.log Manager: list: Listing contexts for virtual host 'localhost'
03-May-2018 15:30:53.501 INFORMA합ES [http-nio-8080-exec-248] org.apache.catalina.core.ApplicationContext.log Manager: restart: Reloading web application '/truco'
03-May-2018 15:31:01.698 INFORMA합ES [http-nio-8080-exec-249] org.apache.catalina.core.ApplicationContext.log Manager: list: Listing contexts for virtual host 'localhost'
03-May-2018 15:31:01.708 INFORMA합ES [http-nio-8080-exec-253] org.apache.catalina.core.ApplicationContext.log Manager: restart: Reloading web application '/truco'
03-May-2018 15:31:15.735 INFORMA합ES [http-nio-8080-exec-250] org.apache.catalina.core.ApplicationContext.log Manager: list: Listing contexts for virtual host 'localhost'
03-May-2018 15:31:15.744 INFORMA합ES [http-nio-8080-exec-255] org.apache.catalina.core.ApplicationContext.log Manager: restart: Reloading web application '/truco'
03-May-2018 15:39:25.772 INFORMA합ES [http-nio-8080-exec-259] org.apache.catalina.core.ApplicationContext.log Manager: list: Listing contexts for virtual host 'localhost'
03-May-2018 15:39:46.801 INFORMA합ES [http-nio-8080-exec-260] org.apache.catalina.core.ApplicationContext.log Manager: list: Listing contexts for virtual host 'localhost'
03-May-2018 15:40:31.131 INFORMA합ES [http-nio-8080-exec-257] org.apache.catalina.core.ApplicationContext.log Manager: list: Listing contexts for virtual host 'localhost'
03-May-2018 15:40:31.139 INFORMA합ES [http-nio-8080-exec-260] org.apache.catalina.core.ApplicationContext.log Manager: restart: Reloading web application '/truco'
03-May-2018 15:40:34.696 INFORMA합ES [http-nio-8080-exec-258] org.apache.catalina.core.ApplicationContext.log Manager: list: Listing contexts for virtual host 'localhost'
03-May-2018 15:40:34.705 INFORMA합ES [http-nio-8080-exec-266] org.apache.catalina.core.ApplicationContext.log Manager: restart: Reloading web application '/truco'
03-May-2018 15:40:38.849 INFORMA합ES [http-nio-8080-exec-267] org.apache.catalina.core.ApplicationContext.log Manager: list: Listing contexts for virtual host 'localhost'
03-May-2018 15:40:38.857 INFORMA합ES [http-nio-8080-exec-268] org.apache.catalina.core.ApplicationContext.log Manager: restart: Reloading web application '/truco'
03-May-2018 15:40:57.736 INFORMA합ES [http-nio-8080-exec-264] org.apache.catalina.core.ApplicationContext.log Manager: list: Listing contexts for virtual host 'localhost'
03-May-2018 15:41:03.393 INFORMA합ES [http-nio-8080-exec-269] org.apache.catalina.core.ApplicationContext.log Manager: list: Listing contexts for virtual host 'localhost'
03-May-2018 15:41:11.564 INFORMA합ES [http-nio-8080-exec-265] org.apache.catalina.core.ApplicationContext.log Manager: list: Listing contexts for virtual host 'localhost'
03-May-2018 15:41:48.772 INFORMA합ES [http-nio-8080-exec-271] org.apache.catalina.core.ApplicationContext.log Manager: list: Listing contexts for virtual host 'localhost'
03-May-2018 15:41:48.781 INFORMA합ES [http-nio-8080-exec-265] org.apache.catalina.core.ApplicationContext.log Manager: restart: Reloading web application '/truco'
03-May-2018 15:42:02.122 INFORMA합ES [http-nio-8080-exec-262] org.apache.catalina.core.ApplicationContext.log Manager: list: Listing contexts for virtual host 'localhost'
03-May-2018 15:42:02.131 INFORMA합ES [http-nio-8080-exec-275] org.apache.catalina.core.ApplicationContext.log Manager: restart: Reloading web application '/truco'
03-May-2018 15:42:12.952 INFORMA합ES [http-nio-8080-exec-274] org.apache.catalina.core.ApplicationContext.log Manager: list: Listing contexts for virtual host 'localhost'
03-May-2018 15:43:12.317 INFORMA합ES [http-nio-8080-exec-273] org.apache.catalina.core.ApplicationContext.log Manager: list: Listing contexts for virtual host 'localhost'
03-May-2018 15:43:18.712 INFORMA합ES [http-nio-8080-exec-272] org.apache.catalina.core.ApplicationContext.log Manager: list: Listing contexts for virtual host 'localhost'
03-May-2018 15:43:25.353 INFORMA합ES [http-nio-8080-exec-274] org.apache.catalina.core.ApplicationContext.log Manager: list: Listing contexts for virtual host 'localhost'
03-May-2018 15:43:25.360 INFORMA합ES [http-nio-8080-exec-277] org.apache.catalina.core.ApplicationContext.log Manager: list: Listing contexts for virtual host 'localhost'
03-May-2018 15:43:25.373 INFORMA합ES [http-nio-8080-exec-281] org.apache.catalina.core.ApplicationContext.log Manager: restart: Reloading web application '/truco'
03-May-2018 15:45:21.781 INFORMA합ES [http-nio-8080-exec-285] org.apache.catalina.core.ApplicationContext.log Manager: list: Listing contexts for virtual host 'localhost'
03-May-2018 15:45:29.337 INFORMA합ES [http-nio-8080-exec-289] org.apache.catalina.core.ApplicationContext.log Manager: list: Listing contexts for virtual host 'localhost'
03-May-2018 15:45:29.343 INFORMA합ES [http-nio-8080-exec-290] org.apache.catalina.core.ApplicationContext.log Manager: list: Listing contexts for virtual host 'localhost'
03-May-2018 15:45:58.181 INFORMA합ES [http-nio-8080-exec-289] org.apache.catalina.core.ApplicationContext.log Manager: list: Listing contexts for virtual host 'localhost'
03-May-2018 15:45:58.186 INFORMA합ES [http-nio-8080-exec-283] org.apache.catalina.core.ApplicationContext.log Manager: list: Listing contexts for virtual host 'localhost'
03-May-2018 15:46:17.724 INFORMA합ES [http-nio-8080-exec-282] org.apache.catalina.core.ApplicationContext.log Manager: list: Listing contexts for virtual host 'localhost'
03-May-2018 15:46:24.386 INFORMA합ES [http-nio-8080-exec-289] org.apache.catalina.core.ApplicationContext.log Manager: list: Listing contexts for virtual host 'localhost'
03-May-2018 15:46:46.852 INFORMA합ES [http-nio-8080-exec-290] org.apache.catalina.core.ApplicationContext.log Manager: list: Listing contexts for virtual host 'localhost'
03-May-2018 15:46:54.148 INFORMA합ES [http-nio-8080-exec-283] org.apache.catalina.core.ApplicationContext.log Manager: list: Listing contexts for virtual host 'localhost'
03-May-2018 15:47:39.670 INFORMA합ES [http-nio-8080-exec-290] org.apache.catalina.core.ApplicationContext.log Manager: list: Listing contexts for virtual host 'localhost'
03-May-2018 15:47:44.092 INFORMA합ES [http-nio-8080-exec-287] org.apache.catalina.core.ApplicationContext.log Manager: list: Listing contexts for virtual host 'localhost'
03-May-2018 15:54:50.096 INFORMA합ES [http-nio-8080-exec-287] org.apache.catalina.core.ApplicationContext.log Manager: list: Listing contexts for virtual host 'localhost'
03-May-2018 15:55:01.201 INFORMA합ES [http-nio-8080-exec-289] org.apache.catalina.core.ApplicationContext.log Manager: list: Listing contexts for virtual host 'localhost'
03-May-2018 15:55:11.176 INFORMA합ES [http-nio-8080-exec-288] org.apache.catalina.core.ApplicationContext.log Manager: list: Listing contexts for virtual host 'localhost'
03-May-2018 15:55:14.848 INFORMA합ES [http-nio-8080-exec-286] org.apache.catalina.core.ApplicationContext.log Manager: list: Listing contexts for virtual host 'localhost'
03-May-2018 16:05:16.893 INFORMA합ES [http-nio-8080-exec-285] org.apache.catalina.core.ApplicationContext.log Manager: list: Listing contexts for virtual host 'localhost'
03-May-2018 16:05:32.252 INFORMA합ES [http-nio-8080-exec-284] org.apache.catalina.core.ApplicationContext.log Manager: list: Listing contexts for virtual host 'localhost'
03-May-2018 16:06:49.029 INFORMA합ES [http-nio-8080-exec-282] org.apache.catalina.core.ApplicationContext.log Manager: list: Listing contexts for virtual host 'localhost'
03-May-2018 16:08:39.077 INFORMA합ES [http-nio-8080-exec-283] org.apache.catalina.core.ApplicationContext.log Manager: list: Listing contexts for virtual host 'localhost'
03-May-2018 16:09:36.244 INFORMA합ES [http-nio-8080-exec-290] org.apache.catalina.core.ApplicationContext.log Manager: list: Listing contexts for virtual host 'localhost'
03-May-2018 16:10:12.350 INFORMA합ES [http-nio-8080-exec-289] org.apache.catalina.core.ApplicationContext.log Manager: list: Listing contexts for virtual host 'localhost'
03-May-2018 16:42:47.837 INFORMA합ES [http-nio-8080-exec-287] org.apache.catalina.core.ApplicationContext.log Manager: list: Listing contexts for virtual host 'localhost'
03-May-2018 16:42:47.854 INFORMA합ES [http-nio-8080-exec-289] org.apache.catalina.core.ApplicationContext.log Manager: restart: Reloading web application '/truco'
03-May-2018 16:42:56.443 INFORMA합ES [http-nio-8080-exec-288] org.apache.catalina.core.ApplicationContext.log Manager: list: Listing contexts for virtual host 'localhost'
03-May-2018 16:42:56.452 INFORMA합ES [http-nio-8080-exec-291] org.apache.catalina.core.ApplicationContext.log Manager: restart: Reloading web application '/truco'
03-May-2018 16:44:00.367 INFORMA합ES [http-nio-8080-exec-284] org.apache.catalina.core.ApplicationContext.log Manager: list: Listing contexts for virtual host 'localhost'
03-May-2018 16:44:00.375 INFORMA합ES [http-nio-8080-exec-294] org.apache.catalina.core.ApplicationContext.log Manager: restart: Reloading web application '/truco'
03-May-2018 16:44:11.086 INFORMA합ES [http-nio-8080-exec-295] org.apache.catalina.core.ApplicationContext.log Manager: list: Listing contexts for virtual host 'localhost'
03-May-2018 16:44:11.095 INFORMA합ES [http-nio-8080-exec-297] org.apache.catalina.core.ApplicationContext.log Manager: restart: Reloading web application '/truco'
03-May-2018 16:45:40.854 INFORMA합ES [http-nio-8080-exec-283] org.apache.catalina.core.ApplicationContext.log Manager: list: Listing contexts for virtual host 'localhost'
03-May-2018 16:45:40.865 INFORMA합ES [http-nio-8080-exec-296] org.apache.catalina.core.ApplicationContext.log Manager: restart: Reloading web application '/truco'
03-May-2018 16:45:44.457 INFORMA합ES [http-nio-8080-exec-302] org.apache.catalina.core.ApplicationContext.log Manager: list: Listing contexts for virtual host 'localhost'
03-May-2018 16:45:44.467 INFORMA합ES [http-nio-8080-exec-303] org.apache.catalina.core.ApplicationContext.log Manager: restart: Reloading web application '/truco'
03-May-2018 16:45:54.455 INFORMA합ES [http-nio-8080-exec-304] org.apache.catalina.core.ApplicationContext.log Manager: list: Listing contexts for virtual host 'localhost'
03-May-2018 16:45:54.465 INFORMA합ES [http-nio-8080-exec-305] org.apache.catalina.core.ApplicationContext.log Manager: restart: Reloading web application '/truco'
03-May-2018 16:45:59.147 INFORMA합ES [http-nio-8080-exec-304] org.apache.catalina.core.ApplicationContext.log Manager: list: Listing contexts for virtual host 'localhost'
03-May-2018 16:45:59.155 INFORMA합ES [http-nio-8080-exec-307] org.apache.catalina.core.ApplicationContext.log Manager: restart: Reloading web application '/truco'
03-May-2018 16:46:20.954 INFORMA합ES [http-nio-8080-exec-288] org.apache.catalina.core.ApplicationContext.log Manager: list: Listing contexts for virtual host 'localhost'
03-May-2018 16:46:20.964 INFORMA합ES [http-nio-8080-exec-309] org.apache.catalina.core.ApplicationContext.log Manager: restart: Reloading web application '/truco'
03-May-2018 16:47:29.956 INFORMA합ES [http-nio-8080-exec-308] org.apache.catalina.core.ApplicationContext.log Manager: list: Listing contexts for virtual host 'localhost'
03-May-2018 16:47:29.966 INFORMA합ES [http-nio-8080-exec-312] org.apache.catalina.core.ApplicationContext.log Manager: restart: Reloading web application '/truco'
03-May-2018 16:47:52.102 INFORMA합ES [http-nio-8080-exec-311] org.apache.catalina.core.ApplicationContext.log Manager: list: Listing contexts for virtual host 'localhost'
03-May-2018 16:47:52.114 INFORMA합ES [http-nio-8080-exec-315] org.apache.catalina.core.ApplicationContext.log Manager: restart: Reloading web application '/truco'
03-May-2018 16:47:59.145 INFORMA합ES [http-nio-8080-exec-310] org.apache.catalina.core.ApplicationContext.log Manager: list: Listing contexts for virtual host 'localhost'
03-May-2018 16:47:59.154 INFORMA합ES [http-nio-8080-exec-317] org.apache.catalina.core.ApplicationContext.log Manager: restart: Reloading web application '/truco'
03-May-2018 16:48:16.202 INFORMA합ES [http-nio-8080-exec-310] org.apache.catalina.core.ApplicationContext.log Manager: list: Listing contexts for virtual host 'localhost'
03-May-2018 16:48:16.210 INFORMA합ES [http-nio-8080-exec-319] org.apache.catalina.core.ApplicationContext.log Manager: restart: Reloading web application '/truco'
03-May-2018 16:48:18.348 INFORMA합ES [http-nio-8080-exec-314] org.apache.catalina.core.ApplicationContext.log Manager: list: Listing contexts for virtual host 'localhost'
03-May-2018 16:48:18.359 INFORMA합ES [http-nio-8080-exec-318] org.apache.catalina.core.ApplicationContext.log Manager: restart: Reloading web application '/truco'
03-May-2018 16:49:12.810 INFORMA합ES [http-nio-8080-exec-321] org.apache.catalina.core.ApplicationContext.log Manager: list: Listing contexts for virtual host 'localhost'
03-May-2018 16:49:12.819 INFORMA합ES [http-nio-8080-exec-322] org.apache.catalina.core.ApplicationContext.log Manager: restart: Reloading web application '/truco'
03-May-2018 16:51:50.074 INFORMA합ES [http-nio-8080-exec-329] org.apache.catalina.core.ApplicationContext.log Manager: list: Listing contexts for virtual host 'localhost'
03-May-2018 16:51:50.083 INFORMA합ES [http-nio-8080-exec-288] org.apache.catalina.core.ApplicationContext.log Manager: restart: Reloading web application '/truco'
03-May-2018 17:03:45.427 INFORMA합ES [http-nio-8080-exec-332] org.apache.catalina.core.ApplicationContext.log Manager: list: Listing contexts for virtual host 'localhost'
03-May-2018 17:03:45.439 INFORMA합ES [http-nio-8080-exec-334] org.apache.catalina.core.ApplicationContext.log Manager: restart: Reloading web application '/truco'
03-May-2018 17:04:38.779 INFORMA합ES [http-nio-8080-exec-338] org.apache.catalina.core.ApplicationContext.log Manager: list: Listing contexts for virtual host 'localhost'
03-May-2018 17:04:38.788 INFORMA합ES [http-nio-8080-exec-339] org.apache.catalina.core.ApplicationContext.log Manager: restart: Reloading web application '/truco'
03-May-2018 17:04:43.139 INFORMA합ES [http-nio-8080-exec-332] org.apache.catalina.core.ApplicationContext.log Manager: list: Listing contexts for virtual host 'localhost'
03-May-2018 17:04:43.147 INFORMA합ES [http-nio-8080-exec-341] org.apache.catalina.core.ApplicationContext.log Manager: restart: Reloading web application '/truco'
03-May-2018 17:05:09.746 INFORMA합ES [http-nio-8080-exec-332] org.apache.catalina.core.ApplicationContext.log Manager: list: Listing contexts for virtual host 'localhost'
03-May-2018 17:05:09.757 INFORMA합ES [http-nio-8080-exec-343] org.apache.catalina.core.ApplicationContext.log Manager: restart: Reloading web application '/truco'
03-May-2018 17:06:15.235 INFORMA합ES [http-nio-8080-exec-336] org.apache.catalina.core.ApplicationContext.log Manager: list: Listing contexts for virtual host 'localhost'
03-May-2018 17:06:15.243 INFORMA합ES [http-nio-8080-exec-346] org.apache.catalina.core.ApplicationContext.log Manager: restart: Reloading web application '/truco'
03-May-2018 17:06:20.900 INFORMA합ES [http-nio-8080-exec-336] org.apache.catalina.core.ApplicationContext.log Manager: list: Listing contexts for virtual host 'localhost'
03-May-2018 17:06:20.910 INFORMA합ES [http-nio-8080-exec-349] org.apache.catalina.core.ApplicationContext.log Manager: restart: Reloading web application '/truco'
03-May-2018 17:09:09.302 INFORMA합ES [http-nio-8080-exec-356] org.apache.catalina.core.ApplicationContext.log Manager: list: Listing contexts for virtual host 'localhost'
03-May-2018 17:09:09.313 INFORMA합ES [http-nio-8080-exec-347] org.apache.catalina.core.ApplicationContext.log Manager: restart: Reloading web application '/truco'
03-May-2018 17:10:31.667 INFORMA합ES [http-nio-8080-exec-351] org.apache.catalina.core.ApplicationContext.log Manager: list: Listing contexts for virtual host 'localhost'
03-May-2018 17:10:31.675 INFORMA합ES [http-nio-8080-exec-358] org.apache.catalina.core.ApplicationContext.log Manager: restart: Reloading web application '/truco'
03-May-2018 17:10:38.391 INFORMA합ES [http-nio-8080-exec-354] org.apache.catalina.core.ApplicationContext.log Manager: list: Listing contexts for virtual host 'localhost'
03-May-2018 17:10:38.400 INFORMA합ES [http-nio-8080-exec-361] org.apache.catalina.core.ApplicationContext.log Manager: restart: Reloading web application '/truco'
03-May-2018 17:12:14.925 INFORMA합ES [http-nio-8080-exec-351] org.apache.catalina.core.ApplicationContext.log Manager: list: Listing contexts for virtual host 'localhost'
03-May-2018 17:12:14.934 INFORMA합ES [http-nio-8080-exec-364] org.apache.catalina.core.ApplicationContext.log Manager: restart: Reloading web application '/truco'
03-May-2018 17:12:19.695 INFORMA합ES [http-nio-8080-exec-366] org.apache.catalina.core.ApplicationContext.log Manager: list: Listing contexts for virtual host 'localhost'
03-May-2018 17:12:19.704 INFORMA합ES [http-nio-8080-exec-367] org.apache.catalina.core.ApplicationContext.log Manager: restart: Reloading web application '/truco'
03-May-2018 17:12:38.607 INFORMA합ES [http-nio-8080-exec-342] org.apache.catalina.core.ApplicationContext.log Manager: list: Listing contexts for virtual host 'localhost'
03-May-2018 17:12:38.615 INFORMA합ES [http-nio-8080-exec-369] org.apache.catalina.core.ApplicationContext.log Manager: restart: Reloading web application '/truco'
03-May-2018 17:13:58.100 INFORMA합ES [http-nio-8080-exec-363] org.apache.catalina.core.ApplicationContext.log Manager: list: Listing contexts for virtual host 'localhost'
03-May-2018 17:13:58.110 INFORMA합ES [http-nio-8080-exec-372] org.apache.catalina.core.ApplicationContext.log Manager: restart: Reloading web application '/truco'
03-May-2018 17:15:59.645 INFORMA합ES [http-nio-8080-exec-377] org.apache.catalina.core.ApplicationContext.log Manager: list: Listing contexts for virtual host 'localhost'
03-May-2018 17:15:59.658 INFORMA합ES [http-nio-8080-exec-355] org.apache.catalina.core.ApplicationContext.log Manager: restart: Reloading web application '/truco'
03-May-2018 17:16:08.149 INFORMA합ES [http-nio-8080-exec-378] org.apache.catalina.core.ApplicationContext.log Manager: list: Listing contexts for virtual host 'localhost'
03-May-2018 17:16:08.158 INFORMA합ES [http-nio-8080-exec-380] org.apache.catalina.core.ApplicationContext.log Manager: restart: Reloading web application '/truco'
03-May-2018 17:16:58.130 INFORMA합ES [http-nio-8080-exec-376] org.apache.catalina.core.ApplicationContext.log Manager: list: Listing contexts for virtual host 'localhost'
03-May-2018 17:16:58.138 INFORMA합ES [http-nio-8080-exec-382] org.apache.catalina.core.ApplicationContext.log Manager: restart: Reloading web application '/truco'
03-May-2018 17:17:19.212 INFORMA합ES [http-nio-8080-exec-374] org.apache.catalina.core.ApplicationContext.log Manager: list: Listing contexts for virtual host 'localhost'
03-May-2018 17:17:19.221 INFORMA합ES [http-nio-8080-exec-384] org.apache.catalina.core.ApplicationContext.log Manager: restart: Reloading web application '/truco'
03-May-2018 17:17:41.934 INFORMA합ES [http-nio-8080-exec-383] org.apache.catalina.core.ApplicationContext.log Manager: list: Listing contexts for virtual host 'localhost'
03-May-2018 17:17:41.944 INFORMA합ES [http-nio-8080-exec-386] org.apache.catalina.core.ApplicationContext.log Manager: restart: Reloading web application '/truco'
03-May-2018 17:20:01.447 INFORMA합ES [http-nio-8080-exec-393] org.apache.catalina.core.ApplicationContext.log Manager: list: Listing contexts for virtual host 'localhost'
03-May-2018 17:20:01.457 INFORMA합ES [http-nio-8080-exec-378] org.apache.catalina.core.ApplicationContext.log Manager: restart: Reloading web application '/truco'
03-May-2018 17:22:35.030 INFORMA합ES [http-nio-8080-exec-399] org.apache.catalina.core.ApplicationContext.log Manager: list: Listing contexts for virtual host 'localhost'
03-May-2018 17:22:35.039 INFORMA합ES [http-nio-8080-exec-390] org.apache.catalina.core.ApplicationContext.log Manager: restart: Reloading web application '/truco'
03-May-2018 17:23:00.541 INFORMA합ES [http-nio-8080-exec-397] org.apache.catalina.core.ApplicationContext.log Manager: list: Listing contexts for virtual host 'localhost'
03-May-2018 17:23:00.551 INFORMA합ES [http-nio-8080-exec-400] org.apache.catalina.core.ApplicationContext.log Manager: restart: Reloading web application '/truco'
03-May-2018 17:23:48.220 INFORMA합ES [http-nio-8080-exec-397] org.apache.catalina.core.ApplicationContext.log Manager: list: Listing contexts for virtual host 'localhost'
03-May-2018 17:23:48.228 INFORMA합ES [http-nio-8080-exec-402] org.apache.catalina.core.ApplicationContext.log Manager: restart: Reloading web application '/truco'
03-May-2018 17:23:50.206 INFORMA합ES [http-nio-8080-exec-403] org.apache.catalina.core.ApplicationContext.log Manager: list: Listing contexts for virtual host 'localhost'
03-May-2018 17:23:50.215 INFORMA합ES [http-nio-8080-exec-374] org.apache.catalina.core.ApplicationContext.log Manager: restart: Reloading web application '/truco'
03-May-2018 17:25:08.692 INFORMA합ES [http-nio-8080-exec-394] org.apache.catalina.core.ApplicationContext.log Manager: list: Listing contexts for virtual host 'localhost'
03-May-2018 17:25:19.908 INFORMA합ES [http-nio-8080-exec-397] org.apache.catalina.core.ApplicationContext.log Manager: list: Listing contexts for virtual host 'localhost'
03-May-2018 17:25:56.247 INFORMA합ES [http-nio-8080-exec-405] org.apache.catalina.core.ApplicationContext.log Manager: list: Listing contexts for virtual host 'localhost'
03-May-2018 17:25:56.256 INFORMA합ES [http-nio-8080-exec-397] org.apache.catalina.core.ApplicationContext.log Manager: restart: Reloading web application '/truco'
03-May-2018 17:26:04.506 INFORMA합ES [http-nio-8080-exec-410] org.apache.catalina.core.ApplicationContext.log Manager: list: Listing contexts for virtual host 'localhost'
03-May-2018 17:26:04.515 INFORMA합ES [http-nio-8080-exec-411] org.apache.catalina.core.ApplicationContext.log Manager: restart: Reloading web application '/truco'
03-May-2018 17:27:27.659 INFORMA합ES [http-nio-8080-exec-407] org.apache.catalina.core.ApplicationContext.log Manager: list: Listing contexts for virtual host 'localhost'
03-May-2018 17:27:27.667 INFORMA합ES [http-nio-8080-exec-414] org.apache.catalina.core.ApplicationContext.log Manager: restart: Reloading web application '/truco'
03-May-2018 17:27:56.088 INFORMA합ES [http-nio-8080-exec-412] org.apache.catalina.core.ApplicationContext.log Manager: list: Listing contexts for virtual host 'localhost'
03-May-2018 17:28:27.012 INFORMA합ES [http-nio-8080-exec-408] org.apache.catalina.core.ApplicationContext.log Manager: list: Listing contexts for virtual host 'localhost'
03-May-2018 17:28:27.018 INFORMA합ES [http-nio-8080-exec-409] org.apache.catalina.core.ApplicationContext.log Manager: list: Listing contexts for virtual host 'localhost'
03-May-2018 17:28:27.033 INFORMA합ES [http-nio-8080-exec-419] org.apache.catalina.core.ApplicationContext.log Manager: restart: Reloading web application '/truco'
03-May-2018 17:29:23.441 INFORMA합ES [http-nio-8080-exec-418] org.apache.catalina.core.ApplicationContext.log Manager: list: Listing contexts for virtual host 'localhost'
03-May-2018 17:29:23.450 INFORMA합ES [http-nio-8080-exec-412] org.apache.catalina.core.ApplicationContext.log Manager: restart: Reloading web application '/truco'
03-May-2018 17:30:14.585 INFORMA합ES [http-nio-8080-exec-422] org.apache.catalina.core.ApplicationContext.log Manager: list: Listing contexts for virtual host 'localhost'
03-May-2018 17:30:14.594 INFORMA합ES [http-nio-8080-exec-424] org.apache.catalina.core.ApplicationContext.log Manager: restart: Reloading web application '/truco'
03-May-2018 17:30:53.366 INFORMA합ES [http-nio-8080-exec-418] org.apache.catalina.core.ApplicationContext.log Manager: list: Listing contexts for virtual host 'localhost'
03-May-2018 17:30:55.851 INFORMA합ES [http-nio-8080-exec-422] org.apache.catalina.core.ApplicationContext.log Manager: list: Listing contexts for virtual host 'localhost'
03-May-2018 17:30:55.857 INFORMA합ES [http-nio-8080-exec-423] org.apache.catalina.core.ApplicationContext.log Manager: list: Listing contexts for virtual host 'localhost'
03-May-2018 17:30:55.871 INFORMA합ES [http-nio-8080-exec-428] org.apache.catalina.core.ApplicationContext.log Manager: restart: Reloading web application '/truco'
03-May-2018 17:32:21.912 INFORMA합ES [http-nio-8080-exec-433] org.apache.catalina.core.ApplicationContext.log Manager: list: Listing contexts for virtual host 'localhost'
03-May-2018 17:32:21.921 INFORMA합ES [http-nio-8080-exec-434] org.apache.catalina.core.ApplicationContext.log Manager: restart: Reloading web application '/truco'
03-May-2018 17:32:47.979 INFORMA합ES [http-nio-8080-exec-430] org.apache.catalina.core.ApplicationContext.log Manager: list: Listing contexts for virtual host 'localhost'
03-May-2018 17:32:47.985 INFORMA합ES [http-nio-8080-exec-409] org.apache.catalina.core.ApplicationContext.log Manager: list: Listing contexts for virtual host 'localhost'
03-May-2018 17:32:47.999 INFORMA합ES [http-nio-8080-exec-439] org.apache.catalina.core.ApplicationContext.log Manager: restart: Reloading web application '/truco'
03-May-2018 17:33:11.564 INFORMA합ES [http-nio-8080-exec-440] org.apache.catalina.core.ApplicationContext.log Manager: list: Listing contexts for virtual host 'localhost'
03-May-2018 17:33:11.574 INFORMA합ES [http-nio-8080-exec-435] org.apache.catalina.core.ApplicationContext.log Manager: restart: Reloading web application '/truco'
03-May-2018 17:34:55.164 INFORMA합ES [http-nio-8080-exec-409] org.apache.catalina.core.ApplicationContext.log Manager: list: Listing contexts for virtual host 'localhost'
03-May-2018 17:34:55.173 INFORMA합ES [http-nio-8080-exec-447] org.apache.catalina.core.ApplicationContext.log Manager: restart: Reloading web application '/truco'
03-May-2018 17:35:50.021 INFORMA합ES [http-nio-8080-exec-444] org.apache.catalina.core.ApplicationContext.log Manager: list: Listing contexts for virtual host 'localhost'
03-May-2018 17:35:50.031 INFORMA합ES [http-nio-8080-exec-450] org.apache.catalina.core.ApplicationContext.log Manager: restart: Reloading web application '/truco'
03-May-2018 17:35:52.414 INFORMA합ES [http-nio-8080-exec-430] org.apache.catalina.core.ApplicationContext.log Manager: list: Listing contexts for virtual host 'localhost'
03-May-2018 17:35:52.420 INFORMA합ES [http-nio-8080-exec-441] org.apache.catalina.core.ApplicationContext.log Manager: list: Listing contexts for virtual host 'localhost'
03-May-2018 17:35:52.435 INFORMA합ES [http-nio-8080-exec-444] org.apache.catalina.core.ApplicationContext.log Manager: restart: Reloading web application '/truco'
03-May-2018 17:36:42.683 INFORMA합ES [http-nio-8080-exec-451] org.apache.catalina.core.ApplicationContext.log Manager: list: Listing contexts for virtual host 'localhost'
03-May-2018 17:36:59.415 INFORMA합ES [http-nio-8080-exec-454] org.apache.catalina.core.ApplicationContext.log Manager: list: Listing contexts for virtual host 'localhost'
03-May-2018 17:36:59.420 INFORMA합ES [http-nio-8080-exec-455] org.apache.catalina.core.ApplicationContext.log Manager: list: Listing contexts for virtual host 'localhost'
03-May-2018 17:37:25.889 INFORMA합ES [http-nio-8080-exec-456] org.apache.catalina.core.ApplicationContext.log Manager: list: Listing contexts for virtual host 'localhost'
03-May-2018 17:37:46.029 INFORMA합ES [http-nio-8080-exec-456] org.apache.catalina.core.ApplicationContext.log Manager: list: Listing contexts for virtual host 'localhost'
03-May-2018 17:37:46.036 INFORMA합ES [http-nio-8080-exec-459] org.apache.catalina.core.ApplicationContext.log Manager: list: Listing contexts for virtual host 'localhost'
03-May-2018 17:37:46.092 INFORMA합ES [http-nio-8080-exec-460] org.apache.catalina.core.ApplicationContext.log Manager: undeploy: Undeploying web application at '/aula_jsf_1502'
03-May-2018 17:37:46.647 INFORMA합ES [http-nio-8080-exec-458] org.apache.catalina.core.ApplicationContext.log Manager: install: Installing context configuration at 'file:/C:/Users/047837~1/AppData/Local/Temp/context5602445011323235221.xml'
03-May-2018 17:37:54.149 INFORMA합ES [http-nio-8080-exec-459] org.apache.catalina.core.ApplicationContext.log Manager: start: Starting web application '/aula_jsf_1502'
03-May-2018 17:38:55.474 INFORMA합ES [http-nio-8080-exec-468] org.apache.catalina.core.ApplicationContext.log Manager: list: Listing contexts for virtual host 'localhost'
03-May-2018 17:39:21.763 INFORMA합ES [http-nio-8080-exec-470] org.apache.catalina.core.ApplicationContext.log Manager: list: Listing contexts for virtual host 'localhost'
03-May-2018 17:39:38.368 INFORMA합ES [http-nio-8080-exec-462] org.apache.catalina.core.ApplicationContext.log Manager: list: Listing contexts for virtual host 'localhost'
03-May-2018 17:39:55.175 INFORMA합ES [http-nio-8080-exec-463] org.apache.catalina.core.ApplicationContext.log Manager: list: Listing contexts for virtual host 'localhost'
03-May-2018 17:40:07.734 INFORMA합ES [http-nio-8080-exec-462] org.apache.catalina.core.ApplicationContext.log Manager: list: Listing contexts for virtual host 'localhost'
03-May-2018 17:40:33.731 INFORMA합ES [http-nio-8080-exec-468] org.apache.catalina.core.ApplicationContext.log Manager: list: Listing contexts for virtual host 'localhost'
03-May-2018 17:41:33.620 INFORMA합ES [http-nio-8080-exec-470] org.apache.catalina.core.ApplicationContext.log Manager: list: Listing contexts for virtual host 'localhost'
03-May-2018 17:43:03.225 INFORMA합ES [http-nio-8080-exec-463] org.apache.catalina.core.ApplicationContext.log Manager: list: Listing contexts for virtual host 'localhost'
03-May-2018 17:43:10.779 INFORMA합ES [http-nio-8080-exec-465] org.apache.catalina.core.ApplicationContext.log Manager: list: Listing contexts for virtual host 'localhost'
03-May-2018 17:43:31.360 INFORMA합ES [http-nio-8080-exec-466] org.apache.catalina.core.ApplicationContext.log Manager: list: Listing contexts for virtual host 'localhost'
03-May-2018 17:43:40.778 INFORMA합ES [http-nio-8080-exec-463] org.apache.catalina.core.ApplicationContext.log Manager: list: Listing contexts for virtual host 'localhost'
03-May-2018 17:44:40.414 INFORMA합ES [http-nio-8080-exec-467] org.apache.catalina.core.ApplicationContext.log Manager: list: Listing contexts for virtual host 'localhost'
03-May-2018 17:44:52.011 INFORMA합ES [http-nio-8080-exec-466] org.apache.catalina.core.ApplicationContext.log Manager: list: Listing contexts for virtual host 'localhost'
03-May-2018 17:45:28.015 INFORMA합ES [http-nio-8080-exec-462] org.apache.catalina.core.ApplicationContext.log Manager: list: Listing contexts for virtual host 'localhost'
03-May-2018 17:46:28.597 INFORMA합ES [http-nio-8080-exec-469] org.apache.catalina.core.ApplicationContext.log Manager: list: Listing contexts for virtual host 'localhost'
03-May-2018 17:47:58.346 INFORMA합ES [http-nio-8080-exec-465] org.apache.catalina.core.ApplicationContext.log Manager: list: Listing contexts for virtual host 'localhost'
03-May-2018 17:48:19.007 INFORMA합ES [http-nio-8080-exec-467] org.apache.catalina.core.ApplicationContext.log Manager: list: Listing contexts for virtual host 'localhost'
03-May-2018 17:48:55.056 INFORMA합ES [http-nio-8080-exec-462] org.apache.catalina.core.ApplicationContext.log Manager: list: Listing contexts for virtual host 'localhost'
03-May-2018 17:49:36.609 INFORMA합ES [http-nio-8080-exec-466] org.apache.catalina.core.ApplicationContext.log Manager: list: Listing contexts for virtual host 'localhost'
03-May-2018 17:49:59.134 INFORMA합ES [http-nio-8080-exec-463] org.apache.catalina.core.ApplicationContext.log Manager: list: Listing contexts for virtual host 'localhost'
03-May-2018 17:50:08.997 INFORMA합ES [http-nio-8080-exec-470] org.apache.catalina.core.ApplicationContext.log Manager: list: Listing contexts for virtual host 'localhost'
03-May-2018 17:50:13.260 INFORMA합ES [http-nio-8080-exec-462] org.apache.catalina.core.ApplicationContext.log Manager: list: Listing contexts for virtual host 'localhost'
03-May-2018 17:50:39.017 INFORMA합ES [http-nio-8080-exec-466] org.apache.catalina.core.ApplicationContext.log Manager: list: Listing contexts for virtual host 'localhost'
03-May-2018 17:50:45.071 INFORMA합ES [http-nio-8080-exec-470] org.apache.catalina.core.ApplicationContext.log Manager: list: Listing contexts for virtual host 'localhost'
03-May-2018 17:51:01.322 INFORMA합ES [http-nio-8080-exec-463] org.apache.catalina.core.ApplicationContext.log Manager: list: Listing contexts for virtual host 'localhost'
03-May-2018 17:51:07.261 INFORMA합ES [http-nio-8080-exec-468] org.apache.catalina.core.ApplicationContext.log Manager: list: Listing contexts for virtual host 'localhost'
03-May-2018 17:51:41.226 INFORMA합ES [http-nio-8080-exec-467] org.apache.catalina.core.ApplicationContext.log Manager: list: Listing contexts for virtual host 'localhost'
