07-May-2018 12:58:27.039 INFORMA합ES [http-nio-8080-exec-6] org.apache.catalina.core.ApplicationContext.log Manager: init: Associated with Deployer 'Catalina:type=Deployer,host=localhost'
07-May-2018 12:58:27.040 INFORMA합ES [http-nio-8080-exec-6] org.apache.catalina.core.ApplicationContext.log Manager: init: Global resources are available
07-May-2018 12:58:27.561 INFORMA합ES [http-nio-8080-exec-3] org.apache.catalina.core.ApplicationContext.log Manager: list: Listing contexts for virtual host 'localhost'
07-May-2018 12:58:27.569 INFORMA합ES [http-nio-8080-exec-10] org.apache.catalina.core.ApplicationContext.log Manager: list: Listing contexts for virtual host 'localhost'
07-May-2018 12:58:27.592 INFORMA합ES [http-nio-8080-exec-1] org.apache.catalina.core.ApplicationContext.log Manager: restart: Reloading web application '/truco'
07-May-2018 13:00:09.842 INFORMA합ES [http-nio-8080-exec-17] org.apache.catalina.core.ApplicationContext.log Manager: list: Listing contexts for virtual host 'localhost'
07-May-2018 13:00:09.852 INFORMA합ES [http-nio-8080-exec-12] org.apache.catalina.core.ApplicationContext.log Manager: restart: Reloading web application '/truco'
07-May-2018 13:00:11.407 INFORMA합ES [http-nio-8080-exec-13] org.apache.catalina.core.ApplicationContext.log Manager: list: Listing contexts for virtual host 'localhost'
07-May-2018 13:00:16.861 INFORMA합ES [http-nio-8080-exec-19] org.apache.catalina.core.ApplicationContext.log Manager: list: Listing contexts for virtual host 'localhost'
07-May-2018 13:00:16.867 INFORMA합ES [http-nio-8080-exec-13] org.apache.catalina.core.ApplicationContext.log Manager: list: Listing contexts for virtual host 'localhost'
07-May-2018 13:00:16.883 INFORMA합ES [http-nio-8080-exec-18] org.apache.catalina.core.ApplicationContext.log Manager: restart: Reloading web application '/truco'
07-May-2018 13:01:42.947 INFORMA합ES [http-nio-8080-exec-27] org.apache.catalina.core.ApplicationContext.log Manager: list: Listing contexts for virtual host 'localhost'
07-May-2018 13:01:53.452 INFORMA합ES [http-nio-8080-exec-31] org.apache.catalina.core.ApplicationContext.log Manager: list: Listing contexts for virtual host 'localhost'
07-May-2018 13:01:53.459 INFORMA합ES [http-nio-8080-exec-29] org.apache.catalina.core.ApplicationContext.log Manager: list: Listing contexts for virtual host 'localhost'
07-May-2018 13:02:04.800 INFORMA합ES [http-nio-8080-exec-32] org.apache.catalina.core.ApplicationContext.log Manager: list: Listing contexts for virtual host 'localhost'
07-May-2018 13:02:59.890 INFORMA합ES [http-nio-8080-exec-33] org.apache.catalina.core.ApplicationContext.log Manager: list: Listing contexts for virtual host 'localhost'
07-May-2018 13:03:02.024 INFORMA합ES [http-nio-8080-exec-28] org.apache.catalina.core.ApplicationContext.log Manager: list: Listing contexts for virtual host 'localhost'
07-May-2018 13:07:18.517 INFORMA합ES [http-nio-8080-exec-32] org.apache.catalina.core.ApplicationContext.log Manager: list: Listing contexts for virtual host 'localhost'
07-May-2018 13:07:18.525 INFORMA합ES [http-nio-8080-exec-33] org.apache.catalina.core.ApplicationContext.log Manager: list: Listing contexts for virtual host 'localhost'
07-May-2018 13:07:51.806 INFORMA합ES [http-nio-8080-exec-30] org.apache.catalina.core.ApplicationContext.log Manager: list: Listing contexts for virtual host 'localhost'
07-May-2018 13:07:51.817 INFORMA합ES [http-nio-8080-exec-24] org.apache.catalina.core.ApplicationContext.log Manager: restart: Reloading web application '/truco'
07-May-2018 13:08:40.833 INFORMA합ES [http-nio-8080-exec-31] org.apache.catalina.core.ApplicationContext.log Manager: list: Listing contexts for virtual host 'localhost'
07-May-2018 13:09:10.336 INFORMA합ES [http-nio-8080-exec-32] org.apache.catalina.core.ApplicationContext.log Manager: list: Listing contexts for virtual host 'localhost'
07-May-2018 13:09:10.343 INFORMA합ES [http-nio-8080-exec-25] org.apache.catalina.core.ApplicationContext.log Manager: list: Listing contexts for virtual host 'localhost'
07-May-2018 13:09:10.358 INFORMA합ES [http-nio-8080-exec-34] org.apache.catalina.core.ApplicationContext.log Manager: restart: Reloading web application '/truco'
07-May-2018 13:09:57.423 INFORMA합ES [http-nio-8080-exec-32] org.apache.catalina.core.ApplicationContext.log Manager: list: Listing contexts for virtual host 'localhost'
07-May-2018 13:12:59.072 INFORMA합ES [http-nio-8080-exec-37] org.apache.catalina.core.ApplicationContext.log Manager: list: Listing contexts for virtual host 'localhost'
07-May-2018 13:12:59.082 INFORMA합ES [http-nio-8080-exec-42] org.apache.catalina.core.ApplicationContext.log Manager: restart: Reloading web application '/truco'
07-May-2018 13:17:03.874 INFORMA합ES [http-nio-8080-exec-50] org.apache.catalina.core.ApplicationContext.log Manager: list: Listing contexts for virtual host 'localhost'
07-May-2018 13:17:03.886 INFORMA합ES [http-nio-8080-exec-49] org.apache.catalina.core.ApplicationContext.log Manager: restart: Reloading web application '/truco'
07-May-2018 13:17:36.246 INFORMA합ES [http-nio-8080-exec-48] org.apache.catalina.core.ApplicationContext.log Manager: list: Listing contexts for virtual host 'localhost'
07-May-2018 13:17:36.255 INFORMA합ES [http-nio-8080-exec-52] org.apache.catalina.core.ApplicationContext.log Manager: restart: Reloading web application '/truco'
07-May-2018 13:18:08.627 INFORMA합ES [http-nio-8080-exec-53] org.apache.catalina.core.ApplicationContext.log Manager: list: Listing contexts for virtual host 'localhost'
07-May-2018 13:18:08.636 INFORMA합ES [http-nio-8080-exec-55] org.apache.catalina.core.ApplicationContext.log Manager: restart: Reloading web application '/truco'
07-May-2018 13:18:11.638 INFORMA합ES [http-nio-8080-exec-48] org.apache.catalina.core.ApplicationContext.log Manager: list: Listing contexts for virtual host 'localhost'
07-May-2018 13:18:11.652 INFORMA합ES [http-nio-8080-exec-47] org.apache.catalina.core.ApplicationContext.log Manager: restart: Reloading web application '/truco'
07-May-2018 13:19:02.338 INFORMA합ES [http-nio-8080-exec-54] org.apache.catalina.core.ApplicationContext.log Manager: list: Listing contexts for virtual host 'localhost'
07-May-2018 13:19:02.347 INFORMA합ES [http-nio-8080-exec-58] org.apache.catalina.core.ApplicationContext.log Manager: restart: Reloading web application '/truco'
07-May-2018 13:19:30.854 INFORMA합ES [http-nio-8080-exec-54] org.apache.catalina.core.ApplicationContext.log Manager: list: Listing contexts for virtual host 'localhost'
07-May-2018 13:19:30.863 INFORMA합ES [http-nio-8080-exec-64] org.apache.catalina.core.ApplicationContext.log Manager: restart: Reloading web application '/truco'
07-May-2018 13:24:12.138 INFORMA합ES [http-nio-8080-exec-70] org.apache.catalina.core.ApplicationContext.log Manager: list: Listing contexts for virtual host 'localhost'
07-May-2018 13:24:12.147 INFORMA합ES [http-nio-8080-exec-69] org.apache.catalina.core.ApplicationContext.log Manager: restart: Reloading web application '/truco'
07-May-2018 13:24:26.024 INFORMA합ES [http-nio-8080-exec-70] org.apache.catalina.core.ApplicationContext.log Manager: list: Listing contexts for virtual host 'localhost'
07-May-2018 13:24:26.033 INFORMA합ES [http-nio-8080-exec-72] org.apache.catalina.core.ApplicationContext.log Manager: restart: Reloading web application '/truco'
07-May-2018 13:25:37.512 INFORMA합ES [http-nio-8080-exec-71] org.apache.catalina.core.ApplicationContext.log Manager: list: Listing contexts for virtual host 'localhost'
07-May-2018 13:25:37.526 INFORMA합ES [http-nio-8080-exec-77] org.apache.catalina.core.ApplicationContext.log Manager: restart: Reloading web application '/truco'
07-May-2018 13:30:18.983 INFORMA합ES [http-nio-8080-exec-85] org.apache.catalina.core.ApplicationContext.log Manager: list: Listing contexts for virtual host 'localhost'
07-May-2018 13:30:18.993 INFORMA합ES [http-nio-8080-exec-86] org.apache.catalina.core.ApplicationContext.log Manager: restart: Reloading web application '/truco'
07-May-2018 13:30:30.902 INFORMA합ES [http-nio-8080-exec-84] org.apache.catalina.core.ApplicationContext.log Manager: list: Listing contexts for virtual host 'localhost'
07-May-2018 13:30:30.908 INFORMA합ES [http-nio-8080-exec-88] org.apache.catalina.core.ApplicationContext.log Manager: list: Listing contexts for virtual host 'localhost'
07-May-2018 13:30:30.925 INFORMA합ES [http-nio-8080-exec-83] org.apache.catalina.core.ApplicationContext.log Manager: restart: Reloading web application '/truco'
07-May-2018 13:31:39.815 INFORMA합ES [http-nio-8080-exec-98] org.apache.catalina.core.ApplicationContext.log Manager: list: Listing contexts for virtual host 'localhost'
07-May-2018 13:34:10.855 INFORMA합ES [http-nio-8080-exec-99] org.apache.catalina.core.ApplicationContext.log Manager: list: Listing contexts for virtual host 'localhost'
07-May-2018 13:34:10.864 INFORMA합ES [http-nio-8080-exec-97] org.apache.catalina.core.ApplicationContext.log Manager: restart: Reloading web application '/truco'
07-May-2018 13:38:26.290 INFORMA합ES [http-nio-8080-exec-107] org.apache.catalina.core.ApplicationContext.log Manager: list: Listing contexts for virtual host 'localhost'
07-May-2018 13:40:35.883 INFORMA합ES [http-nio-8080-exec-105] org.apache.catalina.core.ApplicationContext.log Manager: list: Listing contexts for virtual host 'localhost'
07-May-2018 13:40:39.720 INFORMA합ES [http-nio-8080-exec-106] org.apache.catalina.core.ApplicationContext.log Manager: list: Listing contexts for virtual host 'localhost'
07-May-2018 13:40:39.726 INFORMA합ES [http-nio-8080-exec-113] org.apache.catalina.core.ApplicationContext.log Manager: list: Listing contexts for virtual host 'localhost'
07-May-2018 13:40:39.740 INFORMA합ES [http-nio-8080-exec-109] org.apache.catalina.core.ApplicationContext.log Manager: restart: Reloading web application '/truco'
07-May-2018 13:42:01.042 INFORMA합ES [http-nio-8080-exec-121] org.apache.catalina.core.ApplicationContext.log Manager: list: Listing contexts for virtual host 'localhost'
07-May-2018 13:42:20.381 INFORMA합ES [http-nio-8080-exec-119] org.apache.catalina.core.ApplicationContext.log Manager: list: Listing contexts for virtual host 'localhost'
07-May-2018 13:43:14.947 INFORMA합ES [http-nio-8080-exec-115] org.apache.catalina.core.ApplicationContext.log Manager: list: Listing contexts for virtual host 'localhost'
07-May-2018 13:43:14.953 INFORMA합ES [http-nio-8080-exec-118] org.apache.catalina.core.ApplicationContext.log Manager: list: Listing contexts for virtual host 'localhost'
07-May-2018 14:38:56.408 INFORMA합ES [http-nio-8080-exec-123] org.apache.catalina.core.ApplicationContext.log Manager: list: Listing contexts for virtual host 'localhost'
07-May-2018 14:38:56.417 INFORMA합ES [http-nio-8080-exec-116] org.apache.catalina.core.ApplicationContext.log Manager: restart: Reloading web application '/truco'
07-May-2018 14:39:04.509 INFORMA합ES [http-nio-8080-exec-120] org.apache.catalina.core.ApplicationContext.log Manager: list: Listing contexts for virtual host 'localhost'
07-May-2018 14:39:04.516 INFORMA합ES [http-nio-8080-exec-122] org.apache.catalina.core.ApplicationContext.log Manager: list: Listing contexts for virtual host 'localhost'
07-May-2018 14:39:04.531 INFORMA합ES [http-nio-8080-exec-123] org.apache.catalina.core.ApplicationContext.log Manager: restart: Reloading web application '/truco'
07-May-2018 14:41:44.306 INFORMA합ES [http-nio-8080-exec-129] org.apache.catalina.core.ApplicationContext.log Manager: list: Listing contexts for virtual host 'localhost'
07-May-2018 14:41:44.317 INFORMA합ES [http-nio-8080-exec-128] org.apache.catalina.core.ApplicationContext.log Manager: restart: Reloading web application '/truco'
07-May-2018 14:41:59.609 INFORMA합ES [http-nio-8080-exec-135] org.apache.catalina.core.ApplicationContext.log Manager: list: Listing contexts for virtual host 'localhost'
07-May-2018 14:41:59.621 INFORMA합ES [http-nio-8080-exec-134] org.apache.catalina.core.ApplicationContext.log Manager: restart: Reloading web application '/truco'
07-May-2018 14:42:12.236 INFORMA합ES [http-nio-8080-exec-135] org.apache.catalina.core.ApplicationContext.log Manager: list: Listing contexts for virtual host 'localhost'
07-May-2018 14:42:12.246 INFORMA합ES [http-nio-8080-exec-137] org.apache.catalina.core.ApplicationContext.log Manager: restart: Reloading web application '/truco'
07-May-2018 14:42:46.152 INFORMA합ES [http-nio-8080-exec-135] org.apache.catalina.core.ApplicationContext.log Manager: list: Listing contexts for virtual host 'localhost'
07-May-2018 14:42:46.161 INFORMA합ES [http-nio-8080-exec-132] org.apache.catalina.core.ApplicationContext.log Manager: restart: Reloading web application '/truco'
07-May-2018 14:42:59.481 INFORMA합ES [http-nio-8080-exec-135] org.apache.catalina.core.ApplicationContext.log Manager: list: Listing contexts for virtual host 'localhost'
07-May-2018 14:42:59.490 INFORMA합ES [http-nio-8080-exec-140] org.apache.catalina.core.ApplicationContext.log Manager: restart: Reloading web application '/truco'
07-May-2018 14:44:27.103 INFORMA합ES [http-nio-8080-exec-120] org.apache.catalina.core.ApplicationContext.log Manager: list: Listing contexts for virtual host 'localhost'
07-May-2018 14:44:27.112 INFORMA합ES [http-nio-8080-exec-141] org.apache.catalina.core.ApplicationContext.log Manager: restart: Reloading web application '/truco'
07-May-2018 14:45:57.590 INFORMA합ES [http-nio-8080-exec-147] org.apache.catalina.core.ApplicationContext.log Manager: list: Listing contexts for virtual host 'localhost'
07-May-2018 14:45:57.600 INFORMA합ES [http-nio-8080-exec-151] org.apache.catalina.core.ApplicationContext.log Manager: restart: Reloading web application '/truco'
07-May-2018 14:46:01.105 INFORMA합ES [http-nio-8080-exec-136] org.apache.catalina.core.ApplicationContext.log Manager: list: Listing contexts for virtual host 'localhost'
07-May-2018 14:46:01.117 INFORMA합ES [http-nio-8080-exec-146] org.apache.catalina.core.ApplicationContext.log Manager: restart: Reloading web application '/truco'
07-May-2018 14:46:04.842 INFORMA합ES [http-nio-8080-exec-143] org.apache.catalina.core.ApplicationContext.log Manager: list: Listing contexts for virtual host 'localhost'
07-May-2018 14:46:04.852 INFORMA합ES [http-nio-8080-exec-136] org.apache.catalina.core.ApplicationContext.log Manager: restart: Reloading web application '/truco'
07-May-2018 14:46:31.811 INFORMA합ES [http-nio-8080-exec-153] org.apache.catalina.core.ApplicationContext.log Manager: list: Listing contexts for virtual host 'localhost'
07-May-2018 14:46:31.820 INFORMA합ES [http-nio-8080-exec-143] org.apache.catalina.core.ApplicationContext.log Manager: restart: Reloading web application '/truco'
07-May-2018 14:47:29.852 INFORMA합ES [http-nio-8080-exec-157] org.apache.catalina.core.ApplicationContext.log Manager: list: Listing contexts for virtual host 'localhost'
07-May-2018 14:48:54.423 INFORMA합ES [http-nio-8080-exec-160] org.apache.catalina.core.ApplicationContext.log Manager: list: Listing contexts for virtual host 'localhost'
07-May-2018 14:48:54.431 INFORMA합ES [http-nio-8080-exec-161] org.apache.catalina.core.ApplicationContext.log Manager: restart: Reloading web application '/truco'
07-May-2018 14:49:05.946 INFORMA합ES [http-nio-8080-exec-158] org.apache.catalina.core.ApplicationContext.log Manager: list: Listing contexts for virtual host 'localhost'
07-May-2018 14:49:16.393 INFORMA합ES [http-nio-8080-exec-155] org.apache.catalina.core.ApplicationContext.log Manager: list: Listing contexts for virtual host 'localhost'
07-May-2018 14:49:25.711 INFORMA합ES [http-nio-8080-exec-164] org.apache.catalina.core.ApplicationContext.log Manager: list: Listing contexts for virtual host 'localhost'
07-May-2018 14:49:30.078 INFORMA합ES [http-nio-8080-exec-159] org.apache.catalina.core.ApplicationContext.log Manager: list: Listing contexts for virtual host 'localhost'
07-May-2018 14:49:30.084 INFORMA합ES [http-nio-8080-exec-150] org.apache.catalina.core.ApplicationContext.log Manager: list: Listing contexts for virtual host 'localhost'
07-May-2018 14:49:30.106 INFORMA합ES [http-nio-8080-exec-155] org.apache.catalina.core.ApplicationContext.log Manager: restart: Reloading web application '/truco'
07-May-2018 14:52:26.475 INFORMA합ES [http-nio-8080-exec-169] org.apache.catalina.core.ApplicationContext.log Manager: list: Listing contexts for virtual host 'localhost'
07-May-2018 14:52:26.484 INFORMA합ES [http-nio-8080-exec-170] org.apache.catalina.core.ApplicationContext.log Manager: restart: Reloading web application '/truco'
07-May-2018 14:52:46.084 INFORMA합ES [http-nio-8080-exec-171] org.apache.catalina.core.ApplicationContext.log Manager: list: Listing contexts for virtual host 'localhost'
07-May-2018 14:52:46.092 INFORMA합ES [http-nio-8080-exec-175] org.apache.catalina.core.ApplicationContext.log Manager: restart: Reloading web application '/truco'
07-May-2018 14:53:11.718 INFORMA합ES [http-nio-8080-exec-176] org.apache.catalina.core.ApplicationContext.log Manager: list: Listing contexts for virtual host 'localhost'
07-May-2018 14:53:11.723 INFORMA합ES [http-nio-8080-exec-173] org.apache.catalina.core.ApplicationContext.log Manager: list: Listing contexts for virtual host 'localhost'
07-May-2018 14:53:11.738 INFORMA합ES [http-nio-8080-exec-172] org.apache.catalina.core.ApplicationContext.log Manager: restart: Reloading web application '/truco'
07-May-2018 14:53:47.231 INFORMA합ES [http-nio-8080-exec-171] org.apache.catalina.core.ApplicationContext.log Manager: list: Listing contexts for virtual host 'localhost'
07-May-2018 14:55:00.324 INFORMA합ES [http-nio-8080-exec-183] org.apache.catalina.core.ApplicationContext.log Manager: list: Listing contexts for virtual host 'localhost'
07-May-2018 14:58:36.579 INFORMA합ES [http-nio-8080-exec-182] org.apache.catalina.core.ApplicationContext.log Manager: list: Listing contexts for virtual host 'localhost'
07-May-2018 14:58:48.354 INFORMA합ES [http-nio-8080-exec-189] org.apache.catalina.core.ApplicationContext.log Manager: list: Listing contexts for virtual host 'localhost'
07-May-2018 14:59:04.491 INFORMA합ES [http-nio-8080-exec-187] org.apache.catalina.core.ApplicationContext.log Manager: list: Listing contexts for virtual host 'localhost'
07-May-2018 14:59:33.075 INFORMA합ES [http-nio-8080-exec-182] org.apache.catalina.core.ApplicationContext.log Manager: list: Listing contexts for virtual host 'localhost'
07-May-2018 14:59:33.081 INFORMA합ES [http-nio-8080-exec-190] org.apache.catalina.core.ApplicationContext.log Manager: list: Listing contexts for virtual host 'localhost'
07-May-2018 15:00:24.247 INFORMA합ES [http-nio-8080-exec-183] org.apache.catalina.core.ApplicationContext.log Manager: list: Listing contexts for virtual host 'localhost'
07-May-2018 15:00:30.535 INFORMA합ES [http-nio-8080-exec-181] org.apache.catalina.core.ApplicationContext.log Manager: list: Listing contexts for virtual host 'localhost'
07-May-2018 15:00:33.594 INFORMA합ES [http-nio-8080-exec-188] org.apache.catalina.core.ApplicationContext.log Manager: list: Listing contexts for virtual host 'localhost'
07-May-2018 15:00:44.655 INFORMA합ES [http-nio-8080-exec-187] org.apache.catalina.core.ApplicationContext.log Manager: list: Listing contexts for virtual host 'localhost'
07-May-2018 15:00:48.425 INFORMA합ES [http-nio-8080-exec-185] org.apache.catalina.core.ApplicationContext.log Manager: list: Listing contexts for virtual host 'localhost'
07-May-2018 15:00:48.431 INFORMA합ES [http-nio-8080-exec-184] org.apache.catalina.core.ApplicationContext.log Manager: list: Listing contexts for virtual host 'localhost'
07-May-2018 15:01:43.944 INFORMA합ES [http-nio-8080-exec-186] org.apache.catalina.core.ApplicationContext.log Manager: list: Listing contexts for virtual host 'localhost'
07-May-2018 15:01:47.687 INFORMA합ES [http-nio-8080-exec-184] org.apache.catalina.core.ApplicationContext.log Manager: list: Listing contexts for virtual host 'localhost'
07-May-2018 15:02:18.627 INFORMA합ES [http-nio-8080-exec-182] org.apache.catalina.core.ApplicationContext.log Manager: list: Listing contexts for virtual host 'localhost'
07-May-2018 15:02:27.474 INFORMA합ES [http-nio-8080-exec-188] org.apache.catalina.core.ApplicationContext.log Manager: list: Listing contexts for virtual host 'localhost'
07-May-2018 15:02:31.510 INFORMA합ES [http-nio-8080-exec-190] org.apache.catalina.core.ApplicationContext.log Manager: list: Listing contexts for virtual host 'localhost'
07-May-2018 15:02:31.515 INFORMA합ES [http-nio-8080-exec-183] org.apache.catalina.core.ApplicationContext.log Manager: list: Listing contexts for virtual host 'localhost'
07-May-2018 15:03:10.086 INFORMA합ES [http-nio-8080-exec-185] org.apache.catalina.core.ApplicationContext.log Manager: list: Listing contexts for virtual host 'localhost'
07-May-2018 15:03:25.353 INFORMA합ES [http-nio-8080-exec-182] org.apache.catalina.core.ApplicationContext.log Manager: list: Listing contexts for virtual host 'localhost'
07-May-2018 15:04:14.050 INFORMA합ES [http-nio-8080-exec-185] org.apache.catalina.core.ApplicationContext.log Manager: list: Listing contexts for virtual host 'localhost'
07-May-2018 15:05:32.186 INFORMA합ES [http-nio-8080-exec-188] org.apache.catalina.core.ApplicationContext.log Manager: list: Listing contexts for virtual host 'localhost'
07-May-2018 15:05:36.808 INFORMA합ES [http-nio-8080-exec-189] org.apache.catalina.core.ApplicationContext.log Manager: list: Listing contexts for virtual host 'localhost'
07-May-2018 15:06:07.087 INFORMA합ES [http-nio-8080-exec-185] org.apache.catalina.core.ApplicationContext.log Manager: list: Listing contexts for virtual host 'localhost'
07-May-2018 15:06:25.842 INFORMA합ES [http-nio-8080-exec-184] org.apache.catalina.core.ApplicationContext.log Manager: list: Listing contexts for virtual host 'localhost'
07-May-2018 15:06:37.044 INFORMA합ES [http-nio-8080-exec-187] org.apache.catalina.core.ApplicationContext.log Manager: list: Listing contexts for virtual host 'localhost'
07-May-2018 15:07:01.590 INFORMA합ES [http-nio-8080-exec-189] org.apache.catalina.core.ApplicationContext.log Manager: list: Listing contexts for virtual host 'localhost'
07-May-2018 15:08:32.489 INFORMA합ES [http-nio-8080-exec-187] org.apache.catalina.core.ApplicationContext.log Manager: list: Listing contexts for virtual host 'localhost'
07-May-2018 15:08:48.598 INFORMA합ES [http-nio-8080-exec-181] org.apache.catalina.core.ApplicationContext.log Manager: list: Listing contexts for virtual host 'localhost'
07-May-2018 15:09:14.654 INFORMA합ES [http-nio-8080-exec-185] org.apache.catalina.core.ApplicationContext.log Manager: list: Listing contexts for virtual host 'localhost'
07-May-2018 15:09:33.791 INFORMA합ES [http-nio-8080-exec-188] org.apache.catalina.core.ApplicationContext.log Manager: list: Listing contexts for virtual host 'localhost'
07-May-2018 15:09:40.325 INFORMA합ES [http-nio-8080-exec-190] org.apache.catalina.core.ApplicationContext.log Manager: list: Listing contexts for virtual host 'localhost'
07-May-2018 15:09:44.356 INFORMA합ES [http-nio-8080-exec-187] org.apache.catalina.core.ApplicationContext.log Manager: list: Listing contexts for virtual host 'localhost'
07-May-2018 15:12:43.596 INFORMA합ES [http-nio-8080-exec-189] org.apache.catalina.core.ApplicationContext.log Manager: list: Listing contexts for virtual host 'localhost'
07-May-2018 15:13:01.647 INFORMA합ES [http-nio-8080-exec-184] org.apache.catalina.core.ApplicationContext.log Manager: list: Listing contexts for virtual host 'localhost'
07-May-2018 15:14:24.656 INFORMA합ES [http-nio-8080-exec-187] org.apache.catalina.core.ApplicationContext.log Manager: list: Listing contexts for virtual host 'localhost'
07-May-2018 15:14:34.677 INFORMA합ES [http-nio-8080-exec-184] org.apache.catalina.core.ApplicationContext.log Manager: list: Listing contexts for virtual host 'localhost'
07-May-2018 15:14:40.788 INFORMA합ES [http-nio-8080-exec-181] org.apache.catalina.core.ApplicationContext.log Manager: list: Listing contexts for virtual host 'localhost'
07-May-2018 15:14:45.194 INFORMA합ES [http-nio-8080-exec-187] org.apache.catalina.core.ApplicationContext.log Manager: list: Listing contexts for virtual host 'localhost'
07-May-2018 15:16:22.546 INFORMA합ES [http-nio-8080-exec-188] org.apache.catalina.core.ApplicationContext.log Manager: list: Listing contexts for virtual host 'localhost'
07-May-2018 15:16:53.434 INFORMA합ES [http-nio-8080-exec-187] org.apache.catalina.core.ApplicationContext.log Manager: list: Listing contexts for virtual host 'localhost'
07-May-2018 15:17:04.689 INFORMA합ES [http-nio-8080-exec-183] org.apache.catalina.core.ApplicationContext.log Manager: list: Listing contexts for virtual host 'localhost'
07-May-2018 15:17:16.013 INFORMA합ES [http-nio-8080-exec-182] org.apache.catalina.core.ApplicationContext.log Manager: list: Listing contexts for virtual host 'localhost'
07-May-2018 15:17:34.719 INFORMA합ES [http-nio-8080-exec-188] org.apache.catalina.core.ApplicationContext.log Manager: list: Listing contexts for virtual host 'localhost'
07-May-2018 15:17:37.480 INFORMA합ES [http-nio-8080-exec-184] org.apache.catalina.core.ApplicationContext.log Manager: list: Listing contexts for virtual host 'localhost'
07-May-2018 15:17:37.485 INFORMA합ES [http-nio-8080-exec-186] org.apache.catalina.core.ApplicationContext.log Manager: list: Listing contexts for virtual host 'localhost'
07-May-2018 15:18:04.228 INFORMA합ES [http-nio-8080-exec-188] org.apache.catalina.core.ApplicationContext.log Manager: list: Listing contexts for virtual host 'localhost'
07-May-2018 15:18:18.850 INFORMA합ES [http-nio-8080-exec-183] org.apache.catalina.core.ApplicationContext.log Manager: list: Listing contexts for virtual host 'localhost'
07-May-2018 15:21:14.895 INFORMA합ES [http-nio-8080-exec-188] org.apache.catalina.core.ApplicationContext.log Manager: list: Listing contexts for virtual host 'localhost'
07-May-2018 15:21:30.978 INFORMA합ES [http-nio-8080-exec-184] org.apache.catalina.core.ApplicationContext.log Manager: list: Listing contexts for virtual host 'localhost'
07-May-2018 15:21:57.804 INFORMA합ES [http-nio-8080-exec-189] org.apache.catalina.core.ApplicationContext.log Manager: list: Listing contexts for virtual host 'localhost'
07-May-2018 15:22:32.500 INFORMA합ES [http-nio-8080-exec-185] org.apache.catalina.core.ApplicationContext.log Manager: list: Listing contexts for virtual host 'localhost'
07-May-2018 15:22:38.457 INFORMA합ES [http-nio-8080-exec-182] org.apache.catalina.core.ApplicationContext.log Manager: list: Listing contexts for virtual host 'localhost'
07-May-2018 15:22:38.463 INFORMA합ES [http-nio-8080-exec-187] org.apache.catalina.core.ApplicationContext.log Manager: list: Listing contexts for virtual host 'localhost'
07-May-2018 15:23:12.589 INFORMA합ES [http-nio-8080-exec-182] org.apache.catalina.core.ApplicationContext.log Manager: list: Listing contexts for virtual host 'localhost'
07-May-2018 15:23:29.035 INFORMA합ES [http-nio-8080-exec-189] org.apache.catalina.core.ApplicationContext.log Manager: list: Listing contexts for virtual host 'localhost'
07-May-2018 15:25:16.210 INFORMA합ES [http-nio-8080-exec-187] org.apache.catalina.core.ApplicationContext.log Manager: list: Listing contexts for virtual host 'localhost'
07-May-2018 15:26:01.080 INFORMA합ES [http-nio-8080-exec-184] org.apache.catalina.core.ApplicationContext.log Manager: list: Listing contexts for virtual host 'localhost'
07-May-2018 15:26:28.945 INFORMA합ES [http-nio-8080-exec-186] org.apache.catalina.core.ApplicationContext.log Manager: list: Listing contexts for virtual host 'localhost'
07-May-2018 15:26:38.468 INFORMA합ES [http-nio-8080-exec-190] org.apache.catalina.core.ApplicationContext.log Manager: list: Listing contexts for virtual host 'localhost'
07-May-2018 15:26:50.664 INFORMA합ES [http-nio-8080-exec-185] org.apache.catalina.core.ApplicationContext.log Manager: list: Listing contexts for virtual host 'localhost'
07-May-2018 15:28:03.764 INFORMA합ES [http-nio-8080-exec-187] org.apache.catalina.core.ApplicationContext.log Manager: list: Listing contexts for virtual host 'localhost'
07-May-2018 15:28:03.769 INFORMA합ES [http-nio-8080-exec-188] org.apache.catalina.core.ApplicationContext.log Manager: list: Listing contexts for virtual host 'localhost'
07-May-2018 15:28:31.137 INFORMA합ES [http-nio-8080-exec-188] org.apache.catalina.core.ApplicationContext.log Manager: list: Listing contexts for virtual host 'localhost'
07-May-2018 15:29:09.176 INFORMA합ES [http-nio-8080-exec-181] org.apache.catalina.core.ApplicationContext.log Manager: list: Listing contexts for virtual host 'localhost'
07-May-2018 15:30:17.970 INFORMA합ES [http-nio-8080-exec-184] org.apache.catalina.core.ApplicationContext.log Manager: list: Listing contexts for virtual host 'localhost'
07-May-2018 15:30:22.367 INFORMA합ES [http-nio-8080-exec-187] org.apache.catalina.core.ApplicationContext.log Manager: list: Listing contexts for virtual host 'localhost'
07-May-2018 15:31:00.767 INFORMA합ES [http-nio-8080-exec-186] org.apache.catalina.core.ApplicationContext.log Manager: list: Listing contexts for virtual host 'localhost'
07-May-2018 15:31:00.773 INFORMA합ES [http-nio-8080-exec-185] org.apache.catalina.core.ApplicationContext.log Manager: list: Listing contexts for virtual host 'localhost'
07-May-2018 15:31:55.855 INFORMA합ES [http-nio-8080-exec-190] org.apache.catalina.core.ApplicationContext.log Manager: list: Listing contexts for virtual host 'localhost'
07-May-2018 15:34:03.511 INFORMA합ES [http-nio-8080-exec-186] org.apache.catalina.core.ApplicationContext.log Manager: list: Listing contexts for virtual host 'localhost'
07-May-2018 15:34:03.517 INFORMA합ES [http-nio-8080-exec-187] org.apache.catalina.core.ApplicationContext.log Manager: list: Listing contexts for virtual host 'localhost'
07-May-2018 15:35:35.625 INFORMA합ES [http-nio-8080-exec-181] org.apache.catalina.core.ApplicationContext.log Manager: list: Listing contexts for virtual host 'localhost'
07-May-2018 15:35:37.536 INFORMA합ES [http-nio-8080-exec-186] org.apache.catalina.core.ApplicationContext.log Manager: list: Listing contexts for virtual host 'localhost'
07-May-2018 15:35:37.542 INFORMA합ES [http-nio-8080-exec-187] org.apache.catalina.core.ApplicationContext.log Manager: list: Listing contexts for virtual host 'localhost'
07-May-2018 15:36:30.941 INFORMA합ES [http-nio-8080-exec-190] org.apache.catalina.core.ApplicationContext.log Manager: list: Listing contexts for virtual host 'localhost'
07-May-2018 15:36:30.949 INFORMA합ES [http-nio-8080-exec-182] org.apache.catalina.core.ApplicationContext.log Manager: restart: Reloading web application '/truco'
07-May-2018 15:36:59.107 INFORMA합ES [http-nio-8080-exec-183] org.apache.catalina.core.ApplicationContext.log Manager: list: Listing contexts for virtual host 'localhost'
07-May-2018 15:36:59.114 INFORMA합ES [http-nio-8080-exec-186] org.apache.catalina.core.ApplicationContext.log Manager: list: Listing contexts for virtual host 'localhost'
07-May-2018 15:36:59.132 INFORMA합ES [http-nio-8080-exec-187] org.apache.catalina.core.ApplicationContext.log Manager: restart: Reloading web application '/truco'
07-May-2018 15:37:26.395 INFORMA합ES [http-nio-8080-exec-196] org.apache.catalina.core.ApplicationContext.log Manager: list: Listing contexts for virtual host 'localhost'
07-May-2018 15:37:26.403 INFORMA합ES [http-nio-8080-exec-189] org.apache.catalina.core.ApplicationContext.log Manager: restart: Reloading web application '/truco'
07-May-2018 15:37:30.088 INFORMA합ES [http-nio-8080-exec-195] org.apache.catalina.core.ApplicationContext.log Manager: list: Listing contexts for virtual host 'localhost'
07-May-2018 15:37:30.096 INFORMA합ES [http-nio-8080-exec-185] org.apache.catalina.core.ApplicationContext.log Manager: restart: Reloading web application '/truco'
07-May-2018 15:37:37.206 INFORMA합ES [http-nio-8080-exec-190] org.apache.catalina.core.ApplicationContext.log Manager: list: Listing contexts for virtual host 'localhost'
07-May-2018 15:37:37.217 INFORMA합ES [http-nio-8080-exec-196] org.apache.catalina.core.ApplicationContext.log Manager: restart: Reloading web application '/truco'
07-May-2018 15:37:58.816 INFORMA합ES [http-nio-8080-exec-190] org.apache.catalina.core.ApplicationContext.log Manager: list: Listing contexts for virtual host 'localhost'
07-May-2018 15:37:58.825 INFORMA합ES [http-nio-8080-exec-201] org.apache.catalina.core.ApplicationContext.log Manager: restart: Reloading web application '/truco'
07-May-2018 15:38:59.290 INFORMA합ES [http-nio-8080-exec-199] org.apache.catalina.core.ApplicationContext.log Manager: list: Listing contexts for virtual host 'localhost'
07-May-2018 15:38:59.298 INFORMA합ES [http-nio-8080-exec-197] org.apache.catalina.core.ApplicationContext.log Manager: restart: Reloading web application '/truco'
07-May-2018 15:39:13.003 INFORMA합ES [http-nio-8080-exec-198] org.apache.catalina.core.ApplicationContext.log Manager: list: Listing contexts for virtual host 'localhost'
07-May-2018 15:39:13.009 INFORMA합ES [http-nio-8080-exec-205] org.apache.catalina.core.ApplicationContext.log Manager: list: Listing contexts for virtual host 'localhost'
07-May-2018 15:39:13.023 INFORMA합ES [http-nio-8080-exec-188] org.apache.catalina.core.ApplicationContext.log Manager: restart: Reloading web application '/truco'
07-May-2018 15:40:43.841 INFORMA합ES [http-nio-8080-exec-212] org.apache.catalina.core.ApplicationContext.log Manager: list: Listing contexts for virtual host 'localhost'
07-May-2018 15:40:43.850 INFORMA합ES [http-nio-8080-exec-210] org.apache.catalina.core.ApplicationContext.log Manager: restart: Reloading web application '/truco'
07-May-2018 15:40:45.542 INFORMA합ES [http-nio-8080-exec-208] org.apache.catalina.core.ApplicationContext.log Manager: list: Listing contexts for virtual host 'localhost'
07-May-2018 15:40:45.548 INFORMA합ES [http-nio-8080-exec-211] org.apache.catalina.core.ApplicationContext.log Manager: list: Listing contexts for virtual host 'localhost'
07-May-2018 15:40:45.561 INFORMA합ES [http-nio-8080-exec-209] org.apache.catalina.core.ApplicationContext.log Manager: restart: Reloading web application '/truco'
07-May-2018 15:46:19.989 INFORMA합ES [http-nio-8080-exec-221] org.apache.catalina.core.ApplicationContext.log Manager: list: Listing contexts for virtual host 'localhost'
07-May-2018 15:46:19.999 INFORMA합ES [http-nio-8080-exec-220] org.apache.catalina.core.ApplicationContext.log Manager: restart: Reloading web application '/truco'
07-May-2018 15:47:02.984 INFORMA합ES [http-nio-8080-exec-224] org.apache.catalina.core.ApplicationContext.log Manager: list: Listing contexts for virtual host 'localhost'
07-May-2018 15:47:02.992 INFORMA합ES [http-nio-8080-exec-219] org.apache.catalina.core.ApplicationContext.log Manager: restart: Reloading web application '/truco'
07-May-2018 15:47:14.992 INFORMA합ES [http-nio-8080-exec-225] org.apache.catalina.core.ApplicationContext.log Manager: list: Listing contexts for virtual host 'localhost'
07-May-2018 15:47:14.997 INFORMA합ES [http-nio-8080-exec-227] org.apache.catalina.core.ApplicationContext.log Manager: list: Listing contexts for virtual host 'localhost'
07-May-2018 15:47:15.012 INFORMA합ES [http-nio-8080-exec-226] org.apache.catalina.core.ApplicationContext.log Manager: restart: Reloading web application '/truco'
07-May-2018 15:50:21.093 INFORMA합ES [http-nio-8080-exec-232] org.apache.catalina.core.ApplicationContext.log Manager: list: Listing contexts for virtual host 'localhost'
07-May-2018 15:50:21.102 INFORMA합ES [http-nio-8080-exec-235] org.apache.catalina.core.ApplicationContext.log Manager: restart: Reloading web application '/truco'
07-May-2018 15:50:25.297 INFORMA합ES [http-nio-8080-exec-232] org.apache.catalina.core.ApplicationContext.log Manager: list: Listing contexts for virtual host 'localhost'
07-May-2018 15:50:25.303 INFORMA합ES [http-nio-8080-exec-234] org.apache.catalina.core.ApplicationContext.log Manager: list: Listing contexts for virtual host 'localhost'
07-May-2018 15:50:25.317 INFORMA합ES [http-nio-8080-exec-241] org.apache.catalina.core.ApplicationContext.log Manager: restart: Reloading web application '/truco'
07-May-2018 15:55:00.465 INFORMA합ES [http-nio-8080-exec-244] org.apache.catalina.core.ApplicationContext.log Manager: list: Listing contexts for virtual host 'localhost'
07-May-2018 15:55:00.474 INFORMA합ES [http-nio-8080-exec-245] org.apache.catalina.core.ApplicationContext.log Manager: restart: Reloading web application '/truco'
07-May-2018 15:55:03.755 INFORMA합ES [http-nio-8080-exec-246] org.apache.catalina.core.ApplicationContext.log Manager: list: Listing contexts for virtual host 'localhost'
07-May-2018 15:55:03.761 INFORMA합ES [http-nio-8080-exec-252] org.apache.catalina.core.ApplicationContext.log Manager: list: Listing contexts for virtual host 'localhost'
07-May-2018 15:55:03.775 INFORMA합ES [http-nio-8080-exec-248] org.apache.catalina.core.ApplicationContext.log Manager: restart: Reloading web application '/truco'
07-May-2018 15:57:04.195 INFORMA합ES [http-nio-8080-exec-256] org.apache.catalina.core.ApplicationContext.log Manager: list: Listing contexts for virtual host 'localhost'
07-May-2018 15:57:04.204 INFORMA합ES [http-nio-8080-exec-260] org.apache.catalina.core.ApplicationContext.log Manager: restart: Reloading web application '/truco'
07-May-2018 15:57:55.322 INFORMA합ES [http-nio-8080-exec-259] org.apache.catalina.core.ApplicationContext.log Manager: list: Listing contexts for virtual host 'localhost'
07-May-2018 15:57:55.330 INFORMA합ES [http-nio-8080-exec-263] org.apache.catalina.core.ApplicationContext.log Manager: restart: Reloading web application '/truco'
07-May-2018 15:58:02.678 INFORMA합ES [http-nio-8080-exec-262] org.apache.catalina.core.ApplicationContext.log Manager: list: Listing contexts for virtual host 'localhost'
07-May-2018 15:58:02.683 INFORMA합ES [http-nio-8080-exec-267] org.apache.catalina.core.ApplicationContext.log Manager: list: Listing contexts for virtual host 'localhost'
07-May-2018 15:58:02.697 INFORMA합ES [http-nio-8080-exec-259] org.apache.catalina.core.ApplicationContext.log Manager: restart: Reloading web application '/truco'
07-May-2018 16:01:12.216 INFORMA합ES [http-nio-8080-exec-274] org.apache.catalina.core.ApplicationContext.log Manager: list: Listing contexts for virtual host 'localhost'
07-May-2018 16:01:30.569 INFORMA합ES [http-nio-8080-exec-279] org.apache.catalina.core.ApplicationContext.log Manager: list: Listing contexts for virtual host 'localhost'
07-May-2018 16:01:36.356 INFORMA합ES [http-nio-8080-exec-277] org.apache.catalina.core.ApplicationContext.log Manager: list: Listing contexts for virtual host 'localhost'
07-May-2018 16:02:25.287 INFORMA합ES [http-nio-8080-exec-274] org.apache.catalina.core.ApplicationContext.log Manager: list: Listing contexts for virtual host 'localhost'
07-May-2018 16:02:25.297 INFORMA합ES [http-nio-8080-exec-272] org.apache.catalina.core.ApplicationContext.log Manager: restart: Reloading web application '/truco'
07-May-2018 16:02:35.629 INFORMA합ES [http-nio-8080-exec-278] org.apache.catalina.core.ApplicationContext.log Manager: list: Listing contexts for virtual host 'localhost'
07-May-2018 16:02:35.636 INFORMA합ES [http-nio-8080-exec-270] org.apache.catalina.core.ApplicationContext.log Manager: restart: Reloading web application '/truco'
07-May-2018 16:02:41.759 INFORMA합ES [http-nio-8080-exec-271] org.apache.catalina.core.ApplicationContext.log Manager: list: Listing contexts for virtual host 'localhost'
07-May-2018 16:02:41.764 INFORMA합ES [http-nio-8080-exec-275] org.apache.catalina.core.ApplicationContext.log Manager: list: Listing contexts for virtual host 'localhost'
07-May-2018 16:02:41.777 INFORMA합ES [http-nio-8080-exec-280] org.apache.catalina.core.ApplicationContext.log Manager: restart: Reloading web application '/truco'
07-May-2018 16:03:20.219 INFORMA합ES [http-nio-8080-exec-277] org.apache.catalina.core.ApplicationContext.log Manager: list: Listing contexts for virtual host 'localhost'
07-May-2018 16:03:20.231 INFORMA합ES [http-nio-8080-exec-271] org.apache.catalina.core.ApplicationContext.log Manager: restart: Reloading web application '/truco'
07-May-2018 16:03:38.692 INFORMA합ES [http-nio-8080-exec-285] org.apache.catalina.core.ApplicationContext.log Manager: list: Listing contexts for virtual host 'localhost'
07-May-2018 16:03:38.701 INFORMA합ES [http-nio-8080-exec-287] org.apache.catalina.core.ApplicationContext.log Manager: restart: Reloading web application '/truco'
07-May-2018 16:03:40.595 INFORMA합ES [http-nio-8080-exec-286] org.apache.catalina.core.ApplicationContext.log Manager: list: Listing contexts for virtual host 'localhost'
07-May-2018 16:03:40.600 INFORMA합ES [http-nio-8080-exec-284] org.apache.catalina.core.ApplicationContext.log Manager: list: Listing contexts for virtual host 'localhost'
07-May-2018 16:03:40.615 INFORMA합ES [http-nio-8080-exec-289] org.apache.catalina.core.ApplicationContext.log Manager: restart: Reloading web application '/truco'
07-May-2018 16:04:31.419 INFORMA합ES [http-nio-8080-exec-295] org.apache.catalina.core.ApplicationContext.log Manager: list: Listing contexts for virtual host 'localhost'
07-May-2018 16:06:02.265 INFORMA합ES [http-nio-8080-exec-299] org.apache.catalina.core.ApplicationContext.log Manager: list: Listing contexts for virtual host 'localhost'
07-May-2018 16:06:02.274 INFORMA합ES [http-nio-8080-exec-295] org.apache.catalina.core.ApplicationContext.log Manager: restart: Reloading web application '/truco'
07-May-2018 16:06:44.392 INFORMA합ES [http-nio-8080-exec-293] org.apache.catalina.core.ApplicationContext.log Manager: list: Listing contexts for virtual host 'localhost'
07-May-2018 16:06:44.400 INFORMA합ES [http-nio-8080-exec-294] org.apache.catalina.core.ApplicationContext.log Manager: restart: Reloading web application '/truco'
07-May-2018 16:10:22.657 INFORMA합ES [http-nio-8080-exec-306] org.apache.catalina.core.ApplicationContext.log Manager: list: Listing contexts for virtual host 'localhost'
07-May-2018 16:10:22.665 INFORMA합ES [http-nio-8080-exec-307] org.apache.catalina.core.ApplicationContext.log Manager: restart: Reloading web application '/truco'
07-May-2018 16:10:31.956 INFORMA합ES [http-nio-8080-exec-309] org.apache.catalina.core.ApplicationContext.log Manager: list: Listing contexts for virtual host 'localhost'
07-May-2018 16:10:31.966 INFORMA합ES [http-nio-8080-exec-306] org.apache.catalina.core.ApplicationContext.log Manager: restart: Reloading web application '/truco'
07-May-2018 16:11:36.514 INFORMA합ES [http-nio-8080-exec-311] org.apache.catalina.core.ApplicationContext.log Manager: list: Listing contexts for virtual host 'localhost'
07-May-2018 16:11:36.522 INFORMA합ES [http-nio-8080-exec-308] org.apache.catalina.core.ApplicationContext.log Manager: restart: Reloading web application '/truco'
07-May-2018 16:11:58.700 INFORMA합ES [http-nio-8080-exec-313] org.apache.catalina.core.ApplicationContext.log Manager: list: Listing contexts for virtual host 'localhost'
07-May-2018 16:11:58.709 INFORMA합ES [http-nio-8080-exec-311] org.apache.catalina.core.ApplicationContext.log Manager: restart: Reloading web application '/truco'
07-May-2018 16:12:13.138 INFORMA합ES [http-nio-8080-exec-313] org.apache.catalina.core.ApplicationContext.log Manager: list: Listing contexts for virtual host 'localhost'
07-May-2018 16:12:13.147 INFORMA합ES [http-nio-8080-exec-315] org.apache.catalina.core.ApplicationContext.log Manager: restart: Reloading web application '/truco'
07-May-2018 16:13:05.229 INFORMA합ES [http-nio-8080-exec-320] org.apache.catalina.core.ApplicationContext.log Manager: list: Listing contexts for virtual host 'localhost'
07-May-2018 16:13:05.238 INFORMA합ES [http-nio-8080-exec-310] org.apache.catalina.core.ApplicationContext.log Manager: restart: Reloading web application '/truco'
07-May-2018 16:13:16.091 INFORMA합ES [http-nio-8080-exec-313] org.apache.catalina.core.ApplicationContext.log Manager: list: Listing contexts for virtual host 'localhost'
07-May-2018 16:13:20.276 INFORMA합ES [http-nio-8080-exec-314] org.apache.catalina.core.ApplicationContext.log Manager: list: Listing contexts for virtual host 'localhost'
07-May-2018 16:13:20.282 INFORMA합ES [http-nio-8080-exec-318] org.apache.catalina.core.ApplicationContext.log Manager: list: Listing contexts for virtual host 'localhost'
07-May-2018 16:13:20.296 INFORMA합ES [http-nio-8080-exec-324] org.apache.catalina.core.ApplicationContext.log Manager: restart: Reloading web application '/truco'
07-May-2018 16:14:08.153 INFORMA합ES [http-nio-8080-exec-316] org.apache.catalina.core.ApplicationContext.log Manager: list: Listing contexts for virtual host 'localhost'
07-May-2018 16:14:08.162 INFORMA합ES [http-nio-8080-exec-313] org.apache.catalina.core.ApplicationContext.log Manager: restart: Reloading web application '/truco'
07-May-2018 16:18:31.411 INFORMA합ES [http-nio-8080-exec-339] org.apache.catalina.core.ApplicationContext.log Manager: list: Listing contexts for virtual host 'localhost'
07-May-2018 16:18:31.417 INFORMA합ES [http-nio-8080-exec-340] org.apache.catalina.core.ApplicationContext.log Manager: list: Listing contexts for virtual host 'localhost'
07-May-2018 16:18:31.435 INFORMA합ES [http-nio-8080-exec-338] org.apache.catalina.core.ApplicationContext.log Manager: restart: Reloading web application '/truco'
07-May-2018 16:19:51.486 INFORMA합ES [http-nio-8080-exec-344] org.apache.catalina.core.ApplicationContext.log Manager: list: Listing contexts for virtual host 'localhost'
07-May-2018 16:19:51.495 INFORMA합ES [http-nio-8080-exec-348] org.apache.catalina.core.ApplicationContext.log Manager: restart: Reloading web application '/truco'
07-May-2018 16:20:12.487 INFORMA합ES [http-nio-8080-exec-349] org.apache.catalina.core.ApplicationContext.log Manager: list: Listing contexts for virtual host 'localhost'
07-May-2018 16:20:12.497 INFORMA합ES [http-nio-8080-exec-346] org.apache.catalina.core.ApplicationContext.log Manager: restart: Reloading web application '/truco'
07-May-2018 16:20:29.767 INFORMA합ES [http-nio-8080-exec-352] org.apache.catalina.core.ApplicationContext.log Manager: list: Listing contexts for virtual host 'localhost'
07-May-2018 16:20:29.776 INFORMA합ES [http-nio-8080-exec-347] org.apache.catalina.core.ApplicationContext.log Manager: restart: Reloading web application '/truco'
07-May-2018 16:21:03.836 INFORMA합ES [http-nio-8080-exec-350] org.apache.catalina.core.ApplicationContext.log Manager: list: Listing contexts for virtual host 'localhost'
07-May-2018 16:21:03.845 INFORMA합ES [http-nio-8080-exec-344] org.apache.catalina.core.ApplicationContext.log Manager: restart: Reloading web application '/truco'
07-May-2018 16:21:49.733 INFORMA합ES [http-nio-8080-exec-350] org.apache.catalina.core.ApplicationContext.log Manager: list: Listing contexts for virtual host 'localhost'
07-May-2018 16:21:49.743 INFORMA합ES [http-nio-8080-exec-356] org.apache.catalina.core.ApplicationContext.log Manager: restart: Reloading web application '/truco'
07-May-2018 16:21:57.431 INFORMA합ES [http-nio-8080-exec-352] org.apache.catalina.core.ApplicationContext.log Manager: list: Listing contexts for virtual host 'localhost'
07-May-2018 16:21:57.441 INFORMA합ES [http-nio-8080-exec-353] org.apache.catalina.core.ApplicationContext.log Manager: restart: Reloading web application '/truco'
07-May-2018 16:22:55.854 INFORMA합ES [http-nio-8080-exec-357] org.apache.catalina.core.ApplicationContext.log Manager: list: Listing contexts for virtual host 'localhost'
07-May-2018 16:22:55.864 INFORMA합ES [http-nio-8080-exec-359] org.apache.catalina.core.ApplicationContext.log Manager: restart: Reloading web application '/truco'
07-May-2018 16:25:13.598 INFORMA합ES [http-nio-8080-exec-366] org.apache.catalina.core.ApplicationContext.log Manager: list: Listing contexts for virtual host 'localhost'
07-May-2018 16:25:13.608 INFORMA합ES [http-nio-8080-exec-369] org.apache.catalina.core.ApplicationContext.log Manager: restart: Reloading web application '/truco'
07-May-2018 16:25:19.067 INFORMA합ES [http-nio-8080-exec-368] org.apache.catalina.core.ApplicationContext.log Manager: list: Listing contexts for virtual host 'localhost'
07-May-2018 16:25:19.077 INFORMA합ES [http-nio-8080-exec-351] org.apache.catalina.core.ApplicationContext.log Manager: restart: Reloading web application '/truco'
07-May-2018 16:25:28.954 INFORMA합ES [http-nio-8080-exec-367] org.apache.catalina.core.ApplicationContext.log Manager: list: Listing contexts for virtual host 'localhost'
07-May-2018 16:25:28.966 INFORMA합ES [http-nio-8080-exec-371] org.apache.catalina.core.ApplicationContext.log Manager: restart: Reloading web application '/truco'
07-May-2018 16:26:16.219 INFORMA합ES [http-nio-8080-exec-358] org.apache.catalina.core.ApplicationContext.log Manager: list: Listing contexts for virtual host 'localhost'
07-May-2018 16:26:16.228 INFORMA합ES [http-nio-8080-exec-363] org.apache.catalina.core.ApplicationContext.log Manager: restart: Reloading web application '/truco'
07-May-2018 16:26:37.156 INFORMA합ES [http-nio-8080-exec-365] org.apache.catalina.core.ApplicationContext.log Manager: list: Listing contexts for virtual host 'localhost'
07-May-2018 16:26:37.165 INFORMA합ES [http-nio-8080-exec-364] org.apache.catalina.core.ApplicationContext.log Manager: restart: Reloading web application '/truco'
07-May-2018 16:28:11.581 INFORMA합ES [http-nio-8080-exec-373] org.apache.catalina.core.ApplicationContext.log Manager: list: Listing contexts for virtual host 'localhost'
07-May-2018 16:28:17.588 INFORMA합ES [http-nio-8080-exec-378] org.apache.catalina.core.ApplicationContext.log Manager: list: Listing contexts for virtual host 'localhost'
07-May-2018 16:30:06.517 INFORMA합ES [http-nio-8080-exec-382] org.apache.catalina.core.ApplicationContext.log Manager: list: Listing contexts for virtual host 'localhost'
07-May-2018 16:30:08.763 INFORMA합ES [http-nio-8080-exec-378] org.apache.catalina.core.ApplicationContext.log Manager: list: Listing contexts for virtual host 'localhost'
07-May-2018 16:30:08.769 INFORMA합ES [http-nio-8080-exec-381] org.apache.catalina.core.ApplicationContext.log Manager: list: Listing contexts for virtual host 'localhost'
07-May-2018 16:30:08.784 INFORMA합ES [http-nio-8080-exec-383] org.apache.catalina.core.ApplicationContext.log Manager: restart: Reloading web application '/truco'
07-May-2018 16:31:40.600 INFORMA합ES [http-nio-8080-exec-382] org.apache.catalina.core.ApplicationContext.log Manager: list: Listing contexts for virtual host 'localhost'
07-May-2018 16:33:45.442 INFORMA합ES [http-nio-8080-exec-387] org.apache.catalina.core.ApplicationContext.log Manager: list: Listing contexts for virtual host 'localhost'
07-May-2018 16:33:45.452 INFORMA합ES [http-nio-8080-exec-392] org.apache.catalina.core.ApplicationContext.log Manager: restart: Reloading web application '/truco'
07-May-2018 16:33:56.838 INFORMA합ES [http-nio-8080-exec-388] org.apache.catalina.core.ApplicationContext.log Manager: list: Listing contexts for virtual host 'localhost'
07-May-2018 16:33:56.847 INFORMA합ES [http-nio-8080-exec-390] org.apache.catalina.core.ApplicationContext.log Manager: restart: Reloading web application '/truco'
07-May-2018 16:36:21.619 INFORMA합ES [http-nio-8080-exec-400] org.apache.catalina.core.ApplicationContext.log Manager: list: Listing contexts for virtual host 'localhost'
07-May-2018 16:36:21.627 INFORMA합ES [http-nio-8080-exec-403] org.apache.catalina.core.ApplicationContext.log Manager: restart: Reloading web application '/truco'
07-May-2018 16:37:13.252 INFORMA합ES [http-nio-8080-exec-391] org.apache.catalina.core.ApplicationContext.log Manager: list: Listing contexts for virtual host 'localhost'
07-May-2018 16:37:13.261 INFORMA합ES [http-nio-8080-exec-398] org.apache.catalina.core.ApplicationContext.log Manager: restart: Reloading web application '/truco'
07-May-2018 16:37:25.575 INFORMA합ES [http-nio-8080-exec-389] org.apache.catalina.core.ApplicationContext.log Manager: list: Listing contexts for virtual host 'localhost'
07-May-2018 16:37:25.584 INFORMA합ES [http-nio-8080-exec-393] org.apache.catalina.core.ApplicationContext.log Manager: restart: Reloading web application '/truco'
07-May-2018 16:37:58.061 INFORMA합ES [http-nio-8080-exec-391] org.apache.catalina.core.ApplicationContext.log Manager: list: Listing contexts for virtual host 'localhost'
07-May-2018 16:37:58.070 INFORMA합ES [http-nio-8080-exec-389] org.apache.catalina.core.ApplicationContext.log Manager: restart: Reloading web application '/truco'
07-May-2018 16:38:01.490 INFORMA합ES [http-nio-8080-exec-408] org.apache.catalina.core.ApplicationContext.log Manager: list: Listing contexts for virtual host 'localhost'
07-May-2018 16:38:01.499 INFORMA합ES [http-nio-8080-exec-399] org.apache.catalina.core.ApplicationContext.log Manager: restart: Reloading web application '/truco'
07-May-2018 16:39:05.875 INFORMA합ES [http-nio-8080-exec-405] org.apache.catalina.core.ApplicationContext.log Manager: list: Listing contexts for virtual host 'localhost'
07-May-2018 16:39:05.885 INFORMA합ES [http-nio-8080-exec-410] org.apache.catalina.core.ApplicationContext.log Manager: restart: Reloading web application '/truco'
07-May-2018 16:39:59.103 INFORMA합ES [http-nio-8080-exec-414] org.apache.catalina.core.ApplicationContext.log Manager: list: Listing contexts for virtual host 'localhost'
07-May-2018 16:39:59.111 INFORMA합ES [http-nio-8080-exec-395] org.apache.catalina.core.ApplicationContext.log Manager: restart: Reloading web application '/truco'
07-May-2018 16:40:10.695 INFORMA합ES [http-nio-8080-exec-391] org.apache.catalina.core.ApplicationContext.log Manager: list: Listing contexts for virtual host 'localhost'
07-May-2018 16:40:10.706 INFORMA합ES [http-nio-8080-exec-409] org.apache.catalina.core.ApplicationContext.log Manager: restart: Reloading web application '/truco'
07-May-2018 16:42:39.039 INFORMA합ES [http-nio-8080-exec-422] org.apache.catalina.core.ApplicationContext.log Manager: list: Listing contexts for virtual host 'localhost'
07-May-2018 16:42:39.049 INFORMA합ES [http-nio-8080-exec-425] org.apache.catalina.core.ApplicationContext.log Manager: restart: Reloading web application '/truco'
07-May-2018 16:42:44.473 INFORMA합ES [http-nio-8080-exec-424] org.apache.catalina.core.ApplicationContext.log Manager: list: Listing contexts for virtual host 'localhost'
07-May-2018 16:42:44.481 INFORMA합ES [http-nio-8080-exec-420] org.apache.catalina.core.ApplicationContext.log Manager: restart: Reloading web application '/truco'
07-May-2018 16:42:59.727 INFORMA합ES [http-nio-8080-exec-423] org.apache.catalina.core.ApplicationContext.log Manager: list: Listing contexts for virtual host 'localhost'
07-May-2018 16:43:07.799 INFORMA합ES [http-nio-8080-exec-422] org.apache.catalina.core.ApplicationContext.log Manager: list: Listing contexts for virtual host 'localhost'
07-May-2018 16:43:07.804 INFORMA합ES [http-nio-8080-exec-421] org.apache.catalina.core.ApplicationContext.log Manager: list: Listing contexts for virtual host 'localhost'
07-May-2018 16:43:07.819 INFORMA합ES [http-nio-8080-exec-428] org.apache.catalina.core.ApplicationContext.log Manager: restart: Reloading web application '/truco'
07-May-2018 16:44:25.954 INFORMA합ES [http-nio-8080-exec-434] org.apache.catalina.core.ApplicationContext.log Manager: list: Listing contexts for virtual host 'localhost'
07-May-2018 16:44:25.962 INFORMA합ES [http-nio-8080-exec-433] org.apache.catalina.core.ApplicationContext.log Manager: restart: Reloading web application '/truco'
07-May-2018 16:45:15.178 INFORMA합ES [http-nio-8080-exec-430] org.apache.catalina.core.ApplicationContext.log Manager: list: Listing contexts for virtual host 'localhost'
07-May-2018 16:45:15.188 INFORMA합ES [http-nio-8080-exec-436] org.apache.catalina.core.ApplicationContext.log Manager: restart: Reloading web application '/truco'
07-May-2018 16:45:28.559 INFORMA합ES [http-nio-8080-exec-434] org.apache.catalina.core.ApplicationContext.log Manager: list: Listing contexts for virtual host 'localhost'
07-May-2018 16:45:42.503 INFORMA합ES [http-nio-8080-exec-431] org.apache.catalina.core.ApplicationContext.log Manager: list: Listing contexts for virtual host 'localhost'
07-May-2018 16:45:42.513 INFORMA합ES [http-nio-8080-exec-430] org.apache.catalina.core.ApplicationContext.log Manager: restart: Reloading web application '/truco'
07-May-2018 16:47:14.307 INFORMA합ES [http-nio-8080-exec-446] org.apache.catalina.core.ApplicationContext.log Manager: list: Listing contexts for virtual host 'localhost'
07-May-2018 16:47:14.316 INFORMA합ES [http-nio-8080-exec-449] org.apache.catalina.core.ApplicationContext.log Manager: restart: Reloading web application '/truco'
07-May-2018 16:47:22.115 INFORMA합ES [http-nio-8080-exec-453] org.apache.catalina.core.ApplicationContext.log Manager: list: Listing contexts for virtual host 'localhost'
07-May-2018 16:47:22.120 INFORMA합ES [http-nio-8080-exec-442] org.apache.catalina.core.ApplicationContext.log Manager: list: Listing contexts for virtual host 'localhost'
07-May-2018 16:47:22.134 INFORMA합ES [http-nio-8080-exec-446] org.apache.catalina.core.ApplicationContext.log Manager: restart: Reloading web application '/truco'
07-May-2018 16:49:34.699 INFORMA합ES [http-nio-8080-exec-460] org.apache.catalina.core.ApplicationContext.log Manager: list: Listing contexts for virtual host 'localhost'
07-May-2018 16:49:34.712 INFORMA합ES [http-nio-8080-exec-459] org.apache.catalina.core.ApplicationContext.log Manager: restart: Reloading web application '/truco'
07-May-2018 16:49:46.413 INFORMA합ES [http-nio-8080-exec-461] org.apache.catalina.core.ApplicationContext.log Manager: list: Listing contexts for virtual host 'localhost'
07-May-2018 16:49:46.423 INFORMA합ES [http-nio-8080-exec-463] org.apache.catalina.core.ApplicationContext.log Manager: restart: Reloading web application '/truco'
07-May-2018 16:50:04.726 INFORMA합ES [http-nio-8080-exec-456] org.apache.catalina.core.ApplicationContext.log Manager: list: Listing contexts for virtual host 'localhost'
07-May-2018 16:50:04.736 INFORMA합ES [http-nio-8080-exec-467] org.apache.catalina.core.ApplicationContext.log Manager: restart: Reloading web application '/truco'
07-May-2018 16:51:21.452 INFORMA합ES [http-nio-8080-exec-468] org.apache.catalina.core.ApplicationContext.log Manager: list: Listing contexts for virtual host 'localhost'
07-May-2018 16:51:21.460 INFORMA합ES [http-nio-8080-exec-469] org.apache.catalina.core.ApplicationContext.log Manager: restart: Reloading web application '/truco'
07-May-2018 16:56:52.937 INFORMA합ES [http-nio-8080-exec-476] org.apache.catalina.core.ApplicationContext.log Manager: list: Listing contexts for virtual host 'localhost'
07-May-2018 16:56:52.947 INFORMA합ES [http-nio-8080-exec-477] org.apache.catalina.core.ApplicationContext.log Manager: restart: Reloading web application '/truco'
07-May-2018 16:57:03.753 INFORMA합ES [http-nio-8080-exec-481] org.apache.catalina.core.ApplicationContext.log Manager: list: Listing contexts for virtual host 'localhost'
07-May-2018 16:57:03.761 INFORMA합ES [http-nio-8080-exec-480] org.apache.catalina.core.ApplicationContext.log Manager: restart: Reloading web application '/truco'
07-May-2018 16:57:09.032 INFORMA합ES [http-nio-8080-exec-482] org.apache.catalina.core.ApplicationContext.log Manager: list: Listing contexts for virtual host 'localhost'
07-May-2018 16:57:09.037 INFORMA합ES [http-nio-8080-exec-483] org.apache.catalina.core.ApplicationContext.log Manager: list: Listing contexts for virtual host 'localhost'
07-May-2018 16:57:09.051 INFORMA합ES [http-nio-8080-exec-478] org.apache.catalina.core.ApplicationContext.log Manager: restart: Reloading web application '/truco'
07-May-2018 16:57:29.405 INFORMA합ES [http-nio-8080-exec-484] org.apache.catalina.core.ApplicationContext.log Manager: list: Listing contexts for virtual host 'localhost'
07-May-2018 16:57:29.413 INFORMA합ES [http-nio-8080-exec-481] org.apache.catalina.core.ApplicationContext.log Manager: restart: Reloading web application '/truco'
07-May-2018 16:58:16.858 INFORMA합ES [http-nio-8080-exec-489] org.apache.catalina.core.ApplicationContext.log Manager: list: Listing contexts for virtual host 'localhost'
07-May-2018 16:58:16.867 INFORMA합ES [http-nio-8080-exec-487] org.apache.catalina.core.ApplicationContext.log Manager: restart: Reloading web application '/truco'
07-May-2018 16:58:25.815 INFORMA합ES [http-nio-8080-exec-489] org.apache.catalina.core.ApplicationContext.log Manager: list: Listing contexts for virtual host 'localhost'
07-May-2018 16:58:25.820 INFORMA합ES [http-nio-8080-exec-494] org.apache.catalina.core.ApplicationContext.log Manager: list: Listing contexts for virtual host 'localhost'
07-May-2018 16:58:25.833 INFORMA합ES [http-nio-8080-exec-488] org.apache.catalina.core.ApplicationContext.log Manager: restart: Reloading web application '/truco'
07-May-2018 17:00:23.634 INFORMA합ES [http-nio-8080-exec-502] org.apache.catalina.core.ApplicationContext.log Manager: list: Listing contexts for virtual host 'localhost'
07-May-2018 17:00:23.644 INFORMA합ES [http-nio-8080-exec-501] org.apache.catalina.core.ApplicationContext.log Manager: restart: Reloading web application '/truco'
07-May-2018 17:00:36.542 INFORMA합ES [http-nio-8080-exec-498] org.apache.catalina.core.ApplicationContext.log Manager: list: Listing contexts for virtual host 'localhost'
07-May-2018 17:00:36.550 INFORMA합ES [http-nio-8080-exec-505] org.apache.catalina.core.ApplicationContext.log Manager: restart: Reloading web application '/truco'
07-May-2018 17:00:43.327 INFORMA합ES [http-nio-8080-exec-504] org.apache.catalina.core.ApplicationContext.log Manager: list: Listing contexts for virtual host 'localhost'
07-May-2018 17:00:43.332 INFORMA합ES [http-nio-8080-exec-500] org.apache.catalina.core.ApplicationContext.log Manager: list: Listing contexts for virtual host 'localhost'
07-May-2018 17:00:43.346 INFORMA합ES [http-nio-8080-exec-506] org.apache.catalina.core.ApplicationContext.log Manager: restart: Reloading web application '/truco'
07-May-2018 17:02:38.510 INFORMA합ES [http-nio-8080-exec-512] org.apache.catalina.core.ApplicationContext.log Manager: list: Listing contexts for virtual host 'localhost'
07-May-2018 17:02:38.518 INFORMA합ES [http-nio-8080-exec-515] org.apache.catalina.core.ApplicationContext.log Manager: restart: Reloading web application '/truco'
07-May-2018 17:02:55.830 INFORMA합ES [http-nio-8080-exec-513] org.apache.catalina.core.ApplicationContext.log Manager: list: Listing contexts for virtual host 'localhost'
07-May-2018 17:02:55.839 INFORMA합ES [http-nio-8080-exec-518] org.apache.catalina.core.ApplicationContext.log Manager: restart: Reloading web application '/truco'
07-May-2018 17:02:57.727 INFORMA합ES [http-nio-8080-exec-511] org.apache.catalina.core.ApplicationContext.log Manager: list: Listing contexts for virtual host 'localhost'
07-May-2018 17:02:57.733 INFORMA합ES [http-nio-8080-exec-521] org.apache.catalina.core.ApplicationContext.log Manager: list: Listing contexts for virtual host 'localhost'
07-May-2018 17:02:57.745 INFORMA합ES [http-nio-8080-exec-520] org.apache.catalina.core.ApplicationContext.log Manager: restart: Reloading web application '/truco'
07-May-2018 17:03:39.276 INFORMA합ES [http-nio-8080-exec-512] org.apache.catalina.core.ApplicationContext.log Manager: list: Listing contexts for virtual host 'localhost'
07-May-2018 17:03:39.285 INFORMA합ES [http-nio-8080-exec-526] org.apache.catalina.core.ApplicationContext.log Manager: restart: Reloading web application '/truco'
07-May-2018 17:03:42.642 INFORMA합ES [http-nio-8080-exec-521] org.apache.catalina.core.ApplicationContext.log Manager: list: Listing contexts for virtual host 'localhost'
07-May-2018 17:03:42.650 INFORMA합ES [http-nio-8080-exec-530] org.apache.catalina.core.ApplicationContext.log Manager: restart: Reloading web application '/truco'
07-May-2018 17:03:44.657 INFORMA합ES [http-nio-8080-exec-527] org.apache.catalina.core.ApplicationContext.log Manager: list: Listing contexts for virtual host 'localhost'
07-May-2018 17:03:44.663 INFORMA합ES [http-nio-8080-exec-531] org.apache.catalina.core.ApplicationContext.log Manager: list: Listing contexts for virtual host 'localhost'
07-May-2018 17:03:44.676 INFORMA합ES [http-nio-8080-exec-532] org.apache.catalina.core.ApplicationContext.log Manager: restart: Reloading web application '/truco'
07-May-2018 17:03:58.196 INFORMA합ES [http-nio-8080-exec-521] org.apache.catalina.core.ApplicationContext.log Manager: list: Listing contexts for virtual host 'localhost'
07-May-2018 17:03:58.204 INFORMA합ES [http-nio-8080-exec-525] org.apache.catalina.core.ApplicationContext.log Manager: restart: Reloading web application '/truco'
07-May-2018 17:04:06.733 INFORMA합ES [http-nio-8080-exec-521] org.apache.catalina.core.ApplicationContext.log Manager: list: Listing contexts for virtual host 'localhost'
07-May-2018 17:04:06.745 INFORMA합ES [http-nio-8080-exec-534] org.apache.catalina.core.ApplicationContext.log Manager: restart: Reloading web application '/truco'
07-May-2018 17:05:12.868 INFORMA합ES [http-nio-8080-exec-539] org.apache.catalina.core.ApplicationContext.log Manager: list: Listing contexts for virtual host 'localhost'
07-May-2018 17:05:12.878 INFORMA합ES [http-nio-8080-exec-542] org.apache.catalina.core.ApplicationContext.log Manager: restart: Reloading web application '/truco'
07-May-2018 17:06:02.563 INFORMA합ES [http-nio-8080-exec-547] org.apache.catalina.core.ApplicationContext.log Manager: list: Listing contexts for virtual host 'localhost'
07-May-2018 17:06:02.572 INFORMA합ES [http-nio-8080-exec-517] org.apache.catalina.core.ApplicationContext.log Manager: restart: Reloading web application '/truco'
07-May-2018 17:06:11.388 INFORMA합ES [http-nio-8080-exec-539] org.apache.catalina.core.ApplicationContext.log Manager: list: Listing contexts for virtual host 'localhost'
07-May-2018 17:06:11.399 INFORMA합ES [http-nio-8080-exec-548] org.apache.catalina.core.ApplicationContext.log Manager: restart: Reloading web application '/truco'
07-May-2018 17:06:23.306 INFORMA합ES [http-nio-8080-exec-539] org.apache.catalina.core.ApplicationContext.log Manager: list: Listing contexts for virtual host 'localhost'
07-May-2018 17:06:23.316 INFORMA합ES [http-nio-8080-exec-544] org.apache.catalina.core.ApplicationContext.log Manager: restart: Reloading web application '/truco'
07-May-2018 17:07:07.918 INFORMA합ES [http-nio-8080-exec-555] org.apache.catalina.core.ApplicationContext.log Manager: list: Listing contexts for virtual host 'localhost'
07-May-2018 17:07:07.927 INFORMA합ES [http-nio-8080-exec-538] org.apache.catalina.core.ApplicationContext.log Manager: restart: Reloading web application '/truco'
07-May-2018 17:07:29.879 INFORMA합ES [http-nio-8080-exec-553] org.apache.catalina.core.ApplicationContext.log Manager: list: Listing contexts for virtual host 'localhost'
07-May-2018 17:07:29.887 INFORMA합ES [http-nio-8080-exec-555] org.apache.catalina.core.ApplicationContext.log Manager: restart: Reloading web application '/truco'
07-May-2018 17:07:38.825 INFORMA합ES [http-nio-8080-exec-558] org.apache.catalina.core.ApplicationContext.log Manager: list: Listing contexts for virtual host 'localhost'
07-May-2018 17:07:38.834 INFORMA합ES [http-nio-8080-exec-551] org.apache.catalina.core.ApplicationContext.log Manager: restart: Reloading web application '/truco'
07-May-2018 17:08:27.962 INFORMA합ES [http-nio-8080-exec-558] org.apache.catalina.core.ApplicationContext.log Manager: list: Listing contexts for virtual host 'localhost'
07-May-2018 17:08:27.971 INFORMA합ES [http-nio-8080-exec-553] org.apache.catalina.core.ApplicationContext.log Manager: restart: Reloading web application '/truco'
07-May-2018 17:08:52.892 INFORMA합ES [http-nio-8080-exec-557] org.apache.catalina.core.ApplicationContext.log Manager: list: Listing contexts for virtual host 'localhost'
07-May-2018 17:08:52.900 INFORMA합ES [http-nio-8080-exec-563] org.apache.catalina.core.ApplicationContext.log Manager: restart: Reloading web application '/truco'
07-May-2018 17:09:49.452 INFORMA합ES [http-nio-8080-exec-558] org.apache.catalina.core.ApplicationContext.log Manager: list: Listing contexts for virtual host 'localhost'
07-May-2018 17:09:49.460 INFORMA합ES [http-nio-8080-exec-565] org.apache.catalina.core.ApplicationContext.log Manager: restart: Reloading web application '/truco'
07-May-2018 17:09:57.643 INFORMA합ES [http-nio-8080-exec-559] org.apache.catalina.core.ApplicationContext.log Manager: list: Listing contexts for virtual host 'localhost'
07-May-2018 17:09:57.653 INFORMA합ES [http-nio-8080-exec-568] org.apache.catalina.core.ApplicationContext.log Manager: restart: Reloading web application '/truco'
07-May-2018 17:10:08.003 INFORMA합ES [http-nio-8080-exec-559] org.apache.catalina.core.ApplicationContext.log Manager: list: Listing contexts for virtual host 'localhost'
07-May-2018 17:10:08.012 INFORMA합ES [http-nio-8080-exec-569] org.apache.catalina.core.ApplicationContext.log Manager: restart: Reloading web application '/truco'
07-May-2018 17:11:41.463 INFORMA합ES [http-nio-8080-exec-579] org.apache.catalina.core.ApplicationContext.log Manager: list: Listing contexts for virtual host 'localhost'
07-May-2018 17:11:41.471 INFORMA합ES [http-nio-8080-exec-577] org.apache.catalina.core.ApplicationContext.log Manager: restart: Reloading web application '/truco'
07-May-2018 17:12:01.877 INFORMA합ES [http-nio-8080-exec-562] org.apache.catalina.core.ApplicationContext.log Manager: list: Listing contexts for virtual host 'localhost'
07-May-2018 17:12:18.424 INFORMA합ES [http-nio-8080-exec-564] org.apache.catalina.core.ApplicationContext.log Manager: list: Listing contexts for virtual host 'localhost'
07-May-2018 17:12:22.588 INFORMA합ES [http-nio-8080-exec-582] org.apache.catalina.core.ApplicationContext.log Manager: list: Listing contexts for virtual host 'localhost'
07-May-2018 17:12:56.275 INFORMA합ES [http-nio-8080-exec-585] org.apache.catalina.core.ApplicationContext.log Manager: list: Listing contexts for virtual host 'localhost'
07-May-2018 17:13:01.577 INFORMA합ES [http-nio-8080-exec-574] org.apache.catalina.core.ApplicationContext.log Manager: list: Listing contexts for virtual host 'localhost'
07-May-2018 17:13:24.027 INFORMA합ES [http-nio-8080-exec-584] org.apache.catalina.core.ApplicationContext.log Manager: list: Listing contexts for virtual host 'localhost'
