08-Mar-2018 14:51:03.014 INFORMA합ES [http-nio-8080-exec-4] org.apache.catalina.core.ApplicationContext.log Manager: init: Associated with Deployer 'Catalina:type=Deployer,host=localhost'
08-Mar-2018 14:51:03.014 INFORMA합ES [http-nio-8080-exec-4] org.apache.catalina.core.ApplicationContext.log Manager: init: Global resources are available
08-Mar-2018 14:51:03.052 INFORMA합ES [http-nio-8080-exec-6] org.apache.catalina.core.ApplicationContext.log Manager: list: Listing contexts for virtual host 'localhost'
08-Mar-2018 14:51:03.060 INFORMA합ES [http-nio-8080-exec-10] org.apache.catalina.core.ApplicationContext.log Manager: list: Listing contexts for virtual host 'localhost'
08-Mar-2018 14:51:12.717 INFORMA합ES [http-nio-8080-exec-1] org.apache.catalina.core.ApplicationContext.log Manager: list: Listing contexts for virtual host 'localhost'
08-Mar-2018 14:51:12.723 INFORMA합ES [http-nio-8080-exec-4] org.apache.catalina.core.ApplicationContext.log Manager: list: Listing contexts for virtual host 'localhost'
08-Mar-2018 15:01:01.914 INFORMA합ES [http-nio-8080-exec-9] org.apache.catalina.core.ApplicationContext.log Manager: list: Listing contexts for virtual host 'localhost'
08-Mar-2018 15:01:01.928 INFORMA합ES [http-nio-8080-exec-1] org.apache.catalina.core.ApplicationContext.log Manager: list: Listing contexts for virtual host 'localhost'
08-Mar-2018 15:03:29.668 INFORMA합ES [http-nio-8080-exec-7] org.apache.catalina.core.ApplicationContext.log Manager: list: Listing contexts for virtual host 'localhost'
08-Mar-2018 15:03:29.675 INFORMA합ES [http-nio-8080-exec-9] org.apache.catalina.core.ApplicationContext.log Manager: list: Listing contexts for virtual host 'localhost'
08-Mar-2018 15:03:29.695 INFORMA합ES [http-nio-8080-exec-2] org.apache.catalina.core.ApplicationContext.log Manager: install: Installing context configuration at 'file:/C:/Users/047837~1/AppData/Local/Temp/context6467398964630192667.xml'
08-Mar-2018 15:03:36.695 INFORMA합ES [http-nio-8080-exec-4] org.apache.catalina.core.ApplicationContext.log Manager: start: Starting web application '/aula_jsf_1502'
08-Mar-2018 15:10:04.005 INFORMA합ES [http-nio-8080-exec-6] org.apache.catalina.core.ApplicationContext.log Manager: list: Listing contexts for virtual host 'localhost'
08-Mar-2018 15:10:04.012 INFORMA합ES [http-nio-8080-exec-1] org.apache.catalina.core.ApplicationContext.log Manager: list: Listing contexts for virtual host 'localhost'
08-Mar-2018 15:10:04.023 INFORMA합ES [http-nio-8080-exec-2] org.apache.catalina.core.ApplicationContext.log Manager: undeploy: Undeploying web application at '/aula_jsf_1502'
08-Mar-2018 15:10:04.577 INFORMA합ES [http-nio-8080-exec-1] org.apache.catalina.core.ApplicationContext.log Manager: install: Installing context configuration at 'file:/C:/Users/047837~1/AppData/Local/Temp/context9021906215705958175.xml'
08-Mar-2018 15:10:05.716 INFORMA합ES [http-nio-8080-exec-3] org.apache.catalina.core.ApplicationContext.log Manager: start: Starting web application '/aula_jsf_1502'
08-Mar-2018 15:20:57.389 INFORMA합ES [http-nio-8080-exec-13] org.apache.catalina.core.ApplicationContext.log Manager: list: Listing contexts for virtual host 'localhost'
08-Mar-2018 15:20:57.419 INFORMA합ES [http-nio-8080-exec-14] org.apache.catalina.core.ApplicationContext.log Manager: restart: Reloading web application '/aula_jsf_1502'
08-Mar-2018 15:24:09.772 INFORMA합ES [http-nio-8080-exec-4] org.apache.catalina.core.ApplicationContext.log Manager: init: Associated with Deployer 'Catalina:type=Deployer,host=localhost'
08-Mar-2018 15:24:09.772 INFORMA합ES [http-nio-8080-exec-4] org.apache.catalina.core.ApplicationContext.log Manager: init: Global resources are available
08-Mar-2018 15:24:09.810 INFORMA합ES [http-nio-8080-exec-7] org.apache.catalina.core.ApplicationContext.log Manager: list: Listing contexts for virtual host 'localhost'
08-Mar-2018 15:24:09.820 INFORMA합ES [http-nio-8080-exec-10] org.apache.catalina.core.ApplicationContext.log Manager: list: Listing contexts for virtual host 'localhost'
08-Mar-2018 15:24:09.832 INFORMA합ES [http-nio-8080-exec-1] org.apache.catalina.core.ApplicationContext.log Manager: undeploy: Undeploying web application at '/aula_jsf_1502'
08-Mar-2018 15:24:10.375 INFORMA합ES [http-nio-8080-exec-2] org.apache.catalina.core.ApplicationContext.log Manager: install: Installing context configuration at 'file:/C:/Users/047837~1/AppData/Local/Temp/context7159175828424377505.xml'
08-Mar-2018 15:24:11.449 INFORMA합ES [http-nio-8080-exec-9] org.apache.catalina.core.ApplicationContext.log Manager: start: Starting web application '/aula_jsf_1502'
