12-Jun-2018 11:58:50.671 INFORMAÇÕES [main] org.apache.catalina.startup.VersionLoggerListener.log Server version:        Apache Tomcat/8.5.31
12-Jun-2018 11:58:50.682 INFORMAÇÕES [main] org.apache.catalina.startup.VersionLoggerListener.log Server built:          Apr 27 2018 20:24:25 UTC
12-Jun-2018 11:58:50.682 INFORMAÇÕES [main] org.apache.catalina.startup.VersionLoggerListener.log Server number:         8.5.31.0
12-Jun-2018 11:58:50.682 INFORMAÇÕES [main] org.apache.catalina.startup.VersionLoggerListener.log OS Name:               Windows 10
12-Jun-2018 11:58:50.682 INFORMAÇÕES [main] org.apache.catalina.startup.VersionLoggerListener.log OS Version:            10.0
12-Jun-2018 11:58:50.682 INFORMAÇÕES [main] org.apache.catalina.startup.VersionLoggerListener.log Architecture:          amd64
12-Jun-2018 11:58:50.682 INFORMAÇÕES [main] org.apache.catalina.startup.VersionLoggerListener.log Java Home:             C:\Program Files\Java\jdk1.8.0_131\jre
12-Jun-2018 11:58:50.683 INFORMAÇÕES [main] org.apache.catalina.startup.VersionLoggerListener.log JVM Version:           1.8.0_131-b11
12-Jun-2018 11:58:50.683 INFORMAÇÕES [main] org.apache.catalina.startup.VersionLoggerListener.log JVM Vendor:            Oracle Corporation
12-Jun-2018 11:58:50.683 INFORMAÇÕES [main] org.apache.catalina.startup.VersionLoggerListener.log CATALINA_BASE:         C:\Users\04783714118\Documents\NetBeansProjects\JSF\JSF-Truco\apache-tomcat-8.5-server
12-Jun-2018 11:58:50.683 INFORMAÇÕES [main] org.apache.catalina.startup.VersionLoggerListener.log CATALINA_HOME:         C:\Users\04783714118\Documents\NetBeansProjects\JSF\JSF-Truco\apache-tomcat-8.5-server
12-Jun-2018 11:58:50.683 INFORMAÇÕES [main] org.apache.catalina.startup.VersionLoggerListener.log Command line argument: -Djava.util.logging.config.file=C:\Users\04783714118\Documents\NetBeansProjects\JSF\JSF-Truco\apache-tomcat-8.5-server\conf\logging.properties
12-Jun-2018 11:58:50.683 INFORMAÇÕES [main] org.apache.catalina.startup.VersionLoggerListener.log Command line argument: -Djava.util.logging.manager=org.apache.juli.ClassLoaderLogManager
12-Jun-2018 11:58:50.683 INFORMAÇÕES [main] org.apache.catalina.startup.VersionLoggerListener.log Command line argument: -Dhttp.nonProxyHosts=localhost|127.0.0.1|c430761
12-Jun-2018 11:58:50.683 INFORMAÇÕES [main] org.apache.catalina.startup.VersionLoggerListener.log Command line argument: -Djdk.tls.ephemeralDHKeySize=2048
12-Jun-2018 11:58:50.683 INFORMAÇÕES [main] org.apache.catalina.startup.VersionLoggerListener.log Command line argument: -Djava.protocol.handler.pkgs=org.apache.catalina.webresources
12-Jun-2018 11:58:50.685 INFORMAÇÕES [main] org.apache.catalina.startup.VersionLoggerListener.log Command line argument: -Dignore.endorsed.dirs=
12-Jun-2018 11:58:50.685 INFORMAÇÕES [main] org.apache.catalina.startup.VersionLoggerListener.log Command line argument: -Dcatalina.base=C:\Users\04783714118\Documents\NetBeansProjects\JSF\JSF-Truco\apache-tomcat-8.5-server
12-Jun-2018 11:58:50.686 INFORMAÇÕES [main] org.apache.catalina.startup.VersionLoggerListener.log Command line argument: -Dcatalina.home=C:\Users\04783714118\Documents\NetBeansProjects\JSF\JSF-Truco\apache-tomcat-8.5-server
12-Jun-2018 11:58:50.686 INFORMAÇÕES [main] org.apache.catalina.startup.VersionLoggerListener.log Command line argument: -Djava.io.tmpdir=C:\Users\04783714118\Documents\NetBeansProjects\JSF\JSF-Truco\apache-tomcat-8.5-server\temp
12-Jun-2018 11:58:50.686 INFORMAÇÕES [main] org.apache.catalina.core.AprLifecycleListener.lifecycleEvent The APR based Apache Tomcat Native library which allows optimal performance in production environments was not found on the java.library.path: [C:\Program Files\Java\jdk1.8.0_131\bin;C:\Windows\Sun\Java\bin;C:\Windows\system32;C:\Windows;C:\Program Files (x86)\Borland\Delphi7\Bin;C:\Program Files (x86)\Borland\Delphi7\Projects\Bpl\;C:\Oracle\product\11.2.0\client_1\bin;C:\Program Files (x86)\Intel\iCLS Client\;C:\Program Files\Intel\iCLS Client\;C:\Windows\system32;C:\Windows;C:\Windows\System32\Wbem;C:\Windows\System32\WindowsPowerShell\v1.0\;C:\Program Files (x86)\Intel\Intel(R) Management Engine Components\DAL;C:\Program Files\Intel\Intel(R) Management Engine Components\DAL;C:\Program Files (x86)\Intel\Intel(R) Management Engine Components\IPT;C:\Program Files\Intel\Intel(R) Management Engine Components\IPT;C:\Program Files\Dell\Dell Data Protection\Drivers\TSS\bin\;C:\Program Files (x86)\Skype\Phone\;c:\Program Files (x86)\Microsoft SQL Server\100\Tools\Binn\;c:\Program Files\Microsoft SQL Server\100\Tools\Binn\;c:\Program Files\Microsoft SQL Server\100\DTS\Binn\;C:\Program Files (x86)\Lua\5.1;C:\Program Files (x86)\Lua\5.1\clibs;C:\MinGW\bin;C:\Users\04783714118\Desktop\R\Facul\RRPGSDK3\SDK3;C:\Program Files\Microsoft SQL Server\130\Tools\Binn\;C:\Program Files\dotnet\;C:\Program Files\nodejs\;C:\Program Files\Java\jdk1.8.0_131\bin;C:\Program Files (x86)\Java\jdk1.8.0_131\bin;C:\Program Files\Git\cmd;C:\Users\Public\Documents\RAD Studio\7.0\Bpl;C:\Users\04783714118\AppData\Local\Microsoft\WindowsApps;C:\Program Files (x86)\Microsoft VS Code\bin;C:\Users\04783714118\AppData\Roaming\npm;C:\Program Files (x86)\Java\jdk1.8.0_131\bin;C:\Users\04783714118\AppData\Local\GitHubDesktop\bin;.]
12-Jun-2018 11:58:50.953 INFORMAÇÕES [main] org.apache.coyote.AbstractProtocol.init Initializing ProtocolHandler ["http-nio-8080"]
12-Jun-2018 11:58:51.099 INFORMAÇÕES [main] org.apache.tomcat.util.net.NioSelectorPool.getSharedSelector Using a shared selector for servlet write/read
12-Jun-2018 11:58:51.106 INFORMAÇÕES [main] org.apache.coyote.AbstractProtocol.init Initializing ProtocolHandler ["ajp-nio-8009"]
12-Jun-2018 11:58:51.108 INFORMAÇÕES [main] org.apache.tomcat.util.net.NioSelectorPool.getSharedSelector Using a shared selector for servlet write/read
12-Jun-2018 11:58:51.108 INFORMAÇÕES [main] org.apache.catalina.startup.Catalina.load Initialization processed in 897 ms
12-Jun-2018 11:58:51.145 INFORMAÇÕES [main] org.apache.catalina.core.StandardService.startInternal Starting service [Catalina]
12-Jun-2018 11:58:51.145 INFORMAÇÕES [main] org.apache.catalina.core.StandardEngine.startInternal Starting Servlet Engine: Apache Tomcat/8.5.31
12-Jun-2018 11:58:51.155 INFORMAÇÕES [localhost-startStop-1] org.apache.catalina.startup.HostConfig.deployDescriptor Deploying configuration descriptor [C:\Users\04783714118\Documents\NetBeansProjects\JSF\JSF-Truco\apache-tomcat-8.5-server\conf\Catalina\localhost\truco-torneio-webjsf.xml]
12-Jun-2018 11:59:02.691 INFORMAÇÕES [localhost-startStop-1] org.apache.jasper.servlet.TldScanner.scanJars At least one JAR was scanned for TLDs yet contained no TLDs. Enable debug logging for this logger for a complete list of JARs that were scanned but no TLDs were found in them. Skipping unneeded JARs during scanning can improve startup time and JSP compilation time.
12-Jun-2018 11:59:02.840 INFORMAÇÕES [localhost-startStop-1] com.sun.faces.config.ConfigureListener.contextInitialized Inicializando Mojarra 2.2.7 ( 20140610-1547 https://svn.java.net/svn/mojarra~svn/tags/2.2.7@13362) para o contexto '/truco-torneio-webjsf'
12-Jun-2018 11:59:02.997 INFORMAÇÕES [localhost-startStop-1] com.sun.faces.spi.InjectionProviderFactory.createInstance JSF1048: Anotações PostConstruct/PreDestroy presentes.  Os métodos ManagedBeans marcados com essas anotações informarão as anotações processadas.
12-Jun-2018 11:59:03.537 ADVERTÊNCIA [localhost-startStop-1] com.sun.faces.config.processor.NavigationConfigProcessor.addNavigationCasesForRule JSF1058: O recurso referido por to-view-id, 'main.xhtml', para navegação de '/index.xhtml', não começa com '/'.  Isso será adicionado para você, mas deveria ser corrigido.
12-Jun-2018 11:59:03.540 ADVERTÊNCIA [localhost-startStop-1] com.sun.faces.config.processor.NavigationConfigProcessor.addNavigationCasesForRule JSF1058: O recurso referido por to-view-id, 'cadastro_usuario.xhtml', para navegação de '/index.xhtml', não começa com '/'.  Isso será adicionado para você, mas deveria ser corrigido.
12-Jun-2018 11:59:03.540 ADVERTÊNCIA [localhost-startStop-1] com.sun.faces.config.processor.NavigationConfigProcessor.addNavigationCasesForRule JSF1058: O recurso referido por to-view-id, 'main.xhtml', para navegação de '/cadastro_usuario.xhtml', não começa com '/'.  Isso será adicionado para você, mas deveria ser corrigido.
12-Jun-2018 11:59:03.540 ADVERTÊNCIA [localhost-startStop-1] com.sun.faces.config.processor.NavigationConfigProcessor.addNavigationCasesForRule JSF1058: O recurso referido por to-view-id, 'index.xhtml', para navegação de '/cadastro_usuario.xhtml', não começa com '/'.  Isso será adicionado para você, mas deveria ser corrigido.
12-Jun-2018 11:59:03.540 ADVERTÊNCIA [localhost-startStop-1] com.sun.faces.config.processor.NavigationConfigProcessor.addNavigationCasesForRule JSF1058: O recurso referido por to-view-id, 'inputText.xhtml', para navegação de '/dupla.xhtml', não começa com '/'.  Isso será adicionado para você, mas deveria ser corrigido.
12-Jun-2018 11:59:03.540 ADVERTÊNCIA [localhost-startStop-1] com.sun.faces.config.processor.NavigationConfigProcessor.addNavigationCasesForRule JSF1058: O recurso referido por to-view-id, 'torneio.xhtml', para navegação de '/main.xhtml', não começa com '/'.  Isso será adicionado para você, mas deveria ser corrigido.
12-Jun-2018 11:59:03.540 ADVERTÊNCIA [localhost-startStop-1] com.sun.faces.config.processor.NavigationConfigProcessor.addNavigationCasesForRule JSF1058: O recurso referido por to-view-id, 'dupla.xhtml', para navegação de '/main.xhtml', não começa com '/'.  Isso será adicionado para você, mas deveria ser corrigido.
12-Jun-2018 11:59:03.540 ADVERTÊNCIA [localhost-startStop-1] com.sun.faces.config.processor.NavigationConfigProcessor.addNavigationCasesForRule JSF1058: O recurso referido por to-view-id, 'perfil.xhtml', para navegação de '/main.xhtml', não começa com '/'.  Isso será adicionado para você, mas deveria ser corrigido.
12-Jun-2018 11:59:03.540 ADVERTÊNCIA [localhost-startStop-1] com.sun.faces.config.processor.NavigationConfigProcessor.addNavigationCasesForRule JSF1058: O recurso referido por to-view-id, 'torneio.xhtml', para navegação de '*', não começa com '/'.  Isso será adicionado para você, mas deveria ser corrigido.
12-Jun-2018 11:59:03.541 ADVERTÊNCIA [localhost-startStop-1] com.sun.faces.config.processor.NavigationConfigProcessor.addNavigationCasesForRule JSF1058: O recurso referido por to-view-id, 'dupla.xhtml', para navegação de '*', não começa com '/'.  Isso será adicionado para você, mas deveria ser corrigido.
12-Jun-2018 11:59:03.541 ADVERTÊNCIA [localhost-startStop-1] com.sun.faces.config.processor.NavigationConfigProcessor.addNavigationCasesForRule JSF1058: O recurso referido por to-view-id, 'main.xhtml', para navegação de '*', não começa com '/'.  Isso será adicionado para você, mas deveria ser corrigido.
12-Jun-2018 11:59:03.541 ADVERTÊNCIA [localhost-startStop-1] com.sun.faces.config.processor.NavigationConfigProcessor.addNavigationCasesForRule JSF1058: O recurso referido por to-view-id, 'perfil.xhtml', para navegação de '*', não começa com '/'.  Isso será adicionado para você, mas deveria ser corrigido.
12-Jun-2018 11:59:03.541 ADVERTÊNCIA [localhost-startStop-1] com.sun.faces.config.processor.NavigationConfigProcessor.addNavigationCasesForRule JSF1058: O recurso referido por to-view-id, 'torneio_detalhado.xhtml', para navegação de '/torneio.xhtml', não começa com '/'.  Isso será adicionado para você, mas deveria ser corrigido.
12-Jun-2018 11:59:03.635 ADVERTÊNCIA [localhost-startStop-1] com.sun.faces.config.processor.NavigationConfigProcessor.addNavigationCasesForRule JSF1058: O recurso referido por to-view-id, 'cadastro_torneio.xhtml', para navegação de '/torneio.xhtml', não começa com '/'.  Isso será adicionado para você, mas deveria ser corrigido.
12-Jun-2018 11:59:03.635 ADVERTÊNCIA [localhost-startStop-1] com.sun.faces.config.processor.NavigationConfigProcessor.addNavigationCasesForRule JSF1058: O recurso referido por to-view-id, 'torneio.xhtml', para navegação de '/cadastro_torneio.xhtml', não começa com '/'.  Isso será adicionado para você, mas deveria ser corrigido.
12-Jun-2018 11:59:03.636 ADVERTÊNCIA [localhost-startStop-1] com.sun.faces.config.processor.NavigationConfigProcessor.addNavigationCasesForRule JSF1058: O recurso referido por to-view-id, 'inputText.xhtml', para navegação de '/perfil.xhtml', não começa com '/'.  Isso será adicionado para você, mas deveria ser corrigido.
12-Jun-2018 11:59:03.836 INFORMAÇÕES [localhost-startStop-1] com.sun.faces.config.ConfigureListener$WebConfigResourceMonitor$Monitor.<init> Monitoring file:/C:/Users/04783714118/Documents/NetBeansProjects/JSF/JSF-Truco/build/web/WEB-INF/faces-config.xml for modifications
12-Jun-2018 11:59:03.888 INFORMAÇÕES [localhost-startStop-1] org.primefaces.webapp.PostConstructApplicationEventListener.processEvent Running on PrimeFaces 6.2
12-Jun-2018 11:59:03.898 INFORMAÇÕES [localhost-startStop-1] org.apache.catalina.startup.HostConfig.deployDescriptor Deployment of configuration descriptor [C:\Users\04783714118\Documents\NetBeansProjects\JSF\JSF-Truco\apache-tomcat-8.5-server\conf\Catalina\localhost\truco-torneio-webjsf.xml] has finished in [12,742] ms
12-Jun-2018 11:59:03.898 INFORMAÇÕES [localhost-startStop-1] org.apache.catalina.startup.HostConfig.deployDirectory Deploying web application directory [C:\Users\04783714118\Documents\NetBeansProjects\JSF\JSF-Truco\apache-tomcat-8.5-server\webapps\docs]
12-Jun-2018 11:59:03.920 INFORMAÇÕES [localhost-startStop-1] org.apache.catalina.startup.HostConfig.deployDirectory Deployment of web application directory [C:\Users\04783714118\Documents\NetBeansProjects\JSF\JSF-Truco\apache-tomcat-8.5-server\webapps\docs] has finished in [22] ms
12-Jun-2018 11:59:03.921 INFORMAÇÕES [localhost-startStop-1] org.apache.catalina.startup.HostConfig.deployDirectory Deploying web application directory [C:\Users\04783714118\Documents\NetBeansProjects\JSF\JSF-Truco\apache-tomcat-8.5-server\webapps\examples]
12-Jun-2018 11:59:05.011 INFORMAÇÕES [localhost-startStop-1] org.apache.catalina.startup.HostConfig.deployDirectory Deployment of web application directory [C:\Users\04783714118\Documents\NetBeansProjects\JSF\JSF-Truco\apache-tomcat-8.5-server\webapps\examples] has finished in [1,090] ms
12-Jun-2018 11:59:05.011 INFORMAÇÕES [localhost-startStop-1] org.apache.catalina.startup.HostConfig.deployDirectory Deploying web application directory [C:\Users\04783714118\Documents\NetBeansProjects\JSF\JSF-Truco\apache-tomcat-8.5-server\webapps\host-manager]
12-Jun-2018 11:59:05.040 INFORMAÇÕES [localhost-startStop-1] org.apache.catalina.startup.HostConfig.deployDirectory Deployment of web application directory [C:\Users\04783714118\Documents\NetBeansProjects\JSF\JSF-Truco\apache-tomcat-8.5-server\webapps\host-manager] has finished in [29] ms
12-Jun-2018 11:59:05.040 INFORMAÇÕES [localhost-startStop-1] org.apache.catalina.startup.HostConfig.deployDirectory Deploying web application directory [C:\Users\04783714118\Documents\NetBeansProjects\JSF\JSF-Truco\apache-tomcat-8.5-server\webapps\manager]
12-Jun-2018 11:59:05.081 INFORMAÇÕES [localhost-startStop-1] org.apache.catalina.startup.HostConfig.deployDirectory Deployment of web application directory [C:\Users\04783714118\Documents\NetBeansProjects\JSF\JSF-Truco\apache-tomcat-8.5-server\webapps\manager] has finished in [41] ms
12-Jun-2018 11:59:05.081 INFORMAÇÕES [localhost-startStop-1] org.apache.catalina.startup.HostConfig.deployDirectory Deploying web application directory [C:\Users\04783714118\Documents\NetBeansProjects\JSF\JSF-Truco\apache-tomcat-8.5-server\webapps\ROOT]
12-Jun-2018 11:59:05.107 INFORMAÇÕES [localhost-startStop-1] org.apache.catalina.startup.HostConfig.deployDirectory Deployment of web application directory [C:\Users\04783714118\Documents\NetBeansProjects\JSF\JSF-Truco\apache-tomcat-8.5-server\webapps\ROOT] has finished in [26] ms
12-Jun-2018 11:59:05.111 INFORMAÇÕES [main] org.apache.coyote.AbstractProtocol.start Starting ProtocolHandler ["http-nio-8080"]
12-Jun-2018 11:59:05.119 INFORMAÇÕES [main] org.apache.coyote.AbstractProtocol.start Starting ProtocolHandler ["ajp-nio-8009"]
12-Jun-2018 11:59:05.121 INFORMAÇÕES [main] org.apache.catalina.startup.Catalina.start Server startup in 14012 ms
12-Jun-2018 11:59:08.024 ADVERTÊNCIA [http-nio-8080-exec-6] com.sun.faces.context.SessionMap.put JSF1063: AVISO! Definindo valor de atributo não serializável em HttpSession (chave: usuario, classe do valor: bean.BeanUsuario).
12-Jun-2018 11:59:09.636 ADVERTÊNCIA [http-nio-8080-exec-3] javax.faces.component.UIViewRoot$ViewMap.put Definindo valor de atributo não serializável em ViewMap (chave: DynamicColumnBean, classe do valor: bean.DynamicColumnBean).
12-Jun-2018 11:59:49.988 ADVERTÊNCIA [http-nio-8080-exec-1] javax.faces.component.UIViewRoot$ViewMap.put Definindo valor de atributo não serializável em ViewMap (chave: DynamicColumnBean, classe do valor: bean.DynamicColumnBean).
12-Jun-2018 12:01:52.856 INFORMAÇÕES [main] org.apache.catalina.core.StandardServer.await A valid shutdown command was received via the shutdown port. Stopping the Server instance.
12-Jun-2018 12:01:52.856 INFORMAÇÕES [main] org.apache.coyote.AbstractProtocol.pause Pausing ProtocolHandler ["http-nio-8080"]
12-Jun-2018 12:01:52.947 INFORMAÇÕES [main] org.apache.coyote.AbstractProtocol.pause Pausing ProtocolHandler ["ajp-nio-8009"]
12-Jun-2018 12:01:53.030 INFORMAÇÕES [main] org.apache.catalina.core.StandardService.stopInternal Stopping service [Catalina]
12-Jun-2018 12:01:53.076 INFORMAÇÕES [main] org.apache.coyote.AbstractProtocol.stop Stopping ProtocolHandler ["http-nio-8080"]
12-Jun-2018 12:01:53.078 INFORMAÇÕES [main] org.apache.coyote.AbstractProtocol.stop Stopping ProtocolHandler ["ajp-nio-8009"]
12-Jun-2018 12:01:53.080 INFORMAÇÕES [main] org.apache.coyote.AbstractProtocol.destroy Destroying ProtocolHandler ["http-nio-8080"]
12-Jun-2018 12:01:53.081 INFORMAÇÕES [main] org.apache.coyote.AbstractProtocol.destroy Destroying ProtocolHandler ["ajp-nio-8009"]
12-Jun-2018 12:02:48.533 INFORMAÇÕES [main] org.apache.catalina.startup.VersionLoggerListener.log Server version:        Apache Tomcat/8.5.31
12-Jun-2018 12:02:48.535 INFORMAÇÕES [main] org.apache.catalina.startup.VersionLoggerListener.log Server built:          Apr 27 2018 20:24:25 UTC
12-Jun-2018 12:02:48.535 INFORMAÇÕES [main] org.apache.catalina.startup.VersionLoggerListener.log Server number:         8.5.31.0
12-Jun-2018 12:02:48.535 INFORMAÇÕES [main] org.apache.catalina.startup.VersionLoggerListener.log OS Name:               Windows 10
12-Jun-2018 12:02:48.535 INFORMAÇÕES [main] org.apache.catalina.startup.VersionLoggerListener.log OS Version:            10.0
12-Jun-2018 12:02:48.535 INFORMAÇÕES [main] org.apache.catalina.startup.VersionLoggerListener.log Architecture:          amd64
12-Jun-2018 12:02:48.535 INFORMAÇÕES [main] org.apache.catalina.startup.VersionLoggerListener.log Java Home:             C:\Program Files\Java\jdk1.8.0_131\jre
12-Jun-2018 12:02:48.535 INFORMAÇÕES [main] org.apache.catalina.startup.VersionLoggerListener.log JVM Version:           1.8.0_131-b11
12-Jun-2018 12:02:48.536 INFORMAÇÕES [main] org.apache.catalina.startup.VersionLoggerListener.log JVM Vendor:            Oracle Corporation
12-Jun-2018 12:02:48.536 INFORMAÇÕES [main] org.apache.catalina.startup.VersionLoggerListener.log CATALINA_BASE:         C:\Users\04783714118\Documents\NetBeansProjects\JSF\JSF-Truco\apache-tomcat-8.5-server
12-Jun-2018 12:02:48.536 INFORMAÇÕES [main] org.apache.catalina.startup.VersionLoggerListener.log CATALINA_HOME:         C:\Users\04783714118\Documents\NetBeansProjects\JSF\JSF-Truco\apache-tomcat-8.5-server
12-Jun-2018 12:02:48.536 INFORMAÇÕES [main] org.apache.catalina.startup.VersionLoggerListener.log Command line argument: -Djava.util.logging.config.file=C:\Users\04783714118\Documents\NetBeansProjects\JSF\JSF-Truco\apache-tomcat-8.5-server\conf\logging.properties
12-Jun-2018 12:02:48.536 INFORMAÇÕES [main] org.apache.catalina.startup.VersionLoggerListener.log Command line argument: -Djava.util.logging.manager=org.apache.juli.ClassLoaderLogManager
12-Jun-2018 12:02:48.536 INFORMAÇÕES [main] org.apache.catalina.startup.VersionLoggerListener.log Command line argument: -Dhttp.nonProxyHosts=localhost|127.0.0.1|c430761
12-Jun-2018 12:02:48.537 INFORMAÇÕES [main] org.apache.catalina.startup.VersionLoggerListener.log Command line argument: -Djdk.tls.ephemeralDHKeySize=2048
12-Jun-2018 12:02:48.537 INFORMAÇÕES [main] org.apache.catalina.startup.VersionLoggerListener.log Command line argument: -Djava.protocol.handler.pkgs=org.apache.catalina.webresources
12-Jun-2018 12:02:48.537 INFORMAÇÕES [main] org.apache.catalina.startup.VersionLoggerListener.log Command line argument: -Dignore.endorsed.dirs=
12-Jun-2018 12:02:48.537 INFORMAÇÕES [main] org.apache.catalina.startup.VersionLoggerListener.log Command line argument: -Dcatalina.base=C:\Users\04783714118\Documents\NetBeansProjects\JSF\JSF-Truco\apache-tomcat-8.5-server
12-Jun-2018 12:02:48.537 INFORMAÇÕES [main] org.apache.catalina.startup.VersionLoggerListener.log Command line argument: -Dcatalina.home=C:\Users\04783714118\Documents\NetBeansProjects\JSF\JSF-Truco\apache-tomcat-8.5-server
12-Jun-2018 12:02:48.537 INFORMAÇÕES [main] org.apache.catalina.startup.VersionLoggerListener.log Command line argument: -Djava.io.tmpdir=C:\Users\04783714118\Documents\NetBeansProjects\JSF\JSF-Truco\apache-tomcat-8.5-server\temp
12-Jun-2018 12:02:48.537 INFORMAÇÕES [main] org.apache.catalina.core.AprLifecycleListener.lifecycleEvent The APR based Apache Tomcat Native library which allows optimal performance in production environments was not found on the java.library.path: [C:\Program Files\Java\jdk1.8.0_131\bin;C:\Windows\Sun\Java\bin;C:\Windows\system32;C:\Windows;C:\Program Files (x86)\Borland\Delphi7\Bin;C:\Program Files (x86)\Borland\Delphi7\Projects\Bpl\;C:\Oracle\product\11.2.0\client_1\bin;C:\Program Files (x86)\Intel\iCLS Client\;C:\Program Files\Intel\iCLS Client\;C:\Windows\system32;C:\Windows;C:\Windows\System32\Wbem;C:\Windows\System32\WindowsPowerShell\v1.0\;C:\Program Files (x86)\Intel\Intel(R) Management Engine Components\DAL;C:\Program Files\Intel\Intel(R) Management Engine Components\DAL;C:\Program Files (x86)\Intel\Intel(R) Management Engine Components\IPT;C:\Program Files\Intel\Intel(R) Management Engine Components\IPT;C:\Program Files\Dell\Dell Data Protection\Drivers\TSS\bin\;C:\Program Files (x86)\Skype\Phone\;c:\Program Files (x86)\Microsoft SQL Server\100\Tools\Binn\;c:\Program Files\Microsoft SQL Server\100\Tools\Binn\;c:\Program Files\Microsoft SQL Server\100\DTS\Binn\;C:\Program Files (x86)\Lua\5.1;C:\Program Files (x86)\Lua\5.1\clibs;C:\MinGW\bin;C:\Users\04783714118\Desktop\R\Facul\RRPGSDK3\SDK3;C:\Program Files\Microsoft SQL Server\130\Tools\Binn\;C:\Program Files\dotnet\;C:\Program Files\nodejs\;C:\Program Files\Java\jdk1.8.0_131\bin;C:\Program Files (x86)\Java\jdk1.8.0_131\bin;C:\Program Files\Git\cmd;C:\Users\Public\Documents\RAD Studio\7.0\Bpl;C:\Users\04783714118\AppData\Local\Microsoft\WindowsApps;C:\Program Files (x86)\Microsoft VS Code\bin;C:\Users\04783714118\AppData\Roaming\npm;C:\Program Files (x86)\Java\jdk1.8.0_131\bin;C:\Users\04783714118\AppData\Local\GitHubDesktop\bin;.]
12-Jun-2018 12:02:48.706 INFORMAÇÕES [main] org.apache.coyote.AbstractProtocol.init Initializing ProtocolHandler ["http-nio-8080"]
12-Jun-2018 12:02:48.815 INFORMAÇÕES [main] org.apache.tomcat.util.net.NioSelectorPool.getSharedSelector Using a shared selector for servlet write/read
12-Jun-2018 12:02:48.822 INFORMAÇÕES [main] org.apache.coyote.AbstractProtocol.init Initializing ProtocolHandler ["ajp-nio-8009"]
12-Jun-2018 12:02:48.824 INFORMAÇÕES [main] org.apache.tomcat.util.net.NioSelectorPool.getSharedSelector Using a shared selector for servlet write/read
12-Jun-2018 12:02:48.824 INFORMAÇÕES [main] org.apache.catalina.startup.Catalina.load Initialization processed in 610 ms
12-Jun-2018 12:02:48.845 INFORMAÇÕES [main] org.apache.catalina.core.StandardService.startInternal Starting service [Catalina]
12-Jun-2018 12:02:48.845 INFORMAÇÕES [main] org.apache.catalina.core.StandardEngine.startInternal Starting Servlet Engine: Apache Tomcat/8.5.31
12-Jun-2018 12:02:48.854 INFORMAÇÕES [localhost-startStop-1] org.apache.catalina.startup.HostConfig.deployDescriptor Deploying configuration descriptor [C:\Users\04783714118\Documents\NetBeansProjects\JSF\JSF-Truco\apache-tomcat-8.5-server\conf\Catalina\localhost\truco-torneio-webjsf.xml]
12-Jun-2018 12:02:50.225 INFORMAÇÕES [localhost-startStop-1] org.apache.jasper.servlet.TldScanner.scanJars At least one JAR was scanned for TLDs yet contained no TLDs. Enable debug logging for this logger for a complete list of JARs that were scanned but no TLDs were found in them. Skipping unneeded JARs during scanning can improve startup time and JSP compilation time.
12-Jun-2018 12:02:50.381 INFORMAÇÕES [localhost-startStop-1] com.sun.faces.config.ConfigureListener.contextInitialized Inicializando Mojarra 2.2.7 ( 20140610-1547 https://svn.java.net/svn/mojarra~svn/tags/2.2.7@13362) para o contexto '/truco-torneio-webjsf'
12-Jun-2018 12:02:50.548 INFORMAÇÕES [localhost-startStop-1] com.sun.faces.spi.InjectionProviderFactory.createInstance JSF1048: Anotações PostConstruct/PreDestroy presentes.  Os métodos ManagedBeans marcados com essas anotações informarão as anotações processadas.
12-Jun-2018 12:02:51.116 ADVERTÊNCIA [localhost-startStop-1] com.sun.faces.config.processor.NavigationConfigProcessor.addNavigationCasesForRule JSF1058: O recurso referido por to-view-id, 'main.xhtml', para navegação de '/index.xhtml', não começa com '/'.  Isso será adicionado para você, mas deveria ser corrigido.
12-Jun-2018 12:02:51.119 ADVERTÊNCIA [localhost-startStop-1] com.sun.faces.config.processor.NavigationConfigProcessor.addNavigationCasesForRule JSF1058: O recurso referido por to-view-id, 'cadastro_usuario.xhtml', para navegação de '/index.xhtml', não começa com '/'.  Isso será adicionado para você, mas deveria ser corrigido.
12-Jun-2018 12:02:51.119 ADVERTÊNCIA [localhost-startStop-1] com.sun.faces.config.processor.NavigationConfigProcessor.addNavigationCasesForRule JSF1058: O recurso referido por to-view-id, 'main.xhtml', para navegação de '/cadastro_usuario.xhtml', não começa com '/'.  Isso será adicionado para você, mas deveria ser corrigido.
12-Jun-2018 12:02:51.119 ADVERTÊNCIA [localhost-startStop-1] com.sun.faces.config.processor.NavigationConfigProcessor.addNavigationCasesForRule JSF1058: O recurso referido por to-view-id, 'index.xhtml', para navegação de '/cadastro_usuario.xhtml', não começa com '/'.  Isso será adicionado para você, mas deveria ser corrigido.
12-Jun-2018 12:02:51.120 ADVERTÊNCIA [localhost-startStop-1] com.sun.faces.config.processor.NavigationConfigProcessor.addNavigationCasesForRule JSF1058: O recurso referido por to-view-id, 'inputText.xhtml', para navegação de '/dupla.xhtml', não começa com '/'.  Isso será adicionado para você, mas deveria ser corrigido.
12-Jun-2018 12:02:51.120 ADVERTÊNCIA [localhost-startStop-1] com.sun.faces.config.processor.NavigationConfigProcessor.addNavigationCasesForRule JSF1058: O recurso referido por to-view-id, 'torneio.xhtml', para navegação de '/main.xhtml', não começa com '/'.  Isso será adicionado para você, mas deveria ser corrigido.
12-Jun-2018 12:02:51.120 ADVERTÊNCIA [localhost-startStop-1] com.sun.faces.config.processor.NavigationConfigProcessor.addNavigationCasesForRule JSF1058: O recurso referido por to-view-id, 'dupla.xhtml', para navegação de '/main.xhtml', não começa com '/'.  Isso será adicionado para você, mas deveria ser corrigido.
12-Jun-2018 12:02:51.120 ADVERTÊNCIA [localhost-startStop-1] com.sun.faces.config.processor.NavigationConfigProcessor.addNavigationCasesForRule JSF1058: O recurso referido por to-view-id, 'perfil.xhtml', para navegação de '/main.xhtml', não começa com '/'.  Isso será adicionado para você, mas deveria ser corrigido.
12-Jun-2018 12:02:51.120 ADVERTÊNCIA [localhost-startStop-1] com.sun.faces.config.processor.NavigationConfigProcessor.addNavigationCasesForRule JSF1058: O recurso referido por to-view-id, 'torneio.xhtml', para navegação de '*', não começa com '/'.  Isso será adicionado para você, mas deveria ser corrigido.
12-Jun-2018 12:02:51.120 ADVERTÊNCIA [localhost-startStop-1] com.sun.faces.config.processor.NavigationConfigProcessor.addNavigationCasesForRule JSF1058: O recurso referido por to-view-id, 'dupla.xhtml', para navegação de '*', não começa com '/'.  Isso será adicionado para você, mas deveria ser corrigido.
12-Jun-2018 12:02:51.120 ADVERTÊNCIA [localhost-startStop-1] com.sun.faces.config.processor.NavigationConfigProcessor.addNavigationCasesForRule JSF1058: O recurso referido por to-view-id, 'main.xhtml', para navegação de '*', não começa com '/'.  Isso será adicionado para você, mas deveria ser corrigido.
12-Jun-2018 12:02:51.120 ADVERTÊNCIA [localhost-startStop-1] com.sun.faces.config.processor.NavigationConfigProcessor.addNavigationCasesForRule JSF1058: O recurso referido por to-view-id, 'perfil.xhtml', para navegação de '*', não começa com '/'.  Isso será adicionado para você, mas deveria ser corrigido.
12-Jun-2018 12:02:51.121 ADVERTÊNCIA [localhost-startStop-1] com.sun.faces.config.processor.NavigationConfigProcessor.addNavigationCasesForRule JSF1058: O recurso referido por to-view-id, 'torneio_detalhado.xhtml', para navegação de '/torneio.xhtml', não começa com '/'.  Isso será adicionado para você, mas deveria ser corrigido.
12-Jun-2018 12:02:51.200 ADVERTÊNCIA [localhost-startStop-1] com.sun.faces.config.processor.NavigationConfigProcessor.addNavigationCasesForRule JSF1058: O recurso referido por to-view-id, 'cadastro_torneio.xhtml', para navegação de '/torneio.xhtml', não começa com '/'.  Isso será adicionado para você, mas deveria ser corrigido.
12-Jun-2018 12:02:51.200 ADVERTÊNCIA [localhost-startStop-1] com.sun.faces.config.processor.NavigationConfigProcessor.addNavigationCasesForRule JSF1058: O recurso referido por to-view-id, 'torneio.xhtml', para navegação de '/cadastro_torneio.xhtml', não começa com '/'.  Isso será adicionado para você, mas deveria ser corrigido.
12-Jun-2018 12:02:51.200 ADVERTÊNCIA [localhost-startStop-1] com.sun.faces.config.processor.NavigationConfigProcessor.addNavigationCasesForRule JSF1058: O recurso referido por to-view-id, 'inputText.xhtml', para navegação de '/perfil.xhtml', não começa com '/'.  Isso será adicionado para você, mas deveria ser corrigido.
12-Jun-2018 12:02:51.449 INFORMAÇÕES [localhost-startStop-1] com.sun.faces.config.ConfigureListener$WebConfigResourceMonitor$Monitor.<init> Monitoring file:/C:/Users/04783714118/Documents/NetBeansProjects/JSF/JSF-Truco/build/web/WEB-INF/faces-config.xml for modifications
12-Jun-2018 12:02:51.503 INFORMAÇÕES [localhost-startStop-1] org.primefaces.webapp.PostConstructApplicationEventListener.processEvent Running on PrimeFaces 6.2
12-Jun-2018 12:02:51.540 INFORMAÇÕES [localhost-startStop-1] org.apache.catalina.startup.HostConfig.deployDescriptor Deployment of configuration descriptor [C:\Users\04783714118\Documents\NetBeansProjects\JSF\JSF-Truco\apache-tomcat-8.5-server\conf\Catalina\localhost\truco-torneio-webjsf.xml] has finished in [2,685] ms
12-Jun-2018 12:02:51.541 INFORMAÇÕES [localhost-startStop-1] org.apache.catalina.startup.HostConfig.deployDirectory Deploying web application directory [C:\Users\04783714118\Documents\NetBeansProjects\JSF\JSF-Truco\apache-tomcat-8.5-server\webapps\docs]
12-Jun-2018 12:02:51.559 INFORMAÇÕES [localhost-startStop-1] org.apache.catalina.startup.HostConfig.deployDirectory Deployment of web application directory [C:\Users\04783714118\Documents\NetBeansProjects\JSF\JSF-Truco\apache-tomcat-8.5-server\webapps\docs] has finished in [18] ms
12-Jun-2018 12:02:51.560 INFORMAÇÕES [localhost-startStop-1] org.apache.catalina.startup.HostConfig.deployDirectory Deploying web application directory [C:\Users\04783714118\Documents\NetBeansProjects\JSF\JSF-Truco\apache-tomcat-8.5-server\webapps\examples]
12-Jun-2018 12:02:51.808 INFORMAÇÕES [localhost-startStop-1] org.apache.catalina.startup.HostConfig.deployDirectory Deployment of web application directory [C:\Users\04783714118\Documents\NetBeansProjects\JSF\JSF-Truco\apache-tomcat-8.5-server\webapps\examples] has finished in [249] ms
12-Jun-2018 12:02:51.808 INFORMAÇÕES [localhost-startStop-1] org.apache.catalina.startup.HostConfig.deployDirectory Deploying web application directory [C:\Users\04783714118\Documents\NetBeansProjects\JSF\JSF-Truco\apache-tomcat-8.5-server\webapps\host-manager]
12-Jun-2018 12:02:51.835 INFORMAÇÕES [localhost-startStop-1] org.apache.catalina.startup.HostConfig.deployDirectory Deployment of web application directory [C:\Users\04783714118\Documents\NetBeansProjects\JSF\JSF-Truco\apache-tomcat-8.5-server\webapps\host-manager] has finished in [27] ms
12-Jun-2018 12:02:51.835 INFORMAÇÕES [localhost-startStop-1] org.apache.catalina.startup.HostConfig.deployDirectory Deploying web application directory [C:\Users\04783714118\Documents\NetBeansProjects\JSF\JSF-Truco\apache-tomcat-8.5-server\webapps\manager]
12-Jun-2018 12:02:51.861 INFORMAÇÕES [localhost-startStop-1] org.apache.catalina.startup.HostConfig.deployDirectory Deployment of web application directory [C:\Users\04783714118\Documents\NetBeansProjects\JSF\JSF-Truco\apache-tomcat-8.5-server\webapps\manager] has finished in [26] ms
12-Jun-2018 12:02:51.861 INFORMAÇÕES [localhost-startStop-1] org.apache.catalina.startup.HostConfig.deployDirectory Deploying web application directory [C:\Users\04783714118\Documents\NetBeansProjects\JSF\JSF-Truco\apache-tomcat-8.5-server\webapps\ROOT]
12-Jun-2018 12:02:51.881 INFORMAÇÕES [localhost-startStop-1] org.apache.catalina.startup.HostConfig.deployDirectory Deployment of web application directory [C:\Users\04783714118\Documents\NetBeansProjects\JSF\JSF-Truco\apache-tomcat-8.5-server\webapps\ROOT] has finished in [20] ms
12-Jun-2018 12:02:51.883 INFORMAÇÕES [main] org.apache.coyote.AbstractProtocol.start Starting ProtocolHandler ["http-nio-8080"]
12-Jun-2018 12:02:51.892 INFORMAÇÕES [main] org.apache.coyote.AbstractProtocol.start Starting ProtocolHandler ["ajp-nio-8009"]
12-Jun-2018 12:02:51.894 INFORMAÇÕES [main] org.apache.catalina.startup.Catalina.start Server startup in 3070 ms
12-Jun-2018 12:02:53.091 ADVERTÊNCIA [http-nio-8080-exec-4] com.sun.faces.context.SessionMap.put JSF1063: AVISO! Definindo valor de atributo não serializável em HttpSession (chave: usuario, classe do valor: bean.BeanUsuario).
12-Jun-2018 15:06:34.845 INFORMAÇÕES [main] org.apache.catalina.core.StandardServer.await A valid shutdown command was received via the shutdown port. Stopping the Server instance.
12-Jun-2018 15:06:34.845 INFORMAÇÕES [main] org.apache.coyote.AbstractProtocol.pause Pausing ProtocolHandler ["http-nio-8080"]
