04-Jun-2018 16:18:01.557 INFORMAÇÕES [main] org.apache.catalina.startup.VersionLoggerListener.log Server version:        Apache Tomcat/8.5.31
04-Jun-2018 16:18:01.559 INFORMAÇÕES [main] org.apache.catalina.startup.VersionLoggerListener.log Server built:          Apr 27 2018 20:24:25 UTC
04-Jun-2018 16:18:01.559 INFORMAÇÕES [main] org.apache.catalina.startup.VersionLoggerListener.log Server number:         8.5.31.0
04-Jun-2018 16:18:01.559 INFORMAÇÕES [main] org.apache.catalina.startup.VersionLoggerListener.log OS Name:               Windows 10
04-Jun-2018 16:18:01.559 INFORMAÇÕES [main] org.apache.catalina.startup.VersionLoggerListener.log OS Version:            10.0
04-Jun-2018 16:18:01.559 INFORMAÇÕES [main] org.apache.catalina.startup.VersionLoggerListener.log Architecture:          amd64
04-Jun-2018 16:18:01.560 INFORMAÇÕES [main] org.apache.catalina.startup.VersionLoggerListener.log Java Home:             C:\Program Files\Java\jdk1.8.0_131\jre
04-Jun-2018 16:18:01.560 INFORMAÇÕES [main] org.apache.catalina.startup.VersionLoggerListener.log JVM Version:           1.8.0_131-b11
04-Jun-2018 16:18:01.560 INFORMAÇÕES [main] org.apache.catalina.startup.VersionLoggerListener.log JVM Vendor:            Oracle Corporation
04-Jun-2018 16:18:01.560 INFORMAÇÕES [main] org.apache.catalina.startup.VersionLoggerListener.log CATALINA_BASE:         C:\Users\04783714118\Documents\NetBeansProjects\JSF\JSF-Truco\apache-tomcat-8.5-server
04-Jun-2018 16:18:01.560 INFORMAÇÕES [main] org.apache.catalina.startup.VersionLoggerListener.log CATALINA_HOME:         C:\Users\04783714118\Documents\NetBeansProjects\JSF\JSF-Truco\apache-tomcat-8.5-server
04-Jun-2018 16:18:01.561 INFORMAÇÕES [main] org.apache.catalina.startup.VersionLoggerListener.log Command line argument: -Djava.util.logging.config.file=C:\Users\04783714118\Documents\NetBeansProjects\JSF\JSF-Truco\apache-tomcat-8.5-server\conf\logging.properties
04-Jun-2018 16:18:01.561 INFORMAÇÕES [main] org.apache.catalina.startup.VersionLoggerListener.log Command line argument: -Djava.util.logging.manager=org.apache.juli.ClassLoaderLogManager
04-Jun-2018 16:18:01.561 INFORMAÇÕES [main] org.apache.catalina.startup.VersionLoggerListener.log Command line argument: -Dhttp.nonProxyHosts=localhost|127.0.0.1|c430761
04-Jun-2018 16:18:01.561 INFORMAÇÕES [main] org.apache.catalina.startup.VersionLoggerListener.log Command line argument: -Djdk.tls.ephemeralDHKeySize=2048
04-Jun-2018 16:18:01.561 INFORMAÇÕES [main] org.apache.catalina.startup.VersionLoggerListener.log Command line argument: -Djava.protocol.handler.pkgs=org.apache.catalina.webresources
04-Jun-2018 16:18:01.562 INFORMAÇÕES [main] org.apache.catalina.startup.VersionLoggerListener.log Command line argument: -Dignore.endorsed.dirs=
04-Jun-2018 16:18:01.562 INFORMAÇÕES [main] org.apache.catalina.startup.VersionLoggerListener.log Command line argument: -Dcatalina.base=C:\Users\04783714118\Documents\NetBeansProjects\JSF\JSF-Truco\apache-tomcat-8.5-server
04-Jun-2018 16:18:01.562 INFORMAÇÕES [main] org.apache.catalina.startup.VersionLoggerListener.log Command line argument: -Dcatalina.home=C:\Users\04783714118\Documents\NetBeansProjects\JSF\JSF-Truco\apache-tomcat-8.5-server
04-Jun-2018 16:18:01.562 INFORMAÇÕES [main] org.apache.catalina.startup.VersionLoggerListener.log Command line argument: -Djava.io.tmpdir=C:\Users\04783714118\Documents\NetBeansProjects\JSF\JSF-Truco\apache-tomcat-8.5-server\temp
04-Jun-2018 16:18:01.562 INFORMAÇÕES [main] org.apache.catalina.core.AprLifecycleListener.lifecycleEvent The APR based Apache Tomcat Native library which allows optimal performance in production environments was not found on the java.library.path: [C:\Program Files\Java\jdk1.8.0_131\bin;C:\Windows\Sun\Java\bin;C:\Windows\system32;C:\Windows;C:\Program Files (x86)\Borland\Delphi7\Bin;C:\Program Files (x86)\Borland\Delphi7\Projects\Bpl\;C:\Oracle\product\11.2.0\client_1\bin;C:\Program Files (x86)\Intel\iCLS Client\;C:\Program Files\Intel\iCLS Client\;C:\Windows\system32;C:\Windows;C:\Windows\System32\Wbem;C:\Windows\System32\WindowsPowerShell\v1.0\;C:\Program Files (x86)\Intel\Intel(R) Management Engine Components\DAL;C:\Program Files\Intel\Intel(R) Management Engine Components\DAL;C:\Program Files (x86)\Intel\Intel(R) Management Engine Components\IPT;C:\Program Files\Intel\Intel(R) Management Engine Components\IPT;C:\Program Files\Dell\Dell Data Protection\Drivers\TSS\bin\;C:\Program Files (x86)\Skype\Phone\;c:\Program Files (x86)\Microsoft SQL Server\100\Tools\Binn\;c:\Program Files\Microsoft SQL Server\100\Tools\Binn\;c:\Program Files\Microsoft SQL Server\100\DTS\Binn\;C:\Program Files (x86)\Lua\5.1;C:\Program Files (x86)\Lua\5.1\clibs;C:\MinGW\bin;C:\Users\04783714118\Desktop\R\Facul\RRPGSDK3\SDK3;C:\Program Files\Microsoft SQL Server\130\Tools\Binn\;C:\Program Files\dotnet\;C:\Program Files\nodejs\;C:\Program Files\Java\jdk1.8.0_131\bin;C:\Program Files (x86)\Java\jdk1.8.0_131\bin;C:\Program Files\Git\cmd;C:\Users\Public\Documents\RAD Studio\7.0\Bpl;C:\Users\04783714118\AppData\Local\Microsoft\WindowsApps;C:\Program Files (x86)\Microsoft VS Code\bin;C:\Users\04783714118\AppData\Roaming\npm;C:\Program Files (x86)\Java\jdk1.8.0_131\bin;C:\Users\04783714118\AppData\Local\GitHubDesktop\bin;.]
04-Jun-2018 16:18:01.764 INFORMAÇÕES [main] org.apache.coyote.AbstractProtocol.init Initializing ProtocolHandler ["http-nio-8080"]
04-Jun-2018 16:18:01.886 INFORMAÇÕES [main] org.apache.tomcat.util.net.NioSelectorPool.getSharedSelector Using a shared selector for servlet write/read
04-Jun-2018 16:18:01.892 INFORMAÇÕES [main] org.apache.coyote.AbstractProtocol.init Initializing ProtocolHandler ["ajp-nio-8009"]
04-Jun-2018 16:18:01.894 INFORMAÇÕES [main] org.apache.tomcat.util.net.NioSelectorPool.getSharedSelector Using a shared selector for servlet write/read
04-Jun-2018 16:18:01.894 INFORMAÇÕES [main] org.apache.catalina.startup.Catalina.load Initialization processed in 654 ms
04-Jun-2018 16:18:01.923 INFORMAÇÕES [main] org.apache.catalina.core.StandardService.startInternal Starting service [Catalina]
04-Jun-2018 16:18:01.924 INFORMAÇÕES [main] org.apache.catalina.core.StandardEngine.startInternal Starting Servlet Engine: Apache Tomcat/8.5.31
04-Jun-2018 16:18:01.932 INFORMAÇÕES [localhost-startStop-1] org.apache.catalina.startup.HostConfig.deployDescriptor Deploying configuration descriptor [C:\Users\04783714118\Documents\NetBeansProjects\JSF\JSF-Truco\apache-tomcat-8.5-server\conf\Catalina\localhost\truco-torneio-webjsf.xml]
04-Jun-2018 16:18:07.733 INFORMAÇÕES [localhost-startStop-1] org.apache.jasper.servlet.TldScanner.scanJars At least one JAR was scanned for TLDs yet contained no TLDs. Enable debug logging for this logger for a complete list of JARs that were scanned but no TLDs were found in them. Skipping unneeded JARs during scanning can improve startup time and JSP compilation time.
04-Jun-2018 16:18:07.879 INFORMAÇÕES [localhost-startStop-1] com.sun.faces.config.ConfigureListener.contextInitialized Inicializando Mojarra 2.2.7 ( 20140610-1547 https://svn.java.net/svn/mojarra~svn/tags/2.2.7@13362) para o contexto '/truco-torneio-webjsf'
04-Jun-2018 16:18:08.036 INFORMAÇÕES [localhost-startStop-1] com.sun.faces.spi.InjectionProviderFactory.createInstance JSF1048: Anotações PostConstruct/PreDestroy presentes.  Os métodos ManagedBeans marcados com essas anotações informarão as anotações processadas.
04-Jun-2018 16:18:08.528 ADVERTÊNCIA [localhost-startStop-1] com.sun.faces.config.processor.NavigationConfigProcessor.addNavigationCasesForRule JSF1058: O recurso referido por to-view-id, 'main.xhtml', para navegação de '/index.xhtml', não começa com '/'.  Isso será adicionado para você, mas deveria ser corrigido.
04-Jun-2018 16:18:08.531 ADVERTÊNCIA [localhost-startStop-1] com.sun.faces.config.processor.NavigationConfigProcessor.addNavigationCasesForRule JSF1058: O recurso referido por to-view-id, 'cadastro_usuario.xhtml', para navegação de '/index.xhtml', não começa com '/'.  Isso será adicionado para você, mas deveria ser corrigido.
04-Jun-2018 16:18:08.531 ADVERTÊNCIA [localhost-startStop-1] com.sun.faces.config.processor.NavigationConfigProcessor.addNavigationCasesForRule JSF1058: O recurso referido por to-view-id, 'main.xhtml', para navegação de '/cadastro_usuario.xhtml', não começa com '/'.  Isso será adicionado para você, mas deveria ser corrigido.
04-Jun-2018 16:18:08.531 ADVERTÊNCIA [localhost-startStop-1] com.sun.faces.config.processor.NavigationConfigProcessor.addNavigationCasesForRule JSF1058: O recurso referido por to-view-id, 'index.xhtml', para navegação de '/cadastro_usuario.xhtml', não começa com '/'.  Isso será adicionado para você, mas deveria ser corrigido.
04-Jun-2018 16:18:08.531 ADVERTÊNCIA [localhost-startStop-1] com.sun.faces.config.processor.NavigationConfigProcessor.addNavigationCasesForRule JSF1058: O recurso referido por to-view-id, 'inputText.xhtml', para navegação de '/dupla.xhtml', não começa com '/'.  Isso será adicionado para você, mas deveria ser corrigido.
04-Jun-2018 16:18:08.531 ADVERTÊNCIA [localhost-startStop-1] com.sun.faces.config.processor.NavigationConfigProcessor.addNavigationCasesForRule JSF1058: O recurso referido por to-view-id, 'torneio.xhtml', para navegação de '/main.xhtml', não começa com '/'.  Isso será adicionado para você, mas deveria ser corrigido.
04-Jun-2018 16:18:08.531 ADVERTÊNCIA [localhost-startStop-1] com.sun.faces.config.processor.NavigationConfigProcessor.addNavigationCasesForRule JSF1058: O recurso referido por to-view-id, 'dupla.xhtml', para navegação de '/main.xhtml', não começa com '/'.  Isso será adicionado para você, mas deveria ser corrigido.
04-Jun-2018 16:18:08.531 ADVERTÊNCIA [localhost-startStop-1] com.sun.faces.config.processor.NavigationConfigProcessor.addNavigationCasesForRule JSF1058: O recurso referido por to-view-id, 'perfil.xhtml', para navegação de '/main.xhtml', não começa com '/'.  Isso será adicionado para você, mas deveria ser corrigido.
04-Jun-2018 16:18:08.531 ADVERTÊNCIA [localhost-startStop-1] com.sun.faces.config.processor.NavigationConfigProcessor.addNavigationCasesForRule JSF1058: O recurso referido por to-view-id, 'torneio.xhtml', para navegação de '*', não começa com '/'.  Isso será adicionado para você, mas deveria ser corrigido.
04-Jun-2018 16:18:08.532 ADVERTÊNCIA [localhost-startStop-1] com.sun.faces.config.processor.NavigationConfigProcessor.addNavigationCasesForRule JSF1058: O recurso referido por to-view-id, 'dupla.xhtml', para navegação de '*', não começa com '/'.  Isso será adicionado para você, mas deveria ser corrigido.
04-Jun-2018 16:18:08.532 ADVERTÊNCIA [localhost-startStop-1] com.sun.faces.config.processor.NavigationConfigProcessor.addNavigationCasesForRule JSF1058: O recurso referido por to-view-id, 'main.xhtml', para navegação de '*', não começa com '/'.  Isso será adicionado para você, mas deveria ser corrigido.
04-Jun-2018 16:18:08.532 ADVERTÊNCIA [localhost-startStop-1] com.sun.faces.config.processor.NavigationConfigProcessor.addNavigationCasesForRule JSF1058: O recurso referido por to-view-id, 'perfil.xhtml', para navegação de '*', não começa com '/'.  Isso será adicionado para você, mas deveria ser corrigido.
04-Jun-2018 16:18:08.532 ADVERTÊNCIA [localhost-startStop-1] com.sun.faces.config.processor.NavigationConfigProcessor.addNavigationCasesForRule JSF1058: O recurso referido por to-view-id, 'torneio_detalhado.xhtml', para navegação de '/torneio.xhtml', não começa com '/'.  Isso será adicionado para você, mas deveria ser corrigido.
04-Jun-2018 16:18:08.581 ADVERTÊNCIA [localhost-startStop-1] com.sun.faces.config.processor.NavigationConfigProcessor.addNavigationCasesForRule JSF1058: O recurso referido por to-view-id, 'cadastro_torneio.xhtml', para navegação de '/torneio.xhtml', não começa com '/'.  Isso será adicionado para você, mas deveria ser corrigido.
04-Jun-2018 16:18:08.581 ADVERTÊNCIA [localhost-startStop-1] com.sun.faces.config.processor.NavigationConfigProcessor.addNavigationCasesForRule JSF1058: O recurso referido por to-view-id, 'torneio.xhtml', para navegação de '/cadastro_torneio.xhtml', não começa com '/'.  Isso será adicionado para você, mas deveria ser corrigido.
04-Jun-2018 16:18:08.581 ADVERTÊNCIA [localhost-startStop-1] com.sun.faces.config.processor.NavigationConfigProcessor.addNavigationCasesForRule JSF1058: O recurso referido por to-view-id, 'inputText.xhtml', para navegação de '/perfil.xhtml', não começa com '/'.  Isso será adicionado para você, mas deveria ser corrigido.
04-Jun-2018 16:18:08.789 INFORMAÇÕES [localhost-startStop-1] com.sun.faces.config.ConfigureListener$WebConfigResourceMonitor$Monitor.<init> Monitoring file:/C:/Users/04783714118/Documents/NetBeansProjects/JSF/JSF-Truco/build/web/WEB-INF/faces-config.xml for modifications
04-Jun-2018 16:18:08.838 INFORMAÇÕES [localhost-startStop-1] org.primefaces.webapp.PostConstructApplicationEventListener.processEvent Running on PrimeFaces 6.2
04-Jun-2018 16:18:08.850 INFORMAÇÕES [localhost-startStop-1] org.apache.catalina.startup.HostConfig.deployDescriptor Deployment of configuration descriptor [C:\Users\04783714118\Documents\NetBeansProjects\JSF\JSF-Truco\apache-tomcat-8.5-server\conf\Catalina\localhost\truco-torneio-webjsf.xml] has finished in [6,917] ms
04-Jun-2018 16:18:08.850 INFORMAÇÕES [localhost-startStop-1] org.apache.catalina.startup.HostConfig.deployDirectory Deploying web application directory [C:\Users\04783714118\Documents\NetBeansProjects\JSF\JSF-Truco\apache-tomcat-8.5-server\webapps\docs]
04-Jun-2018 16:18:08.872 INFORMAÇÕES [localhost-startStop-1] org.apache.catalina.startup.HostConfig.deployDirectory Deployment of web application directory [C:\Users\04783714118\Documents\NetBeansProjects\JSF\JSF-Truco\apache-tomcat-8.5-server\webapps\docs] has finished in [21] ms
04-Jun-2018 16:18:08.872 INFORMAÇÕES [localhost-startStop-1] org.apache.catalina.startup.HostConfig.deployDirectory Deploying web application directory [C:\Users\04783714118\Documents\NetBeansProjects\JSF\JSF-Truco\apache-tomcat-8.5-server\webapps\examples]
04-Jun-2018 16:18:09.864 INFORMAÇÕES [localhost-startStop-1] org.apache.catalina.startup.HostConfig.deployDirectory Deployment of web application directory [C:\Users\04783714118\Documents\NetBeansProjects\JSF\JSF-Truco\apache-tomcat-8.5-server\webapps\examples] has finished in [992] ms
04-Jun-2018 16:18:09.864 INFORMAÇÕES [localhost-startStop-1] org.apache.catalina.startup.HostConfig.deployDirectory Deploying web application directory [C:\Users\04783714118\Documents\NetBeansProjects\JSF\JSF-Truco\apache-tomcat-8.5-server\webapps\host-manager]
04-Jun-2018 16:18:09.899 INFORMAÇÕES [localhost-startStop-1] org.apache.catalina.startup.HostConfig.deployDirectory Deployment of web application directory [C:\Users\04783714118\Documents\NetBeansProjects\JSF\JSF-Truco\apache-tomcat-8.5-server\webapps\host-manager] has finished in [35] ms
04-Jun-2018 16:18:09.899 INFORMAÇÕES [localhost-startStop-1] org.apache.catalina.startup.HostConfig.deployDirectory Deploying web application directory [C:\Users\04783714118\Documents\NetBeansProjects\JSF\JSF-Truco\apache-tomcat-8.5-server\webapps\manager]
04-Jun-2018 16:18:09.928 INFORMAÇÕES [localhost-startStop-1] org.apache.catalina.startup.HostConfig.deployDirectory Deployment of web application directory [C:\Users\04783714118\Documents\NetBeansProjects\JSF\JSF-Truco\apache-tomcat-8.5-server\webapps\manager] has finished in [29] ms
04-Jun-2018 16:18:09.928 INFORMAÇÕES [localhost-startStop-1] org.apache.catalina.startup.HostConfig.deployDirectory Deploying web application directory [C:\Users\04783714118\Documents\NetBeansProjects\JSF\JSF-Truco\apache-tomcat-8.5-server\webapps\ROOT]
04-Jun-2018 16:18:09.953 INFORMAÇÕES [localhost-startStop-1] org.apache.catalina.startup.HostConfig.deployDirectory Deployment of web application directory [C:\Users\04783714118\Documents\NetBeansProjects\JSF\JSF-Truco\apache-tomcat-8.5-server\webapps\ROOT] has finished in [25] ms
04-Jun-2018 16:18:09.957 INFORMAÇÕES [main] org.apache.coyote.AbstractProtocol.start Starting ProtocolHandler ["http-nio-8080"]
04-Jun-2018 16:18:09.964 INFORMAÇÕES [main] org.apache.coyote.AbstractProtocol.start Starting ProtocolHandler ["ajp-nio-8009"]
04-Jun-2018 16:18:09.967 INFORMAÇÕES [main] org.apache.catalina.startup.Catalina.start Server startup in 8073 ms
04-Jun-2018 16:18:14.523 INFORMAÇÕES [http-nio-8080-exec-3] com.sun.faces.config.ConfigureListener.contextInitialized Inicializando Mojarra 2.2.7 ( 20140610-1547 https://svn.java.net/svn/mojarra~svn/tags/2.2.7@13362) para o contexto '/truco-torneio-webjsf'
04-Jun-2018 16:18:14.605 INFORMAÇÕES [http-nio-8080-exec-3] com.sun.faces.spi.InjectionProviderFactory.createInstance JSF1048: Anotações PostConstruct/PreDestroy presentes.  Os métodos ManagedBeans marcados com essas anotações informarão as anotações processadas.
04-Jun-2018 16:18:15.097 ADVERTÊNCIA [http-nio-8080-exec-3] com.sun.faces.config.processor.NavigationConfigProcessor.addNavigationCasesForRule JSF1058: O recurso referido por to-view-id, 'main.xhtml', para navegação de '/index.xhtml', não começa com '/'.  Isso será adicionado para você, mas deveria ser corrigido.
04-Jun-2018 16:18:15.101 ADVERTÊNCIA [http-nio-8080-exec-3] com.sun.faces.config.processor.NavigationConfigProcessor.addNavigationCasesForRule JSF1058: O recurso referido por to-view-id, 'cadastro_usuario.xhtml', para navegação de '/index.xhtml', não começa com '/'.  Isso será adicionado para você, mas deveria ser corrigido.
04-Jun-2018 16:18:15.101 ADVERTÊNCIA [http-nio-8080-exec-3] com.sun.faces.config.processor.NavigationConfigProcessor.addNavigationCasesForRule JSF1058: O recurso referido por to-view-id, 'main.xhtml', para navegação de '/cadastro_usuario.xhtml', não começa com '/'.  Isso será adicionado para você, mas deveria ser corrigido.
04-Jun-2018 16:18:15.101 ADVERTÊNCIA [http-nio-8080-exec-3] com.sun.faces.config.processor.NavigationConfigProcessor.addNavigationCasesForRule JSF1058: O recurso referido por to-view-id, 'index.xhtml', para navegação de '/cadastro_usuario.xhtml', não começa com '/'.  Isso será adicionado para você, mas deveria ser corrigido.
04-Jun-2018 16:18:15.101 ADVERTÊNCIA [http-nio-8080-exec-3] com.sun.faces.config.processor.NavigationConfigProcessor.addNavigationCasesForRule JSF1058: O recurso referido por to-view-id, 'inputText.xhtml', para navegação de '/dupla.xhtml', não começa com '/'.  Isso será adicionado para você, mas deveria ser corrigido.
04-Jun-2018 16:18:15.101 ADVERTÊNCIA [http-nio-8080-exec-3] com.sun.faces.config.processor.NavigationConfigProcessor.addNavigationCasesForRule JSF1058: O recurso referido por to-view-id, 'torneio.xhtml', para navegação de '/main.xhtml', não começa com '/'.  Isso será adicionado para você, mas deveria ser corrigido.
04-Jun-2018 16:18:15.102 ADVERTÊNCIA [http-nio-8080-exec-3] com.sun.faces.config.processor.NavigationConfigProcessor.addNavigationCasesForRule JSF1058: O recurso referido por to-view-id, 'dupla.xhtml', para navegação de '/main.xhtml', não começa com '/'.  Isso será adicionado para você, mas deveria ser corrigido.
04-Jun-2018 16:18:15.102 ADVERTÊNCIA [http-nio-8080-exec-3] com.sun.faces.config.processor.NavigationConfigProcessor.addNavigationCasesForRule JSF1058: O recurso referido por to-view-id, 'perfil.xhtml', para navegação de '/main.xhtml', não começa com '/'.  Isso será adicionado para você, mas deveria ser corrigido.
04-Jun-2018 16:18:15.102 ADVERTÊNCIA [http-nio-8080-exec-3] com.sun.faces.config.processor.NavigationConfigProcessor.addNavigationCasesForRule JSF1058: O recurso referido por to-view-id, 'torneio.xhtml', para navegação de '*', não começa com '/'.  Isso será adicionado para você, mas deveria ser corrigido.
04-Jun-2018 16:18:15.102 ADVERTÊNCIA [http-nio-8080-exec-3] com.sun.faces.config.processor.NavigationConfigProcessor.addNavigationCasesForRule JSF1058: O recurso referido por to-view-id, 'dupla.xhtml', para navegação de '*', não começa com '/'.  Isso será adicionado para você, mas deveria ser corrigido.
04-Jun-2018 16:18:15.102 ADVERTÊNCIA [http-nio-8080-exec-3] com.sun.faces.config.processor.NavigationConfigProcessor.addNavigationCasesForRule JSF1058: O recurso referido por to-view-id, 'main.xhtml', para navegação de '*', não começa com '/'.  Isso será adicionado para você, mas deveria ser corrigido.
04-Jun-2018 16:18:15.102 ADVERTÊNCIA [http-nio-8080-exec-3] com.sun.faces.config.processor.NavigationConfigProcessor.addNavigationCasesForRule JSF1058: O recurso referido por to-view-id, 'perfil.xhtml', para navegação de '*', não começa com '/'.  Isso será adicionado para você, mas deveria ser corrigido.
04-Jun-2018 16:18:15.102 ADVERTÊNCIA [http-nio-8080-exec-3] com.sun.faces.config.processor.NavigationConfigProcessor.addNavigationCasesForRule JSF1058: O recurso referido por to-view-id, 'torneio_detalhado.xhtml', para navegação de '/torneio.xhtml', não começa com '/'.  Isso será adicionado para você, mas deveria ser corrigido.
04-Jun-2018 16:18:15.145 ADVERTÊNCIA [http-nio-8080-exec-3] com.sun.faces.config.processor.NavigationConfigProcessor.addNavigationCasesForRule JSF1058: O recurso referido por to-view-id, 'cadastro_torneio.xhtml', para navegação de '/torneio.xhtml', não começa com '/'.  Isso será adicionado para você, mas deveria ser corrigido.
04-Jun-2018 16:18:15.145 ADVERTÊNCIA [http-nio-8080-exec-3] com.sun.faces.config.processor.NavigationConfigProcessor.addNavigationCasesForRule JSF1058: O recurso referido por to-view-id, 'torneio.xhtml', para navegação de '/cadastro_torneio.xhtml', não começa com '/'.  Isso será adicionado para você, mas deveria ser corrigido.
04-Jun-2018 16:18:15.145 ADVERTÊNCIA [http-nio-8080-exec-3] com.sun.faces.config.processor.NavigationConfigProcessor.addNavigationCasesForRule JSF1058: O recurso referido por to-view-id, 'inputText.xhtml', para navegação de '/perfil.xhtml', não começa com '/'.  Isso será adicionado para você, mas deveria ser corrigido.
04-Jun-2018 16:18:15.440 INFORMAÇÕES [http-nio-8080-exec-3] com.sun.faces.config.ConfigureListener$WebConfigResourceMonitor$Monitor.<init> Monitoring file:/C:/Users/04783714118/Documents/NetBeansProjects/JSF/JSF-Truco/build/web/WEB-INF/faces-config.xml for modifications
04-Jun-2018 16:18:15.488 INFORMAÇÕES [http-nio-8080-exec-3] org.primefaces.webapp.PostConstructApplicationEventListener.processEvent Running on PrimeFaces 6.2
04-Jun-2018 16:18:16.603 ADVERTÊNCIA [http-nio-8080-exec-8] com.sun.faces.context.SessionMap.put JSF1063: AVISO! Definindo valor de atributo não serializável em HttpSession (chave: usuario, classe do valor: bean.BeanUsuario).
04-Jun-2018 16:18:21.332 ADVERTÊNCIA [http-nio-8080-exec-6] com.sun.faces.context.SessionMap.put JSF1063: AVISO! Definindo valor de atributo não serializável em HttpSession (chave: Usuario, classe do valor: bean.Usuario).
04-Jun-2018 16:18:21.397 ADVERTÊNCIA [http-nio-8080-exec-5] com.sun.faces.context.SessionMap.put JSF1063: AVISO! Definindo valor de atributo não serializável em HttpSession (chave: dupla, classe do valor: bean.beanDupla).
04-Jun-2018 16:18:24.947 ADVERTÊNCIA [http-nio-8080-exec-7] com.sun.faces.context.SessionMap.put JSF1063: AVISO! Definindo valor de atributo não serializável em HttpSession (chave: torneio, classe do valor: bean.BeanTorneio).
04-Jun-2018 17:17:33.181 INFORMAÇÕES [main] org.apache.catalina.core.StandardServer.await A valid shutdown command was received via the shutdown port. Stopping the Server instance.
04-Jun-2018 17:17:33.182 INFORMAÇÕES [main] org.apache.coyote.AbstractProtocol.pause Pausing ProtocolHandler ["http-nio-8080"]
04-Jun-2018 17:17:33.274 INFORMAÇÕES [main] org.apache.coyote.AbstractProtocol.pause Pausing ProtocolHandler ["ajp-nio-8009"]
04-Jun-2018 17:17:33.360 INFORMAÇÕES [main] org.apache.catalina.core.StandardService.stopInternal Stopping service [Catalina]
04-Jun-2018 17:17:33.366 ADVERTÊNCIA [localhost-startStop-2] org.apache.catalina.loader.WebappClassLoaderBase.clearReferencesJdbc The web application [truco-torneio-webjsf] registered the JDBC driver [org.sqlite.JDBC] but failed to unregister it when the web application was stopped. To prevent a memory leak, the JDBC Driver has been forcibly unregistered.
04-Jun-2018 17:17:33.386 INFORMAÇÕES [main] org.apache.coyote.AbstractProtocol.stop Stopping ProtocolHandler ["http-nio-8080"]
04-Jun-2018 17:17:33.388 INFORMAÇÕES [main] org.apache.coyote.AbstractProtocol.stop Stopping ProtocolHandler ["ajp-nio-8009"]
04-Jun-2018 17:17:33.389 INFORMAÇÕES [main] org.apache.coyote.AbstractProtocol.destroy Destroying ProtocolHandler ["http-nio-8080"]
04-Jun-2018 17:17:33.390 INFORMAÇÕES [main] org.apache.coyote.AbstractProtocol.destroy Destroying ProtocolHandler ["ajp-nio-8009"]
