23-May-2018 13:05:04.462 INFORMAÇÕES [main] org.apache.catalina.startup.VersionLoggerListener.log Server version:        Apache Tomcat/8.5.31
23-May-2018 13:05:04.464 INFORMAÇÕES [main] org.apache.catalina.startup.VersionLoggerListener.log Server built:          Apr 27 2018 20:24:25 UTC
23-May-2018 13:05:04.464 INFORMAÇÕES [main] org.apache.catalina.startup.VersionLoggerListener.log Server number:         8.5.31.0
23-May-2018 13:05:04.465 INFORMAÇÕES [main] org.apache.catalina.startup.VersionLoggerListener.log OS Name:               Windows 10
23-May-2018 13:05:04.465 INFORMAÇÕES [main] org.apache.catalina.startup.VersionLoggerListener.log OS Version:            10.0
23-May-2018 13:05:04.465 INFORMAÇÕES [main] org.apache.catalina.startup.VersionLoggerListener.log Architecture:          amd64
23-May-2018 13:05:04.465 INFORMAÇÕES [main] org.apache.catalina.startup.VersionLoggerListener.log Java Home:             C:\Program Files\Java\jdk1.8.0_131\jre
23-May-2018 13:05:04.465 INFORMAÇÕES [main] org.apache.catalina.startup.VersionLoggerListener.log JVM Version:           1.8.0_131-b11
23-May-2018 13:05:04.465 INFORMAÇÕES [main] org.apache.catalina.startup.VersionLoggerListener.log JVM Vendor:            Oracle Corporation
23-May-2018 13:05:04.465 INFORMAÇÕES [main] org.apache.catalina.startup.VersionLoggerListener.log CATALINA_BASE:         C:\Users\04783714118\Documents\NetBeansProjects\JSF\JSF-Truco\apache-tomcat-8.5.31
23-May-2018 13:05:04.465 INFORMAÇÕES [main] org.apache.catalina.startup.VersionLoggerListener.log CATALINA_HOME:         C:\Users\04783714118\Documents\NetBeansProjects\JSF\JSF-Truco\apache-tomcat-8.5.31
23-May-2018 13:05:04.465 INFORMAÇÕES [main] org.apache.catalina.startup.VersionLoggerListener.log Command line argument: -Djava.util.logging.config.file=C:\Users\04783714118\Documents\NetBeansProjects\JSF\JSF-Truco\apache-tomcat-8.5.31\conf\logging.properties
23-May-2018 13:05:04.465 INFORMAÇÕES [main] org.apache.catalina.startup.VersionLoggerListener.log Command line argument: -Djava.util.logging.manager=org.apache.juli.ClassLoaderLogManager
23-May-2018 13:05:04.465 INFORMAÇÕES [main] org.apache.catalina.startup.VersionLoggerListener.log Command line argument: -Dhttp.nonProxyHosts=localhost|127.0.0.1|c430761
23-May-2018 13:05:04.465 INFORMAÇÕES [main] org.apache.catalina.startup.VersionLoggerListener.log Command line argument: -Djdk.tls.ephemeralDHKeySize=2048
23-May-2018 13:05:04.465 INFORMAÇÕES [main] org.apache.catalina.startup.VersionLoggerListener.log Command line argument: -Djava.protocol.handler.pkgs=org.apache.catalina.webresources
23-May-2018 13:05:04.466 INFORMAÇÕES [main] org.apache.catalina.startup.VersionLoggerListener.log Command line argument: -Dignore.endorsed.dirs=
23-May-2018 13:05:04.466 INFORMAÇÕES [main] org.apache.catalina.startup.VersionLoggerListener.log Command line argument: -Dcatalina.base=C:\Users\04783714118\Documents\NetBeansProjects\JSF\JSF-Truco\apache-tomcat-8.5.31
23-May-2018 13:05:04.466 INFORMAÇÕES [main] org.apache.catalina.startup.VersionLoggerListener.log Command line argument: -Dcatalina.home=C:\Users\04783714118\Documents\NetBeansProjects\JSF\JSF-Truco\apache-tomcat-8.5.31
23-May-2018 13:05:04.466 INFORMAÇÕES [main] org.apache.catalina.startup.VersionLoggerListener.log Command line argument: -Djava.io.tmpdir=C:\Users\04783714118\Documents\NetBeansProjects\JSF\JSF-Truco\apache-tomcat-8.5.31\temp
23-May-2018 13:05:04.466 INFORMAÇÕES [main] org.apache.catalina.core.AprLifecycleListener.lifecycleEvent The APR based Apache Tomcat Native library which allows optimal performance in production environments was not found on the java.library.path: [C:\Program Files\Java\jdk1.8.0_131\bin;C:\Windows\Sun\Java\bin;C:\Windows\system32;C:\Windows;C:\Program Files (x86)\Borland\Delphi7\Bin;C:\Program Files (x86)\Borland\Delphi7\Projects\Bpl\;C:\Oracle\product\11.2.0\client_1\bin;C:\Program Files (x86)\Intel\iCLS Client\;C:\Program Files\Intel\iCLS Client\;C:\Windows\system32;C:\Windows;C:\Windows\System32\Wbem;C:\Windows\System32\WindowsPowerShell\v1.0\;C:\Program Files (x86)\Intel\Intel(R) Management Engine Components\DAL;C:\Program Files\Intel\Intel(R) Management Engine Components\DAL;C:\Program Files (x86)\Intel\Intel(R) Management Engine Components\IPT;C:\Program Files\Intel\Intel(R) Management Engine Components\IPT;C:\Program Files\Dell\Dell Data Protection\Drivers\TSS\bin\;C:\Program Files (x86)\Skype\Phone\;c:\Program Files (x86)\Microsoft SQL Server\100\Tools\Binn\;c:\Program Files\Microsoft SQL Server\100\Tools\Binn\;c:\Program Files\Microsoft SQL Server\100\DTS\Binn\;C:\Program Files (x86)\Lua\5.1;C:\Program Files (x86)\Lua\5.1\clibs;C:\MinGW\bin;C:\Users\04783714118\Desktop\R\Facul\RRPGSDK3\SDK3;C:\Program Files\Microsoft SQL Server\130\Tools\Binn\;C:\Program Files\dotnet\;C:\Program Files\nodejs\;C:\Program Files\Java\jdk1.8.0_131\bin;C:\Program Files (x86)\Java\jdk1.8.0_131\bin;C:\Program Files\Git\cmd;C:\Users\Public\Documents\RAD Studio\7.0\Bpl;C:\Users\04783714118\AppData\Local\Microsoft\WindowsApps;C:\Program Files (x86)\Microsoft VS Code\bin;C:\Users\04783714118\AppData\Roaming\npm;C:\Program Files (x86)\Java\jdk1.8.0_131\bin;C:\Users\04783714118\AppData\Local\atom\bin;C:\Users\04783714118\AppData\Local\GitHubDesktop\bin;.]
23-May-2018 13:05:04.669 INFORMAÇÕES [main] org.apache.coyote.AbstractProtocol.init Initializing ProtocolHandler ["http-nio-8080"]
23-May-2018 13:05:04.771 INFORMAÇÕES [main] org.apache.tomcat.util.net.NioSelectorPool.getSharedSelector Using a shared selector for servlet write/read
23-May-2018 13:05:04.777 INFORMAÇÕES [main] org.apache.coyote.AbstractProtocol.init Initializing ProtocolHandler ["ajp-nio-8009"]
23-May-2018 13:05:04.779 INFORMAÇÕES [main] org.apache.tomcat.util.net.NioSelectorPool.getSharedSelector Using a shared selector for servlet write/read
23-May-2018 13:05:04.780 INFORMAÇÕES [main] org.apache.catalina.startup.Catalina.load Initialization processed in 593 ms
23-May-2018 13:05:04.802 INFORMAÇÕES [main] org.apache.catalina.core.StandardService.startInternal Starting service [Catalina]
23-May-2018 13:05:04.802 INFORMAÇÕES [main] org.apache.catalina.core.StandardEngine.startInternal Starting Servlet Engine: Apache Tomcat/8.5.31
23-May-2018 13:05:04.809 INFORMAÇÕES [localhost-startStop-1] org.apache.catalina.startup.HostConfig.deployDescriptor Deploying configuration descriptor [C:\Users\04783714118\Documents\NetBeansProjects\JSF\JSF-Truco\apache-tomcat-8.5.31\conf\Catalina\localhost\truco.xml]
23-May-2018 13:05:14.251 INFORMAÇÕES [localhost-startStop-1] org.apache.jasper.servlet.TldScanner.scanJars At least one JAR was scanned for TLDs yet contained no TLDs. Enable debug logging for this logger for a complete list of JARs that were scanned but no TLDs were found in them. Skipping unneeded JARs during scanning can improve startup time and JSP compilation time.
23-May-2018 13:05:14.392 INFORMAÇÕES [localhost-startStop-1] com.sun.faces.config.ConfigureListener.contextInitialized Inicializando Mojarra 2.2.7 ( 20140610-1547 https://svn.java.net/svn/mojarra~svn/tags/2.2.7@13362) para o contexto '/truco'
23-May-2018 13:05:14.556 INFORMAÇÕES [localhost-startStop-1] com.sun.faces.spi.InjectionProviderFactory.createInstance JSF1048: Anotações PostConstruct/PreDestroy presentes.  Os métodos ManagedBeans marcados com essas anotações informarão as anotações processadas.
23-May-2018 13:05:15.028 ADVERTÊNCIA [localhost-startStop-1] com.sun.faces.config.processor.NavigationConfigProcessor.addNavigationCasesForRule JSF1058: O recurso referido por to-view-id, 'main.xhtml', para navegação de '/index.xhtml', não começa com '/'.  Isso será adicionado para você, mas deveria ser corrigido.
23-May-2018 13:05:15.032 ADVERTÊNCIA [localhost-startStop-1] com.sun.faces.config.processor.NavigationConfigProcessor.addNavigationCasesForRule JSF1058: O recurso referido por to-view-id, 'cadastro_usuario.xhtml', para navegação de '/index.xhtml', não começa com '/'.  Isso será adicionado para você, mas deveria ser corrigido.
23-May-2018 13:05:15.032 ADVERTÊNCIA [localhost-startStop-1] com.sun.faces.config.processor.NavigationConfigProcessor.addNavigationCasesForRule JSF1058: O recurso referido por to-view-id, 'main.xhtml', para navegação de '/cadastro_usuario.xhtml', não começa com '/'.  Isso será adicionado para você, mas deveria ser corrigido.
23-May-2018 13:05:15.032 ADVERTÊNCIA [localhost-startStop-1] com.sun.faces.config.processor.NavigationConfigProcessor.addNavigationCasesForRule JSF1058: O recurso referido por to-view-id, 'index.xhtml', para navegação de '/cadastro_usuario.xhtml', não começa com '/'.  Isso será adicionado para você, mas deveria ser corrigido.
23-May-2018 13:05:15.032 ADVERTÊNCIA [localhost-startStop-1] com.sun.faces.config.processor.NavigationConfigProcessor.addNavigationCasesForRule JSF1058: O recurso referido por to-view-id, 'inputText.xhtml', para navegação de '/dupla.xhtml', não começa com '/'.  Isso será adicionado para você, mas deveria ser corrigido.
23-May-2018 13:05:15.032 ADVERTÊNCIA [localhost-startStop-1] com.sun.faces.config.processor.NavigationConfigProcessor.addNavigationCasesForRule JSF1058: O recurso referido por to-view-id, 'torneio.xhtml', para navegação de '/main.xhtml', não começa com '/'.  Isso será adicionado para você, mas deveria ser corrigido.
23-May-2018 13:05:15.032 ADVERTÊNCIA [localhost-startStop-1] com.sun.faces.config.processor.NavigationConfigProcessor.addNavigationCasesForRule JSF1058: O recurso referido por to-view-id, 'dupla.xhtml', para navegação de '/main.xhtml', não começa com '/'.  Isso será adicionado para você, mas deveria ser corrigido.
23-May-2018 13:05:15.032 ADVERTÊNCIA [localhost-startStop-1] com.sun.faces.config.processor.NavigationConfigProcessor.addNavigationCasesForRule JSF1058: O recurso referido por to-view-id, 'perfil.xhtml', para navegação de '/main.xhtml', não começa com '/'.  Isso será adicionado para você, mas deveria ser corrigido.
23-May-2018 13:05:15.033 ADVERTÊNCIA [localhost-startStop-1] com.sun.faces.config.processor.NavigationConfigProcessor.addNavigationCasesForRule JSF1058: O recurso referido por to-view-id, 'torneio.xhtml', para navegação de '*', não começa com '/'.  Isso será adicionado para você, mas deveria ser corrigido.
23-May-2018 13:05:15.033 ADVERTÊNCIA [localhost-startStop-1] com.sun.faces.config.processor.NavigationConfigProcessor.addNavigationCasesForRule JSF1058: O recurso referido por to-view-id, 'dupla.xhtml', para navegação de '*', não começa com '/'.  Isso será adicionado para você, mas deveria ser corrigido.
23-May-2018 13:05:15.033 ADVERTÊNCIA [localhost-startStop-1] com.sun.faces.config.processor.NavigationConfigProcessor.addNavigationCasesForRule JSF1058: O recurso referido por to-view-id, 'main.xhtml', para navegação de '*', não começa com '/'.  Isso será adicionado para você, mas deveria ser corrigido.
23-May-2018 13:05:15.033 ADVERTÊNCIA [localhost-startStop-1] com.sun.faces.config.processor.NavigationConfigProcessor.addNavigationCasesForRule JSF1058: O recurso referido por to-view-id, 'perfil.xhtml', para navegação de '*', não começa com '/'.  Isso será adicionado para você, mas deveria ser corrigido.
23-May-2018 13:05:15.033 ADVERTÊNCIA [localhost-startStop-1] com.sun.faces.config.processor.NavigationConfigProcessor.addNavigationCasesForRule JSF1058: O recurso referido por to-view-id, 'torneio_detalhado.xhtml', para navegação de '/torneio.xhtml', não começa com '/'.  Isso será adicionado para você, mas deveria ser corrigido.
23-May-2018 13:05:15.085 ADVERTÊNCIA [localhost-startStop-1] com.sun.faces.config.processor.NavigationConfigProcessor.addNavigationCasesForRule JSF1058: O recurso referido por to-view-id, 'cadastro_torneio.xhtml', para navegação de '/torneio.xhtml', não começa com '/'.  Isso será adicionado para você, mas deveria ser corrigido.
23-May-2018 13:05:15.085 ADVERTÊNCIA [localhost-startStop-1] com.sun.faces.config.processor.NavigationConfigProcessor.addNavigationCasesForRule JSF1058: O recurso referido por to-view-id, 'torneio.xhtml', para navegação de '/cadastro_torneio.xhtml', não começa com '/'.  Isso será adicionado para você, mas deveria ser corrigido.
23-May-2018 13:05:15.085 ADVERTÊNCIA [localhost-startStop-1] com.sun.faces.config.processor.NavigationConfigProcessor.addNavigationCasesForRule JSF1058: O recurso referido por to-view-id, 'inputText.xhtml', para navegação de '/perfil.xhtml', não começa com '/'.  Isso será adicionado para você, mas deveria ser corrigido.
23-May-2018 13:05:15.306 INFORMAÇÕES [localhost-startStop-1] com.sun.faces.config.ConfigureListener$WebConfigResourceMonitor$Monitor.<init> Monitoring file:/C:/Users/04783714118/Documents/NetBeansProjects/JSF/JSF-Truco/build/web/WEB-INF/faces-config.xml for modifications
23-May-2018 13:05:15.350 INFORMAÇÕES [localhost-startStop-1] org.primefaces.webapp.PostConstructApplicationEventListener.processEvent Running on PrimeFaces 6.2
23-May-2018 13:05:15.383 INFORMAÇÕES [localhost-startStop-1] org.apache.catalina.startup.HostConfig.deployDescriptor Deployment of configuration descriptor [C:\Users\04783714118\Documents\NetBeansProjects\JSF\JSF-Truco\apache-tomcat-8.5.31\conf\Catalina\localhost\truco.xml] has finished in [10,573] ms
23-May-2018 13:05:15.383 INFORMAÇÕES [localhost-startStop-1] org.apache.catalina.startup.HostConfig.deployDirectory Deploying web application directory [C:\Users\04783714118\Documents\NetBeansProjects\JSF\JSF-Truco\apache-tomcat-8.5.31\webapps\docs]
23-May-2018 13:05:15.399 INFORMAÇÕES [localhost-startStop-1] org.apache.catalina.startup.HostConfig.deployDirectory Deployment of web application directory [C:\Users\04783714118\Documents\NetBeansProjects\JSF\JSF-Truco\apache-tomcat-8.5.31\webapps\docs] has finished in [16] ms
23-May-2018 13:05:15.399 INFORMAÇÕES [localhost-startStop-1] org.apache.catalina.startup.HostConfig.deployDirectory Deploying web application directory [C:\Users\04783714118\Documents\NetBeansProjects\JSF\JSF-Truco\apache-tomcat-8.5.31\webapps\examples]
23-May-2018 13:05:15.737 INFORMAÇÕES [localhost-startStop-1] org.apache.catalina.startup.HostConfig.deployDirectory Deployment of web application directory [C:\Users\04783714118\Documents\NetBeansProjects\JSF\JSF-Truco\apache-tomcat-8.5.31\webapps\examples] has finished in [338] ms
23-May-2018 13:05:15.738 INFORMAÇÕES [localhost-startStop-1] org.apache.catalina.startup.HostConfig.deployDirectory Deploying web application directory [C:\Users\04783714118\Documents\NetBeansProjects\JSF\JSF-Truco\apache-tomcat-8.5.31\webapps\host-manager]
23-May-2018 13:05:15.776 INFORMAÇÕES [localhost-startStop-1] org.apache.catalina.startup.HostConfig.deployDirectory Deployment of web application directory [C:\Users\04783714118\Documents\NetBeansProjects\JSF\JSF-Truco\apache-tomcat-8.5.31\webapps\host-manager] has finished in [38] ms
23-May-2018 13:05:15.776 INFORMAÇÕES [localhost-startStop-1] org.apache.catalina.startup.HostConfig.deployDirectory Deploying web application directory [C:\Users\04783714118\Documents\NetBeansProjects\JSF\JSF-Truco\apache-tomcat-8.5.31\webapps\manager]
23-May-2018 13:05:15.800 INFORMAÇÕES [localhost-startStop-1] org.apache.catalina.startup.HostConfig.deployDirectory Deployment of web application directory [C:\Users\04783714118\Documents\NetBeansProjects\JSF\JSF-Truco\apache-tomcat-8.5.31\webapps\manager] has finished in [24] ms
23-May-2018 13:05:15.800 INFORMAÇÕES [localhost-startStop-1] org.apache.catalina.startup.HostConfig.deployDirectory Deploying web application directory [C:\Users\04783714118\Documents\NetBeansProjects\JSF\JSF-Truco\apache-tomcat-8.5.31\webapps\ROOT]
23-May-2018 13:05:15.815 INFORMAÇÕES [localhost-startStop-1] org.apache.catalina.startup.HostConfig.deployDirectory Deployment of web application directory [C:\Users\04783714118\Documents\NetBeansProjects\JSF\JSF-Truco\apache-tomcat-8.5.31\webapps\ROOT] has finished in [15] ms
23-May-2018 13:05:15.818 INFORMAÇÕES [main] org.apache.coyote.AbstractProtocol.start Starting ProtocolHandler ["http-nio-8080"]
23-May-2018 13:05:15.825 INFORMAÇÕES [main] org.apache.coyote.AbstractProtocol.start Starting ProtocolHandler ["ajp-nio-8009"]
23-May-2018 13:05:15.827 INFORMAÇÕES [main] org.apache.catalina.startup.Catalina.start Server startup in 11047 ms
23-May-2018 13:05:18.731 ADVERTÊNCIA [http-nio-8080-exec-5] com.sun.faces.context.SessionMap.put JSF1063: AVISO! Definindo valor de atributo não serializável em HttpSession (chave: usuario, classe do valor: bean.BeanUsuario).
23-May-2018 13:05:22.267 ADVERTÊNCIA [http-nio-8080-exec-9] com.sun.faces.context.SessionMap.put JSF1063: AVISO! Definindo valor de atributo não serializável em HttpSession (chave: usuarioLogado, classe do valor: bean.Usuario).
23-May-2018 13:05:22.324 ADVERTÊNCIA [http-nio-8080-exec-8] com.sun.faces.context.SessionMap.put JSF1063: AVISO! Definindo valor de atributo não serializável em HttpSession (chave: dupla, classe do valor: bean.beanDupla).
23-May-2018 13:07:12.699 1100 [http-nio-8080-exec-9] com.sun.faces.context.ExceptionHandlerImpl.log JSF1073: javax.faces.application.ViewExpiredException obtido durante o processamento de RESTORE_VIEW 1: UIComponent-ClientId=, Message=viewId:/main.jsf - A exibição de /main.jsf não pôde ser restaurada.
23-May-2018 13:07:12.700 1100 [http-nio-8080-exec-9] com.sun.faces.context.ExceptionHandlerImpl.log viewId:/main.jsf - A exibição de /main.jsf não pôde ser restaurada.
 javax.faces.application.ViewExpiredException: viewId:/main.jsf - A exibição de /main.jsf não pôde ser restaurada.
	at com.sun.faces.lifecycle.RestoreViewPhase.execute(RestoreViewPhase.java:210)
	at com.sun.faces.lifecycle.Phase.doPhase(Phase.java:101)
	at com.sun.faces.lifecycle.RestoreViewPhase.doPhase(RestoreViewPhase.java:121)
	at com.sun.faces.lifecycle.LifecycleImpl.execute(LifecycleImpl.java:198)
	at javax.faces.webapp.FacesServlet.service(FacesServlet.java:646)
	at org.apache.catalina.core.ApplicationFilterChain.internalDoFilter(ApplicationFilterChain.java:231)
	at org.apache.catalina.core.ApplicationFilterChain.doFilter(ApplicationFilterChain.java:166)
	at org.apache.tomcat.websocket.server.WsFilter.doFilter(WsFilter.java:52)
	at org.apache.catalina.core.ApplicationFilterChain.internalDoFilter(ApplicationFilterChain.java:193)
	at org.apache.catalina.core.ApplicationFilterChain.doFilter(ApplicationFilterChain.java:166)
	at org.apache.catalina.core.StandardWrapperValve.invoke(StandardWrapperValve.java:198)
	at org.apache.catalina.core.StandardContextValve.invoke(StandardContextValve.java:96)
	at org.apache.catalina.authenticator.AuthenticatorBase.invoke(AuthenticatorBase.java:496)
	at org.apache.catalina.core.StandardHostValve.invoke(StandardHostValve.java:140)
	at org.apache.catalina.valves.ErrorReportValve.invoke(ErrorReportValve.java:81)
	at org.apache.catalina.valves.AbstractAccessLogValve.invoke(AbstractAccessLogValve.java:650)
	at org.apache.catalina.core.StandardEngineValve.invoke(StandardEngineValve.java:87)
	at org.apache.catalina.connector.CoyoteAdapter.service(CoyoteAdapter.java:342)
	at org.apache.coyote.http11.Http11Processor.service(Http11Processor.java:803)
	at org.apache.coyote.AbstractProcessorLight.process(AbstractProcessorLight.java:66)
	at org.apache.coyote.AbstractProtocol$ConnectionHandler.process(AbstractProtocol.java:790)
	at org.apache.tomcat.util.net.NioEndpoint$SocketProcessor.doRun(NioEndpoint.java:1468)
	at org.apache.tomcat.util.net.SocketProcessorBase.run(SocketProcessorBase.java:49)
	at java.util.concurrent.ThreadPoolExecutor.runWorker(ThreadPoolExecutor.java:1142)
	at java.util.concurrent.ThreadPoolExecutor$Worker.run(ThreadPoolExecutor.java:617)
	at org.apache.tomcat.util.threads.TaskThread$WrappingRunnable.run(TaskThread.java:61)
	at java.lang.Thread.run(Thread.java:748)

23-May-2018 13:07:23.229 1100 [http-nio-8080-exec-3] com.sun.faces.context.ExceptionHandlerImpl.log JSF1073: javax.faces.application.ViewExpiredException obtido durante o processamento de RESTORE_VIEW 1: UIComponent-ClientId=, Message=viewId:/main.jsf - A exibição de /main.jsf não pôde ser restaurada.
23-May-2018 13:07:23.230 1100 [http-nio-8080-exec-3] com.sun.faces.context.ExceptionHandlerImpl.log viewId:/main.jsf - A exibição de /main.jsf não pôde ser restaurada.
 javax.faces.application.ViewExpiredException: viewId:/main.jsf - A exibição de /main.jsf não pôde ser restaurada.
	at com.sun.faces.lifecycle.RestoreViewPhase.execute(RestoreViewPhase.java:210)
	at com.sun.faces.lifecycle.Phase.doPhase(Phase.java:101)
	at com.sun.faces.lifecycle.RestoreViewPhase.doPhase(RestoreViewPhase.java:121)
	at com.sun.faces.lifecycle.LifecycleImpl.execute(LifecycleImpl.java:198)
	at javax.faces.webapp.FacesServlet.service(FacesServlet.java:646)
	at org.apache.catalina.core.ApplicationFilterChain.internalDoFilter(ApplicationFilterChain.java:231)
	at org.apache.catalina.core.ApplicationFilterChain.doFilter(ApplicationFilterChain.java:166)
	at org.apache.tomcat.websocket.server.WsFilter.doFilter(WsFilter.java:52)
	at org.apache.catalina.core.ApplicationFilterChain.internalDoFilter(ApplicationFilterChain.java:193)
	at org.apache.catalina.core.ApplicationFilterChain.doFilter(ApplicationFilterChain.java:166)
	at org.apache.catalina.core.StandardWrapperValve.invoke(StandardWrapperValve.java:198)
	at org.apache.catalina.core.StandardContextValve.invoke(StandardContextValve.java:96)
	at org.apache.catalina.authenticator.AuthenticatorBase.invoke(AuthenticatorBase.java:496)
	at org.apache.catalina.core.StandardHostValve.invoke(StandardHostValve.java:140)
	at org.apache.catalina.valves.ErrorReportValve.invoke(ErrorReportValve.java:81)
	at org.apache.catalina.valves.AbstractAccessLogValve.invoke(AbstractAccessLogValve.java:650)
	at org.apache.catalina.core.StandardEngineValve.invoke(StandardEngineValve.java:87)
	at org.apache.catalina.connector.CoyoteAdapter.service(CoyoteAdapter.java:342)
	at org.apache.coyote.http11.Http11Processor.service(Http11Processor.java:803)
	at org.apache.coyote.AbstractProcessorLight.process(AbstractProcessorLight.java:66)
	at org.apache.coyote.AbstractProtocol$ConnectionHandler.process(AbstractProtocol.java:790)
	at org.apache.tomcat.util.net.NioEndpoint$SocketProcessor.doRun(NioEndpoint.java:1468)
	at org.apache.tomcat.util.net.SocketProcessorBase.run(SocketProcessorBase.java:49)
	at java.util.concurrent.ThreadPoolExecutor.runWorker(ThreadPoolExecutor.java:1142)
	at java.util.concurrent.ThreadPoolExecutor$Worker.run(ThreadPoolExecutor.java:617)
	at org.apache.tomcat.util.threads.TaskThread$WrappingRunnable.run(TaskThread.java:61)
	at java.lang.Thread.run(Thread.java:748)

23-May-2018 13:07:25.698 1100 [http-nio-8080-exec-4] com.sun.faces.context.ExceptionHandlerImpl.log JSF1073: javax.faces.application.ViewExpiredException obtido durante o processamento de RESTORE_VIEW 1: UIComponent-ClientId=, Message=viewId:/main.jsf - A exibição de /main.jsf não pôde ser restaurada.
23-May-2018 13:07:25.699 1100 [http-nio-8080-exec-4] com.sun.faces.context.ExceptionHandlerImpl.log viewId:/main.jsf - A exibição de /main.jsf não pôde ser restaurada.
 javax.faces.application.ViewExpiredException: viewId:/main.jsf - A exibição de /main.jsf não pôde ser restaurada.
	at com.sun.faces.lifecycle.RestoreViewPhase.execute(RestoreViewPhase.java:210)
	at com.sun.faces.lifecycle.Phase.doPhase(Phase.java:101)
	at com.sun.faces.lifecycle.RestoreViewPhase.doPhase(RestoreViewPhase.java:121)
	at com.sun.faces.lifecycle.LifecycleImpl.execute(LifecycleImpl.java:198)
	at javax.faces.webapp.FacesServlet.service(FacesServlet.java:646)
	at org.apache.catalina.core.ApplicationFilterChain.internalDoFilter(ApplicationFilterChain.java:231)
	at org.apache.catalina.core.ApplicationFilterChain.doFilter(ApplicationFilterChain.java:166)
	at org.apache.tomcat.websocket.server.WsFilter.doFilter(WsFilter.java:52)
	at org.apache.catalina.core.ApplicationFilterChain.internalDoFilter(ApplicationFilterChain.java:193)
	at org.apache.catalina.core.ApplicationFilterChain.doFilter(ApplicationFilterChain.java:166)
	at org.apache.catalina.core.StandardWrapperValve.invoke(StandardWrapperValve.java:198)
	at org.apache.catalina.core.StandardContextValve.invoke(StandardContextValve.java:96)
	at org.apache.catalina.authenticator.AuthenticatorBase.invoke(AuthenticatorBase.java:496)
	at org.apache.catalina.core.StandardHostValve.invoke(StandardHostValve.java:140)
	at org.apache.catalina.valves.ErrorReportValve.invoke(ErrorReportValve.java:81)
	at org.apache.catalina.valves.AbstractAccessLogValve.invoke(AbstractAccessLogValve.java:650)
	at org.apache.catalina.core.StandardEngineValve.invoke(StandardEngineValve.java:87)
	at org.apache.catalina.connector.CoyoteAdapter.service(CoyoteAdapter.java:342)
	at org.apache.coyote.http11.Http11Processor.service(Http11Processor.java:803)
	at org.apache.coyote.AbstractProcessorLight.process(AbstractProcessorLight.java:66)
	at org.apache.coyote.AbstractProtocol$ConnectionHandler.process(AbstractProtocol.java:790)
	at org.apache.tomcat.util.net.NioEndpoint$SocketProcessor.doRun(NioEndpoint.java:1468)
	at org.apache.tomcat.util.net.SocketProcessorBase.run(SocketProcessorBase.java:49)
	at java.util.concurrent.ThreadPoolExecutor.runWorker(ThreadPoolExecutor.java:1142)
	at java.util.concurrent.ThreadPoolExecutor$Worker.run(ThreadPoolExecutor.java:617)
	at org.apache.tomcat.util.threads.TaskThread$WrappingRunnable.run(TaskThread.java:61)
	at java.lang.Thread.run(Thread.java:748)

23-May-2018 13:07:27.356 1100 [http-nio-8080-exec-8] com.sun.faces.context.ExceptionHandlerImpl.log JSF1073: javax.faces.application.ViewExpiredException obtido durante o processamento de RESTORE_VIEW 1: UIComponent-ClientId=, Message=viewId:/main.jsf - A exibição de /main.jsf não pôde ser restaurada.
23-May-2018 13:07:27.357 1100 [http-nio-8080-exec-8] com.sun.faces.context.ExceptionHandlerImpl.log viewId:/main.jsf - A exibição de /main.jsf não pôde ser restaurada.
 javax.faces.application.ViewExpiredException: viewId:/main.jsf - A exibição de /main.jsf não pôde ser restaurada.
	at com.sun.faces.lifecycle.RestoreViewPhase.execute(RestoreViewPhase.java:210)
	at com.sun.faces.lifecycle.Phase.doPhase(Phase.java:101)
	at com.sun.faces.lifecycle.RestoreViewPhase.doPhase(RestoreViewPhase.java:121)
	at com.sun.faces.lifecycle.LifecycleImpl.execute(LifecycleImpl.java:198)
	at javax.faces.webapp.FacesServlet.service(FacesServlet.java:646)
	at org.apache.catalina.core.ApplicationFilterChain.internalDoFilter(ApplicationFilterChain.java:231)
	at org.apache.catalina.core.ApplicationFilterChain.doFilter(ApplicationFilterChain.java:166)
	at org.apache.tomcat.websocket.server.WsFilter.doFilter(WsFilter.java:52)
	at org.apache.catalina.core.ApplicationFilterChain.internalDoFilter(ApplicationFilterChain.java:193)
	at org.apache.catalina.core.ApplicationFilterChain.doFilter(ApplicationFilterChain.java:166)
	at org.apache.catalina.core.StandardWrapperValve.invoke(StandardWrapperValve.java:198)
	at org.apache.catalina.core.StandardContextValve.invoke(StandardContextValve.java:96)
	at org.apache.catalina.authenticator.AuthenticatorBase.invoke(AuthenticatorBase.java:496)
	at org.apache.catalina.core.StandardHostValve.invoke(StandardHostValve.java:140)
	at org.apache.catalina.valves.ErrorReportValve.invoke(ErrorReportValve.java:81)
	at org.apache.catalina.valves.AbstractAccessLogValve.invoke(AbstractAccessLogValve.java:650)
	at org.apache.catalina.core.StandardEngineValve.invoke(StandardEngineValve.java:87)
	at org.apache.catalina.connector.CoyoteAdapter.service(CoyoteAdapter.java:342)
	at org.apache.coyote.http11.Http11Processor.service(Http11Processor.java:803)
	at org.apache.coyote.AbstractProcessorLight.process(AbstractProcessorLight.java:66)
	at org.apache.coyote.AbstractProtocol$ConnectionHandler.process(AbstractProtocol.java:790)
	at org.apache.tomcat.util.net.NioEndpoint$SocketProcessor.doRun(NioEndpoint.java:1468)
	at org.apache.tomcat.util.net.SocketProcessorBase.run(SocketProcessorBase.java:49)
	at java.util.concurrent.ThreadPoolExecutor.runWorker(ThreadPoolExecutor.java:1142)
	at java.util.concurrent.ThreadPoolExecutor$Worker.run(ThreadPoolExecutor.java:617)
	at org.apache.tomcat.util.threads.TaskThread$WrappingRunnable.run(TaskThread.java:61)
	at java.lang.Thread.run(Thread.java:748)

23-May-2018 13:07:29.406 1100 [http-nio-8080-exec-7] com.sun.faces.context.ExceptionHandlerImpl.log JSF1073: javax.faces.application.ViewExpiredException obtido durante o processamento de RESTORE_VIEW 1: UIComponent-ClientId=, Message=viewId:/main.jsf - A exibição de /main.jsf não pôde ser restaurada.
23-May-2018 13:07:29.406 1100 [http-nio-8080-exec-7] com.sun.faces.context.ExceptionHandlerImpl.log viewId:/main.jsf - A exibição de /main.jsf não pôde ser restaurada.
 javax.faces.application.ViewExpiredException: viewId:/main.jsf - A exibição de /main.jsf não pôde ser restaurada.
	at com.sun.faces.lifecycle.RestoreViewPhase.execute(RestoreViewPhase.java:210)
	at com.sun.faces.lifecycle.Phase.doPhase(Phase.java:101)
	at com.sun.faces.lifecycle.RestoreViewPhase.doPhase(RestoreViewPhase.java:121)
	at com.sun.faces.lifecycle.LifecycleImpl.execute(LifecycleImpl.java:198)
	at javax.faces.webapp.FacesServlet.service(FacesServlet.java:646)
	at org.apache.catalina.core.ApplicationFilterChain.internalDoFilter(ApplicationFilterChain.java:231)
	at org.apache.catalina.core.ApplicationFilterChain.doFilter(ApplicationFilterChain.java:166)
	at org.apache.tomcat.websocket.server.WsFilter.doFilter(WsFilter.java:52)
	at org.apache.catalina.core.ApplicationFilterChain.internalDoFilter(ApplicationFilterChain.java:193)
	at org.apache.catalina.core.ApplicationFilterChain.doFilter(ApplicationFilterChain.java:166)
	at org.apache.catalina.core.StandardWrapperValve.invoke(StandardWrapperValve.java:198)
	at org.apache.catalina.core.StandardContextValve.invoke(StandardContextValve.java:96)
	at org.apache.catalina.authenticator.AuthenticatorBase.invoke(AuthenticatorBase.java:496)
	at org.apache.catalina.core.StandardHostValve.invoke(StandardHostValve.java:140)
	at org.apache.catalina.valves.ErrorReportValve.invoke(ErrorReportValve.java:81)
	at org.apache.catalina.valves.AbstractAccessLogValve.invoke(AbstractAccessLogValve.java:650)
	at org.apache.catalina.core.StandardEngineValve.invoke(StandardEngineValve.java:87)
	at org.apache.catalina.connector.CoyoteAdapter.service(CoyoteAdapter.java:342)
	at org.apache.coyote.http11.Http11Processor.service(Http11Processor.java:803)
	at org.apache.coyote.AbstractProcessorLight.process(AbstractProcessorLight.java:66)
	at org.apache.coyote.AbstractProtocol$ConnectionHandler.process(AbstractProtocol.java:790)
	at org.apache.tomcat.util.net.NioEndpoint$SocketProcessor.doRun(NioEndpoint.java:1468)
	at org.apache.tomcat.util.net.SocketProcessorBase.run(SocketProcessorBase.java:49)
	at java.util.concurrent.ThreadPoolExecutor.runWorker(ThreadPoolExecutor.java:1142)
	at java.util.concurrent.ThreadPoolExecutor$Worker.run(ThreadPoolExecutor.java:617)
	at org.apache.tomcat.util.threads.TaskThread$WrappingRunnable.run(TaskThread.java:61)
	at java.lang.Thread.run(Thread.java:748)

23-May-2018 13:07:30.841 1100 [http-nio-8080-exec-10] com.sun.faces.context.ExceptionHandlerImpl.log JSF1073: javax.faces.application.ViewExpiredException obtido durante o processamento de RESTORE_VIEW 1: UIComponent-ClientId=, Message=viewId:/main.jsf - A exibição de /main.jsf não pôde ser restaurada.
23-May-2018 13:07:30.841 1100 [http-nio-8080-exec-10] com.sun.faces.context.ExceptionHandlerImpl.log viewId:/main.jsf - A exibição de /main.jsf não pôde ser restaurada.
 javax.faces.application.ViewExpiredException: viewId:/main.jsf - A exibição de /main.jsf não pôde ser restaurada.
	at com.sun.faces.lifecycle.RestoreViewPhase.execute(RestoreViewPhase.java:210)
	at com.sun.faces.lifecycle.Phase.doPhase(Phase.java:101)
	at com.sun.faces.lifecycle.RestoreViewPhase.doPhase(RestoreViewPhase.java:121)
	at com.sun.faces.lifecycle.LifecycleImpl.execute(LifecycleImpl.java:198)
	at javax.faces.webapp.FacesServlet.service(FacesServlet.java:646)
	at org.apache.catalina.core.ApplicationFilterChain.internalDoFilter(ApplicationFilterChain.java:231)
	at org.apache.catalina.core.ApplicationFilterChain.doFilter(ApplicationFilterChain.java:166)
	at org.apache.tomcat.websocket.server.WsFilter.doFilter(WsFilter.java:52)
	at org.apache.catalina.core.ApplicationFilterChain.internalDoFilter(ApplicationFilterChain.java:193)
	at org.apache.catalina.core.ApplicationFilterChain.doFilter(ApplicationFilterChain.java:166)
	at org.apache.catalina.core.StandardWrapperValve.invoke(StandardWrapperValve.java:198)
	at org.apache.catalina.core.StandardContextValve.invoke(StandardContextValve.java:96)
	at org.apache.catalina.authenticator.AuthenticatorBase.invoke(AuthenticatorBase.java:496)
	at org.apache.catalina.core.StandardHostValve.invoke(StandardHostValve.java:140)
	at org.apache.catalina.valves.ErrorReportValve.invoke(ErrorReportValve.java:81)
	at org.apache.catalina.valves.AbstractAccessLogValve.invoke(AbstractAccessLogValve.java:650)
	at org.apache.catalina.core.StandardEngineValve.invoke(StandardEngineValve.java:87)
	at org.apache.catalina.connector.CoyoteAdapter.service(CoyoteAdapter.java:342)
	at org.apache.coyote.http11.Http11Processor.service(Http11Processor.java:803)
	at org.apache.coyote.AbstractProcessorLight.process(AbstractProcessorLight.java:66)
	at org.apache.coyote.AbstractProtocol$ConnectionHandler.process(AbstractProtocol.java:790)
	at org.apache.tomcat.util.net.NioEndpoint$SocketProcessor.doRun(NioEndpoint.java:1468)
	at org.apache.tomcat.util.net.SocketProcessorBase.run(SocketProcessorBase.java:49)
	at java.util.concurrent.ThreadPoolExecutor.runWorker(ThreadPoolExecutor.java:1142)
	at java.util.concurrent.ThreadPoolExecutor$Worker.run(ThreadPoolExecutor.java:617)
	at org.apache.tomcat.util.threads.TaskThread$WrappingRunnable.run(TaskThread.java:61)
	at java.lang.Thread.run(Thread.java:748)

23-May-2018 13:11:27.251 ADVERTÊNCIA [http-nio-8080-exec-10] org.apache.catalina.loader.WebappClassLoaderBase.clearReferencesJdbc The web application [truco] registered the JDBC driver [org.sqlite.JDBC] but failed to unregister it when the web application was stopped. To prevent a memory leak, the JDBC Driver has been forcibly unregistered.
23-May-2018 13:11:27.751 INFORMAÇÕES [http-nio-8080-exec-10] org.apache.catalina.startup.HostConfig.undeploy Undeploying context [/truco]
23-May-2018 13:11:36.924 INFORMAÇÕES [main] org.apache.catalina.core.StandardServer.await A valid shutdown command was received via the shutdown port. Stopping the Server instance.
23-May-2018 13:11:36.924 INFORMAÇÕES [main] org.apache.coyote.AbstractProtocol.pause Pausing ProtocolHandler ["http-nio-8080"]
23-May-2018 13:11:37.018 INFORMAÇÕES [main] org.apache.coyote.AbstractProtocol.pause Pausing ProtocolHandler ["ajp-nio-8009"]
23-May-2018 13:11:37.112 INFORMAÇÕES [main] org.apache.catalina.core.StandardService.stopInternal Stopping service [Catalina]
23-May-2018 13:11:37.127 INFORMAÇÕES [main] org.apache.coyote.AbstractProtocol.stop Stopping ProtocolHandler ["http-nio-8080"]
23-May-2018 13:11:37.127 INFORMAÇÕES [main] org.apache.coyote.AbstractProtocol.stop Stopping ProtocolHandler ["ajp-nio-8009"]
23-May-2018 13:11:37.127 INFORMAÇÕES [main] org.apache.coyote.AbstractProtocol.destroy Destroying ProtocolHandler ["http-nio-8080"]
23-May-2018 13:11:37.127 INFORMAÇÕES [main] org.apache.coyote.AbstractProtocol.destroy Destroying ProtocolHandler ["ajp-nio-8009"]
