17-May-2018 12:28:08.390 INFORMA합ES [http-nio-8080-exec-5] org.apache.catalina.core.ApplicationContext.log Manager: init: Associated with Deployer 'Catalina:type=Deployer,host=localhost'
17-May-2018 12:28:08.390 INFORMA합ES [http-nio-8080-exec-5] org.apache.catalina.core.ApplicationContext.log Manager: init: Global resources are available
17-May-2018 12:28:08.842 INFORMA합ES [http-nio-8080-exec-2] org.apache.catalina.core.ApplicationContext.log Manager: list: Listing contexts for virtual host 'localhost'
17-May-2018 12:28:08.851 INFORMA합ES [http-nio-8080-exec-10] org.apache.catalina.core.ApplicationContext.log Manager: list: Listing contexts for virtual host 'localhost'
17-May-2018 12:28:08.875 INFORMA합ES [http-nio-8080-exec-1] org.apache.catalina.core.ApplicationContext.log Manager: restart: Reloading web application '/truco'
17-May-2018 12:36:06.998 INFORMA합ES [http-nio-8080-exec-14] org.apache.catalina.core.ApplicationContext.log Manager: list: Listing contexts for virtual host 'localhost'
17-May-2018 12:36:07.008 INFORMA합ES [http-nio-8080-exec-11] org.apache.catalina.core.ApplicationContext.log Manager: restart: Reloading web application '/truco'
17-May-2018 12:37:20.318 INFORMA합ES [http-nio-8080-exec-16] org.apache.catalina.core.ApplicationContext.log Manager: list: Listing contexts for virtual host 'localhost'
17-May-2018 12:37:20.327 INFORMA합ES [http-nio-8080-exec-13] org.apache.catalina.core.ApplicationContext.log Manager: restart: Reloading web application '/truco'
17-May-2018 12:37:34.918 INFORMA합ES [http-nio-8080-exec-23] org.apache.catalina.core.ApplicationContext.log Manager: list: Listing contexts for virtual host 'localhost'
17-May-2018 12:37:34.926 INFORMA합ES [http-nio-8080-exec-24] org.apache.catalina.core.ApplicationContext.log Manager: restart: Reloading web application '/truco'
17-May-2018 12:40:23.335 INFORMA합ES [http-nio-8080-exec-29] org.apache.catalina.core.ApplicationContext.log Manager: list: Listing contexts for virtual host 'localhost'
17-May-2018 12:40:23.345 INFORMA합ES [http-nio-8080-exec-32] org.apache.catalina.core.ApplicationContext.log Manager: restart: Reloading web application '/truco'
17-May-2018 12:42:04.195 INFORMA합ES [http-nio-8080-exec-26] org.apache.catalina.core.ApplicationContext.log Manager: list: Listing contexts for virtual host 'localhost'
17-May-2018 12:42:04.204 INFORMA합ES [http-nio-8080-exec-18] org.apache.catalina.core.ApplicationContext.log Manager: restart: Reloading web application '/truco'
17-May-2018 12:42:17.231 INFORMA합ES [http-nio-8080-exec-31] org.apache.catalina.core.ApplicationContext.log Manager: list: Listing contexts for virtual host 'localhost'
17-May-2018 12:42:17.242 INFORMA합ES [http-nio-8080-exec-36] org.apache.catalina.core.ApplicationContext.log Manager: restart: Reloading web application '/truco'
17-May-2018 12:42:42.219 INFORMA합ES [http-nio-8080-exec-31] org.apache.catalina.core.ApplicationContext.log Manager: list: Listing contexts for virtual host 'localhost'
17-May-2018 12:42:42.231 INFORMA합ES [http-nio-8080-exec-38] org.apache.catalina.core.ApplicationContext.log Manager: restart: Reloading web application '/truco'
17-May-2018 12:44:10.410 INFORMA합ES [http-nio-8080-exec-31] org.apache.catalina.core.ApplicationContext.log Manager: list: Listing contexts for virtual host 'localhost'
17-May-2018 12:44:10.421 INFORMA합ES [http-nio-8080-exec-26] org.apache.catalina.core.ApplicationContext.log Manager: restart: Reloading web application '/truco'
17-May-2018 12:47:25.755 INFORMA합ES [http-nio-8080-exec-47] org.apache.catalina.core.ApplicationContext.log Manager: list: Listing contexts for virtual host 'localhost'
17-May-2018 12:47:25.765 INFORMA합ES [http-nio-8080-exec-48] org.apache.catalina.core.ApplicationContext.log Manager: restart: Reloading web application '/truco'
17-May-2018 12:51:16.699 INFORMA합ES [http-nio-8080-exec-56] org.apache.catalina.core.ApplicationContext.log Manager: list: Listing contexts for virtual host 'localhost'
17-May-2018 12:53:20.265 INFORMA합ES [http-nio-8080-exec-53] org.apache.catalina.core.ApplicationContext.log Manager: list: Listing contexts for virtual host 'localhost'
17-May-2018 12:53:20.276 INFORMA합ES [http-nio-8080-exec-54] org.apache.catalina.core.ApplicationContext.log Manager: restart: Reloading web application '/truco'
17-May-2018 12:53:24.889 INFORMA합ES [http-nio-8080-exec-56] org.apache.catalina.core.ApplicationContext.log Manager: list: Listing contexts for virtual host 'localhost'
17-May-2018 12:53:24.898 INFORMA합ES [http-nio-8080-exec-57] org.apache.catalina.core.ApplicationContext.log Manager: restart: Reloading web application '/truco'
17-May-2018 12:55:11.309 INFORMA합ES [http-nio-8080-exec-56] org.apache.catalina.core.ApplicationContext.log Manager: list: Listing contexts for virtual host 'localhost'
17-May-2018 12:55:11.320 INFORMA합ES [http-nio-8080-exec-62] org.apache.catalina.core.ApplicationContext.log Manager: restart: Reloading web application '/truco'
17-May-2018 12:55:36.185 INFORMA합ES [http-nio-8080-exec-65] org.apache.catalina.core.ApplicationContext.log Manager: list: Listing contexts for virtual host 'localhost'
17-May-2018 12:55:36.196 INFORMA합ES [http-nio-8080-exec-56] org.apache.catalina.core.ApplicationContext.log Manager: restart: Reloading web application '/truco'
17-May-2018 12:58:35.642 INFORMA합ES [http-nio-8080-exec-73] org.apache.catalina.core.ApplicationContext.log Manager: list: Listing contexts for virtual host 'localhost'
17-May-2018 12:58:35.652 INFORMA합ES [http-nio-8080-exec-76] org.apache.catalina.core.ApplicationContext.log Manager: restart: Reloading web application '/truco'
17-May-2018 12:59:24.339 INFORMA합ES [http-nio-8080-exec-70] org.apache.catalina.core.ApplicationContext.log Manager: list: Listing contexts for virtual host 'localhost'
17-May-2018 12:59:24.349 INFORMA합ES [http-nio-8080-exec-75] org.apache.catalina.core.ApplicationContext.log Manager: restart: Reloading web application '/truco'
17-May-2018 13:01:57.677 INFORMA합ES [http-nio-8080-exec-81] org.apache.catalina.core.ApplicationContext.log Manager: list: Listing contexts for virtual host 'localhost'
17-May-2018 13:01:57.686 INFORMA합ES [http-nio-8080-exec-84] org.apache.catalina.core.ApplicationContext.log Manager: restart: Reloading web application '/truco'
17-May-2018 13:04:39.065 INFORMA합ES [http-nio-8080-exec-87] org.apache.catalina.core.ApplicationContext.log Manager: list: Listing contexts for virtual host 'localhost'
17-May-2018 13:04:39.075 INFORMA합ES [http-nio-8080-exec-90] org.apache.catalina.core.ApplicationContext.log Manager: restart: Reloading web application '/truco'
17-May-2018 13:05:23.517 INFORMA합ES [http-nio-8080-exec-71] org.apache.catalina.core.ApplicationContext.log Manager: list: Listing contexts for virtual host 'localhost'
17-May-2018 13:05:23.527 INFORMA합ES [http-nio-8080-exec-89] org.apache.catalina.core.ApplicationContext.log Manager: restart: Reloading web application '/truco'
17-May-2018 13:09:43.308 INFORMA합ES [http-nio-8080-exec-96] org.apache.catalina.core.ApplicationContext.log Manager: list: Listing contexts for virtual host 'localhost'
17-May-2018 13:09:43.319 INFORMA합ES [http-nio-8080-exec-95] org.apache.catalina.core.ApplicationContext.log Manager: restart: Reloading web application '/truco'
17-May-2018 13:10:11.094 INFORMA합ES [http-nio-8080-exec-97] org.apache.catalina.core.ApplicationContext.log Manager: list: Listing contexts for virtual host 'localhost'
17-May-2018 13:10:11.103 INFORMA합ES [http-nio-8080-exec-96] org.apache.catalina.core.ApplicationContext.log Manager: restart: Reloading web application '/truco'
17-May-2018 13:11:04.343 INFORMA합ES [http-nio-8080-exec-94] org.apache.catalina.core.ApplicationContext.log Manager: list: Listing contexts for virtual host 'localhost'
17-May-2018 13:11:04.352 INFORMA합ES [http-nio-8080-exec-100] org.apache.catalina.core.ApplicationContext.log Manager: restart: Reloading web application '/truco'
17-May-2018 13:11:14.028 INFORMA합ES [http-nio-8080-exec-101] org.apache.catalina.core.ApplicationContext.log Manager: list: Listing contexts for virtual host 'localhost'
17-May-2018 13:11:14.038 INFORMA합ES [http-nio-8080-exec-94] org.apache.catalina.core.ApplicationContext.log Manager: restart: Reloading web application '/truco'
17-May-2018 13:11:18.429 INFORMA합ES [http-nio-8080-exec-108] org.apache.catalina.core.ApplicationContext.log Manager: list: Listing contexts for virtual host 'localhost'
17-May-2018 13:11:18.439 INFORMA합ES [http-nio-8080-exec-97] org.apache.catalina.core.ApplicationContext.log Manager: restart: Reloading web application '/truco'
17-May-2018 13:13:36.032 INFORMA합ES [http-nio-8080-exec-113] org.apache.catalina.core.ApplicationContext.log Manager: list: Listing contexts for virtual host 'localhost'
17-May-2018 13:13:36.043 INFORMA합ES [http-nio-8080-exec-116] org.apache.catalina.core.ApplicationContext.log Manager: restart: Reloading web application '/truco'
17-May-2018 13:14:41.912 INFORMA합ES [http-nio-8080-exec-115] org.apache.catalina.core.ApplicationContext.log Manager: list: Listing contexts for virtual host 'localhost'
17-May-2018 13:14:41.921 INFORMA합ES [http-nio-8080-exec-107] org.apache.catalina.core.ApplicationContext.log Manager: restart: Reloading web application '/truco'
17-May-2018 13:18:23.454 INFORMA합ES [http-nio-8080-exec-123] org.apache.catalina.core.ApplicationContext.log Manager: list: Listing contexts for virtual host 'localhost'
17-May-2018 13:18:23.463 INFORMA합ES [http-nio-8080-exec-124] org.apache.catalina.core.ApplicationContext.log Manager: restart: Reloading web application '/truco'
17-May-2018 13:20:27.952 INFORMA합ES [http-nio-8080-exec-131] org.apache.catalina.core.ApplicationContext.log Manager: list: Listing contexts for virtual host 'localhost'
17-May-2018 13:20:27.962 INFORMA합ES [http-nio-8080-exec-134] org.apache.catalina.core.ApplicationContext.log Manager: restart: Reloading web application '/truco'
17-May-2018 13:20:35.023 INFORMA합ES [http-nio-8080-exec-133] org.apache.catalina.core.ApplicationContext.log Manager: list: Listing contexts for virtual host 'localhost'
17-May-2018 13:20:35.032 INFORMA합ES [http-nio-8080-exec-125] org.apache.catalina.core.ApplicationContext.log Manager: restart: Reloading web application '/truco'
17-May-2018 13:21:01.084 INFORMA합ES [http-nio-8080-exec-130] org.apache.catalina.core.ApplicationContext.log Manager: list: Listing contexts for virtual host 'localhost'
17-May-2018 13:21:01.093 INFORMA합ES [http-nio-8080-exec-103] org.apache.catalina.core.ApplicationContext.log Manager: restart: Reloading web application '/truco'
17-May-2018 13:34:34.476 INFORMA합ES [http-nio-8080-exec-141] org.apache.catalina.core.ApplicationContext.log Manager: list: Listing contexts for virtual host 'localhost'
17-May-2018 13:34:34.485 INFORMA합ES [http-nio-8080-exec-142] org.apache.catalina.core.ApplicationContext.log Manager: restart: Reloading web application '/truco'
17-May-2018 13:35:42.177 INFORMA합ES [http-nio-8080-exec-141] org.apache.catalina.core.ApplicationContext.log Manager: list: Listing contexts for virtual host 'localhost'
17-May-2018 13:35:42.187 INFORMA합ES [http-nio-8080-exec-146] org.apache.catalina.core.ApplicationContext.log Manager: restart: Reloading web application '/truco'
17-May-2018 13:36:07.923 INFORMA합ES [http-nio-8080-exec-150] org.apache.catalina.core.ApplicationContext.log Manager: list: Listing contexts for virtual host 'localhost'
17-May-2018 13:36:07.929 INFORMA합ES [http-nio-8080-exec-141] org.apache.catalina.core.ApplicationContext.log Manager: list: Listing contexts for virtual host 'localhost'
17-May-2018 13:36:07.950 INFORMA합ES [http-nio-8080-exec-144] org.apache.catalina.core.ApplicationContext.log Manager: restart: Reloading web application '/truco'
17-May-2018 13:36:44.717 INFORMA합ES [http-nio-8080-exec-155] org.apache.catalina.core.ApplicationContext.log Manager: list: Listing contexts for virtual host 'localhost'
17-May-2018 13:36:44.727 INFORMA합ES [http-nio-8080-exec-151] org.apache.catalina.core.ApplicationContext.log Manager: restart: Reloading web application '/truco'
17-May-2018 13:36:51.745 INFORMA합ES [http-nio-8080-exec-155] org.apache.catalina.core.ApplicationContext.log Manager: list: Listing contexts for virtual host 'localhost'
17-May-2018 13:36:51.750 INFORMA합ES [http-nio-8080-exec-157] org.apache.catalina.core.ApplicationContext.log Manager: list: Listing contexts for virtual host 'localhost'
17-May-2018 13:36:51.768 INFORMA합ES [http-nio-8080-exec-156] org.apache.catalina.core.ApplicationContext.log Manager: restart: Reloading web application '/truco'
17-May-2018 13:39:31.944 INFORMA합ES [http-nio-8080-exec-165] org.apache.catalina.core.ApplicationContext.log Manager: list: Listing contexts for virtual host 'localhost'
17-May-2018 13:39:31.953 INFORMA합ES [http-nio-8080-exec-168] org.apache.catalina.core.ApplicationContext.log Manager: restart: Reloading web application '/truco'
17-May-2018 13:39:35.911 INFORMA합ES [http-nio-8080-exec-165] org.apache.catalina.core.ApplicationContext.log Manager: list: Listing contexts for virtual host 'localhost'
17-May-2018 13:39:35.916 INFORMA합ES [http-nio-8080-exec-173] org.apache.catalina.core.ApplicationContext.log Manager: list: Listing contexts for virtual host 'localhost'
17-May-2018 13:39:35.934 INFORMA합ES [http-nio-8080-exec-169] org.apache.catalina.core.ApplicationContext.log Manager: restart: Reloading web application '/truco'
17-May-2018 13:42:33.709 INFORMA합ES [http-nio-8080-exec-179] org.apache.catalina.core.ApplicationContext.log Manager: list: Listing contexts for virtual host 'localhost'
17-May-2018 13:42:33.721 INFORMA합ES [http-nio-8080-exec-177] org.apache.catalina.core.ApplicationContext.log Manager: restart: Reloading web application '/truco'
17-May-2018 13:44:10.590 INFORMA합ES [http-nio-8080-exec-187] org.apache.catalina.core.ApplicationContext.log Manager: list: Listing contexts for virtual host 'localhost'
17-May-2018 13:44:10.600 INFORMA합ES [http-nio-8080-exec-185] org.apache.catalina.core.ApplicationContext.log Manager: restart: Reloading web application '/truco'
17-May-2018 13:44:14.543 INFORMA합ES [http-nio-8080-exec-179] org.apache.catalina.core.ApplicationContext.log Manager: list: Listing contexts for virtual host 'localhost'
17-May-2018 13:44:14.549 INFORMA합ES [http-nio-8080-exec-190] org.apache.catalina.core.ApplicationContext.log Manager: list: Listing contexts for virtual host 'localhost'
17-May-2018 13:44:14.567 INFORMA합ES [http-nio-8080-exec-188] org.apache.catalina.core.ApplicationContext.log Manager: restart: Reloading web application '/truco'
17-May-2018 13:44:56.661 INFORMA합ES [http-nio-8080-exec-189] org.apache.catalina.core.ApplicationContext.log Manager: list: Listing contexts for virtual host 'localhost'
17-May-2018 13:44:56.671 INFORMA합ES [http-nio-8080-exec-201] org.apache.catalina.core.ApplicationContext.log Manager: restart: Reloading web application '/truco'
17-May-2018 13:45:11.565 INFORMA합ES [http-nio-8080-exec-193] org.apache.catalina.core.ApplicationContext.log Manager: list: Listing contexts for virtual host 'localhost'
17-May-2018 13:45:11.571 INFORMA합ES [http-nio-8080-exec-198] org.apache.catalina.core.ApplicationContext.log Manager: list: Listing contexts for virtual host 'localhost'
17-May-2018 13:45:11.590 INFORMA합ES [http-nio-8080-exec-196] org.apache.catalina.core.ApplicationContext.log Manager: restart: Reloading web application '/truco'
17-May-2018 13:46:00.041 INFORMA합ES [http-nio-8080-exec-202] org.apache.catalina.core.ApplicationContext.log Manager: list: Listing contexts for virtual host 'localhost'
17-May-2018 13:46:00.051 INFORMA합ES [http-nio-8080-exec-207] org.apache.catalina.core.ApplicationContext.log Manager: restart: Reloading web application '/truco'
17-May-2018 13:48:23.880 INFORMA합ES [http-nio-8080-exec-213] org.apache.catalina.core.ApplicationContext.log Manager: list: Listing contexts for virtual host 'localhost'
17-May-2018 13:48:23.890 INFORMA합ES [http-nio-8080-exec-216] org.apache.catalina.core.ApplicationContext.log Manager: restart: Reloading web application '/truco'
17-May-2018 13:51:10.614 INFORMA합ES [http-nio-8080-exec-219] org.apache.catalina.core.ApplicationContext.log Manager: list: Listing contexts for virtual host 'localhost'
17-May-2018 13:51:10.624 INFORMA합ES [http-nio-8080-exec-222] org.apache.catalina.core.ApplicationContext.log Manager: restart: Reloading web application '/truco'
17-May-2018 13:51:14.890 INFORMA합ES [http-nio-8080-exec-217] org.apache.catalina.core.ApplicationContext.log Manager: list: Listing contexts for virtual host 'localhost'
17-May-2018 13:51:14.897 INFORMA합ES [http-nio-8080-exec-212] org.apache.catalina.core.ApplicationContext.log Manager: list: Listing contexts for virtual host 'localhost'
17-May-2018 13:51:14.917 INFORMA합ES [http-nio-8080-exec-213] org.apache.catalina.core.ApplicationContext.log Manager: restart: Reloading web application '/truco'
17-May-2018 13:52:28.893 INFORMA합ES [http-nio-8080-exec-226] org.apache.catalina.core.ApplicationContext.log Manager: list: Listing contexts for virtual host 'localhost'
17-May-2018 13:52:28.902 INFORMA합ES [http-nio-8080-exec-229] org.apache.catalina.core.ApplicationContext.log Manager: restart: Reloading web application '/truco'
17-May-2018 13:52:39.339 INFORMA합ES [http-nio-8080-exec-228] org.apache.catalina.core.ApplicationContext.log Manager: list: Listing contexts for virtual host 'localhost'
17-May-2018 13:52:39.348 INFORMA합ES [http-nio-8080-exec-218] org.apache.catalina.core.ApplicationContext.log Manager: restart: Reloading web application '/truco'
17-May-2018 13:54:24.063 INFORMA합ES [http-nio-8080-exec-230] org.apache.catalina.core.ApplicationContext.log Manager: list: Listing contexts for virtual host 'localhost'
17-May-2018 13:54:24.074 INFORMA합ES [http-nio-8080-exec-228] org.apache.catalina.core.ApplicationContext.log Manager: restart: Reloading web application '/truco'
17-May-2018 13:54:28.950 INFORMA합ES [http-nio-8080-exec-235] org.apache.catalina.core.ApplicationContext.log Manager: list: Listing contexts for virtual host 'localhost'
17-May-2018 13:54:28.961 INFORMA합ES [http-nio-8080-exec-225] org.apache.catalina.core.ApplicationContext.log Manager: restart: Reloading web application '/truco'
17-May-2018 13:54:51.866 INFORMA합ES [http-nio-8080-exec-241] org.apache.catalina.core.ApplicationContext.log Manager: list: Listing contexts for virtual host 'localhost'
17-May-2018 13:54:51.873 INFORMA합ES [http-nio-8080-exec-227] org.apache.catalina.core.ApplicationContext.log Manager: list: Listing contexts for virtual host 'localhost'
17-May-2018 13:54:51.892 INFORMA합ES [http-nio-8080-exec-239] org.apache.catalina.core.ApplicationContext.log Manager: restart: Reloading web application '/truco'
17-May-2018 14:00:50.735 INFORMA합ES [http-nio-8080-exec-250] org.apache.catalina.core.ApplicationContext.log Manager: list: Listing contexts for virtual host 'localhost'
17-May-2018 14:00:50.742 INFORMA합ES [http-nio-8080-exec-251] org.apache.catalina.core.ApplicationContext.log Manager: list: Listing contexts for virtual host 'localhost'
17-May-2018 14:02:06.915 INFORMA합ES [http-nio-8080-exec-247] org.apache.catalina.core.ApplicationContext.log Manager: list: Listing contexts for virtual host 'localhost'
17-May-2018 14:02:06.925 INFORMA합ES [http-nio-8080-exec-244] org.apache.catalina.core.ApplicationContext.log Manager: restart: Reloading web application '/truco'
17-May-2018 14:02:11.227 INFORMA합ES [http-nio-8080-exec-248] org.apache.catalina.core.ApplicationContext.log Manager: list: Listing contexts for virtual host 'localhost'
17-May-2018 14:02:11.233 INFORMA합ES [http-nio-8080-exec-253] org.apache.catalina.core.ApplicationContext.log Manager: list: Listing contexts for virtual host 'localhost'
17-May-2018 14:02:11.252 INFORMA합ES [http-nio-8080-exec-250] org.apache.catalina.core.ApplicationContext.log Manager: restart: Reloading web application '/truco'
17-May-2018 14:04:12.659 INFORMA합ES [http-nio-8080-exec-260] org.apache.catalina.core.ApplicationContext.log Manager: list: Listing contexts for virtual host 'localhost'
17-May-2018 14:04:12.668 INFORMA합ES [http-nio-8080-exec-258] org.apache.catalina.core.ApplicationContext.log Manager: restart: Reloading web application '/truco'
17-May-2018 14:04:28.575 INFORMA합ES [http-nio-8080-exec-246] org.apache.catalina.core.ApplicationContext.log Manager: list: Listing contexts for virtual host 'localhost'
17-May-2018 14:04:28.583 INFORMA합ES [http-nio-8080-exec-256] org.apache.catalina.core.ApplicationContext.log Manager: restart: Reloading web application '/truco'
17-May-2018 14:04:44.174 INFORMA합ES [http-nio-8080-exec-260] org.apache.catalina.core.ApplicationContext.log Manager: list: Listing contexts for virtual host 'localhost'
17-May-2018 14:04:44.180 INFORMA합ES [http-nio-8080-exec-262] org.apache.catalina.core.ApplicationContext.log Manager: list: Listing contexts for virtual host 'localhost'
17-May-2018 14:04:44.199 INFORMA합ES [http-nio-8080-exec-263] org.apache.catalina.core.ApplicationContext.log Manager: restart: Reloading web application '/truco'
17-May-2018 14:05:58.940 INFORMA합ES [http-nio-8080-exec-269] org.apache.catalina.core.ApplicationContext.log Manager: list: Listing contexts for virtual host 'localhost'
17-May-2018 14:05:58.950 INFORMA합ES [http-nio-8080-exec-254] org.apache.catalina.core.ApplicationContext.log Manager: restart: Reloading web application '/truco'
17-May-2018 14:06:15.817 INFORMA합ES [http-nio-8080-exec-265] org.apache.catalina.core.ApplicationContext.log Manager: list: Listing contexts for virtual host 'localhost'
17-May-2018 14:06:15.827 INFORMA합ES [http-nio-8080-exec-261] org.apache.catalina.core.ApplicationContext.log Manager: restart: Reloading web application '/truco'
17-May-2018 14:06:31.775 INFORMA합ES [http-nio-8080-exec-269] org.apache.catalina.core.ApplicationContext.log Manager: list: Listing contexts for virtual host 'localhost'
17-May-2018 14:06:31.786 INFORMA합ES [http-nio-8080-exec-271] org.apache.catalina.core.ApplicationContext.log Manager: restart: Reloading web application '/truco'
17-May-2018 14:06:59.068 INFORMA합ES [http-nio-8080-exec-246] org.apache.catalina.core.ApplicationContext.log Manager: list: Listing contexts for virtual host 'localhost'
17-May-2018 14:06:59.074 INFORMA합ES [http-nio-8080-exec-268] org.apache.catalina.core.ApplicationContext.log Manager: list: Listing contexts for virtual host 'localhost'
17-May-2018 14:06:59.093 INFORMA합ES [http-nio-8080-exec-274] org.apache.catalina.core.ApplicationContext.log Manager: restart: Reloading web application '/truco'
17-May-2018 14:07:55.737 INFORMA합ES [http-nio-8080-exec-281] org.apache.catalina.core.ApplicationContext.log Manager: list: Listing contexts for virtual host 'localhost'
17-May-2018 14:07:55.746 INFORMA합ES [http-nio-8080-exec-286] org.apache.catalina.core.ApplicationContext.log Manager: restart: Reloading web application '/truco'
17-May-2018 14:08:19.604 INFORMA합ES [http-nio-8080-exec-281] org.apache.catalina.core.ApplicationContext.log Manager: list: Listing contexts for virtual host 'localhost'
17-May-2018 14:08:19.609 INFORMA합ES [http-nio-8080-exec-282] org.apache.catalina.core.ApplicationContext.log Manager: list: Listing contexts for virtual host 'localhost'
17-May-2018 14:08:19.627 INFORMA합ES [http-nio-8080-exec-268] org.apache.catalina.core.ApplicationContext.log Manager: restart: Reloading web application '/truco'
17-May-2018 14:10:01.494 INFORMA합ES [http-nio-8080-exec-294] org.apache.catalina.core.ApplicationContext.log Manager: list: Listing contexts for virtual host 'localhost'
17-May-2018 14:10:01.502 INFORMA합ES [http-nio-8080-exec-293] org.apache.catalina.core.ApplicationContext.log Manager: restart: Reloading web application '/truco'
17-May-2018 14:10:19.445 INFORMA합ES [http-nio-8080-exec-292] org.apache.catalina.core.ApplicationContext.log Manager: list: Listing contexts for virtual host 'localhost'
17-May-2018 14:10:19.451 INFORMA합ES [http-nio-8080-exec-298] org.apache.catalina.core.ApplicationContext.log Manager: list: Listing contexts for virtual host 'localhost'
17-May-2018 14:10:19.471 INFORMA합ES [http-nio-8080-exec-294] org.apache.catalina.core.ApplicationContext.log Manager: restart: Reloading web application '/truco'
17-May-2018 14:11:10.763 INFORMA합ES [http-nio-8080-exec-292] org.apache.catalina.core.ApplicationContext.log Manager: list: Listing contexts for virtual host 'localhost'
17-May-2018 14:11:10.772 INFORMA합ES [http-nio-8080-exec-308] org.apache.catalina.core.ApplicationContext.log Manager: restart: Reloading web application '/truco'
17-May-2018 14:11:24.671 INFORMA합ES [http-nio-8080-exec-307] org.apache.catalina.core.ApplicationContext.log Manager: list: Listing contexts for virtual host 'localhost'
17-May-2018 14:11:24.676 INFORMA합ES [http-nio-8080-exec-303] org.apache.catalina.core.ApplicationContext.log Manager: list: Listing contexts for virtual host 'localhost'
17-May-2018 14:11:24.696 INFORMA합ES [http-nio-8080-exec-301] org.apache.catalina.core.ApplicationContext.log Manager: restart: Reloading web application '/truco'
17-May-2018 14:12:12.662 INFORMA합ES [http-nio-8080-exec-314] org.apache.catalina.core.ApplicationContext.log Manager: list: Listing contexts for virtual host 'localhost'
17-May-2018 14:12:12.673 INFORMA합ES [http-nio-8080-exec-303] org.apache.catalina.core.ApplicationContext.log Manager: restart: Reloading web application '/truco'
17-May-2018 14:12:15.416 INFORMA합ES [http-nio-8080-exec-313] org.apache.catalina.core.ApplicationContext.log Manager: list: Listing contexts for virtual host 'localhost'
17-May-2018 14:12:15.422 INFORMA합ES [http-nio-8080-exec-307] org.apache.catalina.core.ApplicationContext.log Manager: list: Listing contexts for virtual host 'localhost'
17-May-2018 14:12:15.438 INFORMA합ES [http-nio-8080-exec-314] org.apache.catalina.core.ApplicationContext.log Manager: restart: Reloading web application '/truco'
17-May-2018 14:13:50.030 INFORMA합ES [http-nio-8080-exec-322] org.apache.catalina.core.ApplicationContext.log Manager: list: Listing contexts for virtual host 'localhost'
17-May-2018 14:13:50.040 INFORMA합ES [http-nio-8080-exec-320] org.apache.catalina.core.ApplicationContext.log Manager: restart: Reloading web application '/truco'
17-May-2018 14:13:56.799 INFORMA합ES [http-nio-8080-exec-325] org.apache.catalina.core.ApplicationContext.log Manager: list: Listing contexts for virtual host 'localhost'
17-May-2018 14:13:56.807 INFORMA합ES [http-nio-8080-exec-323] org.apache.catalina.core.ApplicationContext.log Manager: restart: Reloading web application '/truco'
17-May-2018 14:14:00.269 INFORMA합ES [http-nio-8080-exec-304] org.apache.catalina.core.ApplicationContext.log Manager: list: Listing contexts for virtual host 'localhost'
17-May-2018 14:14:00.279 INFORMA합ES [http-nio-8080-exec-325] org.apache.catalina.core.ApplicationContext.log Manager: restart: Reloading web application '/truco'
17-May-2018 14:14:12.402 INFORMA합ES [http-nio-8080-exec-330] org.apache.catalina.core.ApplicationContext.log Manager: list: Listing contexts for virtual host 'localhost'
17-May-2018 14:14:12.411 INFORMA합ES [http-nio-8080-exec-329] org.apache.catalina.core.ApplicationContext.log Manager: restart: Reloading web application '/truco'
17-May-2018 14:14:23.063 INFORMA합ES [http-nio-8080-exec-319] org.apache.catalina.core.ApplicationContext.log Manager: list: Listing contexts for virtual host 'localhost'
17-May-2018 14:14:23.072 INFORMA합ES [http-nio-8080-exec-322] org.apache.catalina.core.ApplicationContext.log Manager: restart: Reloading web application '/truco'
17-May-2018 14:14:29.607 INFORMA합ES [http-nio-8080-exec-319] org.apache.catalina.core.ApplicationContext.log Manager: list: Listing contexts for virtual host 'localhost'
17-May-2018 14:14:29.613 INFORMA합ES [http-nio-8080-exec-334] org.apache.catalina.core.ApplicationContext.log Manager: list: Listing contexts for virtual host 'localhost'
17-May-2018 14:14:29.632 INFORMA합ES [http-nio-8080-exec-332] org.apache.catalina.core.ApplicationContext.log Manager: restart: Reloading web application '/truco'
17-May-2018 14:42:32.051 INFORMA합ES [http-nio-8080-exec-341] org.apache.catalina.core.ApplicationContext.log Manager: list: Listing contexts for virtual host 'localhost'
17-May-2018 14:42:32.065 INFORMA합ES [http-nio-8080-exec-339] org.apache.catalina.core.ApplicationContext.log Manager: restart: Reloading web application '/truco'
17-May-2018 14:42:41.068 INFORMA합ES [http-nio-8080-exec-341] org.apache.catalina.core.ApplicationContext.log Manager: list: Listing contexts for virtual host 'localhost'
17-May-2018 14:42:41.073 INFORMA합ES [http-nio-8080-exec-340] org.apache.catalina.core.ApplicationContext.log Manager: list: Listing contexts for virtual host 'localhost'
17-May-2018 14:42:41.090 INFORMA합ES [http-nio-8080-exec-343] org.apache.catalina.core.ApplicationContext.log Manager: restart: Reloading web application '/truco'
17-May-2018 14:44:09.819 INFORMA합ES [http-nio-8080-exec-353] org.apache.catalina.core.ApplicationContext.log Manager: list: Listing contexts for virtual host 'localhost'
17-May-2018 14:44:09.828 INFORMA합ES [http-nio-8080-exec-354] org.apache.catalina.core.ApplicationContext.log Manager: restart: Reloading web application '/truco'
17-May-2018 14:44:32.099 INFORMA합ES [http-nio-8080-exec-350] org.apache.catalina.core.ApplicationContext.log Manager: list: Listing contexts for virtual host 'localhost'
17-May-2018 14:44:32.108 INFORMA합ES [http-nio-8080-exec-357] org.apache.catalina.core.ApplicationContext.log Manager: restart: Reloading web application '/truco'
17-May-2018 14:44:48.220 INFORMA합ES [http-nio-8080-exec-353] org.apache.catalina.core.ApplicationContext.log Manager: list: Listing contexts for virtual host 'localhost'
17-May-2018 14:44:48.229 INFORMA합ES [http-nio-8080-exec-352] org.apache.catalina.core.ApplicationContext.log Manager: restart: Reloading web application '/truco'
17-May-2018 14:45:07.714 INFORMA합ES [http-nio-8080-exec-360] org.apache.catalina.core.ApplicationContext.log Manager: list: Listing contexts for virtual host 'localhost'
17-May-2018 14:45:07.720 INFORMA합ES [http-nio-8080-exec-359] org.apache.catalina.core.ApplicationContext.log Manager: list: Listing contexts for virtual host 'localhost'
17-May-2018 14:45:07.739 INFORMA합ES [http-nio-8080-exec-353] org.apache.catalina.core.ApplicationContext.log Manager: restart: Reloading web application '/truco'
17-May-2018 14:46:02.473 INFORMA합ES [http-nio-8080-exec-367] org.apache.catalina.core.ApplicationContext.log Manager: list: Listing contexts for virtual host 'localhost'
17-May-2018 14:46:02.482 INFORMA합ES [http-nio-8080-exec-361] org.apache.catalina.core.ApplicationContext.log Manager: restart: Reloading web application '/truco'
17-May-2018 14:46:51.684 INFORMA합ES [http-nio-8080-exec-363] org.apache.catalina.core.ApplicationContext.log Manager: list: Listing contexts for virtual host 'localhost'
17-May-2018 14:46:51.693 INFORMA합ES [http-nio-8080-exec-364] org.apache.catalina.core.ApplicationContext.log Manager: restart: Reloading web application '/truco'
17-May-2018 14:47:10.510 INFORMA합ES [http-nio-8080-exec-367] org.apache.catalina.core.ApplicationContext.log Manager: list: Listing contexts for virtual host 'localhost'
17-May-2018 14:47:10.516 INFORMA합ES [http-nio-8080-exec-369] org.apache.catalina.core.ApplicationContext.log Manager: list: Listing contexts for virtual host 'localhost'
17-May-2018 14:47:10.535 INFORMA합ES [http-nio-8080-exec-366] org.apache.catalina.core.ApplicationContext.log Manager: restart: Reloading web application '/truco'
17-May-2018 14:47:35.302 INFORMA합ES [http-nio-8080-exec-367] org.apache.catalina.core.ApplicationContext.log Manager: list: Listing contexts for virtual host 'localhost'
17-May-2018 14:47:35.312 INFORMA합ES [http-nio-8080-exec-376] org.apache.catalina.core.ApplicationContext.log Manager: restart: Reloading web application '/truco'
17-May-2018 14:48:44.938 INFORMA합ES [http-nio-8080-exec-367] org.apache.catalina.core.ApplicationContext.log Manager: list: Listing contexts for virtual host 'localhost'
17-May-2018 14:48:44.947 INFORMA합ES [http-nio-8080-exec-377] org.apache.catalina.core.ApplicationContext.log Manager: restart: Reloading web application '/truco'
17-May-2018 14:48:49.320 INFORMA합ES [http-nio-8080-exec-365] org.apache.catalina.core.ApplicationContext.log Manager: list: Listing contexts for virtual host 'localhost'
17-May-2018 14:48:49.325 INFORMA합ES [http-nio-8080-exec-379] org.apache.catalina.core.ApplicationContext.log Manager: list: Listing contexts for virtual host 'localhost'
17-May-2018 14:48:49.342 INFORMA합ES [http-nio-8080-exec-367] org.apache.catalina.core.ApplicationContext.log Manager: restart: Reloading web application '/truco'
17-May-2018 14:49:59.067 INFORMA합ES [http-nio-8080-exec-391] org.apache.catalina.core.ApplicationContext.log Manager: list: Listing contexts for virtual host 'localhost'
17-May-2018 14:49:59.075 INFORMA합ES [http-nio-8080-exec-389] org.apache.catalina.core.ApplicationContext.log Manager: restart: Reloading web application '/truco'
17-May-2018 14:52:36.181 INFORMA합ES [http-nio-8080-exec-398] org.apache.catalina.core.ApplicationContext.log Manager: list: Listing contexts for virtual host 'localhost'
17-May-2018 14:52:36.191 INFORMA합ES [http-nio-8080-exec-401] org.apache.catalina.core.ApplicationContext.log Manager: restart: Reloading web application '/truco'
17-May-2018 14:53:03.633 INFORMA합ES [http-nio-8080-exec-390] org.apache.catalina.core.ApplicationContext.log Manager: list: Listing contexts for virtual host 'localhost'
17-May-2018 14:53:03.643 INFORMA합ES [http-nio-8080-exec-395] org.apache.catalina.core.ApplicationContext.log Manager: restart: Reloading web application '/truco'
17-May-2018 14:53:13.988 INFORMA합ES [http-nio-8080-exec-396] org.apache.catalina.core.ApplicationContext.log Manager: list: Listing contexts for virtual host 'localhost'
17-May-2018 14:53:13.997 INFORMA합ES [http-nio-8080-exec-378] org.apache.catalina.core.ApplicationContext.log Manager: restart: Reloading web application '/truco'
17-May-2018 14:53:22.826 INFORMA합ES [http-nio-8080-exec-399] org.apache.catalina.core.ApplicationContext.log Manager: list: Listing contexts for virtual host 'localhost'
17-May-2018 14:53:22.832 INFORMA합ES [http-nio-8080-exec-402] org.apache.catalina.core.ApplicationContext.log Manager: list: Listing contexts for virtual host 'localhost'
17-May-2018 14:53:22.849 INFORMA합ES [http-nio-8080-exec-398] org.apache.catalina.core.ApplicationContext.log Manager: restart: Reloading web application '/truco'
17-May-2018 14:54:17.086 INFORMA합ES [http-nio-8080-exec-405] org.apache.catalina.core.ApplicationContext.log Manager: list: Listing contexts for virtual host 'localhost'
17-May-2018 14:54:17.096 INFORMA합ES [http-nio-8080-exec-406] org.apache.catalina.core.ApplicationContext.log Manager: restart: Reloading web application '/truco'
17-May-2018 14:54:57.117 INFORMA합ES [http-nio-8080-exec-412] org.apache.catalina.core.ApplicationContext.log Manager: list: Listing contexts for virtual host 'localhost'
17-May-2018 14:54:57.122 INFORMA합ES [http-nio-8080-exec-414] org.apache.catalina.core.ApplicationContext.log Manager: list: Listing contexts for virtual host 'localhost'
17-May-2018 14:54:57.142 INFORMA합ES [http-nio-8080-exec-416] org.apache.catalina.core.ApplicationContext.log Manager: restart: Reloading web application '/truco'
17-May-2018 14:56:17.641 INFORMA합ES [http-nio-8080-exec-422] org.apache.catalina.core.ApplicationContext.log Manager: list: Listing contexts for virtual host 'localhost'
17-May-2018 14:56:17.650 INFORMA합ES [http-nio-8080-exec-419] org.apache.catalina.core.ApplicationContext.log Manager: restart: Reloading web application '/truco'
17-May-2018 14:56:26.312 INFORMA합ES [http-nio-8080-exec-421] org.apache.catalina.core.ApplicationContext.log Manager: list: Listing contexts for virtual host 'localhost'
17-May-2018 14:56:26.317 INFORMA합ES [http-nio-8080-exec-424] org.apache.catalina.core.ApplicationContext.log Manager: list: Listing contexts for virtual host 'localhost'
17-May-2018 14:56:26.334 INFORMA합ES [http-nio-8080-exec-422] org.apache.catalina.core.ApplicationContext.log Manager: restart: Reloading web application '/truco'
17-May-2018 14:58:31.821 INFORMA합ES [http-nio-8080-exec-431] org.apache.catalina.core.ApplicationContext.log Manager: list: Listing contexts for virtual host 'localhost'
17-May-2018 14:58:31.831 INFORMA합ES [http-nio-8080-exec-428] org.apache.catalina.core.ApplicationContext.log Manager: restart: Reloading web application '/truco'
17-May-2018 14:58:38.573 INFORMA합ES [http-nio-8080-exec-433] org.apache.catalina.core.ApplicationContext.log Manager: list: Listing contexts for virtual host 'localhost'
17-May-2018 14:58:38.582 INFORMA합ES [http-nio-8080-exec-409] org.apache.catalina.core.ApplicationContext.log Manager: restart: Reloading web application '/truco'
17-May-2018 14:58:46.090 INFORMA합ES [http-nio-8080-exec-426] org.apache.catalina.core.ApplicationContext.log Manager: list: Listing contexts for virtual host 'localhost'
17-May-2018 14:58:46.097 INFORMA합ES [http-nio-8080-exec-434] org.apache.catalina.core.ApplicationContext.log Manager: list: Listing contexts for virtual host 'localhost'
17-May-2018 14:58:46.117 INFORMA합ES [http-nio-8080-exec-432] org.apache.catalina.core.ApplicationContext.log Manager: restart: Reloading web application '/truco'
17-May-2018 15:00:16.816 INFORMA합ES [http-nio-8080-exec-440] org.apache.catalina.core.ApplicationContext.log Manager: list: Listing contexts for virtual host 'localhost'
17-May-2018 15:00:16.826 INFORMA합ES [http-nio-8080-exec-442] org.apache.catalina.core.ApplicationContext.log Manager: restart: Reloading web application '/truco'
17-May-2018 15:00:24.074 INFORMA합ES [http-nio-8080-exec-446] org.apache.catalina.core.ApplicationContext.log Manager: list: Listing contexts for virtual host 'localhost'
17-May-2018 15:00:24.083 INFORMA합ES [http-nio-8080-exec-441] org.apache.catalina.core.ApplicationContext.log Manager: restart: Reloading web application '/truco'
17-May-2018 15:04:41.708 INFORMA합ES [http-nio-8080-exec-452] org.apache.catalina.core.ApplicationContext.log Manager: list: Listing contexts for virtual host 'localhost'
17-May-2018 15:04:41.718 INFORMA합ES [http-nio-8080-exec-451] org.apache.catalina.core.ApplicationContext.log Manager: restart: Reloading web application '/truco'
17-May-2018 15:04:50.622 INFORMA합ES [http-nio-8080-exec-455] org.apache.catalina.core.ApplicationContext.log Manager: list: Listing contexts for virtual host 'localhost'
17-May-2018 15:04:50.631 INFORMA합ES [http-nio-8080-exec-449] org.apache.catalina.core.ApplicationContext.log Manager: restart: Reloading web application '/truco'
17-May-2018 15:04:57.217 INFORMA합ES [http-nio-8080-exec-454] org.apache.catalina.core.ApplicationContext.log Manager: list: Listing contexts for virtual host 'localhost'
17-May-2018 15:04:57.222 INFORMA합ES [http-nio-8080-exec-452] org.apache.catalina.core.ApplicationContext.log Manager: list: Listing contexts for virtual host 'localhost'
17-May-2018 15:04:57.240 INFORMA합ES [http-nio-8080-exec-460] org.apache.catalina.core.ApplicationContext.log Manager: restart: Reloading web application '/truco'
17-May-2018 15:05:05.743 INFORMA합ES [http-nio-8080-exec-457] org.apache.catalina.core.ApplicationContext.log Manager: list: Listing contexts for virtual host 'localhost'
17-May-2018 15:05:05.753 INFORMA합ES [http-nio-8080-exec-461] org.apache.catalina.core.ApplicationContext.log Manager: restart: Reloading web application '/truco'
17-May-2018 15:05:07.717 INFORMA합ES [http-nio-8080-exec-453] org.apache.catalina.core.ApplicationContext.log Manager: list: Listing contexts for virtual host 'localhost'
17-May-2018 15:05:07.722 INFORMA합ES [http-nio-8080-exec-452] org.apache.catalina.core.ApplicationContext.log Manager: list: Listing contexts for virtual host 'localhost'
17-May-2018 15:05:07.740 INFORMA합ES [http-nio-8080-exec-454] org.apache.catalina.core.ApplicationContext.log Manager: restart: Reloading web application '/truco'
17-May-2018 15:05:25.135 INFORMA합ES [http-nio-8080-exec-450] org.apache.catalina.core.ApplicationContext.log Manager: list: Listing contexts for virtual host 'localhost'
17-May-2018 15:05:25.144 INFORMA합ES [http-nio-8080-exec-464] org.apache.catalina.core.ApplicationContext.log Manager: restart: Reloading web application '/truco'
17-May-2018 15:05:29.454 INFORMA합ES [http-nio-8080-exec-450] org.apache.catalina.core.ApplicationContext.log Manager: list: Listing contexts for virtual host 'localhost'
17-May-2018 15:05:29.460 INFORMA합ES [http-nio-8080-exec-462] org.apache.catalina.core.ApplicationContext.log Manager: list: Listing contexts for virtual host 'localhost'
17-May-2018 15:05:29.482 INFORMA합ES [http-nio-8080-exec-470] org.apache.catalina.core.ApplicationContext.log Manager: restart: Reloading web application '/truco'
17-May-2018 15:05:44.660 INFORMA합ES [http-nio-8080-exec-453] org.apache.catalina.core.ApplicationContext.log Manager: list: Listing contexts for virtual host 'localhost'
17-May-2018 15:05:44.669 INFORMA합ES [http-nio-8080-exec-473] org.apache.catalina.core.ApplicationContext.log Manager: restart: Reloading web application '/truco'
17-May-2018 15:05:50.473 INFORMA합ES [http-nio-8080-exec-453] org.apache.catalina.core.ApplicationContext.log Manager: list: Listing contexts for virtual host 'localhost'
17-May-2018 15:05:50.478 INFORMA합ES [http-nio-8080-exec-462] org.apache.catalina.core.ApplicationContext.log Manager: list: Listing contexts for virtual host 'localhost'
17-May-2018 15:05:50.496 INFORMA합ES [http-nio-8080-exec-477] org.apache.catalina.core.ApplicationContext.log Manager: restart: Reloading web application '/truco'
17-May-2018 15:06:11.430 INFORMA합ES [http-nio-8080-exec-480] org.apache.catalina.core.ApplicationContext.log Manager: list: Listing contexts for virtual host 'localhost'
17-May-2018 15:06:11.438 INFORMA합ES [http-nio-8080-exec-462] org.apache.catalina.core.ApplicationContext.log Manager: restart: Reloading web application '/truco'
17-May-2018 15:07:10.662 INFORMA합ES [http-nio-8080-exec-485] org.apache.catalina.core.ApplicationContext.log Manager: list: Listing contexts for virtual host 'localhost'
17-May-2018 15:07:10.671 INFORMA합ES [http-nio-8080-exec-478] org.apache.catalina.core.ApplicationContext.log Manager: restart: Reloading web application '/truco'
17-May-2018 15:07:17.660 INFORMA합ES [http-nio-8080-exec-486] org.apache.catalina.core.ApplicationContext.log Manager: list: Listing contexts for virtual host 'localhost'
17-May-2018 15:07:17.666 INFORMA합ES [http-nio-8080-exec-480] org.apache.catalina.core.ApplicationContext.log Manager: list: Listing contexts for virtual host 'localhost'
17-May-2018 15:07:17.684 INFORMA합ES [http-nio-8080-exec-484] org.apache.catalina.core.ApplicationContext.log Manager: restart: Reloading web application '/truco'
17-May-2018 15:08:02.196 INFORMA합ES [http-nio-8080-exec-486] org.apache.catalina.core.ApplicationContext.log Manager: list: Listing contexts for virtual host 'localhost'
17-May-2018 15:08:02.206 INFORMA합ES [http-nio-8080-exec-493] org.apache.catalina.core.ApplicationContext.log Manager: restart: Reloading web application '/truco'
17-May-2018 15:11:11.856 INFORMA합ES [http-nio-8080-exec-500] org.apache.catalina.core.ApplicationContext.log Manager: list: Listing contexts for virtual host 'localhost'
17-May-2018 15:11:11.866 INFORMA합ES [http-nio-8080-exec-501] org.apache.catalina.core.ApplicationContext.log Manager: restart: Reloading web application '/truco'
17-May-2018 15:11:24.500 INFORMA합ES [http-nio-8080-exec-503] org.apache.catalina.core.ApplicationContext.log Manager: list: Listing contexts for virtual host 'localhost'
17-May-2018 15:11:24.509 INFORMA합ES [http-nio-8080-exec-498] org.apache.catalina.core.ApplicationContext.log Manager: restart: Reloading web application '/truco'
17-May-2018 15:11:29.823 INFORMA합ES [http-nio-8080-exec-507] org.apache.catalina.core.ApplicationContext.log Manager: list: Listing contexts for virtual host 'localhost'
17-May-2018 15:11:29.833 INFORMA합ES [http-nio-8080-exec-495] org.apache.catalina.core.ApplicationContext.log Manager: restart: Reloading web application '/truco'
17-May-2018 15:11:37.258 INFORMA합ES [http-nio-8080-exec-504] org.apache.catalina.core.ApplicationContext.log Manager: list: Listing contexts for virtual host 'localhost'
17-May-2018 15:11:37.264 INFORMA합ES [http-nio-8080-exec-499] org.apache.catalina.core.ApplicationContext.log Manager: list: Listing contexts for virtual host 'localhost'
17-May-2018 15:11:37.284 INFORMA합ES [http-nio-8080-exec-507] org.apache.catalina.core.ApplicationContext.log Manager: restart: Reloading web application '/truco'
17-May-2018 15:12:56.742 INFORMA합ES [http-nio-8080-exec-515] org.apache.catalina.core.ApplicationContext.log Manager: list: Listing contexts for virtual host 'localhost'
17-May-2018 15:12:56.751 INFORMA합ES [http-nio-8080-exec-512] org.apache.catalina.core.ApplicationContext.log Manager: restart: Reloading web application '/truco'
17-May-2018 15:13:31.601 INFORMA합ES [http-nio-8080-exec-516] org.apache.catalina.core.ApplicationContext.log Manager: list: Listing contexts for virtual host 'localhost'
17-May-2018 15:13:31.611 INFORMA합ES [http-nio-8080-exec-508] org.apache.catalina.core.ApplicationContext.log Manager: restart: Reloading web application '/truco'
17-May-2018 15:13:48.732 INFORMA합ES [http-nio-8080-exec-504] org.apache.catalina.core.ApplicationContext.log Manager: list: Listing contexts for virtual host 'localhost'
17-May-2018 15:13:48.737 INFORMA합ES [http-nio-8080-exec-519] org.apache.catalina.core.ApplicationContext.log Manager: list: Listing contexts for virtual host 'localhost'
17-May-2018 15:13:48.755 INFORMA합ES [http-nio-8080-exec-513] org.apache.catalina.core.ApplicationContext.log Manager: restart: Reloading web application '/truco'
17-May-2018 15:14:20.698 INFORMA합ES [http-nio-8080-exec-525] org.apache.catalina.core.ApplicationContext.log Manager: list: Listing contexts for virtual host 'localhost'
17-May-2018 15:14:20.707 INFORMA합ES [http-nio-8080-exec-519] org.apache.catalina.core.ApplicationContext.log Manager: restart: Reloading web application '/truco'
17-May-2018 15:14:51.587 INFORMA합ES [http-nio-8080-exec-525] org.apache.catalina.core.ApplicationContext.log Manager: list: Listing contexts for virtual host 'localhost'
17-May-2018 15:14:51.596 INFORMA합ES [http-nio-8080-exec-527] org.apache.catalina.core.ApplicationContext.log Manager: restart: Reloading web application '/truco'
17-May-2018 15:14:54.471 INFORMA합ES [http-nio-8080-exec-522] org.apache.catalina.core.ApplicationContext.log Manager: list: Listing contexts for virtual host 'localhost'
17-May-2018 15:14:54.480 INFORMA합ES [http-nio-8080-exec-524] org.apache.catalina.core.ApplicationContext.log Manager: restart: Reloading web application '/truco'
17-May-2018 15:14:58.800 INFORMA합ES [http-nio-8080-exec-531] org.apache.catalina.core.ApplicationContext.log Manager: list: Listing contexts for virtual host 'localhost'
17-May-2018 15:14:58.805 INFORMA합ES [http-nio-8080-exec-525] org.apache.catalina.core.ApplicationContext.log Manager: list: Listing contexts for virtual host 'localhost'
17-May-2018 15:14:58.823 INFORMA합ES [http-nio-8080-exec-532] org.apache.catalina.core.ApplicationContext.log Manager: restart: Reloading web application '/truco'
17-May-2018 15:15:26.688 INFORMA합ES [http-nio-8080-exec-536] org.apache.catalina.core.ApplicationContext.log Manager: list: Listing contexts for virtual host 'localhost'
17-May-2018 15:15:26.698 INFORMA합ES [http-nio-8080-exec-522] org.apache.catalina.core.ApplicationContext.log Manager: restart: Reloading web application '/truco'
17-May-2018 15:15:33.227 INFORMA합ES [http-nio-8080-exec-538] org.apache.catalina.core.ApplicationContext.log Manager: list: Listing contexts for virtual host 'localhost'
17-May-2018 15:15:33.233 INFORMA합ES [http-nio-8080-exec-536] org.apache.catalina.core.ApplicationContext.log Manager: list: Listing contexts for virtual host 'localhost'
17-May-2018 15:15:33.253 INFORMA합ES [http-nio-8080-exec-521] org.apache.catalina.core.ApplicationContext.log Manager: restart: Reloading web application '/truco'
17-May-2018 15:15:49.586 INFORMA합ES [http-nio-8080-exec-541] org.apache.catalina.core.ApplicationContext.log Manager: list: Listing contexts for virtual host 'localhost'
17-May-2018 15:15:49.596 INFORMA합ES [http-nio-8080-exec-543] org.apache.catalina.core.ApplicationContext.log Manager: restart: Reloading web application '/truco'
17-May-2018 15:15:53.927 INFORMA합ES [http-nio-8080-exec-545] org.apache.catalina.core.ApplicationContext.log Manager: list: Listing contexts for virtual host 'localhost'
17-May-2018 15:15:53.933 INFORMA합ES [http-nio-8080-exec-547] org.apache.catalina.core.ApplicationContext.log Manager: list: Listing contexts for virtual host 'localhost'
17-May-2018 15:15:53.952 INFORMA합ES [http-nio-8080-exec-546] org.apache.catalina.core.ApplicationContext.log Manager: restart: Reloading web application '/truco'
17-May-2018 15:16:25.117 INFORMA합ES [http-nio-8080-exec-548] org.apache.catalina.core.ApplicationContext.log Manager: list: Listing contexts for virtual host 'localhost'
17-May-2018 15:16:25.126 INFORMA합ES [http-nio-8080-exec-553] org.apache.catalina.core.ApplicationContext.log Manager: restart: Reloading web application '/truco'
17-May-2018 15:16:31.473 INFORMA합ES [http-nio-8080-exec-556] org.apache.catalina.core.ApplicationContext.log Manager: list: Listing contexts for virtual host 'localhost'
17-May-2018 15:16:31.479 INFORMA합ES [http-nio-8080-exec-548] org.apache.catalina.core.ApplicationContext.log Manager: list: Listing contexts for virtual host 'localhost'
17-May-2018 15:16:31.506 INFORMA합ES [http-nio-8080-exec-547] org.apache.catalina.core.ApplicationContext.log Manager: restart: Reloading web application '/truco'
17-May-2018 15:17:05.897 INFORMA합ES [http-nio-8080-exec-560] org.apache.catalina.core.ApplicationContext.log Manager: list: Listing contexts for virtual host 'localhost'
17-May-2018 15:17:05.906 INFORMA합ES [http-nio-8080-exec-557] org.apache.catalina.core.ApplicationContext.log Manager: restart: Reloading web application '/truco'
17-May-2018 15:18:01.134 INFORMA합ES [http-nio-8080-exec-559] org.apache.catalina.core.ApplicationContext.log Manager: list: Listing contexts for virtual host 'localhost'
17-May-2018 15:18:01.149 INFORMA합ES [http-nio-8080-exec-565] org.apache.catalina.core.ApplicationContext.log Manager: restart: Reloading web application '/truco'
17-May-2018 15:18:09.976 INFORMA합ES [http-nio-8080-exec-562] org.apache.catalina.core.ApplicationContext.log Manager: list: Listing contexts for virtual host 'localhost'
17-May-2018 15:18:09.982 INFORMA합ES [http-nio-8080-exec-554] org.apache.catalina.core.ApplicationContext.log Manager: list: Listing contexts for virtual host 'localhost'
17-May-2018 15:18:10.002 INFORMA합ES [http-nio-8080-exec-561] org.apache.catalina.core.ApplicationContext.log Manager: restart: Reloading web application '/truco'
17-May-2018 15:19:10.488 INFORMA합ES [http-nio-8080-exec-571] org.apache.catalina.core.ApplicationContext.log Manager: list: Listing contexts for virtual host 'localhost'
17-May-2018 15:19:10.498 INFORMA합ES [http-nio-8080-exec-567] org.apache.catalina.core.ApplicationContext.log Manager: restart: Reloading web application '/truco'
17-May-2018 15:19:47.982 INFORMA합ES [http-nio-8080-exec-554] org.apache.catalina.core.ApplicationContext.log Manager: list: Listing contexts for virtual host 'localhost'
17-May-2018 15:19:47.992 INFORMA합ES [http-nio-8080-exec-574] org.apache.catalina.core.ApplicationContext.log Manager: restart: Reloading web application '/truco'
17-May-2018 15:19:59.446 INFORMA합ES [http-nio-8080-exec-575] org.apache.catalina.core.ApplicationContext.log Manager: list: Listing contexts for virtual host 'localhost'
17-May-2018 15:19:59.457 INFORMA합ES [http-nio-8080-exec-576] org.apache.catalina.core.ApplicationContext.log Manager: restart: Reloading web application '/truco'
17-May-2018 15:20:02.598 INFORMA합ES [http-nio-8080-exec-577] org.apache.catalina.core.ApplicationContext.log Manager: list: Listing contexts for virtual host 'localhost'
17-May-2018 15:20:02.604 INFORMA합ES [http-nio-8080-exec-580] org.apache.catalina.core.ApplicationContext.log Manager: list: Listing contexts for virtual host 'localhost'
17-May-2018 15:20:02.621 INFORMA합ES [http-nio-8080-exec-571] org.apache.catalina.core.ApplicationContext.log Manager: restart: Reloading web application '/truco'
17-May-2018 15:22:06.208 INFORMA합ES [http-nio-8080-exec-585] org.apache.catalina.core.ApplicationContext.log Manager: list: Listing contexts for virtual host 'localhost'
17-May-2018 15:22:06.219 INFORMA합ES [http-nio-8080-exec-592] org.apache.catalina.core.ApplicationContext.log Manager: restart: Reloading web application '/truco'
17-May-2018 15:22:12.704 INFORMA합ES [http-nio-8080-exec-583] org.apache.catalina.core.ApplicationContext.log Manager: list: Listing contexts for virtual host 'localhost'
17-May-2018 15:22:12.713 INFORMA합ES [http-nio-8080-exec-585] org.apache.catalina.core.ApplicationContext.log Manager: restart: Reloading web application '/truco'
17-May-2018 15:22:15.781 INFORMA합ES [http-nio-8080-exec-589] org.apache.catalina.core.ApplicationContext.log Manager: list: Listing contexts for virtual host 'localhost'
17-May-2018 15:22:15.790 INFORMA합ES [http-nio-8080-exec-584] org.apache.catalina.core.ApplicationContext.log Manager: restart: Reloading web application '/truco'
17-May-2018 15:28:06.197 INFORMA합ES [http-nio-8080-exec-600] org.apache.catalina.core.ApplicationContext.log Manager: list: Listing contexts for virtual host 'localhost'
17-May-2018 15:28:06.206 INFORMA합ES [http-nio-8080-exec-599] org.apache.catalina.core.ApplicationContext.log Manager: restart: Reloading web application '/truco'
17-May-2018 15:28:29.103 INFORMA합ES [http-nio-8080-exec-601] org.apache.catalina.core.ApplicationContext.log Manager: list: Listing contexts for virtual host 'localhost'
17-May-2018 15:28:29.112 INFORMA합ES [http-nio-8080-exec-604] org.apache.catalina.core.ApplicationContext.log Manager: restart: Reloading web application '/truco'
17-May-2018 15:28:39.039 INFORMA합ES [http-nio-8080-exec-603] org.apache.catalina.core.ApplicationContext.log Manager: list: Listing contexts for virtual host 'localhost'
17-May-2018 15:28:39.048 INFORMA합ES [http-nio-8080-exec-606] org.apache.catalina.core.ApplicationContext.log Manager: restart: Reloading web application '/truco'
17-May-2018 15:28:45.442 INFORMA합ES [http-nio-8080-exec-609] org.apache.catalina.core.ApplicationContext.log Manager: list: Listing contexts for virtual host 'localhost'
17-May-2018 15:28:45.451 INFORMA합ES [http-nio-8080-exec-598] org.apache.catalina.core.ApplicationContext.log Manager: restart: Reloading web application '/truco'
17-May-2018 15:28:48.727 INFORMA합ES [http-nio-8080-exec-605] org.apache.catalina.core.ApplicationContext.log Manager: list: Listing contexts for virtual host 'localhost'
17-May-2018 15:28:48.734 INFORMA합ES [http-nio-8080-exec-610] org.apache.catalina.core.ApplicationContext.log Manager: list: Listing contexts for virtual host 'localhost'
17-May-2018 15:28:48.751 INFORMA합ES [http-nio-8080-exec-600] org.apache.catalina.core.ApplicationContext.log Manager: restart: Reloading web application '/truco'
17-May-2018 15:30:33.937 INFORMA합ES [http-nio-8080-exec-624] org.apache.catalina.core.ApplicationContext.log Manager: list: Listing contexts for virtual host 'localhost'
17-May-2018 15:30:33.947 INFORMA합ES [http-nio-8080-exec-622] org.apache.catalina.core.ApplicationContext.log Manager: restart: Reloading web application '/truco'
17-May-2018 15:31:50.034 INFORMA합ES [http-nio-8080-exec-619] org.apache.catalina.core.ApplicationContext.log Manager: list: Listing contexts for virtual host 'localhost'
17-May-2018 15:31:50.043 INFORMA합ES [http-nio-8080-exec-623] org.apache.catalina.core.ApplicationContext.log Manager: restart: Reloading web application '/truco'
17-May-2018 15:31:59.486 INFORMA합ES [http-nio-8080-exec-628] org.apache.catalina.core.ApplicationContext.log Manager: list: Listing contexts for virtual host 'localhost'
17-May-2018 15:31:59.491 INFORMA합ES [http-nio-8080-exec-619] org.apache.catalina.core.ApplicationContext.log Manager: list: Listing contexts for virtual host 'localhost'
17-May-2018 15:31:59.510 INFORMA합ES [http-nio-8080-exec-627] org.apache.catalina.core.ApplicationContext.log Manager: restart: Reloading web application '/truco'
17-May-2018 15:33:41.879 INFORMA합ES [http-nio-8080-exec-633] org.apache.catalina.core.ApplicationContext.log Manager: list: Listing contexts for virtual host 'localhost'
17-May-2018 15:33:41.888 INFORMA합ES [http-nio-8080-exec-632] org.apache.catalina.core.ApplicationContext.log Manager: restart: Reloading web application '/truco'
17-May-2018 15:33:54.228 INFORMA합ES [http-nio-8080-exec-635] org.apache.catalina.core.ApplicationContext.log Manager: list: Listing contexts for virtual host 'localhost'
17-May-2018 15:33:54.239 INFORMA합ES [http-nio-8080-exec-624] org.apache.catalina.core.ApplicationContext.log Manager: restart: Reloading web application '/truco'
17-May-2018 15:34:07.696 INFORMA합ES [http-nio-8080-exec-637] org.apache.catalina.core.ApplicationContext.log Manager: list: Listing contexts for virtual host 'localhost'
17-May-2018 15:34:07.702 INFORMA합ES [http-nio-8080-exec-629] org.apache.catalina.core.ApplicationContext.log Manager: list: Listing contexts for virtual host 'localhost'
17-May-2018 15:34:07.721 INFORMA합ES [http-nio-8080-exec-634] org.apache.catalina.core.ApplicationContext.log Manager: restart: Reloading web application '/truco'
17-May-2018 15:35:06.353 INFORMA합ES [http-nio-8080-exec-646] org.apache.catalina.core.ApplicationContext.log Manager: list: Listing contexts for virtual host 'localhost'
17-May-2018 15:35:06.361 INFORMA합ES [http-nio-8080-exec-650] org.apache.catalina.core.ApplicationContext.log Manager: restart: Reloading web application '/truco'
17-May-2018 15:35:11.018 INFORMA합ES [http-nio-8080-exec-643] org.apache.catalina.core.ApplicationContext.log Manager: list: Listing contexts for virtual host 'localhost'
17-May-2018 15:35:11.023 INFORMA합ES [http-nio-8080-exec-651] org.apache.catalina.core.ApplicationContext.log Manager: list: Listing contexts for virtual host 'localhost'
17-May-2018 15:35:11.040 INFORMA합ES [http-nio-8080-exec-644] org.apache.catalina.core.ApplicationContext.log Manager: restart: Reloading web application '/truco'
17-May-2018 15:39:09.596 INFORMA합ES [http-nio-8080-exec-660] org.apache.catalina.core.ApplicationContext.log Manager: list: Listing contexts for virtual host 'localhost'
17-May-2018 15:39:09.608 INFORMA합ES [http-nio-8080-exec-656] org.apache.catalina.core.ApplicationContext.log Manager: restart: Reloading web application '/truco'
17-May-2018 15:39:13.435 INFORMA합ES [http-nio-8080-exec-655] org.apache.catalina.core.ApplicationContext.log Manager: list: Listing contexts for virtual host 'localhost'
17-May-2018 15:39:13.440 INFORMA합ES [http-nio-8080-exec-660] org.apache.catalina.core.ApplicationContext.log Manager: list: Listing contexts for virtual host 'localhost'
17-May-2018 15:39:13.458 INFORMA합ES [http-nio-8080-exec-658] org.apache.catalina.core.ApplicationContext.log Manager: restart: Reloading web application '/truco'
17-May-2018 15:40:40.160 INFORMA합ES [http-nio-8080-exec-673] org.apache.catalina.core.ApplicationContext.log Manager: list: Listing contexts for virtual host 'localhost'
17-May-2018 15:40:40.169 INFORMA합ES [http-nio-8080-exec-669] org.apache.catalina.core.ApplicationContext.log Manager: restart: Reloading web application '/truco'
17-May-2018 15:40:41.724 INFORMA합ES [http-nio-8080-exec-670] org.apache.catalina.core.ApplicationContext.log Manager: list: Listing contexts for virtual host 'localhost'
17-May-2018 15:40:41.731 INFORMA합ES [http-nio-8080-exec-674] org.apache.catalina.core.ApplicationContext.log Manager: list: Listing contexts for virtual host 'localhost'
17-May-2018 15:40:41.749 INFORMA합ES [http-nio-8080-exec-668] org.apache.catalina.core.ApplicationContext.log Manager: restart: Reloading web application '/truco'
17-May-2018 15:44:49.555 INFORMA합ES [http-nio-8080-exec-680] org.apache.catalina.core.ApplicationContext.log Manager: list: Listing contexts for virtual host 'localhost'
17-May-2018 15:44:49.566 INFORMA합ES [http-nio-8080-exec-682] org.apache.catalina.core.ApplicationContext.log Manager: restart: Reloading web application '/truco'
17-May-2018 15:45:10.446 INFORMA합ES [http-nio-8080-exec-681] org.apache.catalina.core.ApplicationContext.log Manager: list: Listing contexts for virtual host 'localhost'
17-May-2018 15:45:10.455 INFORMA합ES [http-nio-8080-exec-684] org.apache.catalina.core.ApplicationContext.log Manager: restart: Reloading web application '/truco'
17-May-2018 15:45:31.536 INFORMA합ES [http-nio-8080-exec-681] org.apache.catalina.core.ApplicationContext.log Manager: list: Listing contexts for virtual host 'localhost'
17-May-2018 15:45:31.547 INFORMA합ES [http-nio-8080-exec-679] org.apache.catalina.core.ApplicationContext.log Manager: restart: Reloading web application '/truco'
17-May-2018 15:46:03.939 INFORMA합ES [http-nio-8080-exec-677] org.apache.catalina.core.ApplicationContext.log Manager: list: Listing contexts for virtual host 'localhost'
17-May-2018 15:46:03.949 INFORMA합ES [http-nio-8080-exec-683] org.apache.catalina.core.ApplicationContext.log Manager: restart: Reloading web application '/truco'
17-May-2018 15:46:08.873 INFORMA합ES [http-nio-8080-exec-688] org.apache.catalina.core.ApplicationContext.log Manager: list: Listing contexts for virtual host 'localhost'
17-May-2018 15:46:08.878 INFORMA합ES [http-nio-8080-exec-689] org.apache.catalina.core.ApplicationContext.log Manager: list: Listing contexts for virtual host 'localhost'
17-May-2018 15:46:08.897 INFORMA합ES [http-nio-8080-exec-691] org.apache.catalina.core.ApplicationContext.log Manager: restart: Reloading web application '/truco'
17-May-2018 15:48:25.547 INFORMA합ES [http-nio-8080-exec-695] org.apache.catalina.core.ApplicationContext.log Manager: list: Listing contexts for virtual host 'localhost'
17-May-2018 15:48:25.556 INFORMA합ES [http-nio-8080-exec-699] org.apache.catalina.core.ApplicationContext.log Manager: restart: Reloading web application '/truco'
17-May-2018 15:48:32.238 INFORMA합ES [http-nio-8080-exec-702] org.apache.catalina.core.ApplicationContext.log Manager: list: Listing contexts for virtual host 'localhost'
17-May-2018 15:48:32.248 INFORMA합ES [http-nio-8080-exec-698] org.apache.catalina.core.ApplicationContext.log Manager: restart: Reloading web application '/truco'
17-May-2018 15:48:36.414 INFORMA합ES [http-nio-8080-exec-696] org.apache.catalina.core.ApplicationContext.log Manager: list: Listing contexts for virtual host 'localhost'
17-May-2018 15:48:36.419 INFORMA합ES [http-nio-8080-exec-700] org.apache.catalina.core.ApplicationContext.log Manager: list: Listing contexts for virtual host 'localhost'
17-May-2018 15:48:36.437 INFORMA합ES [http-nio-8080-exec-695] org.apache.catalina.core.ApplicationContext.log Manager: restart: Reloading web application '/truco'
17-May-2018 15:54:45.412 INFORMA합ES [http-nio-8080-exec-715] org.apache.catalina.core.ApplicationContext.log Manager: list: Listing contexts for virtual host 'localhost'
17-May-2018 15:54:45.421 INFORMA합ES [http-nio-8080-exec-718] org.apache.catalina.core.ApplicationContext.log Manager: restart: Reloading web application '/truco'
17-May-2018 15:54:58.102 INFORMA합ES [http-nio-8080-exec-712] org.apache.catalina.core.ApplicationContext.log Manager: list: Listing contexts for virtual host 'localhost'
17-May-2018 15:54:58.111 INFORMA합ES [http-nio-8080-exec-711] org.apache.catalina.core.ApplicationContext.log Manager: restart: Reloading web application '/truco'
17-May-2018 15:56:25.617 INFORMA합ES [http-nio-8080-exec-722] org.apache.catalina.core.ApplicationContext.log Manager: list: Listing contexts for virtual host 'localhost'
17-May-2018 15:56:25.622 INFORMA합ES [http-nio-8080-exec-723] org.apache.catalina.core.ApplicationContext.log Manager: list: Listing contexts for virtual host 'localhost'
17-May-2018 15:56:25.640 INFORMA합ES [http-nio-8080-exec-720] org.apache.catalina.core.ApplicationContext.log Manager: restart: Reloading web application '/truco'
17-May-2018 16:07:21.802 INFORMA합ES [http-nio-8080-exec-730] org.apache.catalina.core.ApplicationContext.log Manager: list: Listing contexts for virtual host 'localhost'
17-May-2018 16:07:21.812 INFORMA합ES [http-nio-8080-exec-727] org.apache.catalina.core.ApplicationContext.log Manager: restart: Reloading web application '/truco'
17-May-2018 16:09:44.912 INFORMA합ES [http-nio-8080-exec-737] org.apache.catalina.core.ApplicationContext.log Manager: list: Listing contexts for virtual host 'localhost'
17-May-2018 16:09:44.920 INFORMA합ES [http-nio-8080-exec-740] org.apache.catalina.core.ApplicationContext.log Manager: restart: Reloading web application '/truco'
17-May-2018 16:11:42.926 INFORMA합ES [http-nio-8080-exec-738] org.apache.catalina.core.ApplicationContext.log Manager: list: Listing contexts for virtual host 'localhost'
17-May-2018 16:11:42.936 INFORMA합ES [http-nio-8080-exec-734] org.apache.catalina.core.ApplicationContext.log Manager: restart: Reloading web application '/truco'
17-May-2018 16:12:08.631 INFORMA합ES [http-nio-8080-exec-738] org.apache.catalina.core.ApplicationContext.log Manager: list: Listing contexts for virtual host 'localhost'
17-May-2018 16:12:08.640 INFORMA합ES [http-nio-8080-exec-743] org.apache.catalina.core.ApplicationContext.log Manager: restart: Reloading web application '/truco'
17-May-2018 16:12:13.956 INFORMA합ES [http-nio-8080-exec-742] org.apache.catalina.core.ApplicationContext.log Manager: list: Listing contexts for virtual host 'localhost'
17-May-2018 16:12:13.965 INFORMA합ES [http-nio-8080-exec-746] org.apache.catalina.core.ApplicationContext.log Manager: restart: Reloading web application '/truco'
17-May-2018 16:12:46.978 INFORMA합ES [http-nio-8080-exec-745] org.apache.catalina.core.ApplicationContext.log Manager: list: Listing contexts for virtual host 'localhost'
17-May-2018 16:12:46.988 INFORMA합ES [http-nio-8080-exec-742] org.apache.catalina.core.ApplicationContext.log Manager: restart: Reloading web application '/truco'
17-May-2018 16:13:01.396 INFORMA합ES [http-nio-8080-exec-750] org.apache.catalina.core.ApplicationContext.log Manager: list: Listing contexts for virtual host 'localhost'
17-May-2018 16:13:01.405 INFORMA합ES [http-nio-8080-exec-748] org.apache.catalina.core.ApplicationContext.log Manager: restart: Reloading web application '/truco'
17-May-2018 16:13:21.396 INFORMA합ES [http-nio-8080-exec-749] org.apache.catalina.core.ApplicationContext.log Manager: list: Listing contexts for virtual host 'localhost'
17-May-2018 16:13:21.405 INFORMA합ES [http-nio-8080-exec-737] org.apache.catalina.core.ApplicationContext.log Manager: restart: Reloading web application '/truco'
17-May-2018 16:13:27.515 INFORMA합ES [http-nio-8080-exec-752] org.apache.catalina.core.ApplicationContext.log Manager: list: Listing contexts for virtual host 'localhost'
17-May-2018 16:13:27.525 INFORMA합ES [http-nio-8080-exec-745] org.apache.catalina.core.ApplicationContext.log Manager: restart: Reloading web application '/truco'
17-May-2018 16:15:43.711 INFORMA합ES [http-nio-8080-exec-759] org.apache.catalina.core.ApplicationContext.log Manager: list: Listing contexts for virtual host 'localhost'
17-May-2018 16:15:43.721 INFORMA합ES [http-nio-8080-exec-762] org.apache.catalina.core.ApplicationContext.log Manager: restart: Reloading web application '/truco'
17-May-2018 16:17:25.136 INFORMA합ES [http-nio-8080-exec-761] org.apache.catalina.core.ApplicationContext.log Manager: list: Listing contexts for virtual host 'localhost'
17-May-2018 16:17:25.145 INFORMA합ES [http-nio-8080-exec-747] org.apache.catalina.core.ApplicationContext.log Manager: restart: Reloading web application '/truco'
17-May-2018 16:18:43.844 INFORMA합ES [http-nio-8080-exec-755] org.apache.catalina.core.ApplicationContext.log Manager: list: Listing contexts for virtual host 'localhost'
17-May-2018 16:18:43.854 INFORMA합ES [http-nio-8080-exec-768] org.apache.catalina.core.ApplicationContext.log Manager: restart: Reloading web application '/truco'
17-May-2018 16:31:25.115 INFORMA합ES [http-nio-8080-exec-774] org.apache.catalina.core.ApplicationContext.log Manager: list: Listing contexts for virtual host 'localhost'
17-May-2018 16:31:25.125 INFORMA합ES [http-nio-8080-exec-773] org.apache.catalina.core.ApplicationContext.log Manager: restart: Reloading web application '/truco'
17-May-2018 16:31:49.251 INFORMA합ES [http-nio-8080-exec-771] org.apache.catalina.core.ApplicationContext.log Manager: list: Listing contexts for virtual host 'localhost'
17-May-2018 16:31:49.261 INFORMA합ES [http-nio-8080-exec-772] org.apache.catalina.core.ApplicationContext.log Manager: restart: Reloading web application '/truco'
17-May-2018 16:33:30.789 INFORMA합ES [http-nio-8080-exec-782] org.apache.catalina.core.ApplicationContext.log Manager: list: Listing contexts for virtual host 'localhost'
17-May-2018 16:33:30.799 INFORMA합ES [http-nio-8080-exec-776] org.apache.catalina.core.ApplicationContext.log Manager: restart: Reloading web application '/truco'
17-May-2018 16:33:34.455 INFORMA합ES [http-nio-8080-exec-784] org.apache.catalina.core.ApplicationContext.log Manager: list: Listing contexts for virtual host 'localhost'
17-May-2018 16:33:34.465 INFORMA합ES [http-nio-8080-exec-777] org.apache.catalina.core.ApplicationContext.log Manager: restart: Reloading web application '/truco'
17-May-2018 16:33:47.731 INFORMA합ES [http-nio-8080-exec-786] org.apache.catalina.core.ApplicationContext.log Manager: list: Listing contexts for virtual host 'localhost'
17-May-2018 16:33:47.741 INFORMA합ES [http-nio-8080-exec-774] org.apache.catalina.core.ApplicationContext.log Manager: restart: Reloading web application '/truco'
17-May-2018 16:34:31.404 INFORMA합ES [http-nio-8080-exec-782] org.apache.catalina.core.ApplicationContext.log Manager: list: Listing contexts for virtual host 'localhost'
17-May-2018 16:34:31.413 INFORMA합ES [http-nio-8080-exec-779] org.apache.catalina.core.ApplicationContext.log Manager: restart: Reloading web application '/truco'
17-May-2018 16:35:31.244 INFORMA합ES [http-nio-8080-exec-782] org.apache.catalina.core.ApplicationContext.log Manager: list: Listing contexts for virtual host 'localhost'
17-May-2018 16:35:31.254 INFORMA합ES [http-nio-8080-exec-791] org.apache.catalina.core.ApplicationContext.log Manager: restart: Reloading web application '/truco'
17-May-2018 16:36:26.010 INFORMA합ES [http-nio-8080-exec-782] org.apache.catalina.core.ApplicationContext.log Manager: list: Listing contexts for virtual host 'localhost'
17-May-2018 16:36:26.018 INFORMA합ES [http-nio-8080-exec-785] org.apache.catalina.core.ApplicationContext.log Manager: restart: Reloading web application '/truco'
17-May-2018 16:38:10.792 INFORMA합ES [http-nio-8080-exec-795] org.apache.catalina.core.ApplicationContext.log Manager: list: Listing contexts for virtual host 'localhost'
17-May-2018 16:38:10.802 INFORMA합ES [http-nio-8080-exec-794] org.apache.catalina.core.ApplicationContext.log Manager: restart: Reloading web application '/truco'
17-May-2018 16:47:29.615 INFORMA합ES [http-nio-8080-exec-804] org.apache.catalina.core.ApplicationContext.log Manager: list: Listing contexts for virtual host 'localhost'
17-May-2018 16:47:29.624 INFORMA합ES [http-nio-8080-exec-803] org.apache.catalina.core.ApplicationContext.log Manager: restart: Reloading web application '/truco'
17-May-2018 16:49:36.575 INFORMA합ES [http-nio-8080-exec-813] org.apache.catalina.core.ApplicationContext.log Manager: list: Listing contexts for virtual host 'localhost'
17-May-2018 16:49:36.585 INFORMA합ES [http-nio-8080-exec-816] org.apache.catalina.core.ApplicationContext.log Manager: restart: Reloading web application '/truco'
17-May-2018 16:50:26.901 INFORMA합ES [http-nio-8080-exec-811] org.apache.catalina.core.ApplicationContext.log Manager: list: Listing contexts for virtual host 'localhost'
17-May-2018 16:50:26.911 INFORMA합ES [http-nio-8080-exec-814] org.apache.catalina.core.ApplicationContext.log Manager: restart: Reloading web application '/truco'
17-May-2018 16:51:46.843 INFORMA합ES [http-nio-8080-exec-811] org.apache.catalina.core.ApplicationContext.log Manager: list: Listing contexts for virtual host 'localhost'
17-May-2018 16:51:46.852 INFORMA합ES [http-nio-8080-exec-809] org.apache.catalina.core.ApplicationContext.log Manager: restart: Reloading web application '/truco'
17-May-2018 16:53:40.114 INFORMA합ES [http-nio-8080-exec-820] org.apache.catalina.core.ApplicationContext.log Manager: list: Listing contexts for virtual host 'localhost'
17-May-2018 16:53:40.124 INFORMA합ES [http-nio-8080-exec-811] org.apache.catalina.core.ApplicationContext.log Manager: restart: Reloading web application '/truco'
17-May-2018 16:55:06.960 INFORMA합ES [http-nio-8080-exec-818] org.apache.catalina.core.ApplicationContext.log Manager: list: Listing contexts for virtual host 'localhost'
17-May-2018 16:55:06.971 INFORMA합ES [http-nio-8080-exec-826] org.apache.catalina.core.ApplicationContext.log Manager: restart: Reloading web application '/truco'
17-May-2018 16:55:53.085 INFORMA합ES [http-nio-8080-exec-830] org.apache.catalina.core.ApplicationContext.log Manager: list: Listing contexts for virtual host 'localhost'
17-May-2018 16:55:53.095 INFORMA합ES [http-nio-8080-exec-821] org.apache.catalina.core.ApplicationContext.log Manager: restart: Reloading web application '/truco'
17-May-2018 16:56:21.784 INFORMA합ES [http-nio-8080-exec-829] org.apache.catalina.core.ApplicationContext.log Manager: list: Listing contexts for virtual host 'localhost'
17-May-2018 16:56:21.793 INFORMA합ES [http-nio-8080-exec-828] org.apache.catalina.core.ApplicationContext.log Manager: restart: Reloading web application '/truco'
17-May-2018 16:56:37.271 INFORMA합ES [http-nio-8080-exec-820] org.apache.catalina.core.ApplicationContext.log Manager: list: Listing contexts for virtual host 'localhost'
17-May-2018 16:56:37.280 INFORMA합ES [http-nio-8080-exec-832] org.apache.catalina.core.ApplicationContext.log Manager: restart: Reloading web application '/truco'
17-May-2018 16:57:26.474 INFORMA합ES [http-nio-8080-exec-834] org.apache.catalina.core.ApplicationContext.log Manager: list: Listing contexts for virtual host 'localhost'
17-May-2018 16:57:26.483 INFORMA합ES [http-nio-8080-exec-820] org.apache.catalina.core.ApplicationContext.log Manager: restart: Reloading web application '/truco'
17-May-2018 16:57:41.714 INFORMA합ES [http-nio-8080-exec-838] org.apache.catalina.core.ApplicationContext.log Manager: list: Listing contexts for virtual host 'localhost'
17-May-2018 16:57:41.723 INFORMA합ES [http-nio-8080-exec-835] org.apache.catalina.core.ApplicationContext.log Manager: restart: Reloading web application '/truco'
17-May-2018 17:00:39.762 INFORMA합ES [http-nio-8080-exec-843] org.apache.catalina.core.ApplicationContext.log Manager: list: Listing contexts for virtual host 'localhost'
17-May-2018 17:00:39.771 INFORMA합ES [http-nio-8080-exec-846] org.apache.catalina.core.ApplicationContext.log Manager: restart: Reloading web application '/truco'
17-May-2018 17:01:12.644 INFORMA합ES [http-nio-8080-exec-844] org.apache.catalina.core.ApplicationContext.log Manager: list: Listing contexts for virtual host 'localhost'
17-May-2018 17:01:12.653 INFORMA합ES [http-nio-8080-exec-830] org.apache.catalina.core.ApplicationContext.log Manager: restart: Reloading web application '/truco'
17-May-2018 17:04:59.764 INFORMA합ES [http-nio-8080-exec-852] org.apache.catalina.core.ApplicationContext.log Manager: list: Listing contexts for virtual host 'localhost'
17-May-2018 17:04:59.773 INFORMA합ES [http-nio-8080-exec-851] org.apache.catalina.core.ApplicationContext.log Manager: restart: Reloading web application '/truco'
17-May-2018 17:05:36.338 INFORMA합ES [http-nio-8080-exec-850] org.apache.catalina.core.ApplicationContext.log Manager: list: Listing contexts for virtual host 'localhost'
17-May-2018 17:05:42.177 INFORMA합ES [http-nio-8080-exec-854] org.apache.catalina.core.ApplicationContext.log Manager: list: Listing contexts for virtual host 'localhost'
17-May-2018 17:05:58.496 INFORMA합ES [http-nio-8080-exec-856] org.apache.catalina.core.ApplicationContext.log Manager: list: Listing contexts for virtual host 'localhost'
17-May-2018 17:05:58.501 INFORMA합ES [http-nio-8080-exec-858] org.apache.catalina.core.ApplicationContext.log Manager: list: Listing contexts for virtual host 'localhost'
17-May-2018 17:05:58.518 INFORMA합ES [http-nio-8080-exec-850] org.apache.catalina.core.ApplicationContext.log Manager: restart: Reloading web application '/truco'
17-May-2018 17:08:10.687 INFORMA합ES [http-nio-8080-exec-863] org.apache.catalina.core.ApplicationContext.log Manager: list: Listing contexts for virtual host 'localhost'
17-May-2018 17:08:10.698 INFORMA합ES [http-nio-8080-exec-862] org.apache.catalina.core.ApplicationContext.log Manager: restart: Reloading web application '/truco'
17-May-2018 17:09:04.685 INFORMA합ES [http-nio-8080-exec-866] org.apache.catalina.core.ApplicationContext.log Manager: list: Listing contexts for virtual host 'localhost'
17-May-2018 17:09:04.690 INFORMA합ES [http-nio-8080-exec-861] org.apache.catalina.core.ApplicationContext.log Manager: list: Listing contexts for virtual host 'localhost'
17-May-2018 17:09:04.706 INFORMA합ES [http-nio-8080-exec-871] org.apache.catalina.core.ApplicationContext.log Manager: restart: Reloading web application '/truco'
17-May-2018 17:10:17.032 INFORMA합ES [http-nio-8080-exec-876] org.apache.catalina.core.ApplicationContext.log Manager: list: Listing contexts for virtual host 'localhost'
17-May-2018 17:10:17.041 INFORMA합ES [http-nio-8080-exec-877] org.apache.catalina.core.ApplicationContext.log Manager: restart: Reloading web application '/truco'
17-May-2018 17:10:24.634 INFORMA합ES [http-nio-8080-exec-878] org.apache.catalina.core.ApplicationContext.log Manager: list: Listing contexts for virtual host 'localhost'
17-May-2018 17:10:24.639 INFORMA합ES [http-nio-8080-exec-880] org.apache.catalina.core.ApplicationContext.log Manager: list: Listing contexts for virtual host 'localhost'
17-May-2018 17:10:24.655 INFORMA합ES [http-nio-8080-exec-874] org.apache.catalina.core.ApplicationContext.log Manager: restart: Reloading web application '/truco'
17-May-2018 17:12:07.090 INFORMA합ES [http-nio-8080-exec-888] org.apache.catalina.core.ApplicationContext.log Manager: list: Listing contexts for virtual host 'localhost'
17-May-2018 17:12:07.100 INFORMA합ES [http-nio-8080-exec-882] org.apache.catalina.core.ApplicationContext.log Manager: restart: Reloading web application '/truco'
17-May-2018 17:12:28.021 INFORMA합ES [http-nio-8080-exec-888] org.apache.catalina.core.ApplicationContext.log Manager: list: Listing contexts for virtual host 'localhost'
17-May-2018 17:12:28.029 INFORMA합ES [http-nio-8080-exec-890] org.apache.catalina.core.ApplicationContext.log Manager: restart: Reloading web application '/truco'
17-May-2018 17:12:36.051 INFORMA합ES [http-nio-8080-exec-891] org.apache.catalina.core.ApplicationContext.log Manager: list: Listing contexts for virtual host 'localhost'
17-May-2018 17:12:36.056 INFORMA합ES [http-nio-8080-exec-887] org.apache.catalina.core.ApplicationContext.log Manager: list: Listing contexts for virtual host 'localhost'
17-May-2018 17:12:36.073 INFORMA합ES [http-nio-8080-exec-880] org.apache.catalina.core.ApplicationContext.log Manager: restart: Reloading web application '/truco'
17-May-2018 17:13:24.801 INFORMA합ES [http-nio-8080-exec-897] org.apache.catalina.core.ApplicationContext.log Manager: list: Listing contexts for virtual host 'localhost'
17-May-2018 17:13:24.810 INFORMA합ES [http-nio-8080-exec-895] org.apache.catalina.core.ApplicationContext.log Manager: restart: Reloading web application '/truco'
17-May-2018 17:13:36.893 INFORMA합ES [http-nio-8080-exec-896] org.apache.catalina.core.ApplicationContext.log Manager: list: Listing contexts for virtual host 'localhost'
17-May-2018 17:13:36.897 INFORMA합ES [http-nio-8080-exec-893] org.apache.catalina.core.ApplicationContext.log Manager: list: Listing contexts for virtual host 'localhost'
17-May-2018 17:13:36.914 INFORMA합ES [http-nio-8080-exec-899] org.apache.catalina.core.ApplicationContext.log Manager: restart: Reloading web application '/truco'
17-May-2018 17:14:03.503 INFORMA합ES [http-nio-8080-exec-903] org.apache.catalina.core.ApplicationContext.log Manager: list: Listing contexts for virtual host 'localhost'
17-May-2018 17:14:03.513 INFORMA합ES [http-nio-8080-exec-902] org.apache.catalina.core.ApplicationContext.log Manager: restart: Reloading web application '/truco'
17-May-2018 17:14:13.265 INFORMA합ES [http-nio-8080-exec-903] org.apache.catalina.core.ApplicationContext.log Manager: list: Listing contexts for virtual host 'localhost'
17-May-2018 17:14:13.270 INFORMA합ES [http-nio-8080-exec-906] org.apache.catalina.core.ApplicationContext.log Manager: list: Listing contexts for virtual host 'localhost'
17-May-2018 17:14:13.289 INFORMA합ES [http-nio-8080-exec-904] org.apache.catalina.core.ApplicationContext.log Manager: restart: Reloading web application '/truco'
17-May-2018 17:14:59.138 INFORMA합ES [http-nio-8080-exec-910] org.apache.catalina.core.ApplicationContext.log Manager: list: Listing contexts for virtual host 'localhost'
17-May-2018 17:14:59.148 INFORMA합ES [http-nio-8080-exec-907] org.apache.catalina.core.ApplicationContext.log Manager: restart: Reloading web application '/truco'
17-May-2018 17:15:21.942 INFORMA합ES [http-nio-8080-exec-912] org.apache.catalina.core.ApplicationContext.log Manager: list: Listing contexts for virtual host 'localhost'
17-May-2018 17:15:21.951 INFORMA합ES [http-nio-8080-exec-909] org.apache.catalina.core.ApplicationContext.log Manager: restart: Reloading web application '/truco'
17-May-2018 17:15:29.810 INFORMA합ES [http-nio-8080-exec-914] org.apache.catalina.core.ApplicationContext.log Manager: list: Listing contexts for virtual host 'localhost'
17-May-2018 17:15:29.819 INFORMA합ES [http-nio-8080-exec-910] org.apache.catalina.core.ApplicationContext.log Manager: restart: Reloading web application '/truco'
17-May-2018 17:15:34.737 INFORMA합ES [http-nio-8080-exec-916] org.apache.catalina.core.ApplicationContext.log Manager: list: Listing contexts for virtual host 'localhost'
17-May-2018 17:15:34.742 INFORMA합ES [http-nio-8080-exec-913] org.apache.catalina.core.ApplicationContext.log Manager: list: Listing contexts for virtual host 'localhost'
17-May-2018 17:15:34.760 INFORMA합ES [http-nio-8080-exec-911] org.apache.catalina.core.ApplicationContext.log Manager: restart: Reloading web application '/truco'
17-May-2018 17:17:06.411 INFORMA합ES [http-nio-8080-exec-919] org.apache.catalina.core.ApplicationContext.log Manager: list: Listing contexts for virtual host 'localhost'
17-May-2018 17:17:06.420 INFORMA합ES [http-nio-8080-exec-917] org.apache.catalina.core.ApplicationContext.log Manager: restart: Reloading web application '/truco'
17-May-2018 17:17:09.816 INFORMA합ES [http-nio-8080-exec-922] org.apache.catalina.core.ApplicationContext.log Manager: list: Listing contexts for virtual host 'localhost'
17-May-2018 17:17:09.822 INFORMA합ES [http-nio-8080-exec-918] org.apache.catalina.core.ApplicationContext.log Manager: list: Listing contexts for virtual host 'localhost'
17-May-2018 17:17:09.842 INFORMA합ES [http-nio-8080-exec-919] org.apache.catalina.core.ApplicationContext.log Manager: restart: Reloading web application '/truco'
17-May-2018 17:17:51.058 INFORMA합ES [http-nio-8080-exec-925] org.apache.catalina.core.ApplicationContext.log Manager: list: Listing contexts for virtual host 'localhost'
17-May-2018 17:17:51.067 INFORMA합ES [http-nio-8080-exec-926] org.apache.catalina.core.ApplicationContext.log Manager: restart: Reloading web application '/truco'
17-May-2018 17:17:56.928 INFORMA합ES [http-nio-8080-exec-923] org.apache.catalina.core.ApplicationContext.log Manager: list: Listing contexts for virtual host 'localhost'
17-May-2018 17:17:56.933 INFORMA합ES [http-nio-8080-exec-928] org.apache.catalina.core.ApplicationContext.log Manager: list: Listing contexts for virtual host 'localhost'
17-May-2018 17:17:56.956 INFORMA합ES [http-nio-8080-exec-924] org.apache.catalina.core.ApplicationContext.log Manager: restart: Reloading web application '/truco'
17-May-2018 17:20:37.898 INFORMA합ES [http-nio-8080-exec-3] org.apache.catalina.core.ApplicationContext.log Manager: init: Associated with Deployer 'Catalina:type=Deployer,host=localhost'
17-May-2018 17:20:37.898 INFORMA합ES [http-nio-8080-exec-3] org.apache.catalina.core.ApplicationContext.log Manager: init: Global resources are available
17-May-2018 17:20:39.055 INFORMA합ES [http-nio-8080-exec-6] org.apache.catalina.core.ApplicationContext.log Manager: list: Listing contexts for virtual host 'localhost'
17-May-2018 17:20:39.060 INFORMA합ES [http-nio-8080-exec-7] org.apache.catalina.core.ApplicationContext.log Manager: list: Listing contexts for virtual host 'localhost'
17-May-2018 17:20:39.072 INFORMA합ES [http-nio-8080-exec-9] org.apache.catalina.core.ApplicationContext.log Manager: undeploy: Undeploying web application at '/truco'
17-May-2018 17:20:39.615 INFORMA합ES [http-nio-8080-exec-7] org.apache.catalina.core.ApplicationContext.log Manager: install: Installing context configuration at 'file:/C:/Users/047837~1/AppData/Local/Temp/context2232026102364409583.xml'
17-May-2018 17:20:41.252 INFORMA합ES [http-nio-8080-exec-3] org.apache.catalina.core.ApplicationContext.log Manager: start: Starting web application '/truco'
17-May-2018 17:23:28.012 INFORMA합ES [http-nio-8080-exec-12] org.apache.catalina.core.ApplicationContext.log Manager: list: Listing contexts for virtual host 'localhost'
17-May-2018 17:23:28.023 INFORMA합ES [http-nio-8080-exec-11] org.apache.catalina.core.ApplicationContext.log Manager: restart: Reloading web application '/truco'
17-May-2018 17:24:38.544 INFORMA합ES [http-nio-8080-exec-19] org.apache.catalina.core.ApplicationContext.log Manager: list: Listing contexts for virtual host 'localhost'
17-May-2018 17:24:38.553 INFORMA합ES [http-nio-8080-exec-12] org.apache.catalina.core.ApplicationContext.log Manager: restart: Reloading web application '/truco'
17-May-2018 17:24:42.497 INFORMA합ES [http-nio-8080-exec-15] org.apache.catalina.core.ApplicationContext.log Manager: list: Listing contexts for virtual host 'localhost'
17-May-2018 17:24:42.504 INFORMA합ES [http-nio-8080-exec-5] org.apache.catalina.core.ApplicationContext.log Manager: list: Listing contexts for virtual host 'localhost'
17-May-2018 17:24:42.522 INFORMA합ES [http-nio-8080-exec-17] org.apache.catalina.core.ApplicationContext.log Manager: restart: Reloading web application '/truco'
17-May-2018 17:25:16.669 INFORMA합ES [http-nio-8080-exec-20] org.apache.catalina.core.ApplicationContext.log Manager: list: Listing contexts for virtual host 'localhost'
17-May-2018 17:25:16.679 INFORMA합ES [http-nio-8080-exec-25] org.apache.catalina.core.ApplicationContext.log Manager: restart: Reloading web application '/truco'
17-May-2018 17:26:02.168 INFORMA합ES [http-nio-8080-exec-20] org.apache.catalina.core.ApplicationContext.log Manager: list: Listing contexts for virtual host 'localhost'
17-May-2018 17:26:02.173 INFORMA합ES [http-nio-8080-exec-26] org.apache.catalina.core.ApplicationContext.log Manager: list: Listing contexts for virtual host 'localhost'
17-May-2018 17:26:02.192 INFORMA합ES [http-nio-8080-exec-29] org.apache.catalina.core.ApplicationContext.log Manager: restart: Reloading web application '/truco'
