07-Jun-2018 12:08:18.541 INFORMA합ES [http-nio-8080-exec-7] org.apache.catalina.core.ApplicationContext.log Manager: init: Associated with Deployer 'Catalina:type=Deployer,host=localhost'
07-Jun-2018 12:08:18.541 INFORMA합ES [http-nio-8080-exec-7] org.apache.catalina.core.ApplicationContext.log Manager: init: Global resources are available
07-Jun-2018 12:08:18.901 INFORMA합ES [http-nio-8080-exec-1] org.apache.catalina.core.ApplicationContext.log Manager: list: Listing contexts for virtual host 'localhost'
07-Jun-2018 12:08:18.901 INFORMA합ES [http-nio-8080-exec-3] org.apache.catalina.core.ApplicationContext.log Manager: list: Listing contexts for virtual host 'localhost'
07-Jun-2018 12:08:18.932 INFORMA합ES [http-nio-8080-exec-2] org.apache.catalina.core.ApplicationContext.log Manager: undeploy: Undeploying web application at '/truco-torneio-webjsf'
07-Jun-2018 12:08:19.448 INFORMA합ES [http-nio-8080-exec-8] org.apache.catalina.core.ApplicationContext.log Manager: install: Installing context configuration at 'file:/C:/Users/047837~1/AppData/Local/Temp/context86982721350182116.xml'
07-Jun-2018 12:20:56.022 INFORMA합ES [http-nio-8080-exec-13] org.apache.catalina.core.ApplicationContext.log Manager: list: Listing contexts for virtual host 'localhost'
07-Jun-2018 12:20:56.038 INFORMA합ES [http-nio-8080-exec-17] org.apache.catalina.core.ApplicationContext.log Manager: stop: Stopping web application '/truco-torneio-webjsf'
07-Jun-2018 12:20:56.038 INFORMA합ES [http-nio-8080-exec-16] org.apache.catalina.core.ApplicationContext.log Manager: start: Starting web application '/truco-torneio-webjsf'
07-Jun-2018 12:21:06.336 INFORMA합ES [http-nio-8080-exec-18] org.apache.catalina.core.ApplicationContext.log Manager: list: Listing contexts for virtual host 'localhost'
07-Jun-2018 12:21:06.352 INFORMA합ES [http-nio-8080-exec-23] org.apache.catalina.core.ApplicationContext.log Manager: undeploy: Undeploying web application at '/truco-torneio-webjsf'
07-Jun-2018 12:21:15.062 INFORMA합ES [http-nio-8080-exec-2] org.apache.catalina.core.ApplicationContext.log Manager: init: Associated with Deployer 'Catalina:type=Deployer,host=localhost'
07-Jun-2018 12:21:15.062 INFORMA합ES [http-nio-8080-exec-2] org.apache.catalina.core.ApplicationContext.log Manager: init: Global resources are available
07-Jun-2018 12:21:15.328 INFORMA합ES [http-nio-8080-exec-3] org.apache.catalina.core.ApplicationContext.log Manager: list: Listing contexts for virtual host 'localhost'
07-Jun-2018 12:21:15.343 INFORMA합ES [http-nio-8080-exec-4] org.apache.catalina.core.ApplicationContext.log Manager: list: Listing contexts for virtual host 'localhost'
07-Jun-2018 12:21:15.359 INFORMA합ES [http-nio-8080-exec-5] org.apache.catalina.core.ApplicationContext.log Manager: install: Installing context configuration at 'file:/C:/Users/047837~1/AppData/Local/Temp/context6992287089091292779.xml'
07-Jun-2018 12:21:17.484 INFORMA합ES [http-nio-8080-exec-6] org.apache.catalina.core.ApplicationContext.log Manager: start: Starting web application '/truco-torneio-webjsf'
07-Jun-2018 12:26:02.907 INFORMA합ES [http-nio-8080-exec-10] org.apache.catalina.core.ApplicationContext.log Manager: list: Listing contexts for virtual host 'localhost'
07-Jun-2018 12:26:02.907 INFORMA합ES [http-nio-8080-exec-9] org.apache.catalina.core.ApplicationContext.log Manager: list: Listing contexts for virtual host 'localhost'
07-Jun-2018 12:27:09.759 INFORMA합ES [http-nio-8080-exec-5] org.apache.catalina.core.ApplicationContext.log Manager: list: Listing contexts for virtual host 'localhost'
07-Jun-2018 12:27:09.759 INFORMA합ES [http-nio-8080-exec-6] org.apache.catalina.core.ApplicationContext.log Manager: restart: Reloading web application '/truco-torneio-webjsf'
07-Jun-2018 12:44:19.874 INFORMA합ES [http-nio-8080-exec-14] org.apache.catalina.core.ApplicationContext.log Manager: list: Listing contexts for virtual host 'localhost'
07-Jun-2018 12:44:19.884 INFORMA합ES [http-nio-8080-exec-13] org.apache.catalina.core.ApplicationContext.log Manager: stop: Stopping web application '/truco-torneio-webjsf'
07-Jun-2018 12:44:19.893 INFORMA합ES [http-nio-8080-exec-20] org.apache.catalina.core.ApplicationContext.log Manager: start: Starting web application '/truco-torneio-webjsf'
07-Jun-2018 12:44:26.785 INFORMA합ES [http-nio-8080-exec-11] org.apache.catalina.core.ApplicationContext.log Manager: list: Listing contexts for virtual host 'localhost'
07-Jun-2018 12:44:26.791 INFORMA합ES [http-nio-8080-exec-21] org.apache.catalina.core.ApplicationContext.log Manager: list: Listing contexts for virtual host 'localhost'
07-Jun-2018 12:44:26.805 INFORMA합ES [http-nio-8080-exec-15] org.apache.catalina.core.ApplicationContext.log Manager: stop: Stopping web application '/truco-torneio-webjsf'
07-Jun-2018 12:44:27.708 INFORMA합ES [http-nio-8080-exec-21] org.apache.catalina.core.ApplicationContext.log Manager: start: Starting web application '/truco-torneio-webjsf'
07-Jun-2018 12:46:10.721 INFORMA합ES [http-nio-8080-exec-24] org.apache.catalina.core.ApplicationContext.log Manager: list: Listing contexts for virtual host 'localhost'
07-Jun-2018 12:46:10.735 INFORMA합ES [http-nio-8080-exec-29] org.apache.catalina.core.ApplicationContext.log Manager: restart: Reloading web application '/truco-torneio-webjsf'
07-Jun-2018 12:46:15.624 INFORMA합ES [http-nio-8080-exec-27] org.apache.catalina.core.ApplicationContext.log Manager: list: Listing contexts for virtual host 'localhost'
07-Jun-2018 12:46:15.630 INFORMA합ES [http-nio-8080-exec-26] org.apache.catalina.core.ApplicationContext.log Manager: list: Listing contexts for virtual host 'localhost'
07-Jun-2018 12:46:15.649 INFORMA합ES [http-nio-8080-exec-25] org.apache.catalina.core.ApplicationContext.log Manager: restart: Reloading web application '/truco-torneio-webjsf'
07-Jun-2018 12:47:15.518 INFORMA합ES [http-nio-8080-exec-37] org.apache.catalina.core.ApplicationContext.log Manager: list: Listing contexts for virtual host 'localhost'
07-Jun-2018 12:47:15.527 INFORMA합ES [http-nio-8080-exec-39] org.apache.catalina.core.ApplicationContext.log Manager: restart: Reloading web application '/truco-torneio-webjsf'
07-Jun-2018 12:47:25.556 INFORMA합ES [http-nio-8080-exec-30] org.apache.catalina.core.ApplicationContext.log Manager: list: Listing contexts for virtual host 'localhost'
07-Jun-2018 12:47:25.565 INFORMA합ES [http-nio-8080-exec-41] org.apache.catalina.core.ApplicationContext.log Manager: restart: Reloading web application '/truco-torneio-webjsf'
07-Jun-2018 12:47:30.008 INFORMA합ES [http-nio-8080-exec-24] org.apache.catalina.core.ApplicationContext.log Manager: list: Listing contexts for virtual host 'localhost'
07-Jun-2018 12:47:30.014 INFORMA합ES [http-nio-8080-exec-42] org.apache.catalina.core.ApplicationContext.log Manager: list: Listing contexts for virtual host 'localhost'
07-Jun-2018 12:47:30.032 INFORMA합ES [http-nio-8080-exec-38] org.apache.catalina.core.ApplicationContext.log Manager: restart: Reloading web application '/truco-torneio-webjsf'
07-Jun-2018 12:48:41.399 INFORMA합ES [http-nio-8080-exec-48] org.apache.catalina.core.ApplicationContext.log Manager: list: Listing contexts for virtual host 'localhost'
07-Jun-2018 12:48:41.408 INFORMA합ES [http-nio-8080-exec-50] org.apache.catalina.core.ApplicationContext.log Manager: restart: Reloading web application '/truco-torneio-webjsf'
07-Jun-2018 12:48:47.634 INFORMA합ES [http-nio-8080-exec-40] org.apache.catalina.core.ApplicationContext.log Manager: list: Listing contexts for virtual host 'localhost'
07-Jun-2018 12:48:47.639 INFORMA합ES [http-nio-8080-exec-24] org.apache.catalina.core.ApplicationContext.log Manager: list: Listing contexts for virtual host 'localhost'
07-Jun-2018 12:48:47.658 INFORMA합ES [http-nio-8080-exec-49] org.apache.catalina.core.ApplicationContext.log Manager: restart: Reloading web application '/truco-torneio-webjsf'
07-Jun-2018 13:05:59.746 INFORMA합ES [http-nio-8080-exec-56] org.apache.catalina.core.ApplicationContext.log Manager: list: Listing contexts for virtual host 'localhost'
07-Jun-2018 13:05:59.746 INFORMA합ES [http-nio-8080-exec-61] org.apache.catalina.core.ApplicationContext.log Manager: restart: Reloading web application '/truco-torneio-webjsf'
07-Jun-2018 13:06:01.559 INFORMA합ES [http-nio-8080-exec-56] org.apache.catalina.core.ApplicationContext.log Manager: list: Listing contexts for virtual host 'localhost'
07-Jun-2018 13:06:01.559 INFORMA합ES [http-nio-8080-exec-59] org.apache.catalina.core.ApplicationContext.log Manager: list: Listing contexts for virtual host 'localhost'
07-Jun-2018 13:06:01.575 INFORMA합ES [http-nio-8080-exec-64] org.apache.catalina.core.ApplicationContext.log Manager: restart: Reloading web application '/truco-torneio-webjsf'
07-Jun-2018 13:07:23.022 INFORMA합ES [http-nio-8080-exec-74] org.apache.catalina.core.ApplicationContext.log Manager: list: Listing contexts for virtual host 'localhost'
07-Jun-2018 13:07:23.028 INFORMA합ES [http-nio-8080-exec-73] org.apache.catalina.core.ApplicationContext.log Manager: list: Listing contexts for virtual host 'localhost'
07-Jun-2018 13:08:56.931 INFORMA합ES [http-nio-8080-exec-75] org.apache.catalina.core.ApplicationContext.log Manager: list: Listing contexts for virtual host 'localhost'
07-Jun-2018 13:08:56.942 INFORMA합ES [http-nio-8080-exec-69] org.apache.catalina.core.ApplicationContext.log Manager: restart: Reloading web application '/truco-torneio-webjsf'
07-Jun-2018 13:09:04.429 INFORMA합ES [http-nio-8080-exec-72] org.apache.catalina.core.ApplicationContext.log Manager: list: Listing contexts for virtual host 'localhost'
07-Jun-2018 13:09:04.437 INFORMA합ES [http-nio-8080-exec-68] org.apache.catalina.core.ApplicationContext.log Manager: list: Listing contexts for virtual host 'localhost'
07-Jun-2018 13:09:04.457 INFORMA합ES [http-nio-8080-exec-74] org.apache.catalina.core.ApplicationContext.log Manager: restart: Reloading web application '/truco-torneio-webjsf'
07-Jun-2018 13:11:09.159 INFORMA합ES [http-nio-8080-exec-87] org.apache.catalina.core.ApplicationContext.log Manager: list: Listing contexts for virtual host 'localhost'
07-Jun-2018 13:11:09.165 INFORMA합ES [http-nio-8080-exec-82] org.apache.catalina.core.ApplicationContext.log Manager: list: Listing contexts for virtual host 'localhost'
07-Jun-2018 13:12:12.117 INFORMA합ES [http-nio-8080-exec-84] org.apache.catalina.core.ApplicationContext.log Manager: list: Listing contexts for virtual host 'localhost'
07-Jun-2018 13:12:12.128 INFORMA합ES [http-nio-8080-exec-85] org.apache.catalina.core.ApplicationContext.log Manager: restart: Reloading web application '/truco-torneio-webjsf'
07-Jun-2018 13:12:16.620 INFORMA합ES [http-nio-8080-exec-87] org.apache.catalina.core.ApplicationContext.log Manager: list: Listing contexts for virtual host 'localhost'
07-Jun-2018 13:12:16.626 INFORMA합ES [http-nio-8080-exec-86] org.apache.catalina.core.ApplicationContext.log Manager: list: Listing contexts for virtual host 'localhost'
07-Jun-2018 13:12:16.648 INFORMA합ES [http-nio-8080-exec-81] org.apache.catalina.core.ApplicationContext.log Manager: restart: Reloading web application '/truco-torneio-webjsf'
07-Jun-2018 13:14:04.771 INFORMA합ES [http-nio-8080-exec-91] org.apache.catalina.core.ApplicationContext.log Manager: list: Listing contexts for virtual host 'localhost'
07-Jun-2018 13:14:04.779 INFORMA합ES [http-nio-8080-exec-94] org.apache.catalina.core.ApplicationContext.log Manager: restart: Reloading web application '/truco-torneio-webjsf'
07-Jun-2018 13:14:17.070 INFORMA합ES [http-nio-8080-exec-96] org.apache.catalina.core.ApplicationContext.log Manager: list: Listing contexts for virtual host 'localhost'
07-Jun-2018 13:14:17.080 INFORMA합ES [http-nio-8080-exec-88] org.apache.catalina.core.ApplicationContext.log Manager: restart: Reloading web application '/truco-torneio-webjsf'
07-Jun-2018 13:14:34.450 INFORMA합ES [http-nio-8080-exec-101] org.apache.catalina.core.ApplicationContext.log Manager: list: Listing contexts for virtual host 'localhost'
07-Jun-2018 13:14:34.456 INFORMA합ES [http-nio-8080-exec-98] org.apache.catalina.core.ApplicationContext.log Manager: list: Listing contexts for virtual host 'localhost'
07-Jun-2018 13:14:34.474 INFORMA합ES [http-nio-8080-exec-105] org.apache.catalina.core.ApplicationContext.log Manager: restart: Reloading web application '/truco-torneio-webjsf'
07-Jun-2018 13:22:02.106 INFORMA합ES [http-nio-8080-exec-107] org.apache.catalina.core.ApplicationContext.log Manager: list: Listing contexts for virtual host 'localhost'
07-Jun-2018 13:22:02.116 INFORMA합ES [http-nio-8080-exec-109] org.apache.catalina.core.ApplicationContext.log Manager: restart: Reloading web application '/truco-torneio-webjsf'
07-Jun-2018 13:22:17.812 INFORMA합ES [http-nio-8080-exec-115] org.apache.catalina.core.ApplicationContext.log Manager: list: Listing contexts for virtual host 'localhost'
07-Jun-2018 13:22:17.818 INFORMA합ES [http-nio-8080-exec-110] org.apache.catalina.core.ApplicationContext.log Manager: list: Listing contexts for virtual host 'localhost'
07-Jun-2018 13:22:17.836 INFORMA합ES [http-nio-8080-exec-113] org.apache.catalina.core.ApplicationContext.log Manager: restart: Reloading web application '/truco-torneio-webjsf'
07-Jun-2018 13:23:11.244 INFORMA합ES [http-nio-8080-exec-120] org.apache.catalina.core.ApplicationContext.log Manager: list: Listing contexts for virtual host 'localhost'
07-Jun-2018 13:23:11.253 INFORMA합ES [http-nio-8080-exec-107] org.apache.catalina.core.ApplicationContext.log Manager: restart: Reloading web application '/truco-torneio-webjsf'
07-Jun-2018 13:25:55.797 INFORMA합ES [http-nio-8080-exec-121] org.apache.catalina.core.ApplicationContext.log Manager: list: Listing contexts for virtual host 'localhost'
07-Jun-2018 13:25:55.803 INFORMA합ES [http-nio-8080-exec-133] org.apache.catalina.core.ApplicationContext.log Manager: list: Listing contexts for virtual host 'localhost'
07-Jun-2018 13:25:55.824 INFORMA합ES [http-nio-8080-exec-131] org.apache.catalina.core.ApplicationContext.log Manager: restart: Reloading web application '/truco-torneio-webjsf'
07-Jun-2018 13:26:48.059 INFORMA합ES [http-nio-8080-exec-135] org.apache.catalina.core.ApplicationContext.log Manager: list: Listing contexts for virtual host 'localhost'
07-Jun-2018 13:26:48.071 INFORMA합ES [http-nio-8080-exec-125] org.apache.catalina.core.ApplicationContext.log Manager: restart: Reloading web application '/truco-torneio-webjsf'
07-Jun-2018 13:27:56.760 INFORMA합ES [http-nio-8080-exec-138] org.apache.catalina.core.ApplicationContext.log Manager: list: Listing contexts for virtual host 'localhost'
07-Jun-2018 13:27:56.770 INFORMA합ES [http-nio-8080-exec-134] org.apache.catalina.core.ApplicationContext.log Manager: restart: Reloading web application '/truco-torneio-webjsf'
07-Jun-2018 13:28:00.554 INFORMA합ES [http-nio-8080-exec-144] org.apache.catalina.core.ApplicationContext.log Manager: list: Listing contexts for virtual host 'localhost'
07-Jun-2018 13:28:00.560 INFORMA합ES [http-nio-8080-exec-139] org.apache.catalina.core.ApplicationContext.log Manager: list: Listing contexts for virtual host 'localhost'
07-Jun-2018 13:28:00.578 INFORMA합ES [http-nio-8080-exec-142] org.apache.catalina.core.ApplicationContext.log Manager: restart: Reloading web application '/truco-torneio-webjsf'
07-Jun-2018 13:29:52.048 INFORMA합ES [http-nio-8080-exec-149] org.apache.catalina.core.ApplicationContext.log Manager: list: Listing contexts for virtual host 'localhost'
07-Jun-2018 13:29:52.059 INFORMA합ES [http-nio-8080-exec-151] org.apache.catalina.core.ApplicationContext.log Manager: restart: Reloading web application '/truco-torneio-webjsf'
07-Jun-2018 13:29:57.623 INFORMA합ES [http-nio-8080-exec-149] org.apache.catalina.core.ApplicationContext.log Manager: list: Listing contexts for virtual host 'localhost'
07-Jun-2018 13:29:57.629 INFORMA합ES [http-nio-8080-exec-150] org.apache.catalina.core.ApplicationContext.log Manager: list: Listing contexts for virtual host 'localhost'
07-Jun-2018 13:29:57.647 INFORMA합ES [http-nio-8080-exec-148] org.apache.catalina.core.ApplicationContext.log Manager: restart: Reloading web application '/truco-torneio-webjsf'
07-Jun-2018 13:31:13.454 INFORMA합ES [http-nio-8080-exec-160] org.apache.catalina.core.ApplicationContext.log Manager: list: Listing contexts for virtual host 'localhost'
07-Jun-2018 13:31:13.464 INFORMA합ES [http-nio-8080-exec-163] org.apache.catalina.core.ApplicationContext.log Manager: restart: Reloading web application '/truco-torneio-webjsf'
07-Jun-2018 13:31:55.956 INFORMA합ES [http-nio-8080-exec-167] org.apache.catalina.core.ApplicationContext.log Manager: list: Listing contexts for virtual host 'localhost'
07-Jun-2018 13:31:55.962 INFORMA합ES [http-nio-8080-exec-169] org.apache.catalina.core.ApplicationContext.log Manager: list: Listing contexts for virtual host 'localhost'
07-Jun-2018 13:31:55.989 INFORMA합ES [http-nio-8080-exec-165] org.apache.catalina.core.ApplicationContext.log Manager: restart: Reloading web application '/truco-torneio-webjsf'
07-Jun-2018 13:33:06.900 INFORMA합ES [http-nio-8080-exec-172] org.apache.catalina.core.ApplicationContext.log Manager: list: Listing contexts for virtual host 'localhost'
07-Jun-2018 13:33:06.910 INFORMA합ES [http-nio-8080-exec-174] org.apache.catalina.core.ApplicationContext.log Manager: restart: Reloading web application '/truco-torneio-webjsf'
07-Jun-2018 13:33:19.818 INFORMA합ES [http-nio-8080-exec-178] org.apache.catalina.core.ApplicationContext.log Manager: list: Listing contexts for virtual host 'localhost'
07-Jun-2018 13:33:19.825 INFORMA합ES [http-nio-8080-exec-168] org.apache.catalina.core.ApplicationContext.log Manager: list: Listing contexts for virtual host 'localhost'
07-Jun-2018 13:33:19.843 INFORMA합ES [http-nio-8080-exec-175] org.apache.catalina.core.ApplicationContext.log Manager: restart: Reloading web application '/truco-torneio-webjsf'
07-Jun-2018 13:41:49.691 INFORMA합ES [http-nio-8080-exec-188] org.apache.catalina.core.ApplicationContext.log Manager: list: Listing contexts for virtual host 'localhost'
07-Jun-2018 13:41:49.701 INFORMA합ES [http-nio-8080-exec-189] org.apache.catalina.core.ApplicationContext.log Manager: restart: Reloading web application '/truco-torneio-webjsf'
07-Jun-2018 13:41:55.504 INFORMA합ES [http-nio-8080-exec-188] org.apache.catalina.core.ApplicationContext.log Manager: list: Listing contexts for virtual host 'localhost'
07-Jun-2018 13:41:55.513 INFORMA합ES [http-nio-8080-exec-187] org.apache.catalina.core.ApplicationContext.log Manager: restart: Reloading web application '/truco-torneio-webjsf'
07-Jun-2018 13:42:19.276 INFORMA합ES [http-nio-8080-exec-184] org.apache.catalina.core.ApplicationContext.log Manager: list: Listing contexts for virtual host 'localhost'
07-Jun-2018 13:42:19.286 INFORMA합ES [http-nio-8080-exec-191] org.apache.catalina.core.ApplicationContext.log Manager: restart: Reloading web application '/truco-torneio-webjsf'
07-Jun-2018 13:42:34.844 INFORMA합ES [http-nio-8080-exec-192] org.apache.catalina.core.ApplicationContext.log Manager: list: Listing contexts for virtual host 'localhost'
07-Jun-2018 13:42:34.850 INFORMA합ES [http-nio-8080-exec-182] org.apache.catalina.core.ApplicationContext.log Manager: list: Listing contexts for virtual host 'localhost'
07-Jun-2018 13:42:34.869 INFORMA합ES [http-nio-8080-exec-193] org.apache.catalina.core.ApplicationContext.log Manager: restart: Reloading web application '/truco-torneio-webjsf'
07-Jun-2018 13:43:32.976 INFORMA합ES [http-nio-8080-exec-199] org.apache.catalina.core.ApplicationContext.log Manager: list: Listing contexts for virtual host 'localhost'
07-Jun-2018 13:43:32.982 INFORMA합ES [http-nio-8080-exec-202] org.apache.catalina.core.ApplicationContext.log Manager: list: Listing contexts for virtual host 'localhost'
07-Jun-2018 13:44:04.855 INFORMA합ES [http-nio-8080-exec-198] org.apache.catalina.core.ApplicationContext.log Manager: list: Listing contexts for virtual host 'localhost'
07-Jun-2018 13:44:04.865 INFORMA합ES [http-nio-8080-exec-204] org.apache.catalina.core.ApplicationContext.log Manager: restart: Reloading web application '/truco-torneio-webjsf'
07-Jun-2018 13:48:57.366 INFORMA합ES [http-nio-8080-exec-211] org.apache.catalina.core.ApplicationContext.log Manager: list: Listing contexts for virtual host 'localhost'
07-Jun-2018 13:48:57.366 INFORMA합ES [http-nio-8080-exec-210] org.apache.catalina.core.ApplicationContext.log Manager: restart: Reloading web application '/truco-torneio-webjsf'
07-Jun-2018 13:50:24.236 INFORMA합ES [http-nio-8080-exec-217] org.apache.catalina.core.ApplicationContext.log Manager: list: Listing contexts for virtual host 'localhost'
07-Jun-2018 13:50:24.246 INFORMA합ES [http-nio-8080-exec-211] org.apache.catalina.core.ApplicationContext.log Manager: restart: Reloading web application '/truco-torneio-webjsf'
07-Jun-2018 13:50:35.726 INFORMA합ES [http-nio-8080-exec-217] org.apache.catalina.core.ApplicationContext.log Manager: list: Listing contexts for virtual host 'localhost'
07-Jun-2018 13:50:35.735 INFORMA합ES [http-nio-8080-exec-213] org.apache.catalina.core.ApplicationContext.log Manager: restart: Reloading web application '/truco-torneio-webjsf'
07-Jun-2018 13:50:37.361 INFORMA합ES [http-nio-8080-exec-221] org.apache.catalina.core.ApplicationContext.log Manager: list: Listing contexts for virtual host 'localhost'
07-Jun-2018 13:50:37.367 INFORMA합ES [http-nio-8080-exec-222] org.apache.catalina.core.ApplicationContext.log Manager: list: Listing contexts for virtual host 'localhost'
07-Jun-2018 13:50:37.386 INFORMA합ES [http-nio-8080-exec-217] org.apache.catalina.core.ApplicationContext.log Manager: restart: Reloading web application '/truco-torneio-webjsf'
07-Jun-2018 13:51:38.230 INFORMA합ES [http-nio-8080-exec-226] org.apache.catalina.core.ApplicationContext.log Manager: list: Listing contexts for virtual host 'localhost'
07-Jun-2018 13:51:38.241 INFORMA합ES [http-nio-8080-exec-224] org.apache.catalina.core.ApplicationContext.log Manager: restart: Reloading web application '/truco-torneio-webjsf'
07-Jun-2018 13:51:44.999 INFORMA합ES [http-nio-8080-exec-229] org.apache.catalina.core.ApplicationContext.log Manager: list: Listing contexts for virtual host 'localhost'
07-Jun-2018 13:51:45.004 INFORMA합ES [http-nio-8080-exec-222] org.apache.catalina.core.ApplicationContext.log Manager: list: Listing contexts for virtual host 'localhost'
07-Jun-2018 13:51:45.022 INFORMA합ES [http-nio-8080-exec-226] org.apache.catalina.core.ApplicationContext.log Manager: restart: Reloading web application '/truco-torneio-webjsf'
07-Jun-2018 13:57:23.372 INFORMA합ES [http-nio-8080-exec-233] org.apache.catalina.core.ApplicationContext.log Manager: list: Listing contexts for virtual host 'localhost'
07-Jun-2018 13:57:23.382 INFORMA합ES [http-nio-8080-exec-238] org.apache.catalina.core.ApplicationContext.log Manager: restart: Reloading web application '/truco-torneio-webjsf'
07-Jun-2018 13:58:09.724 INFORMA합ES [http-nio-8080-exec-240] org.apache.catalina.core.ApplicationContext.log Manager: list: Listing contexts for virtual host 'localhost'
07-Jun-2018 13:58:09.738 INFORMA합ES [http-nio-8080-exec-235] org.apache.catalina.core.ApplicationContext.log Manager: restart: Reloading web application '/truco-torneio-webjsf'
07-Jun-2018 13:59:33.219 INFORMA합ES [http-nio-8080-exec-247] org.apache.catalina.core.ApplicationContext.log Manager: list: Listing contexts for virtual host 'localhost'
07-Jun-2018 13:59:33.224 INFORMA합ES [http-nio-8080-exec-237] org.apache.catalina.core.ApplicationContext.log Manager: list: Listing contexts for virtual host 'localhost'
07-Jun-2018 13:59:33.242 INFORMA합ES [http-nio-8080-exec-239] org.apache.catalina.core.ApplicationContext.log Manager: restart: Reloading web application '/truco-torneio-webjsf'
07-Jun-2018 14:00:07.306 INFORMA합ES [http-nio-8080-exec-247] org.apache.catalina.core.ApplicationContext.log Manager: list: Listing contexts for virtual host 'localhost'
07-Jun-2018 14:00:07.313 INFORMA합ES [http-nio-8080-exec-253] org.apache.catalina.core.ApplicationContext.log Manager: list: Listing contexts for virtual host 'localhost'
07-Jun-2018 14:01:55.281 INFORMA합ES [http-nio-8080-exec-255] org.apache.catalina.core.ApplicationContext.log Manager: list: Listing contexts for virtual host 'localhost'
07-Jun-2018 14:01:55.290 INFORMA합ES [http-nio-8080-exec-250] org.apache.catalina.core.ApplicationContext.log Manager: restart: Reloading web application '/truco-torneio-webjsf'
07-Jun-2018 14:02:58.182 INFORMA합ES [http-nio-8080-exec-258] org.apache.catalina.core.ApplicationContext.log Manager: list: Listing contexts for virtual host 'localhost'
07-Jun-2018 14:02:58.192 INFORMA합ES [http-nio-8080-exec-252] org.apache.catalina.core.ApplicationContext.log Manager: restart: Reloading web application '/truco-torneio-webjsf'
07-Jun-2018 14:03:52.898 INFORMA합ES [http-nio-8080-exec-259] org.apache.catalina.core.ApplicationContext.log Manager: list: Listing contexts for virtual host 'localhost'
07-Jun-2018 14:03:52.908 INFORMA합ES [http-nio-8080-exec-251] org.apache.catalina.core.ApplicationContext.log Manager: restart: Reloading web application '/truco-torneio-webjsf'
07-Jun-2018 14:03:58.131 INFORMA합ES [http-nio-8080-exec-259] org.apache.catalina.core.ApplicationContext.log Manager: list: Listing contexts for virtual host 'localhost'
07-Jun-2018 14:03:58.138 INFORMA합ES [http-nio-8080-exec-254] org.apache.catalina.core.ApplicationContext.log Manager: restart: Reloading web application '/truco-torneio-webjsf'
07-Jun-2018 14:05:01.359 INFORMA합ES [http-nio-8080-exec-265] org.apache.catalina.core.ApplicationContext.log Manager: list: Listing contexts for virtual host 'localhost'
07-Jun-2018 14:05:01.368 INFORMA합ES [http-nio-8080-exec-263] org.apache.catalina.core.ApplicationContext.log Manager: restart: Reloading web application '/truco-torneio-webjsf'
07-Jun-2018 14:05:15.809 INFORMA합ES [http-nio-8080-exec-259] org.apache.catalina.core.ApplicationContext.log Manager: list: Listing contexts for virtual host 'localhost'
07-Jun-2018 14:05:15.819 INFORMA합ES [http-nio-8080-exec-267] org.apache.catalina.core.ApplicationContext.log Manager: restart: Reloading web application '/truco-torneio-webjsf'
07-Jun-2018 14:12:19.895 INFORMA합ES [http-nio-8080-exec-275] org.apache.catalina.core.ApplicationContext.log Manager: list: Listing contexts for virtual host 'localhost'
07-Jun-2018 14:12:19.906 INFORMA합ES [http-nio-8080-exec-274] org.apache.catalina.core.ApplicationContext.log Manager: restart: Reloading web application '/truco-torneio-webjsf'
07-Jun-2018 14:12:30.971 INFORMA합ES [http-nio-8080-exec-272] org.apache.catalina.core.ApplicationContext.log Manager: list: Listing contexts for virtual host 'localhost'
07-Jun-2018 14:12:30.977 INFORMA합ES [http-nio-8080-exec-278] org.apache.catalina.core.ApplicationContext.log Manager: list: Listing contexts for virtual host 'localhost'
07-Jun-2018 14:12:30.997 INFORMA합ES [http-nio-8080-exec-276] org.apache.catalina.core.ApplicationContext.log Manager: restart: Reloading web application '/truco-torneio-webjsf'
07-Jun-2018 14:31:18.184 INFORMA합ES [http-nio-8080-exec-294] org.apache.catalina.core.ApplicationContext.log Manager: list: Listing contexts for virtual host 'localhost'
07-Jun-2018 14:31:18.196 INFORMA합ES [http-nio-8080-exec-293] org.apache.catalina.core.ApplicationContext.log Manager: restart: Reloading web application '/truco-torneio-webjsf'
07-Jun-2018 14:31:24.721 INFORMA합ES [http-nio-8080-exec-292] org.apache.catalina.core.ApplicationContext.log Manager: list: Listing contexts for virtual host 'localhost'
07-Jun-2018 14:31:24.727 INFORMA합ES [http-nio-8080-exec-291] org.apache.catalina.core.ApplicationContext.log Manager: list: Listing contexts for virtual host 'localhost'
07-Jun-2018 14:31:24.748 INFORMA합ES [http-nio-8080-exec-289] org.apache.catalina.core.ApplicationContext.log Manager: restart: Reloading web application '/truco-torneio-webjsf'
07-Jun-2018 14:58:23.837 INFORMA합ES [http-nio-8080-exec-300] org.apache.catalina.core.ApplicationContext.log Manager: list: Listing contexts for virtual host 'localhost'
07-Jun-2018 14:58:23.846 INFORMA합ES [http-nio-8080-exec-297] org.apache.catalina.core.ApplicationContext.log Manager: restart: Reloading web application '/truco-torneio-webjsf'
07-Jun-2018 14:58:45.419 INFORMA합ES [http-nio-8080-exec-301] org.apache.catalina.core.ApplicationContext.log Manager: list: Listing contexts for virtual host 'localhost'
07-Jun-2018 14:58:49.034 INFORMA합ES [http-nio-8080-exec-300] org.apache.catalina.core.ApplicationContext.log Manager: list: Listing contexts for virtual host 'localhost'
07-Jun-2018 14:58:49.039 INFORMA합ES [http-nio-8080-exec-302] org.apache.catalina.core.ApplicationContext.log Manager: list: Listing contexts for virtual host 'localhost'
07-Jun-2018 14:58:49.057 INFORMA합ES [http-nio-8080-exec-307] org.apache.catalina.core.ApplicationContext.log Manager: restart: Reloading web application '/truco-torneio-webjsf'
07-Jun-2018 16:43:40.865 INFORMA합ES [http-nio-8080-exec-313] org.apache.catalina.core.ApplicationContext.log Manager: list: Listing contexts for virtual host 'localhost'
