22-May-2018 17:52:55.587 INFORMA합ES [http-nio-8080-exec-5] org.apache.catalina.core.ApplicationContext.log Manager: init: Associated with Deployer 'Catalina:type=Deployer,host=localhost'
22-May-2018 17:52:55.587 INFORMA합ES [http-nio-8080-exec-5] org.apache.catalina.core.ApplicationContext.log Manager: init: Global resources are available
22-May-2018 17:52:56.160 INFORMA합ES [http-nio-8080-exec-1] org.apache.catalina.core.ApplicationContext.log Manager: list: Listing contexts for virtual host 'localhost'
22-May-2018 17:52:56.168 INFORMA합ES [http-nio-8080-exec-10] org.apache.catalina.core.ApplicationContext.log Manager: list: Listing contexts for virtual host 'localhost'
22-May-2018 17:52:56.200 INFORMA합ES [http-nio-8080-exec-2] org.apache.catalina.core.ApplicationContext.log Manager: undeploy: Undeploying web application at '/truco'
22-May-2018 17:52:56.728 INFORMA합ES [http-nio-8080-exec-10] org.apache.catalina.core.ApplicationContext.log Manager: install: Installing context configuration at 'file:/C:/Users/047837~1/AppData/Local/Temp/context6548391328621931703.xml'
22-May-2018 17:53:58.539 INFORMA합ES [http-nio-8080-exec-15] org.apache.catalina.core.ApplicationContext.log Manager: list: Listing contexts for virtual host 'localhost'
22-May-2018 17:53:58.549 INFORMA합ES [http-nio-8080-exec-3] org.apache.catalina.core.ApplicationContext.log Manager: stop: Stopping web application '/truco'
22-May-2018 17:53:58.561 INFORMA합ES [http-nio-8080-exec-1] org.apache.catalina.core.ApplicationContext.log Manager: start: Starting web application '/truco'
22-May-2018 17:54:06.375 INFORMA합ES [http-nio-8080-exec-13] org.apache.catalina.core.ApplicationContext.log Manager: list: Listing contexts for virtual host 'localhost'
22-May-2018 17:54:06.381 INFORMA합ES [http-nio-8080-exec-17] org.apache.catalina.core.ApplicationContext.log Manager: list: Listing contexts for virtual host 'localhost'
22-May-2018 17:54:06.400 INFORMA합ES [http-nio-8080-exec-12] org.apache.catalina.core.ApplicationContext.log Manager: stop: Stopping web application '/truco'
22-May-2018 17:54:06.404 INFORMA합ES [http-nio-8080-exec-18] org.apache.catalina.core.ApplicationContext.log Manager: start: Starting web application '/truco'
22-May-2018 17:54:10.957 INFORMA합ES [http-nio-8080-exec-12] org.apache.catalina.core.ApplicationContext.log Manager: list: Listing contexts for virtual host 'localhost'
22-May-2018 17:54:10.962 INFORMA합ES [http-nio-8080-exec-15] org.apache.catalina.core.ApplicationContext.log Manager: list: Listing contexts for virtual host 'localhost'
22-May-2018 17:54:10.980 INFORMA합ES [http-nio-8080-exec-17] org.apache.catalina.core.ApplicationContext.log Manager: stop: Stopping web application '/truco'
22-May-2018 17:54:10.984 INFORMA합ES [http-nio-8080-exec-18] org.apache.catalina.core.ApplicationContext.log Manager: start: Starting web application '/truco'
22-May-2018 17:54:14.943 INFORMA합ES [http-nio-8080-exec-16] org.apache.catalina.core.ApplicationContext.log Manager: list: Listing contexts for virtual host 'localhost'
22-May-2018 17:54:14.949 INFORMA합ES [http-nio-8080-exec-19] org.apache.catalina.core.ApplicationContext.log Manager: list: Listing contexts for virtual host 'localhost'
22-May-2018 17:54:14.973 INFORMA합ES [http-nio-8080-exec-5] org.apache.catalina.core.ApplicationContext.log Manager: stop: Stopping web application '/truco'
22-May-2018 17:54:14.977 INFORMA합ES [http-nio-8080-exec-11] org.apache.catalina.core.ApplicationContext.log Manager: start: Starting web application '/truco'
22-May-2018 17:54:21.470 INFORMA합ES [http-nio-8080-exec-21] org.apache.catalina.core.ApplicationContext.log Manager: list: Listing contexts for virtual host 'localhost'
22-May-2018 17:54:21.476 INFORMA합ES [http-nio-8080-exec-12] org.apache.catalina.core.ApplicationContext.log Manager: list: Listing contexts for virtual host 'localhost'
22-May-2018 17:54:21.484 INFORMA합ES [http-nio-8080-exec-11] org.apache.catalina.core.ApplicationContext.log Manager: undeploy: Undeploying web application at '/truco'
22-May-2018 17:54:22.000 INFORMA합ES [http-nio-8080-exec-19] org.apache.catalina.core.ApplicationContext.log Manager: install: Installing context configuration at 'file:/C:/Users/047837~1/AppData/Local/Temp/context1398781984815887899.xml'
22-May-2018 17:54:23.410 INFORMA합ES [http-nio-8080-exec-21] org.apache.catalina.core.ApplicationContext.log Manager: start: Starting web application '/truco'
22-May-2018 17:54:24.861 INFORMA합ES [http-nio-8080-exec-20] org.apache.catalina.core.ApplicationContext.log Manager: list: Listing contexts for virtual host 'localhost'
22-May-2018 17:54:24.867 INFORMA합ES [http-nio-8080-exec-15] org.apache.catalina.core.ApplicationContext.log Manager: list: Listing contexts for virtual host 'localhost'
22-May-2018 17:54:24.892 INFORMA합ES [http-nio-8080-exec-17] org.apache.catalina.core.ApplicationContext.log Manager: stop: Stopping web application '/truco'
22-May-2018 17:54:24.902 INFORMA합ES [http-nio-8080-exec-23] org.apache.catalina.core.ApplicationContext.log Manager: start: Starting web application '/truco'
