22-May-2018 17:52:49.077 INFORMAÇÕES [main] org.apache.catalina.startup.VersionLoggerListener.log Server version:        Apache Tomcat/8.5.31
22-May-2018 17:52:49.079 INFORMAÇÕES [main] org.apache.catalina.startup.VersionLoggerListener.log Server built:          Apr 27 2018 20:24:25 UTC
22-May-2018 17:52:49.079 INFORMAÇÕES [main] org.apache.catalina.startup.VersionLoggerListener.log Server number:         8.5.31.0
22-May-2018 17:52:49.079 INFORMAÇÕES [main] org.apache.catalina.startup.VersionLoggerListener.log OS Name:               Windows 10
22-May-2018 17:52:49.079 INFORMAÇÕES [main] org.apache.catalina.startup.VersionLoggerListener.log OS Version:            10.0
22-May-2018 17:52:49.079 INFORMAÇÕES [main] org.apache.catalina.startup.VersionLoggerListener.log Architecture:          amd64
22-May-2018 17:52:49.079 INFORMAÇÕES [main] org.apache.catalina.startup.VersionLoggerListener.log Java Home:             C:\Program Files\Java\jdk1.8.0_131\jre
22-May-2018 17:52:49.079 INFORMAÇÕES [main] org.apache.catalina.startup.VersionLoggerListener.log JVM Version:           1.8.0_131-b11
22-May-2018 17:52:49.080 INFORMAÇÕES [main] org.apache.catalina.startup.VersionLoggerListener.log JVM Vendor:            Oracle Corporation
22-May-2018 17:52:49.080 INFORMAÇÕES [main] org.apache.catalina.startup.VersionLoggerListener.log CATALINA_BASE:         C:\Users\04783714118\Documents\NetBeansProjects\JSF\JSF-Truco\apache-tomcat-8.5.31
22-May-2018 17:52:49.080 INFORMAÇÕES [main] org.apache.catalina.startup.VersionLoggerListener.log CATALINA_HOME:         C:\Users\04783714118\Documents\NetBeansProjects\JSF\JSF-Truco\apache-tomcat-8.5.31
22-May-2018 17:52:49.080 INFORMAÇÕES [main] org.apache.catalina.startup.VersionLoggerListener.log Command line argument: -Djava.util.logging.config.file=C:\Users\04783714118\Documents\NetBeansProjects\JSF\JSF-Truco\apache-tomcat-8.5.31\conf\logging.properties
22-May-2018 17:52:49.080 INFORMAÇÕES [main] org.apache.catalina.startup.VersionLoggerListener.log Command line argument: -Djava.util.logging.manager=org.apache.juli.ClassLoaderLogManager
22-May-2018 17:52:49.080 INFORMAÇÕES [main] org.apache.catalina.startup.VersionLoggerListener.log Command line argument: -Dhttp.nonProxyHosts=localhost|127.0.0.1|c430761
22-May-2018 17:52:49.080 INFORMAÇÕES [main] org.apache.catalina.startup.VersionLoggerListener.log Command line argument: -Djdk.tls.ephemeralDHKeySize=2048
22-May-2018 17:52:49.080 INFORMAÇÕES [main] org.apache.catalina.startup.VersionLoggerListener.log Command line argument: -Djava.protocol.handler.pkgs=org.apache.catalina.webresources
22-May-2018 17:52:49.081 INFORMAÇÕES [main] org.apache.catalina.startup.VersionLoggerListener.log Command line argument: -Dignore.endorsed.dirs=
22-May-2018 17:52:49.081 INFORMAÇÕES [main] org.apache.catalina.startup.VersionLoggerListener.log Command line argument: -Dcatalina.base=C:\Users\04783714118\Documents\NetBeansProjects\JSF\JSF-Truco\apache-tomcat-8.5.31
22-May-2018 17:52:49.081 INFORMAÇÕES [main] org.apache.catalina.startup.VersionLoggerListener.log Command line argument: -Dcatalina.home=C:\Users\04783714118\Documents\NetBeansProjects\JSF\JSF-Truco\apache-tomcat-8.5.31
22-May-2018 17:52:49.081 INFORMAÇÕES [main] org.apache.catalina.startup.VersionLoggerListener.log Command line argument: -Djava.io.tmpdir=C:\Users\04783714118\Documents\NetBeansProjects\JSF\JSF-Truco\apache-tomcat-8.5.31\temp
22-May-2018 17:52:49.081 INFORMAÇÕES [main] org.apache.catalina.core.AprLifecycleListener.lifecycleEvent The APR based Apache Tomcat Native library which allows optimal performance in production environments was not found on the java.library.path: [C:\Program Files\Java\jdk1.8.0_131\bin;C:\Windows\Sun\Java\bin;C:\Windows\system32;C:\Windows;C:\Program Files (x86)\Borland\Delphi7\Bin;C:\Program Files (x86)\Borland\Delphi7\Projects\Bpl\;C:\Oracle\product\11.2.0\client_1\bin;C:\Program Files (x86)\Intel\iCLS Client\;C:\Program Files\Intel\iCLS Client\;C:\Windows\system32;C:\Windows;C:\Windows\System32\Wbem;C:\Windows\System32\WindowsPowerShell\v1.0\;C:\Program Files (x86)\Intel\Intel(R) Management Engine Components\DAL;C:\Program Files\Intel\Intel(R) Management Engine Components\DAL;C:\Program Files (x86)\Intel\Intel(R) Management Engine Components\IPT;C:\Program Files\Intel\Intel(R) Management Engine Components\IPT;C:\Program Files\Dell\Dell Data Protection\Drivers\TSS\bin\;C:\Program Files (x86)\Skype\Phone\;c:\Program Files (x86)\Microsoft SQL Server\100\Tools\Binn\;c:\Program Files\Microsoft SQL Server\100\Tools\Binn\;c:\Program Files\Microsoft SQL Server\100\DTS\Binn\;C:\Program Files (x86)\Lua\5.1;C:\Program Files (x86)\Lua\5.1\clibs;C:\MinGW\bin;C:\Users\04783714118\Desktop\R\Facul\RRPGSDK3\SDK3;C:\Program Files\Microsoft SQL Server\130\Tools\Binn\;C:\Program Files\dotnet\;C:\Program Files\nodejs\;C:\Program Files\Java\jdk1.8.0_131\bin;C:\Program Files (x86)\Java\jdk1.8.0_131\bin;C:\Program Files\Git\cmd;C:\Users\Public\Documents\RAD Studio\7.0\Bpl;C:\Users\04783714118\AppData\Local\Microsoft\WindowsApps;C:\Program Files (x86)\Microsoft VS Code\bin;C:\Users\04783714118\AppData\Roaming\npm;C:\Program Files (x86)\Java\jdk1.8.0_131\bin;C:\Users\04783714118\AppData\Local\atom\bin;C:\Users\04783714118\AppData\Local\GitHubDesktop\bin;.]
22-May-2018 17:52:49.275 INFORMAÇÕES [main] org.apache.coyote.AbstractProtocol.init Initializing ProtocolHandler ["http-nio-8080"]
22-May-2018 17:52:49.374 INFORMAÇÕES [main] org.apache.tomcat.util.net.NioSelectorPool.getSharedSelector Using a shared selector for servlet write/read
22-May-2018 17:52:49.381 INFORMAÇÕES [main] org.apache.coyote.AbstractProtocol.init Initializing ProtocolHandler ["ajp-nio-8009"]
22-May-2018 17:52:49.383 INFORMAÇÕES [main] org.apache.tomcat.util.net.NioSelectorPool.getSharedSelector Using a shared selector for servlet write/read
22-May-2018 17:52:49.383 INFORMAÇÕES [main] org.apache.catalina.startup.Catalina.load Initialization processed in 576 ms
22-May-2018 17:52:49.408 INFORMAÇÕES [main] org.apache.catalina.core.StandardService.startInternal Starting service [Catalina]
22-May-2018 17:52:49.408 INFORMAÇÕES [main] org.apache.catalina.core.StandardEngine.startInternal Starting Servlet Engine: Apache Tomcat/8.5.31
22-May-2018 17:52:49.415 INFORMAÇÕES [localhost-startStop-1] org.apache.catalina.startup.HostConfig.deployDescriptor Deploying configuration descriptor [C:\Users\04783714118\Documents\NetBeansProjects\JSF\JSF-Truco\apache-tomcat-8.5.31\conf\Catalina\localhost\truco.xml]
22-May-2018 17:52:50.509 INFORMAÇÕES [localhost-startStop-1] org.apache.jasper.servlet.TldScanner.scanJars At least one JAR was scanned for TLDs yet contained no TLDs. Enable debug logging for this logger for a complete list of JARs that were scanned but no TLDs were found in them. Skipping unneeded JARs during scanning can improve startup time and JSP compilation time.
22-May-2018 17:52:50.632 INFORMAÇÕES [localhost-startStop-1] com.sun.faces.config.ConfigureListener.contextInitialized Inicializando Mojarra 2.2.7 ( 20140610-1547 https://svn.java.net/svn/mojarra~svn/tags/2.2.7@13362) para o contexto '/truco'
22-May-2018 17:52:50.778 INFORMAÇÕES [localhost-startStop-1] com.sun.faces.spi.InjectionProviderFactory.createInstance JSF1048: Anotações PostConstruct/PreDestroy presentes.  Os métodos ManagedBeans marcados com essas anotações informarão as anotações processadas.
22-May-2018 17:52:51.222 ADVERTÊNCIA [localhost-startStop-1] com.sun.faces.config.processor.NavigationConfigProcessor.addNavigationCasesForRule JSF1058: O recurso referido por to-view-id, 'main.xhtml', para navegação de '/index.xhtml', não começa com '/'.  Isso será adicionado para você, mas deveria ser corrigido.
22-May-2018 17:52:51.224 ADVERTÊNCIA [localhost-startStop-1] com.sun.faces.config.processor.NavigationConfigProcessor.addNavigationCasesForRule JSF1058: O recurso referido por to-view-id, 'cadastro_usuario.xhtml', para navegação de '/index.xhtml', não começa com '/'.  Isso será adicionado para você, mas deveria ser corrigido.
22-May-2018 17:52:51.225 ADVERTÊNCIA [localhost-startStop-1] com.sun.faces.config.processor.NavigationConfigProcessor.addNavigationCasesForRule JSF1058: O recurso referido por to-view-id, 'main.xhtml', para navegação de '/cadastro_usuario.xhtml', não começa com '/'.  Isso será adicionado para você, mas deveria ser corrigido.
22-May-2018 17:52:51.225 ADVERTÊNCIA [localhost-startStop-1] com.sun.faces.config.processor.NavigationConfigProcessor.addNavigationCasesForRule JSF1058: O recurso referido por to-view-id, 'index.xhtml', para navegação de '/cadastro_usuario.xhtml', não começa com '/'.  Isso será adicionado para você, mas deveria ser corrigido.
22-May-2018 17:52:51.225 ADVERTÊNCIA [localhost-startStop-1] com.sun.faces.config.processor.NavigationConfigProcessor.addNavigationCasesForRule JSF1058: O recurso referido por to-view-id, 'inputText.xhtml', para navegação de '/dupla.xhtml', não começa com '/'.  Isso será adicionado para você, mas deveria ser corrigido.
22-May-2018 17:52:51.225 ADVERTÊNCIA [localhost-startStop-1] com.sun.faces.config.processor.NavigationConfigProcessor.addNavigationCasesForRule JSF1058: O recurso referido por to-view-id, 'torneio.xhtml', para navegação de '/main.xhtml', não começa com '/'.  Isso será adicionado para você, mas deveria ser corrigido.
22-May-2018 17:52:51.225 ADVERTÊNCIA [localhost-startStop-1] com.sun.faces.config.processor.NavigationConfigProcessor.addNavigationCasesForRule JSF1058: O recurso referido por to-view-id, 'dupla.xhtml', para navegação de '/main.xhtml', não começa com '/'.  Isso será adicionado para você, mas deveria ser corrigido.
22-May-2018 17:52:51.225 ADVERTÊNCIA [localhost-startStop-1] com.sun.faces.config.processor.NavigationConfigProcessor.addNavigationCasesForRule JSF1058: O recurso referido por to-view-id, 'perfil.xhtml', para navegação de '/main.xhtml', não começa com '/'.  Isso será adicionado para você, mas deveria ser corrigido.
22-May-2018 17:52:51.225 ADVERTÊNCIA [localhost-startStop-1] com.sun.faces.config.processor.NavigationConfigProcessor.addNavigationCasesForRule JSF1058: O recurso referido por to-view-id, 'torneio.xhtml', para navegação de '*', não começa com '/'.  Isso será adicionado para você, mas deveria ser corrigido.
22-May-2018 17:52:51.225 ADVERTÊNCIA [localhost-startStop-1] com.sun.faces.config.processor.NavigationConfigProcessor.addNavigationCasesForRule JSF1058: O recurso referido por to-view-id, 'dupla.xhtml', para navegação de '*', não começa com '/'.  Isso será adicionado para você, mas deveria ser corrigido.
22-May-2018 17:52:51.226 ADVERTÊNCIA [localhost-startStop-1] com.sun.faces.config.processor.NavigationConfigProcessor.addNavigationCasesForRule JSF1058: O recurso referido por to-view-id, 'main.xhtml', para navegação de '*', não começa com '/'.  Isso será adicionado para você, mas deveria ser corrigido.
22-May-2018 17:52:51.226 ADVERTÊNCIA [localhost-startStop-1] com.sun.faces.config.processor.NavigationConfigProcessor.addNavigationCasesForRule JSF1058: O recurso referido por to-view-id, 'perfil.xhtml', para navegação de '*', não começa com '/'.  Isso será adicionado para você, mas deveria ser corrigido.
22-May-2018 17:52:51.226 ADVERTÊNCIA [localhost-startStop-1] com.sun.faces.config.processor.NavigationConfigProcessor.addNavigationCasesForRule JSF1058: O recurso referido por to-view-id, 'torneio_detalhado.xhtml', para navegação de '/torneio.xhtml', não começa com '/'.  Isso será adicionado para você, mas deveria ser corrigido.
22-May-2018 17:52:51.283 ADVERTÊNCIA [localhost-startStop-1] com.sun.faces.config.processor.NavigationConfigProcessor.addNavigationCasesForRule JSF1058: O recurso referido por to-view-id, 'cadastro_torneio.xhtml', para navegação de '/torneio.xhtml', não começa com '/'.  Isso será adicionado para você, mas deveria ser corrigido.
22-May-2018 17:52:51.283 ADVERTÊNCIA [localhost-startStop-1] com.sun.faces.config.processor.NavigationConfigProcessor.addNavigationCasesForRule JSF1058: O recurso referido por to-view-id, 'torneio.xhtml', para navegação de '/cadastro_torneio.xhtml', não começa com '/'.  Isso será adicionado para você, mas deveria ser corrigido.
22-May-2018 17:52:51.283 ADVERTÊNCIA [localhost-startStop-1] com.sun.faces.config.processor.NavigationConfigProcessor.addNavigationCasesForRule JSF1058: O recurso referido por to-view-id, 'inputText.xhtml', para navegação de '/perfil.xhtml', não começa com '/'.  Isso será adicionado para você, mas deveria ser corrigido.
22-May-2018 17:52:51.488 INFORMAÇÕES [localhost-startStop-1] com.sun.faces.config.ConfigureListener$WebConfigResourceMonitor$Monitor.<init> Monitoring file:/C:/Users/04783714118/Documents/NetBeansProjects/JSF/JSF-Truco/build/web/WEB-INF/faces-config.xml for modifications
22-May-2018 17:52:51.535 INFORMAÇÕES [localhost-startStop-1] org.primefaces.webapp.PostConstructApplicationEventListener.processEvent Running on PrimeFaces 6.2
22-May-2018 17:52:51.578 INFORMAÇÕES [localhost-startStop-1] org.apache.catalina.startup.HostConfig.deployDescriptor Deployment of configuration descriptor [C:\Users\04783714118\Documents\NetBeansProjects\JSF\JSF-Truco\apache-tomcat-8.5.31\conf\Catalina\localhost\truco.xml] has finished in [2,162] ms
22-May-2018 17:52:51.579 INFORMAÇÕES [localhost-startStop-1] org.apache.catalina.startup.HostConfig.deployDirectory Deploying web application directory [C:\Users\04783714118\Documents\NetBeansProjects\JSF\JSF-Truco\apache-tomcat-8.5.31\webapps\docs]
22-May-2018 17:52:51.599 INFORMAÇÕES [localhost-startStop-1] org.apache.catalina.startup.HostConfig.deployDirectory Deployment of web application directory [C:\Users\04783714118\Documents\NetBeansProjects\JSF\JSF-Truco\apache-tomcat-8.5.31\webapps\docs] has finished in [21] ms
22-May-2018 17:52:51.599 INFORMAÇÕES [localhost-startStop-1] org.apache.catalina.startup.HostConfig.deployDirectory Deploying web application directory [C:\Users\04783714118\Documents\NetBeansProjects\JSF\JSF-Truco\apache-tomcat-8.5.31\webapps\examples]
22-May-2018 17:52:52.599 INFORMAÇÕES [localhost-startStop-1] org.apache.catalina.startup.HostConfig.deployDirectory Deployment of web application directory [C:\Users\04783714118\Documents\NetBeansProjects\JSF\JSF-Truco\apache-tomcat-8.5.31\webapps\examples] has finished in [999] ms
22-May-2018 17:52:52.599 INFORMAÇÕES [localhost-startStop-1] org.apache.catalina.startup.HostConfig.deployDirectory Deploying web application directory [C:\Users\04783714118\Documents\NetBeansProjects\JSF\JSF-Truco\apache-tomcat-8.5.31\webapps\host-manager]
22-May-2018 17:52:52.652 INFORMAÇÕES [localhost-startStop-1] org.apache.catalina.startup.HostConfig.deployDirectory Deployment of web application directory [C:\Users\04783714118\Documents\NetBeansProjects\JSF\JSF-Truco\apache-tomcat-8.5.31\webapps\host-manager] has finished in [53] ms
22-May-2018 17:52:52.652 INFORMAÇÕES [localhost-startStop-1] org.apache.catalina.startup.HostConfig.deployDirectory Deploying web application directory [C:\Users\04783714118\Documents\NetBeansProjects\JSF\JSF-Truco\apache-tomcat-8.5.31\webapps\manager]
22-May-2018 17:52:52.700 INFORMAÇÕES [localhost-startStop-1] org.apache.catalina.startup.HostConfig.deployDirectory Deployment of web application directory [C:\Users\04783714118\Documents\NetBeansProjects\JSF\JSF-Truco\apache-tomcat-8.5.31\webapps\manager] has finished in [48] ms
22-May-2018 17:52:52.700 INFORMAÇÕES [localhost-startStop-1] org.apache.catalina.startup.HostConfig.deployDirectory Deploying web application directory [C:\Users\04783714118\Documents\NetBeansProjects\JSF\JSF-Truco\apache-tomcat-8.5.31\webapps\ROOT]
22-May-2018 17:52:52.723 INFORMAÇÕES [localhost-startStop-1] org.apache.catalina.startup.HostConfig.deployDirectory Deployment of web application directory [C:\Users\04783714118\Documents\NetBeansProjects\JSF\JSF-Truco\apache-tomcat-8.5.31\webapps\ROOT] has finished in [23] ms
22-May-2018 17:52:52.728 INFORMAÇÕES [main] org.apache.coyote.AbstractProtocol.start Starting ProtocolHandler ["http-nio-8080"]
22-May-2018 17:52:52.734 INFORMAÇÕES [main] org.apache.coyote.AbstractProtocol.start Starting ProtocolHandler ["ajp-nio-8009"]
22-May-2018 17:52:52.737 INFORMAÇÕES [main] org.apache.catalina.startup.Catalina.start Server startup in 3353 ms
22-May-2018 17:52:56.718 INFORMAÇÕES [http-nio-8080-exec-2] org.apache.catalina.startup.HostConfig.undeploy Undeploying context [/truco]
22-May-2018 17:52:56.733 INFORMAÇÕES [http-nio-8080-exec-10] org.apache.catalina.startup.HostConfig.deployDescriptor Deploying configuration descriptor [C:\Users\04783714118\Documents\NetBeansProjects\JSF\JSF-Truco\apache-tomcat-8.5.31\conf\Catalina\localhost\truco.xml]
22-May-2018 17:52:57.800 INFORMAÇÕES [http-nio-8080-exec-10] com.sun.faces.config.ConfigureListener.contextInitialized Inicializando Mojarra 2.2.7 ( 20140610-1547 https://svn.java.net/svn/mojarra~svn/tags/2.2.7@13362) para o contexto '/truco'
22-May-2018 17:52:57.937 INFORMAÇÕES [http-nio-8080-exec-10] com.sun.faces.spi.InjectionProviderFactory.createInstance JSF1048: Anotações PostConstruct/PreDestroy presentes.  Os métodos ManagedBeans marcados com essas anotações informarão as anotações processadas.
22-May-2018 17:52:58.754 ADVERTÊNCIA [http-nio-8080-exec-10] com.sun.faces.config.processor.NavigationConfigProcessor.addNavigationCasesForRule JSF1058: O recurso referido por to-view-id, 'main.xhtml', para navegação de '/index.xhtml', não começa com '/'.  Isso será adicionado para você, mas deveria ser corrigido.
22-May-2018 17:52:58.757 ADVERTÊNCIA [http-nio-8080-exec-10] com.sun.faces.config.processor.NavigationConfigProcessor.addNavigationCasesForRule JSF1058: O recurso referido por to-view-id, 'cadastro_usuario.xhtml', para navegação de '/index.xhtml', não começa com '/'.  Isso será adicionado para você, mas deveria ser corrigido.
22-May-2018 17:52:58.758 ADVERTÊNCIA [http-nio-8080-exec-10] com.sun.faces.config.processor.NavigationConfigProcessor.addNavigationCasesForRule JSF1058: O recurso referido por to-view-id, 'main.xhtml', para navegação de '/cadastro_usuario.xhtml', não começa com '/'.  Isso será adicionado para você, mas deveria ser corrigido.
22-May-2018 17:52:58.758 ADVERTÊNCIA [http-nio-8080-exec-10] com.sun.faces.config.processor.NavigationConfigProcessor.addNavigationCasesForRule JSF1058: O recurso referido por to-view-id, 'index.xhtml', para navegação de '/cadastro_usuario.xhtml', não começa com '/'.  Isso será adicionado para você, mas deveria ser corrigido.
22-May-2018 17:52:58.758 ADVERTÊNCIA [http-nio-8080-exec-10] com.sun.faces.config.processor.NavigationConfigProcessor.addNavigationCasesForRule JSF1058: O recurso referido por to-view-id, 'inputText.xhtml', para navegação de '/dupla.xhtml', não começa com '/'.  Isso será adicionado para você, mas deveria ser corrigido.
22-May-2018 17:52:58.758 ADVERTÊNCIA [http-nio-8080-exec-10] com.sun.faces.config.processor.NavigationConfigProcessor.addNavigationCasesForRule JSF1058: O recurso referido por to-view-id, 'torneio.xhtml', para navegação de '/main.xhtml', não começa com '/'.  Isso será adicionado para você, mas deveria ser corrigido.
22-May-2018 17:52:58.758 ADVERTÊNCIA [http-nio-8080-exec-10] com.sun.faces.config.processor.NavigationConfigProcessor.addNavigationCasesForRule JSF1058: O recurso referido por to-view-id, 'dupla.xhtml', para navegação de '/main.xhtml', não começa com '/'.  Isso será adicionado para você, mas deveria ser corrigido.
22-May-2018 17:52:58.758 ADVERTÊNCIA [http-nio-8080-exec-10] com.sun.faces.config.processor.NavigationConfigProcessor.addNavigationCasesForRule JSF1058: O recurso referido por to-view-id, 'perfil.xhtml', para navegação de '/main.xhtml', não começa com '/'.  Isso será adicionado para você, mas deveria ser corrigido.
22-May-2018 17:52:58.758 ADVERTÊNCIA [http-nio-8080-exec-10] com.sun.faces.config.processor.NavigationConfigProcessor.addNavigationCasesForRule JSF1058: O recurso referido por to-view-id, 'torneio.xhtml', para navegação de '*', não começa com '/'.  Isso será adicionado para você, mas deveria ser corrigido.
22-May-2018 17:52:58.758 ADVERTÊNCIA [http-nio-8080-exec-10] com.sun.faces.config.processor.NavigationConfigProcessor.addNavigationCasesForRule JSF1058: O recurso referido por to-view-id, 'dupla.xhtml', para navegação de '*', não começa com '/'.  Isso será adicionado para você, mas deveria ser corrigido.
22-May-2018 17:52:58.758 ADVERTÊNCIA [http-nio-8080-exec-10] com.sun.faces.config.processor.NavigationConfigProcessor.addNavigationCasesForRule JSF1058: O recurso referido por to-view-id, 'main.xhtml', para navegação de '*', não começa com '/'.  Isso será adicionado para você, mas deveria ser corrigido.
22-May-2018 17:52:58.759 ADVERTÊNCIA [http-nio-8080-exec-10] com.sun.faces.config.processor.NavigationConfigProcessor.addNavigationCasesForRule JSF1058: O recurso referido por to-view-id, 'perfil.xhtml', para navegação de '*', não começa com '/'.  Isso será adicionado para você, mas deveria ser corrigido.
22-May-2018 17:52:58.759 ADVERTÊNCIA [http-nio-8080-exec-10] com.sun.faces.config.processor.NavigationConfigProcessor.addNavigationCasesForRule JSF1058: O recurso referido por to-view-id, 'torneio_detalhado.xhtml', para navegação de '/torneio.xhtml', não começa com '/'.  Isso será adicionado para você, mas deveria ser corrigido.
22-May-2018 17:52:58.759 ADVERTÊNCIA [http-nio-8080-exec-10] com.sun.faces.config.processor.NavigationConfigProcessor.addNavigationCasesForRule JSF1058: O recurso referido por to-view-id, 'cadastro_torneio.xhtml', para navegação de '/torneio.xhtml', não começa com '/'.  Isso será adicionado para você, mas deveria ser corrigido.
22-May-2018 17:52:58.807 ADVERTÊNCIA [http-nio-8080-exec-10] com.sun.faces.config.processor.NavigationConfigProcessor.addNavigationCasesForRule JSF1058: O recurso referido por to-view-id, 'torneio.xhtml', para navegação de '/cadastro_torneio.xhtml', não começa com '/'.  Isso será adicionado para você, mas deveria ser corrigido.
22-May-2018 17:52:58.807 ADVERTÊNCIA [http-nio-8080-exec-10] com.sun.faces.config.processor.NavigationConfigProcessor.addNavigationCasesForRule JSF1058: O recurso referido por to-view-id, 'inputText.xhtml', para navegação de '/perfil.xhtml', não começa com '/'.  Isso será adicionado para você, mas deveria ser corrigido.
22-May-2018 17:52:59.022 INFORMAÇÕES [http-nio-8080-exec-10] com.sun.faces.config.ConfigureListener$WebConfigResourceMonitor$Monitor.<init> Monitoring file:/C:/Users/04783714118/Documents/NetBeansProjects/JSF/JSF-Truco/build/web/WEB-INF/faces-config.xml for modifications
22-May-2018 17:52:59.062 INFORMAÇÕES [http-nio-8080-exec-10] org.primefaces.webapp.PostConstructApplicationEventListener.processEvent Running on PrimeFaces 6.2
22-May-2018 17:52:59.066 INFORMAÇÕES [http-nio-8080-exec-10] org.apache.catalina.startup.HostConfig.deployDescriptor Deployment of configuration descriptor [C:\Users\04783714118\Documents\NetBeansProjects\JSF\JSF-Truco\apache-tomcat-8.5.31\conf\Catalina\localhost\truco.xml] has finished in [2,332] ms
22-May-2018 17:53:00.389 ADVERTÊNCIA [http-nio-8080-exec-6] com.sun.faces.context.SessionMap.put JSF1063: AVISO! Definindo valor de atributo não serializável em HttpSession (chave: usuario, classe do valor: bean.BeanUsuario).
22-May-2018 17:53:03.100 ADVERTÊNCIA [http-nio-8080-exec-4] com.sun.faces.context.SessionMap.put JSF1063: AVISO! Definindo valor de atributo não serializável em HttpSession (chave: usuarioLogado, classe do valor: bean.Usuario).
22-May-2018 17:53:03.146 ADVERTÊNCIA [http-nio-8080-exec-9] com.sun.faces.context.SessionMap.put JSF1063: AVISO! Definindo valor de atributo não serializável em HttpSession (chave: dupla, classe do valor: bean.beanDupla).
