15-May-2018 10:51:59.014 INFORMAÃ‡Ã•ES [localhost-startStop-2] org.apache.catalina.core.ApplicationContext.log SessionListener: contextDestroyed()
15-May-2018 10:51:59.015 INFORMAÃ‡Ã•ES [localhost-startStop-2] org.apache.catalina.core.ApplicationContext.log ContextListener: contextDestroyed()
15-May-2018 13:11:57.801 INFORMAÇÕES [localhost-startStop-1] org.apache.catalina.core.ApplicationContext.log ContextListener: contextInitialized()
15-May-2018 13:11:57.801 INFORMAÇÕES [localhost-startStop-1] org.apache.catalina.core.ApplicationContext.log SessionListener: contextInitialized()
15-May-2018 13:11:57.803 INFORMAÇÕES [localhost-startStop-1] org.apache.catalina.core.ApplicationContext.log ContextListener: attributeAdded('StockTicker', 'async.Stockticker@76297e69')
15-May-2018 17:04:43.435 INFORMAÇÕES [localhost-startStop-1] org.apache.catalina.core.ApplicationContext.log ContextListener: contextInitialized()
15-May-2018 17:04:43.435 INFORMAÇÕES [localhost-startStop-1] org.apache.catalina.core.ApplicationContext.log SessionListener: contextInitialized()
15-May-2018 17:04:43.436 INFORMAÇÕES [localhost-startStop-1] org.apache.catalina.core.ApplicationContext.log ContextListener: attributeAdded('StockTicker', 'async.Stockticker@160cfdd4')
15-May-2018 17:07:16.338 GRAVE [http-nio-8080-exec-5] org.apache.catalina.core.StandardContext.listenerStart Exception sending context initialized event to listener instance of class [com.sun.faces.config.ConfigureListener]
 java.lang.RuntimeException: com.sun.faces.config.ConfigurationException: java.util.concurrent.ExecutionException: com.sun.faces.config.ConfigurationException: Unable to parse document 'file:/C:/Users/04783714118/Documents/NetBeansProjects/JSF/JSF-Truco/build/web/WEB-INF/faces-config.xml': null
	at com.sun.faces.config.ConfigureListener.contextInitialized(ConfigureListener.java:280)
	at org.apache.catalina.core.StandardContext.listenerStart(StandardContext.java:4790)
	at org.apache.catalina.core.StandardContext.startInternal(StandardContext.java:5256)
	at org.apache.catalina.util.LifecycleBase.start(LifecycleBase.java:150)
	at org.apache.catalina.manager.ManagerServlet.start(ManagerServlet.java:1349)
	at org.apache.catalina.manager.ManagerServlet.doGet(ManagerServlet.java:369)
	at javax.servlet.http.HttpServlet.service(HttpServlet.java:635)
	at javax.servlet.http.HttpServlet.service(HttpServlet.java:742)
	at org.apache.catalina.core.ApplicationFilterChain.internalDoFilter(ApplicationFilterChain.java:231)
	at org.apache.catalina.core.ApplicationFilterChain.doFilter(ApplicationFilterChain.java:166)
	at org.apache.tomcat.websocket.server.WsFilter.doFilter(WsFilter.java:52)
	at org.apache.catalina.core.ApplicationFilterChain.internalDoFilter(ApplicationFilterChain.java:193)
	at org.apache.catalina.core.ApplicationFilterChain.doFilter(ApplicationFilterChain.java:166)
	at org.apache.catalina.filters.SetCharacterEncodingFilter.doFilter(SetCharacterEncodingFilter.java:108)
	at org.apache.catalina.core.ApplicationFilterChain.internalDoFilter(ApplicationFilterChain.java:193)
	at org.apache.catalina.core.ApplicationFilterChain.doFilter(ApplicationFilterChain.java:166)
	at org.apache.catalina.core.StandardWrapperValve.invoke(StandardWrapperValve.java:198)
	at org.apache.catalina.core.StandardContextValve.invoke(StandardContextValve.java:96)
	at org.apache.catalina.authenticator.AuthenticatorBase.invoke(AuthenticatorBase.java:613)
	at org.apache.catalina.valves.RequestFilterValve.process(RequestFilterValve.java:348)
	at org.apache.catalina.valves.RemoteAddrValve.invoke(RemoteAddrValve.java:52)
	at org.apache.catalina.core.StandardHostValve.invoke(StandardHostValve.java:140)
	at org.apache.catalina.valves.ErrorReportValve.invoke(ErrorReportValve.java:81)
	at org.apache.catalina.valves.AbstractAccessLogValve.invoke(AbstractAccessLogValve.java:650)
	at org.apache.catalina.core.StandardEngineValve.invoke(StandardEngineValve.java:87)
	at org.apache.catalina.connector.CoyoteAdapter.service(CoyoteAdapter.java:342)
	at org.apache.coyote.http11.Http11Processor.service(Http11Processor.java:803)
	at org.apache.coyote.AbstractProcessorLight.process(AbstractProcessorLight.java:66)
	at org.apache.coyote.AbstractProtocol$ConnectionHandler.process(AbstractProtocol.java:790)
	at org.apache.tomcat.util.net.NioEndpoint$SocketProcessor.doRun(NioEndpoint.java:1468)
	at org.apache.tomcat.util.net.SocketProcessorBase.run(SocketProcessorBase.java:49)
	at java.util.concurrent.ThreadPoolExecutor.runWorker(ThreadPoolExecutor.java:1142)
	at java.util.concurrent.ThreadPoolExecutor$Worker.run(ThreadPoolExecutor.java:617)
	at org.apache.tomcat.util.threads.TaskThread$WrappingRunnable.run(TaskThread.java:61)
	at java.lang.Thread.run(Thread.java:748)
Caused by: com.sun.faces.config.ConfigurationException: java.util.concurrent.ExecutionException: com.sun.faces.config.ConfigurationException: Unable to parse document 'file:/C:/Users/04783714118/Documents/NetBeansProjects/JSF/JSF-Truco/build/web/WEB-INF/faces-config.xml': null
	at com.sun.faces.config.ConfigManager.getConfigDocuments(ConfigManager.java:761)
	at com.sun.faces.config.ConfigManager.initialize(ConfigManager.java:349)
	at com.sun.faces.config.ConfigureListener.contextInitialized(ConfigureListener.java:221)
	... 34 more
Caused by: java.util.concurrent.ExecutionException: com.sun.faces.config.ConfigurationException: Unable to parse document 'file:/C:/Users/04783714118/Documents/NetBeansProjects/JSF/JSF-Truco/build/web/WEB-INF/faces-config.xml': null
	at java.util.concurrent.FutureTask.report(FutureTask.java:122)
	at java.util.concurrent.FutureTask.get(FutureTask.java:192)
	at com.sun.faces.config.ConfigManager.getConfigDocuments(ConfigManager.java:759)
	... 36 more
Caused by: com.sun.faces.config.ConfigurationException: Unable to parse document 'file:/C:/Users/04783714118/Documents/NetBeansProjects/JSF/JSF-Truco/build/web/WEB-INF/faces-config.xml': null
	at com.sun.faces.config.ConfigManager$ParseTask.call(ConfigManager.java:1012)
	at com.sun.faces.config.ConfigManager$ParseTask.call(ConfigManager.java:954)
	at java.util.concurrent.FutureTask.run(FutureTask.java:266)
	at com.sun.faces.config.ConfigManager.getConfigDocuments(ConfigManager.java:747)
	... 36 more
Caused by: java.lang.NullPointerException
	at com.sun.faces.config.ConfigManager$ParseTask.getDocument(ConfigManager.java:1172)
	at com.sun.faces.config.ConfigManager$ParseTask.call(ConfigManager.java:1003)
	... 39 more

15-May-2018 17:18:55.377 GRAVE [http-nio-8080-exec-98] org.apache.catalina.core.StandardContext.listenerStart Exception sending context initialized event to listener instance of class [com.sun.faces.config.ConfigureListener]
 java.lang.RuntimeException: com.sun.faces.config.ConfigurationException: java.util.concurrent.ExecutionException: com.sun.faces.config.ConfigurationException: Unable to parse document 'file:/C:/Users/04783714118/Documents/NetBeansProjects/JSF/JSF-Truco/build/web/WEB-INF/faces-config.xml': null
	at com.sun.faces.config.ConfigureListener.contextInitialized(ConfigureListener.java:280)
	at org.apache.catalina.core.StandardContext.listenerStart(StandardContext.java:4790)
	at org.apache.catalina.core.StandardContext.startInternal(StandardContext.java:5256)
	at org.apache.catalina.util.LifecycleBase.start(LifecycleBase.java:150)
	at org.apache.catalina.manager.ManagerServlet.start(ManagerServlet.java:1349)
	at org.apache.catalina.manager.ManagerServlet.doGet(ManagerServlet.java:369)
	at javax.servlet.http.HttpServlet.service(HttpServlet.java:635)
	at javax.servlet.http.HttpServlet.service(HttpServlet.java:742)
	at org.apache.catalina.core.ApplicationFilterChain.internalDoFilter(ApplicationFilterChain.java:231)
	at org.apache.catalina.core.ApplicationFilterChain.doFilter(ApplicationFilterChain.java:166)
	at org.apache.tomcat.websocket.server.WsFilter.doFilter(WsFilter.java:52)
	at org.apache.catalina.core.ApplicationFilterChain.internalDoFilter(ApplicationFilterChain.java:193)
	at org.apache.catalina.core.ApplicationFilterChain.doFilter(ApplicationFilterChain.java:166)
	at org.apache.catalina.filters.SetCharacterEncodingFilter.doFilter(SetCharacterEncodingFilter.java:108)
	at org.apache.catalina.core.ApplicationFilterChain.internalDoFilter(ApplicationFilterChain.java:193)
	at org.apache.catalina.core.ApplicationFilterChain.doFilter(ApplicationFilterChain.java:166)
	at org.apache.catalina.core.StandardWrapperValve.invoke(StandardWrapperValve.java:198)
	at org.apache.catalina.core.StandardContextValve.invoke(StandardContextValve.java:96)
	at org.apache.catalina.authenticator.AuthenticatorBase.invoke(AuthenticatorBase.java:613)
	at org.apache.catalina.valves.RequestFilterValve.process(RequestFilterValve.java:348)
	at org.apache.catalina.valves.RemoteAddrValve.invoke(RemoteAddrValve.java:52)
	at org.apache.catalina.core.StandardHostValve.invoke(StandardHostValve.java:140)
	at org.apache.catalina.valves.ErrorReportValve.invoke(ErrorReportValve.java:81)
	at org.apache.catalina.valves.AbstractAccessLogValve.invoke(AbstractAccessLogValve.java:650)
	at org.apache.catalina.core.StandardEngineValve.invoke(StandardEngineValve.java:87)
	at org.apache.catalina.connector.CoyoteAdapter.service(CoyoteAdapter.java:342)
	at org.apache.coyote.http11.Http11Processor.service(Http11Processor.java:803)
	at org.apache.coyote.AbstractProcessorLight.process(AbstractProcessorLight.java:66)
	at org.apache.coyote.AbstractProtocol$ConnectionHandler.process(AbstractProtocol.java:790)
	at org.apache.tomcat.util.net.NioEndpoint$SocketProcessor.doRun(NioEndpoint.java:1468)
	at org.apache.tomcat.util.net.SocketProcessorBase.run(SocketProcessorBase.java:49)
	at java.util.concurrent.ThreadPoolExecutor.runWorker(ThreadPoolExecutor.java:1142)
	at java.util.concurrent.ThreadPoolExecutor$Worker.run(ThreadPoolExecutor.java:617)
	at org.apache.tomcat.util.threads.TaskThread$WrappingRunnable.run(TaskThread.java:61)
	at java.lang.Thread.run(Thread.java:748)
Caused by: com.sun.faces.config.ConfigurationException: java.util.concurrent.ExecutionException: com.sun.faces.config.ConfigurationException: Unable to parse document 'file:/C:/Users/04783714118/Documents/NetBeansProjects/JSF/JSF-Truco/build/web/WEB-INF/faces-config.xml': null
	at com.sun.faces.config.ConfigManager.getConfigDocuments(ConfigManager.java:761)
	at com.sun.faces.config.ConfigManager.initialize(ConfigManager.java:349)
	at com.sun.faces.config.ConfigureListener.contextInitialized(ConfigureListener.java:221)
	... 34 more
Caused by: java.util.concurrent.ExecutionException: com.sun.faces.config.ConfigurationException: Unable to parse document 'file:/C:/Users/04783714118/Documents/NetBeansProjects/JSF/JSF-Truco/build/web/WEB-INF/faces-config.xml': null
	at java.util.concurrent.FutureTask.report(FutureTask.java:122)
	at java.util.concurrent.FutureTask.get(FutureTask.java:192)
	at com.sun.faces.config.ConfigManager.getConfigDocuments(ConfigManager.java:759)
	... 36 more
Caused by: com.sun.faces.config.ConfigurationException: Unable to parse document 'file:/C:/Users/04783714118/Documents/NetBeansProjects/JSF/JSF-Truco/build/web/WEB-INF/faces-config.xml': null
	at com.sun.faces.config.ConfigManager$ParseTask.call(ConfigManager.java:1012)
	at com.sun.faces.config.ConfigManager$ParseTask.call(ConfigManager.java:954)
	at java.util.concurrent.FutureTask.run(FutureTask.java:266)
	at com.sun.faces.config.ConfigManager.getConfigDocuments(ConfigManager.java:747)
	... 36 more
Caused by: java.lang.NullPointerException
	at com.sun.faces.config.ConfigManager$ParseTask.getDocument(ConfigManager.java:1172)
	at com.sun.faces.config.ConfigManager$ParseTask.call(ConfigManager.java:1003)
	... 39 more

15-May-2018 17:45:14.407 INFORMAÇÕES [localhost-startStop-2] org.apache.catalina.core.ApplicationContext.log SessionListener: contextDestroyed()
15-May-2018 17:45:14.407 INFORMAÇÕES [localhost-startStop-2] org.apache.catalina.core.ApplicationContext.log ContextListener: contextDestroyed()
