16-May-2018 12:44:21.766 INFORMA합ES [http-nio-8080-exec-4] org.apache.catalina.core.ApplicationContext.log Manager: init: Associated with Deployer 'Catalina:type=Deployer,host=localhost'
16-May-2018 12:44:21.766 INFORMA합ES [http-nio-8080-exec-4] org.apache.catalina.core.ApplicationContext.log Manager: init: Global resources are available
16-May-2018 12:44:22.110 INFORMA합ES [http-nio-8080-exec-9] org.apache.catalina.core.ApplicationContext.log Manager: list: Listing contexts for virtual host 'localhost'
16-May-2018 12:44:22.110 INFORMA합ES [http-nio-8080-exec-10] org.apache.catalina.core.ApplicationContext.log Manager: list: Listing contexts for virtual host 'localhost'
16-May-2018 12:44:22.141 INFORMA합ES [http-nio-8080-exec-2] org.apache.catalina.core.ApplicationContext.log Manager: undeploy: Undeploying web application at '/truco'
16-May-2018 12:44:30.406 INFORMA합ES [http-nio-8080-exec-11] org.apache.catalina.core.ApplicationContext.log Manager: list: Listing contexts for virtual host 'localhost'
16-May-2018 12:44:32.890 INFORMA합ES [http-nio-8080-exec-10] org.apache.catalina.core.ApplicationContext.log Manager: list: Listing contexts for virtual host 'localhost'
16-May-2018 12:44:32.890 INFORMA합ES [http-nio-8080-exec-7] org.apache.catalina.core.ApplicationContext.log Manager: list: Listing contexts for virtual host 'localhost'
16-May-2018 12:44:32.905 INFORMA합ES [http-nio-8080-exec-8] org.apache.catalina.core.ApplicationContext.log Manager: install: Installing context configuration at 'file:/C:/Users/047837~1/AppData/Local/Temp/context3578018014516997545.xml'
16-May-2018 12:44:38.812 INFORMA합ES [http-nio-8080-exec-6] org.apache.catalina.core.ApplicationContext.log Manager: start: Starting web application '/truco'
16-May-2018 12:46:28.235 INFORMA합ES [http-nio-8080-exec-17] org.apache.catalina.core.ApplicationContext.log Manager: list: Listing contexts for virtual host 'localhost'
16-May-2018 12:46:47.210 INFORMA합ES [http-nio-8080-exec-11] org.apache.catalina.core.ApplicationContext.log Manager: list: Listing contexts for virtual host 'localhost'
16-May-2018 12:46:47.225 INFORMA합ES [http-nio-8080-exec-13] org.apache.catalina.core.ApplicationContext.log Manager: undeploy: Undeploying web application at '/truco'
16-May-2018 12:51:12.886 INFORMA합ES [http-nio-8080-exec-4] org.apache.catalina.core.ApplicationContext.log Manager: init: Associated with Deployer 'Catalina:type=Deployer,host=localhost'
16-May-2018 12:51:12.886 INFORMA합ES [http-nio-8080-exec-4] org.apache.catalina.core.ApplicationContext.log Manager: init: Global resources are available
16-May-2018 12:51:13.214 INFORMA합ES [http-nio-8080-exec-9] org.apache.catalina.core.ApplicationContext.log Manager: list: Listing contexts for virtual host 'localhost'
16-May-2018 12:51:13.230 INFORMA합ES [http-nio-8080-exec-8] org.apache.catalina.core.ApplicationContext.log Manager: list: Listing contexts for virtual host 'localhost'
16-May-2018 12:51:13.230 INFORMA합ES [http-nio-8080-exec-1] org.apache.catalina.core.ApplicationContext.log Manager: install: Installing context configuration at 'file:/C:/Users/047837~1/AppData/Local/Temp/context3001845545226050033.xml'
16-May-2018 12:51:15.216 INFORMA합ES [http-nio-8080-exec-2] org.apache.catalina.core.ApplicationContext.log Manager: start: Starting web application '/truco'
16-May-2018 12:52:17.629 INFORMA합ES [http-nio-8080-exec-7] org.apache.catalina.core.ApplicationContext.log Manager: list: Listing contexts for virtual host 'localhost'
16-May-2018 12:52:21.957 INFORMA합ES [http-nio-8080-exec-1] org.apache.catalina.core.ApplicationContext.log Manager: list: Listing contexts for virtual host 'localhost'
16-May-2018 12:52:27.791 INFORMA합ES [http-nio-8080-exec-3] org.apache.catalina.core.ApplicationContext.log Manager: list: Listing contexts for virtual host 'localhost'
16-May-2018 12:53:47.909 INFORMA합ES [http-nio-8080-exec-5] org.apache.catalina.core.ApplicationContext.log Manager: list: Listing contexts for virtual host 'localhost'
16-May-2018 12:53:53.332 INFORMA합ES [http-nio-8080-exec-9] org.apache.catalina.core.ApplicationContext.log Manager: list: Listing contexts for virtual host 'localhost'
16-May-2018 12:54:28.047 INFORMA합ES [http-nio-8080-exec-10] org.apache.catalina.core.ApplicationContext.log Manager: list: Listing contexts for virtual host 'localhost'
16-May-2018 12:54:28.047 INFORMA합ES [http-nio-8080-exec-6] org.apache.catalina.core.ApplicationContext.log Manager: restart: Reloading web application '/truco'
16-May-2018 12:59:13.106 INFORMA합ES [http-nio-8080-exec-14] org.apache.catalina.core.ApplicationContext.log Manager: list: Listing contexts for virtual host 'localhost'
16-May-2018 12:59:13.122 INFORMA합ES [http-nio-8080-exec-13] org.apache.catalina.core.ApplicationContext.log Manager: restart: Reloading web application '/truco'
16-May-2018 12:59:39.073 INFORMA합ES [http-nio-8080-exec-17] org.apache.catalina.core.ApplicationContext.log Manager: list: Listing contexts for virtual host 'localhost'
16-May-2018 12:59:39.089 INFORMA합ES [http-nio-8080-exec-21] org.apache.catalina.core.ApplicationContext.log Manager: list: Listing contexts for virtual host 'localhost'
16-May-2018 12:59:39.104 INFORMA합ES [http-nio-8080-exec-11] org.apache.catalina.core.ApplicationContext.log Manager: restart: Reloading web application '/truco'
16-May-2018 13:00:08.430 INFORMA합ES [http-nio-8080-exec-15] org.apache.catalina.core.ApplicationContext.log Manager: list: Listing contexts for virtual host 'localhost'
16-May-2018 13:00:23.730 INFORMA합ES [http-nio-8080-exec-25] org.apache.catalina.core.ApplicationContext.log Manager: list: Listing contexts for virtual host 'localhost'
16-May-2018 13:00:36.240 INFORMA합ES [http-nio-8080-exec-23] org.apache.catalina.core.ApplicationContext.log Manager: list: Listing contexts for virtual host 'localhost'
16-May-2018 13:00:40.959 INFORMA합ES [http-nio-8080-exec-30] org.apache.catalina.core.ApplicationContext.log Manager: list: Listing contexts for virtual host 'localhost'
16-May-2018 13:00:48.835 INFORMA합ES [http-nio-8080-exec-26] org.apache.catalina.core.ApplicationContext.log Manager: list: Listing contexts for virtual host 'localhost'
16-May-2018 13:01:47.393 INFORMA합ES [http-nio-8080-exec-32] org.apache.catalina.core.ApplicationContext.log Manager: list: Listing contexts for virtual host 'localhost'
16-May-2018 13:01:47.393 INFORMA합ES [http-nio-8080-exec-25] org.apache.catalina.core.ApplicationContext.log Manager: restart: Reloading web application '/truco'
16-May-2018 13:02:35.590 INFORMA합ES [http-nio-8080-exec-33] org.apache.catalina.core.ApplicationContext.log Manager: list: Listing contexts for virtual host 'localhost'
16-May-2018 13:02:35.590 INFORMA합ES [http-nio-8080-exec-39] org.apache.catalina.core.ApplicationContext.log Manager: restart: Reloading web application '/truco'
16-May-2018 13:18:03.803 INFORMA합ES [http-nio-8080-exec-47] org.apache.catalina.core.ApplicationContext.log Manager: list: Listing contexts for virtual host 'localhost'
16-May-2018 13:18:03.819 INFORMA합ES [http-nio-8080-exec-45] org.apache.catalina.core.ApplicationContext.log Manager: restart: Reloading web application '/truco'
16-May-2018 14:06:28.777 INFORMA합ES [http-nio-8080-exec-54] org.apache.catalina.core.ApplicationContext.log Manager: list: Listing contexts for virtual host 'localhost'
16-May-2018 14:06:58.882 INFORMA합ES [http-nio-8080-exec-61] org.apache.catalina.core.ApplicationContext.log Manager: list: Listing contexts for virtual host 'localhost'
16-May-2018 14:07:23.521 INFORMA합ES [http-nio-8080-exec-60] org.apache.catalina.core.ApplicationContext.log Manager: list: Listing contexts for virtual host 'localhost'
16-May-2018 14:07:48.418 INFORMA합ES [http-nio-8080-exec-55] org.apache.catalina.core.ApplicationContext.log Manager: list: Listing contexts for virtual host 'localhost'
16-May-2018 14:07:48.431 INFORMA합ES [http-nio-8080-exec-56] org.apache.catalina.core.ApplicationContext.log Manager: restart: Reloading web application '/truco'
16-May-2018 14:08:14.376 INFORMA합ES [http-nio-8080-exec-52] org.apache.catalina.core.ApplicationContext.log Manager: list: Listing contexts for virtual host 'localhost'
16-May-2018 14:08:14.386 INFORMA합ES [http-nio-8080-exec-53] org.apache.catalina.core.ApplicationContext.log Manager: restart: Reloading web application '/truco'
16-May-2018 14:08:15.733 INFORMA합ES [http-nio-8080-exec-57] org.apache.catalina.core.ApplicationContext.log Manager: list: Listing contexts for virtual host 'localhost'
16-May-2018 14:08:36.735 INFORMA합ES [http-nio-8080-exec-62] org.apache.catalina.core.ApplicationContext.log Manager: list: Listing contexts for virtual host 'localhost'
16-May-2018 14:08:36.745 INFORMA합ES [http-nio-8080-exec-52] org.apache.catalina.core.ApplicationContext.log Manager: undeploy: Undeploying web application at '/truco'
16-May-2018 14:09:35.472 INFORMA합ES [http-nio-8080-exec-64] org.apache.catalina.core.ApplicationContext.log Manager: list: Listing contexts for virtual host 'localhost'
16-May-2018 14:09:35.478 INFORMA합ES [http-nio-8080-exec-58] org.apache.catalina.core.ApplicationContext.log Manager: list: Listing contexts for virtual host 'localhost'
16-May-2018 14:09:35.484 INFORMA합ES [http-nio-8080-exec-52] org.apache.catalina.core.ApplicationContext.log Manager: install: Installing context configuration at 'file:/C:/Users/047837~1/AppData/Local/Temp/context1038249516996600098.xml'
16-May-2018 14:09:36.802 INFORMA합ES [http-nio-8080-exec-66] org.apache.catalina.core.ApplicationContext.log Manager: start: Starting web application '/truco'
16-May-2018 14:11:30.602 INFORMA합ES [http-nio-8080-exec-66] org.apache.catalina.core.ApplicationContext.log Manager: list: Listing contexts for virtual host 'localhost'
16-May-2018 14:11:30.613 INFORMA합ES [http-nio-8080-exec-68] org.apache.catalina.core.ApplicationContext.log Manager: restart: Reloading web application '/truco'
16-May-2018 14:11:39.060 INFORMA합ES [http-nio-8080-exec-72] org.apache.catalina.core.ApplicationContext.log Manager: list: Listing contexts for virtual host 'localhost'
16-May-2018 14:11:39.066 INFORMA합ES [http-nio-8080-exec-66] org.apache.catalina.core.ApplicationContext.log Manager: list: Listing contexts for virtual host 'localhost'
16-May-2018 14:11:39.090 INFORMA합ES [http-nio-8080-exec-69] org.apache.catalina.core.ApplicationContext.log Manager: restart: Reloading web application '/truco'
16-May-2018 14:17:41.779 INFORMA합ES [http-nio-8080-exec-76] org.apache.catalina.core.ApplicationContext.log Manager: list: Listing contexts for virtual host 'localhost'
16-May-2018 14:17:41.789 INFORMA합ES [http-nio-8080-exec-79] org.apache.catalina.core.ApplicationContext.log Manager: restart: Reloading web application '/truco'
16-May-2018 14:17:44.244 INFORMA합ES [http-nio-8080-exec-84] org.apache.catalina.core.ApplicationContext.log Manager: list: Listing contexts for virtual host 'localhost'
16-May-2018 14:17:44.250 INFORMA합ES [http-nio-8080-exec-85] org.apache.catalina.core.ApplicationContext.log Manager: list: Listing contexts for virtual host 'localhost'
16-May-2018 14:17:44.268 INFORMA합ES [http-nio-8080-exec-78] org.apache.catalina.core.ApplicationContext.log Manager: restart: Reloading web application '/truco'
16-May-2018 14:26:02.675 INFORMA합ES [http-nio-8080-exec-88] org.apache.catalina.core.ApplicationContext.log Manager: list: Listing contexts for virtual host 'localhost'
16-May-2018 14:26:02.691 INFORMA합ES [http-nio-8080-exec-91] org.apache.catalina.core.ApplicationContext.log Manager: restart: Reloading web application '/truco'
16-May-2018 14:35:17.860 INFORMA합ES [http-nio-8080-exec-101] org.apache.catalina.core.ApplicationContext.log Manager: list: Listing contexts for virtual host 'localhost'
16-May-2018 14:35:17.860 INFORMA합ES [http-nio-8080-exec-100] org.apache.catalina.core.ApplicationContext.log Manager: restart: Reloading web application '/truco'
16-May-2018 14:36:35.004 INFORMA합ES [http-nio-8080-exec-99] org.apache.catalina.core.ApplicationContext.log Manager: list: Listing contexts for virtual host 'localhost'
16-May-2018 14:36:35.019 INFORMA합ES [http-nio-8080-exec-105] org.apache.catalina.core.ApplicationContext.log Manager: restart: Reloading web application '/truco'
16-May-2018 14:37:03.323 INFORMA합ES [http-nio-8080-exec-103] org.apache.catalina.core.ApplicationContext.log Manager: list: Listing contexts for virtual host 'localhost'
16-May-2018 14:37:03.339 INFORMA합ES [http-nio-8080-exec-109] org.apache.catalina.core.ApplicationContext.log Manager: restart: Reloading web application '/truco'
16-May-2018 14:37:05.011 INFORMA합ES [http-nio-8080-exec-112] org.apache.catalina.core.ApplicationContext.log Manager: list: Listing contexts for virtual host 'localhost'
16-May-2018 14:37:05.011 INFORMA합ES [http-nio-8080-exec-113] org.apache.catalina.core.ApplicationContext.log Manager: list: Listing contexts for virtual host 'localhost'
16-May-2018 14:37:05.026 INFORMA합ES [http-nio-8080-exec-102] org.apache.catalina.core.ApplicationContext.log Manager: restart: Reloading web application '/truco'
16-May-2018 14:37:46.438 INFORMA합ES [http-nio-8080-exec-112] org.apache.catalina.core.ApplicationContext.log Manager: list: Listing contexts for virtual host 'localhost'
16-May-2018 14:37:46.453 INFORMA합ES [http-nio-8080-exec-115] org.apache.catalina.core.ApplicationContext.log Manager: restart: Reloading web application '/truco'
16-May-2018 14:38:01.018 INFORMA합ES [http-nio-8080-exec-103] org.apache.catalina.core.ApplicationContext.log Manager: list: Listing contexts for virtual host 'localhost'
16-May-2018 14:38:01.018 INFORMA합ES [http-nio-8080-exec-117] org.apache.catalina.core.ApplicationContext.log Manager: restart: Reloading web application '/truco'
16-May-2018 14:40:42.863 INFORMA합ES [http-nio-8080-exec-125] org.apache.catalina.core.ApplicationContext.log Manager: list: Listing contexts for virtual host 'localhost'
16-May-2018 14:40:42.863 INFORMA합ES [http-nio-8080-exec-126] org.apache.catalina.core.ApplicationContext.log Manager: restart: Reloading web application '/truco'
16-May-2018 14:40:53.707 INFORMA합ES [http-nio-8080-exec-103] org.apache.catalina.core.ApplicationContext.log Manager: list: Listing contexts for virtual host 'localhost'
16-May-2018 14:40:53.723 INFORMA합ES [http-nio-8080-exec-127] org.apache.catalina.core.ApplicationContext.log Manager: list: Listing contexts for virtual host 'localhost'
16-May-2018 14:40:53.738 INFORMA합ES [http-nio-8080-exec-129] org.apache.catalina.core.ApplicationContext.log Manager: restart: Reloading web application '/truco'
16-May-2018 14:41:44.169 INFORMA합ES [http-nio-8080-exec-124] org.apache.catalina.core.ApplicationContext.log Manager: list: Listing contexts for virtual host 'localhost'
16-May-2018 14:41:44.184 INFORMA합ES [http-nio-8080-exec-132] org.apache.catalina.core.ApplicationContext.log Manager: restart: Reloading web application '/truco'
16-May-2018 14:41:57.160 INFORMA합ES [http-nio-8080-exec-134] org.apache.catalina.core.ApplicationContext.log Manager: list: Listing contexts for virtual host 'localhost'
16-May-2018 14:41:57.176 INFORMA합ES [http-nio-8080-exec-136] org.apache.catalina.core.ApplicationContext.log Manager: list: Listing contexts for virtual host 'localhost'
16-May-2018 14:41:57.192 INFORMA합ES [http-nio-8080-exec-124] org.apache.catalina.core.ApplicationContext.log Manager: restart: Reloading web application '/truco'
16-May-2018 14:42:25.747 INFORMA합ES [http-nio-8080-exec-139] org.apache.catalina.core.ApplicationContext.log Manager: list: Listing contexts for virtual host 'localhost'
16-May-2018 14:42:25.762 INFORMA합ES [http-nio-8080-exec-136] org.apache.catalina.core.ApplicationContext.log Manager: restart: Reloading web application '/truco'
16-May-2018 14:42:33.498 INFORMA합ES [http-nio-8080-exec-138] org.apache.catalina.core.ApplicationContext.log Manager: list: Listing contexts for virtual host 'localhost'
16-May-2018 14:42:33.513 INFORMA합ES [http-nio-8080-exec-141] org.apache.catalina.core.ApplicationContext.log Manager: list: Listing contexts for virtual host 'localhost'
16-May-2018 14:42:33.529 INFORMA합ES [http-nio-8080-exec-142] org.apache.catalina.core.ApplicationContext.log Manager: restart: Reloading web application '/truco'
16-May-2018 14:43:04.661 INFORMA합ES [http-nio-8080-exec-144] org.apache.catalina.core.ApplicationContext.log Manager: list: Listing contexts for virtual host 'localhost'
16-May-2018 14:43:04.677 INFORMA합ES [http-nio-8080-exec-140] org.apache.catalina.core.ApplicationContext.log Manager: restart: Reloading web application '/truco'
16-May-2018 14:43:21.157 INFORMA합ES [http-nio-8080-exec-150] org.apache.catalina.core.ApplicationContext.log Manager: list: Listing contexts for virtual host 'localhost'
16-May-2018 14:43:21.173 INFORMA합ES [http-nio-8080-exec-138] org.apache.catalina.core.ApplicationContext.log Manager: restart: Reloading web application '/truco'
16-May-2018 14:43:28.814 INFORMA합ES [http-nio-8080-exec-154] org.apache.catalina.core.ApplicationContext.log Manager: list: Listing contexts for virtual host 'localhost'
16-May-2018 14:43:28.822 INFORMA합ES [http-nio-8080-exec-152] org.apache.catalina.core.ApplicationContext.log Manager: list: Listing contexts for virtual host 'localhost'
16-May-2018 14:43:28.840 INFORMA합ES [http-nio-8080-exec-127] org.apache.catalina.core.ApplicationContext.log Manager: restart: Reloading web application '/truco'
16-May-2018 14:44:45.278 INFORMA합ES [http-nio-8080-exec-159] org.apache.catalina.core.ApplicationContext.log Manager: list: Listing contexts for virtual host 'localhost'
16-May-2018 14:44:45.294 INFORMA합ES [http-nio-8080-exec-156] org.apache.catalina.core.ApplicationContext.log Manager: restart: Reloading web application '/truco'
16-May-2018 14:44:48.164 INFORMA합ES [http-nio-8080-exec-154] org.apache.catalina.core.ApplicationContext.log Manager: list: Listing contexts for virtual host 'localhost'
16-May-2018 14:44:48.164 INFORMA합ES [http-nio-8080-exec-151] org.apache.catalina.core.ApplicationContext.log Manager: list: Listing contexts for virtual host 'localhost'
16-May-2018 14:44:48.180 INFORMA합ES [http-nio-8080-exec-158] org.apache.catalina.core.ApplicationContext.log Manager: restart: Reloading web application '/truco'
16-May-2018 14:45:12.165 INFORMA합ES [http-nio-8080-exec-163] org.apache.catalina.core.ApplicationContext.log Manager: list: Listing contexts for virtual host 'localhost'
16-May-2018 14:45:12.180 INFORMA합ES [http-nio-8080-exec-164] org.apache.catalina.core.ApplicationContext.log Manager: restart: Reloading web application '/truco'
16-May-2018 14:45:17.543 INFORMA합ES [http-nio-8080-exec-163] org.apache.catalina.core.ApplicationContext.log Manager: list: Listing contexts for virtual host 'localhost'
16-May-2018 14:45:17.558 INFORMA합ES [http-nio-8080-exec-165] org.apache.catalina.core.ApplicationContext.log Manager: restart: Reloading web application '/truco'
16-May-2018 14:45:23.672 INFORMA합ES [http-nio-8080-exec-169] org.apache.catalina.core.ApplicationContext.log Manager: list: Listing contexts for virtual host 'localhost'
16-May-2018 14:45:23.687 INFORMA합ES [http-nio-8080-exec-166] org.apache.catalina.core.ApplicationContext.log Manager: list: Listing contexts for virtual host 'localhost'
16-May-2018 14:45:23.703 INFORMA합ES [http-nio-8080-exec-171] org.apache.catalina.core.ApplicationContext.log Manager: restart: Reloading web application '/truco'
16-May-2018 14:46:19.379 INFORMA합ES [http-nio-8080-exec-173] org.apache.catalina.core.ApplicationContext.log Manager: list: Listing contexts for virtual host 'localhost'
16-May-2018 14:46:19.379 INFORMA합ES [http-nio-8080-exec-161] org.apache.catalina.core.ApplicationContext.log Manager: restart: Reloading web application '/truco'
16-May-2018 14:46:22.895 INFORMA합ES [http-nio-8080-exec-173] org.apache.catalina.core.ApplicationContext.log Manager: list: Listing contexts for virtual host 'localhost'
16-May-2018 14:46:22.911 INFORMA합ES [http-nio-8080-exec-168] org.apache.catalina.core.ApplicationContext.log Manager: list: Listing contexts for virtual host 'localhost'
16-May-2018 14:46:22.926 INFORMA합ES [http-nio-8080-exec-175] org.apache.catalina.core.ApplicationContext.log Manager: restart: Reloading web application '/truco'
16-May-2018 14:47:20.821 INFORMA합ES [http-nio-8080-exec-172] org.apache.catalina.core.ApplicationContext.log Manager: list: Listing contexts for virtual host 'localhost'
16-May-2018 14:47:20.837 INFORMA합ES [http-nio-8080-exec-168] org.apache.catalina.core.ApplicationContext.log Manager: restart: Reloading web application '/truco'
16-May-2018 14:47:23.736 INFORMA합ES [http-nio-8080-exec-185] org.apache.catalina.core.ApplicationContext.log Manager: list: Listing contexts for virtual host 'localhost'
16-May-2018 14:47:23.736 INFORMA합ES [http-nio-8080-exec-183] org.apache.catalina.core.ApplicationContext.log Manager: list: Listing contexts for virtual host 'localhost'
16-May-2018 14:47:23.752 INFORMA합ES [http-nio-8080-exec-181] org.apache.catalina.core.ApplicationContext.log Manager: restart: Reloading web application '/truco'
16-May-2018 14:48:27.671 INFORMA합ES [http-nio-8080-exec-190] org.apache.catalina.core.ApplicationContext.log Manager: list: Listing contexts for virtual host 'localhost'
16-May-2018 14:48:27.671 INFORMA합ES [http-nio-8080-exec-191] org.apache.catalina.core.ApplicationContext.log Manager: restart: Reloading web application '/truco'
16-May-2018 14:48:32.531 INFORMA합ES [http-nio-8080-exec-189] org.apache.catalina.core.ApplicationContext.log Manager: list: Listing contexts for virtual host 'localhost'
16-May-2018 14:48:32.531 INFORMA합ES [http-nio-8080-exec-186] org.apache.catalina.core.ApplicationContext.log Manager: list: Listing contexts for virtual host 'localhost'
16-May-2018 14:48:32.547 INFORMA합ES [http-nio-8080-exec-183] org.apache.catalina.core.ApplicationContext.log Manager: restart: Reloading web application '/truco'
16-May-2018 14:49:10.471 INFORMA합ES [http-nio-8080-exec-190] org.apache.catalina.core.ApplicationContext.log Manager: list: Listing contexts for virtual host 'localhost'
16-May-2018 14:49:10.487 INFORMA합ES [http-nio-8080-exec-188] org.apache.catalina.core.ApplicationContext.log Manager: restart: Reloading web application '/truco'
16-May-2018 14:49:15.168 INFORMA합ES [http-nio-8080-exec-199] org.apache.catalina.core.ApplicationContext.log Manager: list: Listing contexts for virtual host 'localhost'
16-May-2018 14:49:15.184 INFORMA합ES [http-nio-8080-exec-198] org.apache.catalina.core.ApplicationContext.log Manager: restart: Reloading web application '/truco'
16-May-2018 14:49:17.997 INFORMA합ES [http-nio-8080-exec-201] org.apache.catalina.core.ApplicationContext.log Manager: list: Listing contexts for virtual host 'localhost'
16-May-2018 14:49:17.997 INFORMA합ES [http-nio-8080-exec-186] org.apache.catalina.core.ApplicationContext.log Manager: list: Listing contexts for virtual host 'localhost'
16-May-2018 14:49:18.012 INFORMA합ES [http-nio-8080-exec-195] org.apache.catalina.core.ApplicationContext.log Manager: restart: Reloading web application '/truco'
16-May-2018 14:49:46.595 INFORMA합ES [http-nio-8080-exec-199] org.apache.catalina.core.ApplicationContext.log Manager: list: Listing contexts for virtual host 'localhost'
16-May-2018 14:49:46.611 INFORMA합ES [http-nio-8080-exec-203] org.apache.catalina.core.ApplicationContext.log Manager: restart: Reloading web application '/truco'
16-May-2018 14:49:49.300 INFORMA합ES [http-nio-8080-exec-210] org.apache.catalina.core.ApplicationContext.log Manager: list: Listing contexts for virtual host 'localhost'
16-May-2018 14:49:49.300 INFORMA합ES [http-nio-8080-exec-186] org.apache.catalina.core.ApplicationContext.log Manager: list: Listing contexts for virtual host 'localhost'
16-May-2018 14:49:49.316 INFORMA합ES [http-nio-8080-exec-207] org.apache.catalina.core.ApplicationContext.log Manager: restart: Reloading web application '/truco'
16-May-2018 14:50:24.943 INFORMA합ES [http-nio-8080-exec-211] org.apache.catalina.core.ApplicationContext.log Manager: list: Listing contexts for virtual host 'localhost'
16-May-2018 14:50:24.943 INFORMA합ES [http-nio-8080-exec-206] org.apache.catalina.core.ApplicationContext.log Manager: restart: Reloading web application '/truco'
16-May-2018 14:52:16.434 INFORMA합ES [http-nio-8080-exec-220] org.apache.catalina.core.ApplicationContext.log Manager: list: Listing contexts for virtual host 'localhost'
16-May-2018 14:52:16.434 INFORMA합ES [http-nio-8080-exec-224] org.apache.catalina.core.ApplicationContext.log Manager: restart: Reloading web application '/truco'
16-May-2018 14:52:35.451 INFORMA합ES [http-nio-8080-exec-225] org.apache.catalina.core.ApplicationContext.log Manager: list: Listing contexts for virtual host 'localhost'
16-May-2018 14:52:35.466 INFORMA합ES [http-nio-8080-exec-221] org.apache.catalina.core.ApplicationContext.log Manager: restart: Reloading web application '/truco'
16-May-2018 14:53:23.008 INFORMA합ES [http-nio-8080-exec-186] org.apache.catalina.core.ApplicationContext.log Manager: list: Listing contexts for virtual host 'localhost'
16-May-2018 14:53:23.008 INFORMA합ES [http-nio-8080-exec-228] org.apache.catalina.core.ApplicationContext.log Manager: restart: Reloading web application '/truco'
16-May-2018 14:53:37.262 INFORMA합ES [http-nio-8080-exec-230] org.apache.catalina.core.ApplicationContext.log Manager: list: Listing contexts for virtual host 'localhost'
16-May-2018 14:53:37.262 INFORMA합ES [http-nio-8080-exec-231] org.apache.catalina.core.ApplicationContext.log Manager: restart: Reloading web application '/truco'
16-May-2018 14:54:13.025 INFORMA합ES [http-nio-8080-exec-186] org.apache.catalina.core.ApplicationContext.log Manager: list: Listing contexts for virtual host 'localhost'
16-May-2018 14:54:13.025 INFORMA합ES [http-nio-8080-exec-230] org.apache.catalina.core.ApplicationContext.log Manager: restart: Reloading web application '/truco'
16-May-2018 14:55:21.282 INFORMA합ES [http-nio-8080-exec-240] org.apache.catalina.core.ApplicationContext.log Manager: list: Listing contexts for virtual host 'localhost'
16-May-2018 14:55:21.291 INFORMA합ES [http-nio-8080-exec-243] org.apache.catalina.core.ApplicationContext.log Manager: restart: Reloading web application '/truco'
16-May-2018 14:56:24.069 INFORMA합ES [http-nio-8080-exec-240] org.apache.catalina.core.ApplicationContext.log Manager: list: Listing contexts for virtual host 'localhost'
16-May-2018 14:56:24.085 INFORMA합ES [http-nio-8080-exec-235] org.apache.catalina.core.ApplicationContext.log Manager: restart: Reloading web application '/truco'
16-May-2018 14:56:32.142 INFORMA합ES [http-nio-8080-exec-186] org.apache.catalina.core.ApplicationContext.log Manager: list: Listing contexts for virtual host 'localhost'
16-May-2018 14:56:32.158 INFORMA합ES [http-nio-8080-exec-242] org.apache.catalina.core.ApplicationContext.log Manager: list: Listing contexts for virtual host 'localhost'
16-May-2018 14:56:32.173 INFORMA합ES [http-nio-8080-exec-246] org.apache.catalina.core.ApplicationContext.log Manager: restart: Reloading web application '/truco'
16-May-2018 14:56:49.931 INFORMA합ES [http-nio-8080-exec-248] org.apache.catalina.core.ApplicationContext.log Manager: list: Listing contexts for virtual host 'localhost'
16-May-2018 14:56:49.947 INFORMA합ES [http-nio-8080-exec-250] org.apache.catalina.core.ApplicationContext.log Manager: restart: Reloading web application '/truco'
16-May-2018 14:56:59.858 INFORMA합ES [http-nio-8080-exec-186] org.apache.catalina.core.ApplicationContext.log Manager: list: Listing contexts for virtual host 'localhost'
16-May-2018 14:56:59.858 INFORMA합ES [http-nio-8080-exec-242] org.apache.catalina.core.ApplicationContext.log Manager: list: Listing contexts for virtual host 'localhost'
16-May-2018 14:56:59.873 INFORMA합ES [http-nio-8080-exec-251] org.apache.catalina.core.ApplicationContext.log Manager: restart: Reloading web application '/truco'
16-May-2018 14:59:27.082 INFORMA합ES [http-nio-8080-exec-260] org.apache.catalina.core.ApplicationContext.log Manager: list: Listing contexts for virtual host 'localhost'
16-May-2018 14:59:27.082 INFORMA합ES [http-nio-8080-exec-259] org.apache.catalina.core.ApplicationContext.log Manager: restart: Reloading web application '/truco'
16-May-2018 14:59:54.503 INFORMA합ES [http-nio-8080-exec-266] org.apache.catalina.core.ApplicationContext.log Manager: list: Listing contexts for virtual host 'localhost'
16-May-2018 14:59:54.519 INFORMA합ES [http-nio-8080-exec-262] org.apache.catalina.core.ApplicationContext.log Manager: restart: Reloading web application '/truco'
16-May-2018 15:00:07.067 INFORMA합ES [http-nio-8080-exec-258] org.apache.catalina.core.ApplicationContext.log Manager: list: Listing contexts for virtual host 'localhost'
16-May-2018 15:00:07.067 INFORMA합ES [http-nio-8080-exec-270] org.apache.catalina.core.ApplicationContext.log Manager: list: Listing contexts for virtual host 'localhost'
16-May-2018 15:00:07.082 INFORMA합ES [http-nio-8080-exec-260] org.apache.catalina.core.ApplicationContext.log Manager: restart: Reloading web application '/truco'
16-May-2018 15:00:42.642 INFORMA합ES [http-nio-8080-exec-270] org.apache.catalina.core.ApplicationContext.log Manager: list: Listing contexts for virtual host 'localhost'
16-May-2018 15:00:42.658 INFORMA합ES [http-nio-8080-exec-265] org.apache.catalina.core.ApplicationContext.log Manager: restart: Reloading web application '/truco'
16-May-2018 15:00:51.373 INFORMA합ES [http-nio-8080-exec-263] org.apache.catalina.core.ApplicationContext.log Manager: list: Listing contexts for virtual host 'localhost'
16-May-2018 15:00:51.389 INFORMA합ES [http-nio-8080-exec-269] org.apache.catalina.core.ApplicationContext.log Manager: restart: Reloading web application '/truco'
16-May-2018 15:01:12.851 INFORMA합ES [http-nio-8080-exec-271] org.apache.catalina.core.ApplicationContext.log Manager: list: Listing contexts for virtual host 'localhost'
16-May-2018 15:01:12.866 INFORMA합ES [http-nio-8080-exec-278] org.apache.catalina.core.ApplicationContext.log Manager: restart: Reloading web application '/truco'
16-May-2018 15:01:38.016 INFORMA합ES [http-nio-8080-exec-281] org.apache.catalina.core.ApplicationContext.log Manager: list: Listing contexts for virtual host 'localhost'
16-May-2018 15:01:38.031 INFORMA합ES [http-nio-8080-exec-263] org.apache.catalina.core.ApplicationContext.log Manager: restart: Reloading web application '/truco'
16-May-2018 15:01:55.745 INFORMA합ES [http-nio-8080-exec-281] org.apache.catalina.core.ApplicationContext.log Manager: list: Listing contexts for virtual host 'localhost'
16-May-2018 15:01:55.760 INFORMA합ES [http-nio-8080-exec-284] org.apache.catalina.core.ApplicationContext.log Manager: restart: Reloading web application '/truco'
16-May-2018 15:03:39.868 INFORMA합ES [http-nio-8080-exec-289] org.apache.catalina.core.ApplicationContext.log Manager: list: Listing contexts for virtual host 'localhost'
16-May-2018 15:03:39.883 INFORMA합ES [http-nio-8080-exec-293] org.apache.catalina.core.ApplicationContext.log Manager: restart: Reloading web application '/truco'
16-May-2018 15:03:45.181 INFORMA합ES [http-nio-8080-exec-288] org.apache.catalina.core.ApplicationContext.log Manager: list: Listing contexts for virtual host 'localhost'
16-May-2018 15:03:45.181 INFORMA합ES [http-nio-8080-exec-277] org.apache.catalina.core.ApplicationContext.log Manager: list: Listing contexts for virtual host 'localhost'
16-May-2018 15:03:45.196 INFORMA합ES [http-nio-8080-exec-291] org.apache.catalina.core.ApplicationContext.log Manager: restart: Reloading web application '/truco'
16-May-2018 15:04:35.023 INFORMA합ES [http-nio-8080-exec-296] org.apache.catalina.core.ApplicationContext.log Manager: list: Listing contexts for virtual host 'localhost'
16-May-2018 15:04:35.039 INFORMA합ES [http-nio-8080-exec-294] org.apache.catalina.core.ApplicationContext.log Manager: restart: Reloading web application '/truco'
16-May-2018 15:45:37.342 INFORMA합ES [http-nio-8080-exec-303] org.apache.catalina.core.ApplicationContext.log Manager: list: Listing contexts for virtual host 'localhost'
16-May-2018 15:45:37.353 INFORMA합ES [http-nio-8080-exec-304] org.apache.catalina.core.ApplicationContext.log Manager: restart: Reloading web application '/truco'
16-May-2018 15:45:41.197 INFORMA합ES [http-nio-8080-exec-302] org.apache.catalina.core.ApplicationContext.log Manager: list: Listing contexts for virtual host 'localhost'
16-May-2018 15:45:41.202 INFORMA합ES [http-nio-8080-exec-306] org.apache.catalina.core.ApplicationContext.log Manager: list: Listing contexts for virtual host 'localhost'
16-May-2018 15:45:41.220 INFORMA합ES [http-nio-8080-exec-303] org.apache.catalina.core.ApplicationContext.log Manager: restart: Reloading web application '/truco'
16-May-2018 15:48:25.630 INFORMA합ES [http-nio-8080-exec-314] org.apache.catalina.core.ApplicationContext.log Manager: list: Listing contexts for virtual host 'localhost'
16-May-2018 15:48:25.640 INFORMA합ES [http-nio-8080-exec-315] org.apache.catalina.core.ApplicationContext.log Manager: restart: Reloading web application '/truco'
16-May-2018 15:49:22.638 INFORMA합ES [http-nio-8080-exec-307] org.apache.catalina.core.ApplicationContext.log Manager: list: Listing contexts for virtual host 'localhost'
16-May-2018 15:49:22.647 INFORMA합ES [http-nio-8080-exec-313] org.apache.catalina.core.ApplicationContext.log Manager: restart: Reloading web application '/truco'
16-May-2018 15:49:39.541 INFORMA합ES [http-nio-8080-exec-323] org.apache.catalina.core.ApplicationContext.log Manager: list: Listing contexts for virtual host 'localhost'
16-May-2018 15:49:39.550 INFORMA합ES [http-nio-8080-exec-318] org.apache.catalina.core.ApplicationContext.log Manager: restart: Reloading web application '/truco'
16-May-2018 15:49:56.277 INFORMA합ES [http-nio-8080-exec-319] org.apache.catalina.core.ApplicationContext.log Manager: list: Listing contexts for virtual host 'localhost'
16-May-2018 15:49:56.285 INFORMA합ES [http-nio-8080-exec-307] org.apache.catalina.core.ApplicationContext.log Manager: restart: Reloading web application '/truco'
16-May-2018 15:50:30.432 INFORMA합ES [http-nio-8080-exec-319] org.apache.catalina.core.ApplicationContext.log Manager: list: Listing contexts for virtual host 'localhost'
16-May-2018 15:50:30.441 INFORMA합ES [http-nio-8080-exec-320] org.apache.catalina.core.ApplicationContext.log Manager: restart: Reloading web application '/truco'
16-May-2018 15:50:40.276 INFORMA합ES [http-nio-8080-exec-334] org.apache.catalina.core.ApplicationContext.log Manager: list: Listing contexts for virtual host 'localhost'
16-May-2018 15:50:40.281 INFORMA합ES [http-nio-8080-exec-331] org.apache.catalina.core.ApplicationContext.log Manager: list: Listing contexts for virtual host 'localhost'
16-May-2018 15:50:40.299 INFORMA합ES [http-nio-8080-exec-332] org.apache.catalina.core.ApplicationContext.log Manager: restart: Reloading web application '/truco'
16-May-2018 15:51:11.413 INFORMA합ES [http-nio-8080-exec-329] org.apache.catalina.core.ApplicationContext.log Manager: list: Listing contexts for virtual host 'localhost'
16-May-2018 15:51:11.421 INFORMA합ES [http-nio-8080-exec-331] org.apache.catalina.core.ApplicationContext.log Manager: restart: Reloading web application '/truco'
16-May-2018 15:52:25.813 INFORMA합ES [http-nio-8080-exec-343] org.apache.catalina.core.ApplicationContext.log Manager: list: Listing contexts for virtual host 'localhost'
16-May-2018 15:52:25.822 INFORMA합ES [http-nio-8080-exec-346] org.apache.catalina.core.ApplicationContext.log Manager: restart: Reloading web application '/truco'
16-May-2018 15:52:34.571 INFORMA합ES [http-nio-8080-exec-342] org.apache.catalina.core.ApplicationContext.log Manager: list: Listing contexts for virtual host 'localhost'
16-May-2018 15:52:34.582 INFORMA합ES [http-nio-8080-exec-343] org.apache.catalina.core.ApplicationContext.log Manager: restart: Reloading web application '/truco'
16-May-2018 15:52:46.733 INFORMA합ES [http-nio-8080-exec-337] org.apache.catalina.core.ApplicationContext.log Manager: list: Listing contexts for virtual host 'localhost'
16-May-2018 15:52:46.742 INFORMA합ES [http-nio-8080-exec-341] org.apache.catalina.core.ApplicationContext.log Manager: restart: Reloading web application '/truco'
16-May-2018 15:53:05.514 INFORMA합ES [http-nio-8080-exec-342] org.apache.catalina.core.ApplicationContext.log Manager: list: Listing contexts for virtual host 'localhost'
16-May-2018 15:53:05.524 INFORMA합ES [http-nio-8080-exec-335] org.apache.catalina.core.ApplicationContext.log Manager: restart: Reloading web application '/truco'
16-May-2018 15:53:17.281 INFORMA합ES [http-nio-8080-exec-327] org.apache.catalina.core.ApplicationContext.log Manager: list: Listing contexts for virtual host 'localhost'
16-May-2018 15:53:17.292 INFORMA합ES [http-nio-8080-exec-351] org.apache.catalina.core.ApplicationContext.log Manager: restart: Reloading web application '/truco'
16-May-2018 15:53:30.131 INFORMA합ES [http-nio-8080-exec-345] org.apache.catalina.core.ApplicationContext.log Manager: list: Listing contexts for virtual host 'localhost'
16-May-2018 15:53:30.140 INFORMA합ES [http-nio-8080-exec-354] org.apache.catalina.core.ApplicationContext.log Manager: restart: Reloading web application '/truco'
16-May-2018 15:53:36.009 INFORMA합ES [http-nio-8080-exec-342] org.apache.catalina.core.ApplicationContext.log Manager: list: Listing contexts for virtual host 'localhost'
16-May-2018 15:53:36.018 INFORMA합ES [http-nio-8080-exec-355] org.apache.catalina.core.ApplicationContext.log Manager: restart: Reloading web application '/truco'
16-May-2018 15:54:08.678 INFORMA합ES [http-nio-8080-exec-342] org.apache.catalina.core.ApplicationContext.log Manager: list: Listing contexts for virtual host 'localhost'
16-May-2018 15:54:08.686 INFORMA합ES [http-nio-8080-exec-357] org.apache.catalina.core.ApplicationContext.log Manager: restart: Reloading web application '/truco'
16-May-2018 15:54:22.042 INFORMA합ES [http-nio-8080-exec-362] org.apache.catalina.core.ApplicationContext.log Manager: list: Listing contexts for virtual host 'localhost'
16-May-2018 15:54:22.047 INFORMA합ES [http-nio-8080-exec-364] org.apache.catalina.core.ApplicationContext.log Manager: list: Listing contexts for virtual host 'localhost'
16-May-2018 15:54:22.066 INFORMA합ES [http-nio-8080-exec-361] org.apache.catalina.core.ApplicationContext.log Manager: restart: Reloading web application '/truco'
16-May-2018 15:59:58.194 INFORMA합ES [http-nio-8080-exec-368] org.apache.catalina.core.ApplicationContext.log Manager: list: Listing contexts for virtual host 'localhost'
16-May-2018 15:59:58.204 INFORMA합ES [http-nio-8080-exec-369] org.apache.catalina.core.ApplicationContext.log Manager: restart: Reloading web application '/truco'
16-May-2018 16:00:08.232 INFORMA합ES [http-nio-8080-exec-372] org.apache.catalina.core.ApplicationContext.log Manager: list: Listing contexts for virtual host 'localhost'
16-May-2018 16:00:08.241 INFORMA합ES [http-nio-8080-exec-375] org.apache.catalina.core.ApplicationContext.log Manager: restart: Reloading web application '/truco'
16-May-2018 16:00:16.129 INFORMA합ES [http-nio-8080-exec-371] org.apache.catalina.core.ApplicationContext.log Manager: list: Listing contexts for virtual host 'localhost'
16-May-2018 16:00:16.138 INFORMA합ES [http-nio-8080-exec-367] org.apache.catalina.core.ApplicationContext.log Manager: restart: Reloading web application '/truco'
16-May-2018 16:00:21.214 INFORMA합ES [http-nio-8080-exec-374] org.apache.catalina.core.ApplicationContext.log Manager: list: Listing contexts for virtual host 'localhost'
16-May-2018 16:00:21.222 INFORMA합ES [http-nio-8080-exec-372] org.apache.catalina.core.ApplicationContext.log Manager: restart: Reloading web application '/truco'
16-May-2018 16:00:25.361 INFORMA합ES [http-nio-8080-exec-373] org.apache.catalina.core.ApplicationContext.log Manager: list: Listing contexts for virtual host 'localhost'
16-May-2018 16:00:25.367 INFORMA합ES [http-nio-8080-exec-371] org.apache.catalina.core.ApplicationContext.log Manager: list: Listing contexts for virtual host 'localhost'
16-May-2018 16:00:25.384 INFORMA합ES [http-nio-8080-exec-366] org.apache.catalina.core.ApplicationContext.log Manager: restart: Reloading web application '/truco'
16-May-2018 16:01:58.782 INFORMA합ES [http-nio-8080-exec-380] org.apache.catalina.core.ApplicationContext.log Manager: list: Listing contexts for virtual host 'localhost'
16-May-2018 16:01:58.787 INFORMA합ES [http-nio-8080-exec-374] org.apache.catalina.core.ApplicationContext.log Manager: list: Listing contexts for virtual host 'localhost'
16-May-2018 16:02:53.520 INFORMA합ES [http-nio-8080-exec-385] org.apache.catalina.core.ApplicationContext.log Manager: list: Listing contexts for virtual host 'localhost'
16-May-2018 16:02:53.529 INFORMA합ES [http-nio-8080-exec-373] org.apache.catalina.core.ApplicationContext.log Manager: restart: Reloading web application '/truco'
16-May-2018 16:03:00.273 INFORMA합ES [http-nio-8080-exec-384] org.apache.catalina.core.ApplicationContext.log Manager: list: Listing contexts for virtual host 'localhost'
16-May-2018 16:03:00.281 INFORMA합ES [http-nio-8080-exec-390] org.apache.catalina.core.ApplicationContext.log Manager: restart: Reloading web application '/truco'
16-May-2018 16:03:41.454 INFORMA합ES [http-nio-8080-exec-389] org.apache.catalina.core.ApplicationContext.log Manager: list: Listing contexts for virtual host 'localhost'
16-May-2018 16:03:41.462 INFORMA합ES [http-nio-8080-exec-386] org.apache.catalina.core.ApplicationContext.log Manager: restart: Reloading web application '/truco'
16-May-2018 16:04:01.959 INFORMA합ES [http-nio-8080-exec-395] org.apache.catalina.core.ApplicationContext.log Manager: list: Listing contexts for virtual host 'localhost'
16-May-2018 16:04:01.968 INFORMA합ES [http-nio-8080-exec-389] org.apache.catalina.core.ApplicationContext.log Manager: restart: Reloading web application '/truco'
16-May-2018 16:04:18.600 INFORMA합ES [http-nio-8080-exec-385] org.apache.catalina.core.ApplicationContext.log Manager: list: Listing contexts for virtual host 'localhost'
16-May-2018 16:04:18.608 INFORMA합ES [http-nio-8080-exec-396] org.apache.catalina.core.ApplicationContext.log Manager: restart: Reloading web application '/truco'
16-May-2018 16:04:37.808 INFORMA합ES [http-nio-8080-exec-403] org.apache.catalina.core.ApplicationContext.log Manager: list: Listing contexts for virtual host 'localhost'
16-May-2018 16:04:37.816 INFORMA합ES [http-nio-8080-exec-385] org.apache.catalina.core.ApplicationContext.log Manager: restart: Reloading web application '/truco'
16-May-2018 16:05:12.767 INFORMA합ES [http-nio-8080-exec-403] org.apache.catalina.core.ApplicationContext.log Manager: list: Listing contexts for virtual host 'localhost'
16-May-2018 16:05:12.777 INFORMA합ES [http-nio-8080-exec-406] org.apache.catalina.core.ApplicationContext.log Manager: restart: Reloading web application '/truco'
16-May-2018 16:05:27.689 INFORMA합ES [http-nio-8080-exec-401] org.apache.catalina.core.ApplicationContext.log Manager: list: Listing contexts for virtual host 'localhost'
16-May-2018 16:05:27.695 INFORMA합ES [http-nio-8080-exec-407] org.apache.catalina.core.ApplicationContext.log Manager: list: Listing contexts for virtual host 'localhost'
16-May-2018 16:05:27.713 INFORMA합ES [http-nio-8080-exec-405] org.apache.catalina.core.ApplicationContext.log Manager: restart: Reloading web application '/truco'
16-May-2018 16:05:44.582 INFORMA합ES [http-nio-8080-exec-411] org.apache.catalina.core.ApplicationContext.log Manager: list: Listing contexts for virtual host 'localhost'
16-May-2018 16:05:44.591 INFORMA합ES [http-nio-8080-exec-409] org.apache.catalina.core.ApplicationContext.log Manager: restart: Reloading web application '/truco'
16-May-2018 16:06:49.533 INFORMA합ES [http-nio-8080-exec-402] org.apache.catalina.core.ApplicationContext.log Manager: list: Listing contexts for virtual host 'localhost'
16-May-2018 16:06:49.539 INFORMA합ES [http-nio-8080-exec-418] org.apache.catalina.core.ApplicationContext.log Manager: list: Listing contexts for virtual host 'localhost'
16-May-2018 16:06:49.559 INFORMA합ES [http-nio-8080-exec-400] org.apache.catalina.core.ApplicationContext.log Manager: restart: Reloading web application '/truco'
16-May-2018 16:08:41.145 INFORMA합ES [http-nio-8080-exec-422] org.apache.catalina.core.ApplicationContext.log Manager: list: Listing contexts for virtual host 'localhost'
16-May-2018 16:08:41.155 INFORMA합ES [http-nio-8080-exec-423] org.apache.catalina.core.ApplicationContext.log Manager: restart: Reloading web application '/truco'
16-May-2018 16:09:10.418 INFORMA합ES [http-nio-8080-exec-426] org.apache.catalina.core.ApplicationContext.log Manager: list: Listing contexts for virtual host 'localhost'
16-May-2018 16:09:10.428 INFORMA합ES [http-nio-8080-exec-422] org.apache.catalina.core.ApplicationContext.log Manager: restart: Reloading web application '/truco'
16-May-2018 16:09:16.398 INFORMA합ES [http-nio-8080-exec-429] org.apache.catalina.core.ApplicationContext.log Manager: list: Listing contexts for virtual host 'localhost'
16-May-2018 16:09:16.403 INFORMA합ES [http-nio-8080-exec-425] org.apache.catalina.core.ApplicationContext.log Manager: list: Listing contexts for virtual host 'localhost'
16-May-2018 16:09:16.423 INFORMA합ES [http-nio-8080-exec-420] org.apache.catalina.core.ApplicationContext.log Manager: restart: Reloading web application '/truco'
16-May-2018 16:10:58.664 INFORMA합ES [http-nio-8080-exec-434] org.apache.catalina.core.ApplicationContext.log Manager: list: Listing contexts for virtual host 'localhost'
16-May-2018 16:10:58.673 INFORMA합ES [http-nio-8080-exec-435] org.apache.catalina.core.ApplicationContext.log Manager: restart: Reloading web application '/truco'
16-May-2018 16:11:13.900 INFORMA합ES [http-nio-8080-exec-416] org.apache.catalina.core.ApplicationContext.log Manager: list: Listing contexts for virtual host 'localhost'
16-May-2018 16:11:13.910 INFORMA합ES [http-nio-8080-exec-439] org.apache.catalina.core.ApplicationContext.log Manager: restart: Reloading web application '/truco'
16-May-2018 16:11:25.139 INFORMA합ES [http-nio-8080-exec-433] org.apache.catalina.core.ApplicationContext.log Manager: list: Listing contexts for virtual host 'localhost'
16-May-2018 16:11:25.144 INFORMA합ES [http-nio-8080-exec-438] org.apache.catalina.core.ApplicationContext.log Manager: list: Listing contexts for virtual host 'localhost'
16-May-2018 16:11:25.166 INFORMA합ES [http-nio-8080-exec-428] org.apache.catalina.core.ApplicationContext.log Manager: restart: Reloading web application '/truco'
16-May-2018 16:12:25.261 INFORMA합ES [http-nio-8080-exec-434] org.apache.catalina.core.ApplicationContext.log Manager: list: Listing contexts for virtual host 'localhost'
16-May-2018 16:12:25.270 INFORMA합ES [http-nio-8080-exec-436] org.apache.catalina.core.ApplicationContext.log Manager: restart: Reloading web application '/truco'
16-May-2018 16:13:48.013 INFORMA합ES [http-nio-8080-exec-451] org.apache.catalina.core.ApplicationContext.log Manager: list: Listing contexts for virtual host 'localhost'
16-May-2018 16:13:48.022 INFORMA합ES [http-nio-8080-exec-454] org.apache.catalina.core.ApplicationContext.log Manager: restart: Reloading web application '/truco'
16-May-2018 16:14:24.574 INFORMA합ES [http-nio-8080-exec-434] org.apache.catalina.core.ApplicationContext.log Manager: list: Listing contexts for virtual host 'localhost'
16-May-2018 16:14:24.584 INFORMA합ES [http-nio-8080-exec-442] org.apache.catalina.core.ApplicationContext.log Manager: restart: Reloading web application '/truco'
16-May-2018 16:16:10.194 INFORMA합ES [http-nio-8080-exec-462] org.apache.catalina.core.ApplicationContext.log Manager: list: Listing contexts for virtual host 'localhost'
16-May-2018 16:16:10.203 INFORMA합ES [http-nio-8080-exec-461] org.apache.catalina.core.ApplicationContext.log Manager: restart: Reloading web application '/truco'
16-May-2018 16:16:47.799 INFORMA합ES [http-nio-8080-exec-463] org.apache.catalina.core.ApplicationContext.log Manager: list: Listing contexts for virtual host 'localhost'
16-May-2018 16:16:47.810 INFORMA합ES [http-nio-8080-exec-460] org.apache.catalina.core.ApplicationContext.log Manager: restart: Reloading web application '/truco'
16-May-2018 16:16:58.317 INFORMA합ES [http-nio-8080-exec-463] org.apache.catalina.core.ApplicationContext.log Manager: list: Listing contexts for virtual host 'localhost'
16-May-2018 16:16:58.327 INFORMA합ES [http-nio-8080-exec-467] org.apache.catalina.core.ApplicationContext.log Manager: restart: Reloading web application '/truco'
16-May-2018 16:17:08.899 INFORMA합ES [http-nio-8080-exec-466] org.apache.catalina.core.ApplicationContext.log Manager: list: Listing contexts for virtual host 'localhost'
16-May-2018 16:17:08.908 INFORMA합ES [http-nio-8080-exec-462] org.apache.catalina.core.ApplicationContext.log Manager: restart: Reloading web application '/truco'
16-May-2018 16:17:27.143 INFORMA합ES [http-nio-8080-exec-452] org.apache.catalina.core.ApplicationContext.log Manager: list: Listing contexts for virtual host 'localhost'
16-May-2018 16:17:27.153 INFORMA합ES [http-nio-8080-exec-466] org.apache.catalina.core.ApplicationContext.log Manager: restart: Reloading web application '/truco'
16-May-2018 16:18:33.567 INFORMA합ES [http-nio-8080-exec-476] org.apache.catalina.core.ApplicationContext.log Manager: list: Listing contexts for virtual host 'localhost'
16-May-2018 16:18:33.575 INFORMA합ES [http-nio-8080-exec-479] org.apache.catalina.core.ApplicationContext.log Manager: restart: Reloading web application '/truco'
16-May-2018 16:18:52.614 INFORMA합ES [http-nio-8080-exec-480] org.apache.catalina.core.ApplicationContext.log Manager: list: Listing contexts for virtual host 'localhost'
16-May-2018 16:18:52.623 INFORMA합ES [http-nio-8080-exec-468] org.apache.catalina.core.ApplicationContext.log Manager: restart: Reloading web application '/truco'
16-May-2018 16:19:04.961 INFORMA합ES [http-nio-8080-exec-475] org.apache.catalina.core.ApplicationContext.log Manager: list: Listing contexts for virtual host 'localhost'
16-May-2018 16:19:04.967 INFORMA합ES [http-nio-8080-exec-465] org.apache.catalina.core.ApplicationContext.log Manager: list: Listing contexts for virtual host 'localhost'
16-May-2018 16:19:04.986 INFORMA합ES [http-nio-8080-exec-473] org.apache.catalina.core.ApplicationContext.log Manager: restart: Reloading web application '/truco'
16-May-2018 16:19:20.772 INFORMA합ES [http-nio-8080-exec-487] org.apache.catalina.core.ApplicationContext.log Manager: list: Listing contexts for virtual host 'localhost'
16-May-2018 16:19:20.778 INFORMA합ES [http-nio-8080-exec-490] org.apache.catalina.core.ApplicationContext.log Manager: list: Listing contexts for virtual host 'localhost'
16-May-2018 16:19:54.205 INFORMA합ES [http-nio-8080-exec-488] org.apache.catalina.core.ApplicationContext.log Manager: list: Listing contexts for virtual host 'localhost'
16-May-2018 16:19:54.214 INFORMA합ES [http-nio-8080-exec-495] org.apache.catalina.core.ApplicationContext.log Manager: restart: Reloading web application '/truco'
16-May-2018 16:19:58.060 INFORMA합ES [http-nio-8080-exec-487] org.apache.catalina.core.ApplicationContext.log Manager: list: Listing contexts for virtual host 'localhost'
16-May-2018 16:19:58.068 INFORMA합ES [http-nio-8080-exec-489] org.apache.catalina.core.ApplicationContext.log Manager: restart: Reloading web application '/truco'
16-May-2018 16:20:04.237 INFORMA합ES [http-nio-8080-exec-494] org.apache.catalina.core.ApplicationContext.log Manager: list: Listing contexts for virtual host 'localhost'
16-May-2018 16:20:04.242 INFORMA합ES [http-nio-8080-exec-497] org.apache.catalina.core.ApplicationContext.log Manager: list: Listing contexts for virtual host 'localhost'
16-May-2018 16:20:04.259 INFORMA합ES [http-nio-8080-exec-491] org.apache.catalina.core.ApplicationContext.log Manager: restart: Reloading web application '/truco'
16-May-2018 16:20:40.059 INFORMA합ES [http-nio-8080-exec-487] org.apache.catalina.core.ApplicationContext.log Manager: list: Listing contexts for virtual host 'localhost'
16-May-2018 16:20:40.065 INFORMA합ES [http-nio-8080-exec-502] org.apache.catalina.core.ApplicationContext.log Manager: list: Listing contexts for virtual host 'localhost'
16-May-2018 16:24:27.838 INFORMA합ES [http-nio-8080-exec-500] org.apache.catalina.core.ApplicationContext.log Manager: list: Listing contexts for virtual host 'localhost'
16-May-2018 16:24:27.848 INFORMA합ES [http-nio-8080-exec-504] org.apache.catalina.core.ApplicationContext.log Manager: restart: Reloading web application '/truco'
16-May-2018 16:26:00.206 INFORMA합ES [http-nio-8080-exec-501] org.apache.catalina.core.ApplicationContext.log Manager: list: Listing contexts for virtual host 'localhost'
16-May-2018 16:26:00.215 INFORMA합ES [http-nio-8080-exec-506] org.apache.catalina.core.ApplicationContext.log Manager: restart: Reloading web application '/truco'
16-May-2018 16:26:29.449 INFORMA합ES [http-nio-8080-exec-501] org.apache.catalina.core.ApplicationContext.log Manager: list: Listing contexts for virtual host 'localhost'
16-May-2018 16:26:29.458 INFORMA합ES [http-nio-8080-exec-502] org.apache.catalina.core.ApplicationContext.log Manager: restart: Reloading web application '/truco'
16-May-2018 16:28:08.055 INFORMA합ES [http-nio-8080-exec-509] org.apache.catalina.core.ApplicationContext.log Manager: list: Listing contexts for virtual host 'localhost'
16-May-2018 16:28:08.064 INFORMA합ES [http-nio-8080-exec-512] org.apache.catalina.core.ApplicationContext.log Manager: restart: Reloading web application '/truco'
16-May-2018 16:28:24.342 INFORMA합ES [http-nio-8080-exec-516] org.apache.catalina.core.ApplicationContext.log Manager: list: Listing contexts for virtual host 'localhost'
16-May-2018 16:28:24.347 INFORMA합ES [http-nio-8080-exec-515] org.apache.catalina.core.ApplicationContext.log Manager: list: Listing contexts for virtual host 'localhost'
16-May-2018 16:28:24.365 INFORMA합ES [http-nio-8080-exec-517] org.apache.catalina.core.ApplicationContext.log Manager: restart: Reloading web application '/truco'
16-May-2018 16:29:12.029 INFORMA합ES [http-nio-8080-exec-519] org.apache.catalina.core.ApplicationContext.log Manager: list: Listing contexts for virtual host 'localhost'
16-May-2018 16:29:12.037 INFORMA합ES [http-nio-8080-exec-518] org.apache.catalina.core.ApplicationContext.log Manager: restart: Reloading web application '/truco'
16-May-2018 16:29:18.419 INFORMA합ES [http-nio-8080-exec-509] org.apache.catalina.core.ApplicationContext.log Manager: list: Listing contexts for virtual host 'localhost'
16-May-2018 16:29:18.429 INFORMA합ES [http-nio-8080-exec-526] org.apache.catalina.core.ApplicationContext.log Manager: restart: Reloading web application '/truco'
16-May-2018 16:30:40.623 INFORMA합ES [http-nio-8080-exec-531] org.apache.catalina.core.ApplicationContext.log Manager: list: Listing contexts for virtual host 'localhost'
16-May-2018 16:30:40.633 INFORMA합ES [http-nio-8080-exec-535] org.apache.catalina.core.ApplicationContext.log Manager: restart: Reloading web application '/truco'
16-May-2018 16:30:49.036 INFORMA합ES [http-nio-8080-exec-530] org.apache.catalina.core.ApplicationContext.log Manager: list: Listing contexts for virtual host 'localhost'
16-May-2018 16:30:49.042 INFORMA합ES [http-nio-8080-exec-522] org.apache.catalina.core.ApplicationContext.log Manager: list: Listing contexts for virtual host 'localhost'
16-May-2018 16:30:49.060 INFORMA합ES [http-nio-8080-exec-519] org.apache.catalina.core.ApplicationContext.log Manager: restart: Reloading web application '/truco'
16-May-2018 16:31:35.395 INFORMA합ES [http-nio-8080-exec-509] org.apache.catalina.core.ApplicationContext.log Manager: list: Listing contexts for virtual host 'localhost'
16-May-2018 16:31:35.405 INFORMA합ES [http-nio-8080-exec-532] org.apache.catalina.core.ApplicationContext.log Manager: restart: Reloading web application '/truco'
16-May-2018 16:32:19.073 INFORMA합ES [http-nio-8080-exec-540] org.apache.catalina.core.ApplicationContext.log Manager: list: Listing contexts for virtual host 'localhost'
16-May-2018 16:32:19.081 INFORMA합ES [http-nio-8080-exec-538] org.apache.catalina.core.ApplicationContext.log Manager: restart: Reloading web application '/truco'
16-May-2018 16:32:36.022 INFORMA합ES [http-nio-8080-exec-545] org.apache.catalina.core.ApplicationContext.log Manager: list: Listing contexts for virtual host 'localhost'
16-May-2018 16:32:36.031 INFORMA합ES [http-nio-8080-exec-547] org.apache.catalina.core.ApplicationContext.log Manager: restart: Reloading web application '/truco'
16-May-2018 16:32:52.815 INFORMA합ES [http-nio-8080-exec-545] org.apache.catalina.core.ApplicationContext.log Manager: list: Listing contexts for virtual host 'localhost'
16-May-2018 16:32:52.824 INFORMA합ES [http-nio-8080-exec-550] org.apache.catalina.core.ApplicationContext.log Manager: restart: Reloading web application '/truco'
16-May-2018 16:33:14.868 INFORMA합ES [http-nio-8080-exec-540] org.apache.catalina.core.ApplicationContext.log Manager: list: Listing contexts for virtual host 'localhost'
16-May-2018 16:33:14.877 INFORMA합ES [http-nio-8080-exec-553] org.apache.catalina.core.ApplicationContext.log Manager: restart: Reloading web application '/truco'
16-May-2018 16:33:18.684 INFORMA합ES [http-nio-8080-exec-544] org.apache.catalina.core.ApplicationContext.log Manager: list: Listing contexts for virtual host 'localhost'
16-May-2018 16:33:18.693 INFORMA합ES [http-nio-8080-exec-546] org.apache.catalina.core.ApplicationContext.log Manager: restart: Reloading web application '/truco'
16-May-2018 16:33:25.626 INFORMA합ES [http-nio-8080-exec-544] org.apache.catalina.core.ApplicationContext.log Manager: list: Listing contexts for virtual host 'localhost'
16-May-2018 16:33:25.635 INFORMA합ES [http-nio-8080-exec-549] org.apache.catalina.core.ApplicationContext.log Manager: restart: Reloading web application '/truco'
16-May-2018 16:34:36.143 INFORMA합ES [http-nio-8080-exec-558] org.apache.catalina.core.ApplicationContext.log Manager: list: Listing contexts for virtual host 'localhost'
16-May-2018 16:34:36.152 INFORMA합ES [http-nio-8080-exec-564] org.apache.catalina.core.ApplicationContext.log Manager: restart: Reloading web application '/truco'
16-May-2018 16:35:07.484 INFORMA합ES [http-nio-8080-exec-544] org.apache.catalina.core.ApplicationContext.log Manager: list: Listing contexts for virtual host 'localhost'
16-May-2018 16:35:07.492 INFORMA합ES [http-nio-8080-exec-558] org.apache.catalina.core.ApplicationContext.log Manager: restart: Reloading web application '/truco'
16-May-2018 16:35:13.351 INFORMA합ES [http-nio-8080-exec-545] org.apache.catalina.core.ApplicationContext.log Manager: list: Listing contexts for virtual host 'localhost'
16-May-2018 16:35:13.360 INFORMA합ES [http-nio-8080-exec-560] org.apache.catalina.core.ApplicationContext.log Manager: restart: Reloading web application '/truco'
16-May-2018 16:36:32.613 INFORMA합ES [http-nio-8080-exec-572] org.apache.catalina.core.ApplicationContext.log Manager: list: Listing contexts for virtual host 'localhost'
16-May-2018 16:36:32.623 INFORMA합ES [http-nio-8080-exec-565] org.apache.catalina.core.ApplicationContext.log Manager: restart: Reloading web application '/truco'
16-May-2018 16:37:01.816 INFORMA합ES [http-nio-8080-exec-575] org.apache.catalina.core.ApplicationContext.log Manager: list: Listing contexts for virtual host 'localhost'
16-May-2018 16:37:01.826 INFORMA합ES [http-nio-8080-exec-545] org.apache.catalina.core.ApplicationContext.log Manager: restart: Reloading web application '/truco'
16-May-2018 16:37:18.786 INFORMA합ES [http-nio-8080-exec-578] org.apache.catalina.core.ApplicationContext.log Manager: list: Listing contexts for virtual host 'localhost'
16-May-2018 16:37:18.795 INFORMA합ES [http-nio-8080-exec-573] org.apache.catalina.core.ApplicationContext.log Manager: restart: Reloading web application '/truco'
16-May-2018 16:37:57.825 INFORMA합ES [http-nio-8080-exec-572] org.apache.catalina.core.ApplicationContext.log Manager: list: Listing contexts for virtual host 'localhost'
16-May-2018 16:37:57.834 INFORMA합ES [http-nio-8080-exec-577] org.apache.catalina.core.ApplicationContext.log Manager: restart: Reloading web application '/truco'
16-May-2018 16:38:55.419 INFORMA합ES [http-nio-8080-exec-583] org.apache.catalina.core.ApplicationContext.log Manager: list: Listing contexts for virtual host 'localhost'
16-May-2018 16:38:55.429 INFORMA합ES [http-nio-8080-exec-556] org.apache.catalina.core.ApplicationContext.log Manager: restart: Reloading web application '/truco'
16-May-2018 16:39:03.145 INFORMA합ES [http-nio-8080-exec-585] org.apache.catalina.core.ApplicationContext.log Manager: list: Listing contexts for virtual host 'localhost'
16-May-2018 16:39:03.154 INFORMA합ES [http-nio-8080-exec-572] org.apache.catalina.core.ApplicationContext.log Manager: restart: Reloading web application '/truco'
16-May-2018 16:41:58.287 INFORMA합ES [http-nio-8080-exec-593] org.apache.catalina.core.ApplicationContext.log Manager: list: Listing contexts for virtual host 'localhost'
16-May-2018 16:41:58.297 INFORMA합ES [http-nio-8080-exec-594] org.apache.catalina.core.ApplicationContext.log Manager: restart: Reloading web application '/truco'
16-May-2018 16:42:45.507 INFORMA합ES [http-nio-8080-exec-591] org.apache.catalina.core.ApplicationContext.log Manager: list: Listing contexts for virtual host 'localhost'
16-May-2018 16:42:45.516 INFORMA합ES [http-nio-8080-exec-600] org.apache.catalina.core.ApplicationContext.log Manager: restart: Reloading web application '/truco'
16-May-2018 16:42:58.789 INFORMA합ES [http-nio-8080-exec-593] org.apache.catalina.core.ApplicationContext.log Manager: list: Listing contexts for virtual host 'localhost'
16-May-2018 16:42:58.799 INFORMA합ES [http-nio-8080-exec-605] org.apache.catalina.core.ApplicationContext.log Manager: restart: Reloading web application '/truco'
16-May-2018 16:43:25.135 INFORMA합ES [http-nio-8080-exec-602] org.apache.catalina.core.ApplicationContext.log Manager: list: Listing contexts for virtual host 'localhost'
16-May-2018 16:43:25.143 INFORMA합ES [http-nio-8080-exec-607] org.apache.catalina.core.ApplicationContext.log Manager: restart: Reloading web application '/truco'
16-May-2018 16:43:51.541 INFORMA합ES [http-nio-8080-exec-611] org.apache.catalina.core.ApplicationContext.log Manager: list: Listing contexts for virtual host 'localhost'
16-May-2018 16:43:51.546 INFORMA합ES [http-nio-8080-exec-597] org.apache.catalina.core.ApplicationContext.log Manager: list: Listing contexts for virtual host 'localhost'
16-May-2018 16:43:51.575 INFORMA합ES [http-nio-8080-exec-613] org.apache.catalina.core.ApplicationContext.log Manager: restart: Reloading web application '/truco'
16-May-2018 16:45:21.688 INFORMA합ES [http-nio-8080-exec-618] org.apache.catalina.core.ApplicationContext.log Manager: list: Listing contexts for virtual host 'localhost'
16-May-2018 16:45:21.697 INFORMA합ES [http-nio-8080-exec-619] org.apache.catalina.core.ApplicationContext.log Manager: restart: Reloading web application '/truco'
16-May-2018 16:45:36.892 INFORMA합ES [http-nio-8080-exec-617] org.apache.catalina.core.ApplicationContext.log Manager: list: Listing contexts for virtual host 'localhost'
16-May-2018 16:45:36.901 INFORMA합ES [http-nio-8080-exec-602] org.apache.catalina.core.ApplicationContext.log Manager: restart: Reloading web application '/truco'
16-May-2018 16:46:00.797 INFORMA합ES [http-nio-8080-exec-616] org.apache.catalina.core.ApplicationContext.log Manager: list: Listing contexts for virtual host 'localhost'
16-May-2018 16:46:00.806 INFORMA합ES [http-nio-8080-exec-611] org.apache.catalina.core.ApplicationContext.log Manager: restart: Reloading web application '/truco'
16-May-2018 16:46:10.467 INFORMA합ES [http-nio-8080-exec-625] org.apache.catalina.core.ApplicationContext.log Manager: list: Listing contexts for virtual host 'localhost'
16-May-2018 16:46:10.476 INFORMA합ES [http-nio-8080-exec-626] org.apache.catalina.core.ApplicationContext.log Manager: restart: Reloading web application '/truco'
16-May-2018 16:46:48.959 INFORMA합ES [http-nio-8080-exec-621] org.apache.catalina.core.ApplicationContext.log Manager: list: Listing contexts for virtual host 'localhost'
16-May-2018 16:46:48.967 INFORMA합ES [http-nio-8080-exec-625] org.apache.catalina.core.ApplicationContext.log Manager: restart: Reloading web application '/truco'
16-May-2018 16:49:38.171 INFORMA합ES [http-nio-8080-exec-636] org.apache.catalina.core.ApplicationContext.log Manager: list: Listing contexts for virtual host 'localhost'
16-May-2018 16:49:38.183 INFORMA합ES [http-nio-8080-exec-637] org.apache.catalina.core.ApplicationContext.log Manager: restart: Reloading web application '/truco'
16-May-2018 16:50:11.762 INFORMA합ES [http-nio-8080-exec-641] org.apache.catalina.core.ApplicationContext.log Manager: list: Listing contexts for virtual host 'localhost'
16-May-2018 16:50:11.771 INFORMA합ES [http-nio-8080-exec-627] org.apache.catalina.core.ApplicationContext.log Manager: restart: Reloading web application '/truco'
16-May-2018 16:51:39.023 INFORMA합ES [http-nio-8080-exec-649] org.apache.catalina.core.ApplicationContext.log Manager: list: Listing contexts for virtual host 'localhost'
16-May-2018 16:51:39.033 INFORMA합ES [http-nio-8080-exec-650] org.apache.catalina.core.ApplicationContext.log Manager: restart: Reloading web application '/truco'
16-May-2018 16:52:08.324 INFORMA합ES [http-nio-8080-exec-647] org.apache.catalina.core.ApplicationContext.log Manager: list: Listing contexts for virtual host 'localhost'
16-May-2018 16:52:08.333 INFORMA합ES [http-nio-8080-exec-649] org.apache.catalina.core.ApplicationContext.log Manager: restart: Reloading web application '/truco'
16-May-2018 16:54:28.467 INFORMA합ES [http-nio-8080-exec-661] org.apache.catalina.core.ApplicationContext.log Manager: list: Listing contexts for virtual host 'localhost'
16-May-2018 16:54:28.475 INFORMA합ES [http-nio-8080-exec-660] org.apache.catalina.core.ApplicationContext.log Manager: restart: Reloading web application '/truco'
16-May-2018 16:54:51.824 INFORMA합ES [http-nio-8080-exec-668] org.apache.catalina.core.ApplicationContext.log Manager: list: Listing contexts for virtual host 'localhost'
16-May-2018 16:54:51.832 INFORMA합ES [http-nio-8080-exec-667] org.apache.catalina.core.ApplicationContext.log Manager: restart: Reloading web application '/truco'
16-May-2018 16:55:26.074 INFORMA합ES [http-nio-8080-exec-670] org.apache.catalina.core.ApplicationContext.log Manager: list: Listing contexts for virtual host 'localhost'
16-May-2018 16:55:26.083 INFORMA합ES [http-nio-8080-exec-662] org.apache.catalina.core.ApplicationContext.log Manager: restart: Reloading web application '/truco'
16-May-2018 16:55:42.353 INFORMA합ES [http-nio-8080-exec-674] org.apache.catalina.core.ApplicationContext.log Manager: list: Listing contexts for virtual host 'localhost'
16-May-2018 16:55:42.363 INFORMA합ES [http-nio-8080-exec-676] org.apache.catalina.core.ApplicationContext.log Manager: restart: Reloading web application '/truco'
16-May-2018 16:55:46.299 INFORMA합ES [http-nio-8080-exec-674] org.apache.catalina.core.ApplicationContext.log Manager: list: Listing contexts for virtual host 'localhost'
16-May-2018 16:55:46.310 INFORMA합ES [http-nio-8080-exec-673] org.apache.catalina.core.ApplicationContext.log Manager: restart: Reloading web application '/truco'
16-May-2018 16:56:33.865 INFORMA합ES [http-nio-8080-exec-665] org.apache.catalina.core.ApplicationContext.log Manager: list: Listing contexts for virtual host 'localhost'
16-May-2018 16:56:33.873 INFORMA합ES [http-nio-8080-exec-680] org.apache.catalina.core.ApplicationContext.log Manager: restart: Reloading web application '/truco'
16-May-2018 16:57:04.192 INFORMA합ES [http-nio-8080-exec-684] org.apache.catalina.core.ApplicationContext.log Manager: list: Listing contexts for virtual host 'localhost'
16-May-2018 16:57:04.202 INFORMA합ES [http-nio-8080-exec-677] org.apache.catalina.core.ApplicationContext.log Manager: restart: Reloading web application '/truco'
16-May-2018 16:57:31.768 INFORMA합ES [http-nio-8080-exec-679] org.apache.catalina.core.ApplicationContext.log Manager: list: Listing contexts for virtual host 'localhost'
16-May-2018 16:57:31.777 INFORMA합ES [http-nio-8080-exec-687] org.apache.catalina.core.ApplicationContext.log Manager: restart: Reloading web application '/truco'
16-May-2018 16:57:46.737 INFORMA합ES [http-nio-8080-exec-681] org.apache.catalina.core.ApplicationContext.log Manager: list: Listing contexts for virtual host 'localhost'
16-May-2018 16:57:46.746 INFORMA합ES [http-nio-8080-exec-690] org.apache.catalina.core.ApplicationContext.log Manager: restart: Reloading web application '/truco'
16-May-2018 16:57:59.244 INFORMA합ES [http-nio-8080-exec-693] org.apache.catalina.core.ApplicationContext.log Manager: list: Listing contexts for virtual host 'localhost'
16-May-2018 16:57:59.253 INFORMA합ES [http-nio-8080-exec-685] org.apache.catalina.core.ApplicationContext.log Manager: restart: Reloading web application '/truco'
16-May-2018 16:58:33.098 INFORMA합ES [http-nio-8080-exec-665] org.apache.catalina.core.ApplicationContext.log Manager: list: Listing contexts for virtual host 'localhost'
16-May-2018 16:58:33.106 INFORMA합ES [http-nio-8080-exec-696] org.apache.catalina.core.ApplicationContext.log Manager: restart: Reloading web application '/truco'
16-May-2018 16:59:18.550 INFORMA합ES [http-nio-8080-exec-697] org.apache.catalina.core.ApplicationContext.log Manager: list: Listing contexts for virtual host 'localhost'
16-May-2018 16:59:18.558 INFORMA합ES [http-nio-8080-exec-698] org.apache.catalina.core.ApplicationContext.log Manager: restart: Reloading web application '/truco'
16-May-2018 16:59:45.023 INFORMA합ES [http-nio-8080-exec-665] org.apache.catalina.core.ApplicationContext.log Manager: list: Listing contexts for virtual host 'localhost'
16-May-2018 16:59:45.033 INFORMA합ES [http-nio-8080-exec-703] org.apache.catalina.core.ApplicationContext.log Manager: restart: Reloading web application '/truco'
16-May-2018 17:01:40.896 INFORMA합ES [http-nio-8080-exec-705] org.apache.catalina.core.ApplicationContext.log Manager: list: Listing contexts for virtual host 'localhost'
16-May-2018 17:01:40.905 INFORMA합ES [http-nio-8080-exec-711] org.apache.catalina.core.ApplicationContext.log Manager: restart: Reloading web application '/truco'
16-May-2018 17:24:32.667 INFORMA합ES [http-nio-8080-exec-715] org.apache.catalina.core.ApplicationContext.log Manager: list: Listing contexts for virtual host 'localhost'
16-May-2018 17:24:32.679 INFORMA합ES [http-nio-8080-exec-714] org.apache.catalina.core.ApplicationContext.log Manager: restart: Reloading web application '/truco'
16-May-2018 17:26:01.035 INFORMA합ES [http-nio-8080-exec-725] org.apache.catalina.core.ApplicationContext.log Manager: list: Listing contexts for virtual host 'localhost'
16-May-2018 17:26:01.044 INFORMA합ES [http-nio-8080-exec-722] org.apache.catalina.core.ApplicationContext.log Manager: restart: Reloading web application '/truco'
16-May-2018 17:27:40.111 INFORMA합ES [http-nio-8080-exec-720] org.apache.catalina.core.ApplicationContext.log Manager: list: Listing contexts for virtual host 'localhost'
16-May-2018 17:27:40.120 INFORMA합ES [http-nio-8080-exec-726] org.apache.catalina.core.ApplicationContext.log Manager: restart: Reloading web application '/truco'
16-May-2018 17:27:44.875 INFORMA합ES [http-nio-8080-exec-727] org.apache.catalina.core.ApplicationContext.log Manager: list: Listing contexts for virtual host 'localhost'
16-May-2018 17:27:44.884 INFORMA합ES [http-nio-8080-exec-732] org.apache.catalina.core.ApplicationContext.log Manager: restart: Reloading web application '/truco'
16-May-2018 17:31:37.936 INFORMA합ES [http-nio-8080-exec-743] org.apache.catalina.core.ApplicationContext.log Manager: list: Listing contexts for virtual host 'localhost'
16-May-2018 17:31:37.945 INFORMA합ES [http-nio-8080-exec-741] org.apache.catalina.core.ApplicationContext.log Manager: restart: Reloading web application '/truco'
16-May-2018 17:31:55.205 INFORMA합ES [http-nio-8080-exec-740] org.apache.catalina.core.ApplicationContext.log Manager: list: Listing contexts for virtual host 'localhost'
16-May-2018 17:31:55.215 INFORMA합ES [http-nio-8080-exec-745] org.apache.catalina.core.ApplicationContext.log Manager: restart: Reloading web application '/truco'
16-May-2018 17:32:13.793 INFORMA합ES [http-nio-8080-exec-748] org.apache.catalina.core.ApplicationContext.log Manager: list: Listing contexts for virtual host 'localhost'
16-May-2018 17:32:13.802 INFORMA합ES [http-nio-8080-exec-735] org.apache.catalina.core.ApplicationContext.log Manager: restart: Reloading web application '/truco'
16-May-2018 17:33:42.559 INFORMA합ES [http-nio-8080-exec-753] org.apache.catalina.core.ApplicationContext.log Manager: list: Listing contexts for virtual host 'localhost'
16-May-2018 17:33:42.567 INFORMA합ES [http-nio-8080-exec-754] org.apache.catalina.core.ApplicationContext.log Manager: restart: Reloading web application '/truco'
16-May-2018 17:37:47.414 INFORMA합ES [http-nio-8080-exec-760] org.apache.catalina.core.ApplicationContext.log Manager: list: Listing contexts for virtual host 'localhost'
16-May-2018 17:37:47.422 INFORMA합ES [http-nio-8080-exec-761] org.apache.catalina.core.ApplicationContext.log Manager: restart: Reloading web application '/truco'
16-May-2018 17:38:59.529 INFORMA합ES [http-nio-8080-exec-764] org.apache.catalina.core.ApplicationContext.log Manager: list: Listing contexts for virtual host 'localhost'
16-May-2018 17:38:59.538 INFORMA합ES [http-nio-8080-exec-759] org.apache.catalina.core.ApplicationContext.log Manager: restart: Reloading web application '/truco'
16-May-2018 17:39:13.500 INFORMA합ES [http-nio-8080-exec-766] org.apache.catalina.core.ApplicationContext.log Manager: list: Listing contexts for virtual host 'localhost'
16-May-2018 17:39:13.509 INFORMA합ES [http-nio-8080-exec-772] org.apache.catalina.core.ApplicationContext.log Manager: restart: Reloading web application '/truco'
16-May-2018 17:39:28.073 INFORMA합ES [http-nio-8080-exec-760] org.apache.catalina.core.ApplicationContext.log Manager: list: Listing contexts for virtual host 'localhost'
16-May-2018 17:39:28.082 INFORMA합ES [http-nio-8080-exec-775] org.apache.catalina.core.ApplicationContext.log Manager: restart: Reloading web application '/truco'
