14-May-2018 21:00:59.836 INFORMAÇÕES [http-nio-8080-exec-7] org.apache.catalina.core.ApplicationContext.log Manager: init: Associated with Deployer 'Catalina:type=Deployer,host=localhost'
14-May-2018 21:00:59.838 INFORMAÇÕES [http-nio-8080-exec-7] org.apache.catalina.core.ApplicationContext.log Manager: init: Global resources are available
14-May-2018 21:01:01.298 INFORMAÇÕES [http-nio-8080-exec-3] org.apache.catalina.core.ApplicationContext.log Manager: list: Listing contexts for virtual host 'localhost'
14-May-2018 21:01:01.322 INFORMAÇÕES [http-nio-8080-exec-2] org.apache.catalina.core.ApplicationContext.log Manager: list: Listing contexts for virtual host 'localhost'
14-May-2018 21:02:17.108 INFORMAÇÕES [http-nio-8080-exec-9] org.apache.catalina.core.ApplicationContext.log Manager: list: Listing contexts for virtual host 'localhost'
14-May-2018 21:02:17.132 INFORMAÇÕES [http-nio-8080-exec-10] org.apache.catalina.core.ApplicationContext.log Manager: restart: Reloading web application '/truco'
14-May-2018 21:02:42.951 INFORMAÇÕES [http-nio-8080-exec-8] org.apache.catalina.core.ApplicationContext.log Manager: list: Listing contexts for virtual host 'localhost'
14-May-2018 21:02:42.969 INFORMAÇÕES [http-nio-8080-exec-12] org.apache.catalina.core.ApplicationContext.log Manager: list: Listing contexts for virtual host 'localhost'
14-May-2018 21:02:43.021 INFORMAÇÕES [http-nio-8080-exec-5] org.apache.catalina.core.ApplicationContext.log Manager: restart: Reloading web application '/truco'
14-May-2018 21:04:43.370 INFORMAÇÕES [http-nio-8080-exec-18] org.apache.catalina.core.ApplicationContext.log Manager: list: Listing contexts for virtual host 'localhost'
14-May-2018 21:04:43.405 INFORMAÇÕES [http-nio-8080-exec-19] org.apache.catalina.core.ApplicationContext.log Manager: restart: Reloading web application '/truco'
14-May-2018 21:04:47.991 INFORMAÇÕES [http-nio-8080-exec-22] org.apache.catalina.core.ApplicationContext.log Manager: list: Listing contexts for virtual host 'localhost'
14-May-2018 21:04:48.011 INFORMAÇÕES [http-nio-8080-exec-24] org.apache.catalina.core.ApplicationContext.log Manager: list: Listing contexts for virtual host 'localhost'
14-May-2018 21:04:48.608 INFORMAÇÕES [http-nio-8080-exec-23] org.apache.catalina.core.ApplicationContext.log Manager: restart: Reloading web application '/truco'
14-May-2018 21:07:56.234 INFORMAÇÕES [http-nio-8080-exec-5] org.apache.catalina.core.ApplicationContext.log Manager: init: Associated with Deployer 'Catalina:type=Deployer,host=localhost'
14-May-2018 21:07:56.243 INFORMAÇÕES [http-nio-8080-exec-5] org.apache.catalina.core.ApplicationContext.log Manager: init: Global resources are available
14-May-2018 21:07:57.282 INFORMAÇÕES [http-nio-8080-exec-10] org.apache.catalina.core.ApplicationContext.log Manager: list: Listing contexts for virtual host 'localhost'
14-May-2018 21:07:57.300 INFORMAÇÕES [http-nio-8080-exec-3] org.apache.catalina.core.ApplicationContext.log Manager: list: Listing contexts for virtual host 'localhost'
14-May-2018 21:07:57.428 INFORMAÇÕES [http-nio-8080-exec-1] org.apache.catalina.core.ApplicationContext.log Manager: restart: Reloading web application '/truco'
14-May-2018 21:09:15.985 INFORMAÇÕES [http-nio-8080-exec-11] org.apache.catalina.core.ApplicationContext.log Manager: list: Listing contexts for virtual host 'localhost'
14-May-2018 21:09:16.017 INFORMAÇÕES [http-nio-8080-exec-12] org.apache.catalina.core.ApplicationContext.log Manager: restart: Reloading web application '/truco'
14-May-2018 21:09:32.928 INFORMAÇÕES [http-nio-8080-exec-12] org.apache.catalina.core.ApplicationContext.log Manager: list: Listing contexts for virtual host 'localhost'
14-May-2018 21:09:32.939 INFORMAÇÕES [http-nio-8080-exec-21] org.apache.catalina.core.ApplicationContext.log Manager: list: Listing contexts for virtual host 'localhost'
14-May-2018 21:09:33.032 INFORMAÇÕES [http-nio-8080-exec-16] org.apache.catalina.core.ApplicationContext.log Manager: restart: Reloading web application '/truco'
14-May-2018 21:10:40.841 INFORMAÇÕES [http-nio-8080-exec-13] org.apache.catalina.core.ApplicationContext.log Manager: list: Listing contexts for virtual host 'localhost'
14-May-2018 21:10:40.869 INFORMAÇÕES [http-nio-8080-exec-27] org.apache.catalina.core.ApplicationContext.log Manager: restart: Reloading web application '/truco'
14-May-2018 21:10:45.865 INFORMAÇÕES [http-nio-8080-exec-25] org.apache.catalina.core.ApplicationContext.log Manager: list: Listing contexts for virtual host 'localhost'
14-May-2018 21:10:45.891 INFORMAÇÕES [http-nio-8080-exec-13] org.apache.catalina.core.ApplicationContext.log Manager: list: Listing contexts for virtual host 'localhost'
14-May-2018 21:10:46.369 INFORMAÇÕES [http-nio-8080-exec-21] org.apache.catalina.core.ApplicationContext.log Manager: restart: Reloading web application '/truco'
14-May-2018 21:17:47.480 INFORMAÇÕES [http-nio-8080-exec-35] org.apache.catalina.core.ApplicationContext.log Manager: list: Listing contexts for virtual host 'localhost'
14-May-2018 21:17:47.518 INFORMAÇÕES [http-nio-8080-exec-36] org.apache.catalina.core.ApplicationContext.log Manager: restart: Reloading web application '/truco'
14-May-2018 21:19:34.970 INFORMAÇÕES [http-nio-8080-exec-8] org.apache.catalina.core.ApplicationContext.log Manager: init: Associated with Deployer 'Catalina:type=Deployer,host=localhost'
14-May-2018 21:19:34.971 INFORMAÇÕES [http-nio-8080-exec-8] org.apache.catalina.core.ApplicationContext.log Manager: init: Global resources are available
14-May-2018 21:19:36.137 INFORMAÇÕES [http-nio-8080-exec-2] org.apache.catalina.core.ApplicationContext.log Manager: list: Listing contexts for virtual host 'localhost'
14-May-2018 21:19:36.149 INFORMAÇÕES [http-nio-8080-exec-3] org.apache.catalina.core.ApplicationContext.log Manager: list: Listing contexts for virtual host 'localhost'
14-May-2018 21:19:36.197 INFORMAÇÕES [http-nio-8080-exec-1] org.apache.catalina.core.ApplicationContext.log Manager: restart: Reloading web application '/truco'
14-May-2018 21:20:12.187 INFORMAÇÕES [http-nio-8080-exec-15] org.apache.catalina.core.ApplicationContext.log Manager: list: Listing contexts for virtual host 'localhost'
14-May-2018 21:20:12.200 INFORMAÇÕES [http-nio-8080-exec-16] org.apache.catalina.core.ApplicationContext.log Manager: list: Listing contexts for virtual host 'localhost'
14-May-2018 21:21:12.531 INFORMAÇÕES [http-nio-8080-exec-15] org.apache.catalina.core.ApplicationContext.log Manager: list: Listing contexts for virtual host 'localhost'
14-May-2018 21:21:12.543 INFORMAÇÕES [http-nio-8080-exec-16] org.apache.catalina.core.ApplicationContext.log Manager: list: Listing contexts for virtual host 'localhost'
14-May-2018 21:21:12.622 INFORMAÇÕES [http-nio-8080-exec-18] org.apache.catalina.core.ApplicationContext.log Manager: restart: Reloading web application '/truco'
14-May-2018 21:23:01.110 INFORMAÇÕES [http-nio-8080-exec-26] org.apache.catalina.core.ApplicationContext.log Manager: list: Listing contexts for virtual host 'localhost'
14-May-2018 21:23:01.146 INFORMAÇÕES [http-nio-8080-exec-21] org.apache.catalina.core.ApplicationContext.log Manager: restart: Reloading web application '/truco'
14-May-2018 21:23:48.260 INFORMAÇÕES [http-nio-8080-exec-31] org.apache.catalina.core.ApplicationContext.log Manager: list: Listing contexts for virtual host 'localhost'
14-May-2018 21:23:48.282 INFORMAÇÕES [http-nio-8080-exec-27] org.apache.catalina.core.ApplicationContext.log Manager: restart: Reloading web application '/truco'
14-May-2018 21:24:30.838 INFORMAÇÕES [http-nio-8080-exec-15] org.apache.catalina.core.ApplicationContext.log Manager: list: Listing contexts for virtual host 'localhost'
14-May-2018 21:24:30.868 INFORMAÇÕES [http-nio-8080-exec-21] org.apache.catalina.core.ApplicationContext.log Manager: restart: Reloading web application '/truco'
14-May-2018 21:24:40.791 INFORMAÇÕES [http-nio-8080-exec-23] org.apache.catalina.core.ApplicationContext.log Manager: list: Listing contexts for virtual host 'localhost'
14-May-2018 21:24:40.822 INFORMAÇÕES [http-nio-8080-exec-15] org.apache.catalina.core.ApplicationContext.log Manager: restart: Reloading web application '/truco'
14-May-2018 21:24:46.895 INFORMAÇÕES [http-nio-8080-exec-32] org.apache.catalina.core.ApplicationContext.log Manager: list: Listing contexts for virtual host 'localhost'
14-May-2018 21:24:46.905 INFORMAÇÕES [http-nio-8080-exec-36] org.apache.catalina.core.ApplicationContext.log Manager: list: Listing contexts for virtual host 'localhost'
14-May-2018 21:24:46.944 INFORMAÇÕES [http-nio-8080-exec-23] org.apache.catalina.core.ApplicationContext.log Manager: restart: Reloading web application '/truco'
14-May-2018 21:25:48.126 INFORMAÇÕES [http-nio-8080-exec-40] org.apache.catalina.core.ApplicationContext.log Manager: list: Listing contexts for virtual host 'localhost'
14-May-2018 21:25:48.166 INFORMAÇÕES [http-nio-8080-exec-15] org.apache.catalina.core.ApplicationContext.log Manager: restart: Reloading web application '/truco'
14-May-2018 21:26:01.379 INFORMAÇÕES [http-nio-8080-exec-38] org.apache.catalina.core.ApplicationContext.log Manager: list: Listing contexts for virtual host 'localhost'
14-May-2018 21:26:01.419 INFORMAÇÕES [http-nio-8080-exec-31] org.apache.catalina.core.ApplicationContext.log Manager: restart: Reloading web application '/truco'
14-May-2018 21:26:04.565 INFORMAÇÕES [http-nio-8080-exec-47] org.apache.catalina.core.ApplicationContext.log Manager: list: Listing contexts for virtual host 'localhost'
14-May-2018 21:26:04.586 INFORMAÇÕES [http-nio-8080-exec-42] org.apache.catalina.core.ApplicationContext.log Manager: restart: Reloading web application '/truco'
14-May-2018 21:26:55.990 INFORMAÇÕES [http-nio-8080-exec-34] org.apache.catalina.core.ApplicationContext.log Manager: list: Listing contexts for virtual host 'localhost'
14-May-2018 21:26:56.029 INFORMAÇÕES [http-nio-8080-exec-40] org.apache.catalina.core.ApplicationContext.log Manager: restart: Reloading web application '/truco'
14-May-2018 21:27:47.600 INFORMAÇÕES [http-nio-8080-exec-34] org.apache.catalina.core.ApplicationContext.log Manager: list: Listing contexts for virtual host 'localhost'
14-May-2018 21:27:47.630 INFORMAÇÕES [http-nio-8080-exec-43] org.apache.catalina.core.ApplicationContext.log Manager: restart: Reloading web application '/truco'
14-May-2018 21:27:51.737 INFORMAÇÕES [86] org.apache.catalina.core.ApplicationContext.log Manager: list: Listing contexts for virtual host 'localhost'
14-May-2018 21:27:51.755 INFORMAÇÕES [http-nio-8080-exec-51] org.apache.catalina.core.ApplicationContext.log Manager: list: Listing contexts for virtual host 'localhost'
14-May-2018 21:27:51.792 INFORMAÇÕES [http-nio-8080-exec-38] org.apache.catalina.core.ApplicationContext.log Manager: restart: Reloading web application '/truco'
14-May-2018 21:28:15.369 INFORMAÇÕES [http-nio-8080-exec-56] org.apache.catalina.core.ApplicationContext.log Manager: list: Listing contexts for virtual host 'localhost'
14-May-2018 21:28:15.385 INFORMAÇÕES [http-nio-8080-exec-45] org.apache.catalina.core.ApplicationContext.log Manager: restart: Reloading web application '/truco'
14-May-2018 21:29:58.561 INFORMAÇÕES [http-nio-8080-exec-62] org.apache.catalina.core.ApplicationContext.log Manager: list: Listing contexts for virtual host 'localhost'
14-May-2018 21:29:58.593 INFORMAÇÕES [http-nio-8080-exec-34] org.apache.catalina.core.ApplicationContext.log Manager: restart: Reloading web application '/truco'
14-May-2018 21:31:59.470 INFORMAÇÕES [http-nio-8080-exec-67] org.apache.catalina.core.ApplicationContext.log Manager: list: Listing contexts for virtual host 'localhost'
14-May-2018 21:31:59.505 INFORMAÇÕES [http-nio-8080-exec-60] org.apache.catalina.core.ApplicationContext.log Manager: restart: Reloading web application '/truco'
14-May-2018 21:32:06.452 INFORMAÇÕES [http-nio-8080-exec-69] org.apache.catalina.core.ApplicationContext.log Manager: list: Listing contexts for virtual host 'localhost'
14-May-2018 21:32:06.463 INFORMAÇÕES [http-nio-8080-exec-70] org.apache.catalina.core.ApplicationContext.log Manager: list: Listing contexts for virtual host 'localhost'
14-May-2018 21:32:06.509 INFORMAÇÕES [http-nio-8080-exec-65] org.apache.catalina.core.ApplicationContext.log Manager: restart: Reloading web application '/truco'
14-May-2018 21:32:58.124 INFORMAÇÕES [http-nio-8080-exec-70] org.apache.catalina.core.ApplicationContext.log Manager: list: Listing contexts for virtual host 'localhost'
14-May-2018 21:32:58.142 INFORMAÇÕES [http-nio-8080-exec-75] org.apache.catalina.core.ApplicationContext.log Manager: list: Listing contexts for virtual host 'localhost'
14-May-2018 21:32:58.246 INFORMAÇÕES [http-nio-8080-exec-76] org.apache.catalina.core.ApplicationContext.log Manager: restart: Reloading web application '/truco'
14-May-2018 21:33:10.279 INFORMAÇÕES [http-nio-8080-exec-61] org.apache.catalina.core.ApplicationContext.log Manager: list: Listing contexts for virtual host 'localhost'
14-May-2018 21:33:10.309 INFORMAÇÕES [http-nio-8080-exec-70] org.apache.catalina.core.ApplicationContext.log Manager: restart: Reloading web application '/truco'
14-May-2018 21:33:56.648 INFORMAÇÕES [http-nio-8080-exec-85] org.apache.catalina.core.ApplicationContext.log Manager: list: Listing contexts for virtual host 'localhost'
14-May-2018 21:33:56.662 INFORMAÇÕES [http-nio-8080-exec-78] org.apache.catalina.core.ApplicationContext.log Manager: list: Listing contexts for virtual host 'localhost'
14-May-2018 21:33:56.719 INFORMAÇÕES [http-nio-8080-exec-72] org.apache.catalina.core.ApplicationContext.log Manager: restart: Reloading web application '/truco'
14-May-2018 21:34:32.987 INFORMAÇÕES [http-nio-8080-exec-89] org.apache.catalina.core.ApplicationContext.log Manager: list: Listing contexts for virtual host 'localhost'
14-May-2018 21:34:33.009 INFORMAÇÕES [http-nio-8080-exec-87] org.apache.catalina.core.ApplicationContext.log Manager: restart: Reloading web application '/truco'
14-May-2018 21:34:58.162 INFORMAÇÕES [http-nio-8080-exec-93] org.apache.catalina.core.ApplicationContext.log Manager: list: Listing contexts for virtual host 'localhost'
14-May-2018 21:34:58.169 INFORMAÇÕES [http-nio-8080-exec-92] org.apache.catalina.core.ApplicationContext.log Manager: list: Listing contexts for virtual host 'localhost'
14-May-2018 21:34:58.204 INFORMAÇÕES [http-nio-8080-exec-89] org.apache.catalina.core.ApplicationContext.log Manager: restart: Reloading web application '/truco'
14-May-2018 21:35:51.140 INFORMAÇÕES [http-nio-8080-exec-97] org.apache.catalina.core.ApplicationContext.log Manager: list: Listing contexts for virtual host 'localhost'
14-May-2018 21:35:51.148 INFORMAÇÕES [http-nio-8080-exec-99] org.apache.catalina.core.ApplicationContext.log Manager: list: Listing contexts for virtual host 'localhost'
14-May-2018 21:36:22.720 INFORMAÇÕES [http-nio-8080-exec-102] org.apache.catalina.core.ApplicationContext.log Manager: list: Listing contexts for virtual host 'localhost'
14-May-2018 21:36:22.747 INFORMAÇÕES [http-nio-8080-exec-103] org.apache.catalina.core.ApplicationContext.log Manager: restart: Reloading web application '/truco'
14-May-2018 21:43:51.052 INFORMAÇÕES [http-nio-8080-exec-107] org.apache.catalina.core.ApplicationContext.log Manager: list: Listing contexts for virtual host 'localhost'
14-May-2018 21:43:51.075 INFORMAÇÕES [http-nio-8080-exec-106] org.apache.catalina.core.ApplicationContext.log Manager: restart: Reloading web application '/truco'
14-May-2018 21:43:56.625 INFORMAÇÕES [http-nio-8080-exec-104] org.apache.catalina.core.ApplicationContext.log Manager: list: Listing contexts for virtual host 'localhost'
14-May-2018 21:43:56.638 INFORMAÇÕES [http-nio-8080-exec-111] org.apache.catalina.core.ApplicationContext.log Manager: list: Listing contexts for virtual host 'localhost'
14-May-2018 21:43:56.669 INFORMAÇÕES [http-nio-8080-exec-112] org.apache.catalina.core.ApplicationContext.log Manager: restart: Reloading web application '/truco'
14-May-2018 21:44:18.386 INFORMAÇÕES [http-nio-8080-exec-118] org.apache.catalina.core.ApplicationContext.log Manager: list: Listing contexts for virtual host 'localhost'
14-May-2018 21:44:18.415 INFORMAÇÕES [http-nio-8080-exec-122] org.apache.catalina.core.ApplicationContext.log Manager: restart: Reloading web application '/truco'
14-May-2018 21:45:41.941 INFORMAÇÕES [http-nio-8080-exec-116] org.apache.catalina.core.ApplicationContext.log Manager: list: Listing contexts for virtual host 'localhost'
14-May-2018 21:45:41.970 INFORMAÇÕES [http-nio-8080-exec-121] org.apache.catalina.core.ApplicationContext.log Manager: restart: Reloading web application '/truco'
14-May-2018 21:45:45.027 INFORMAÇÕES [http-nio-8080-exec-125] org.apache.catalina.core.ApplicationContext.log Manager: list: Listing contexts for virtual host 'localhost'
14-May-2018 21:45:45.068 INFORMAÇÕES [http-nio-8080-exec-128] org.apache.catalina.core.ApplicationContext.log Manager: restart: Reloading web application '/truco'
14-May-2018 21:46:20.161 INFORMAÇÕES [http-nio-8080-exec-118] org.apache.catalina.core.ApplicationContext.log Manager: list: Listing contexts for virtual host 'localhost'
14-May-2018 21:46:20.245 INFORMAÇÕES [http-nio-8080-exec-126] org.apache.catalina.core.ApplicationContext.log Manager: restart: Reloading web application '/truco'
14-May-2018 21:46:25.304 INFORMAÇÕES [http-nio-8080-exec-129] org.apache.catalina.core.ApplicationContext.log Manager: list: Listing contexts for virtual host 'localhost'
14-May-2018 21:46:25.314 INFORMAÇÕES [http-nio-8080-exec-123] org.apache.catalina.core.ApplicationContext.log Manager: list: Listing contexts for virtual host 'localhost'
14-May-2018 21:46:25.341 INFORMAÇÕES [http-nio-8080-exec-117] org.apache.catalina.core.ApplicationContext.log Manager: restart: Reloading web application '/truco'
14-May-2018 21:47:00.875 INFORMAÇÕES [http-nio-8080-exec-135] org.apache.catalina.core.ApplicationContext.log Manager: list: Listing contexts for virtual host 'localhost'
14-May-2018 21:47:00.898 INFORMAÇÕES [http-nio-8080-exec-131] org.apache.catalina.core.ApplicationContext.log Manager: restart: Reloading web application '/truco'
14-May-2018 21:47:16.230 INFORMAÇÕES [http-nio-8080-exec-118] org.apache.catalina.core.ApplicationContext.log Manager: list: Listing contexts for virtual host 'localhost'
14-May-2018 21:47:16.245 INFORMAÇÕES [http-nio-8080-exec-138] org.apache.catalina.core.ApplicationContext.log Manager: restart: Reloading web application '/truco'
